38.0 APEX_CODE,FINEST;APEX_PROFILING,INFO;CALLOUT,INFO;DB,INFO;SYSTEM,DEBUG;VALIDATION,INFO;VISUALFORCE,INFO;WORKFLOW,INFO
17:57:22.0 (300378)|USER_INFO|[EXTERNAL]|0050Y000000d4Kn|shizhaolee@gmail.com|Greenwich Mean Time|GMTZ
17:57:22.0 (329728)|EXECUTION_STARTED
17:57:22.0 (334837)|CODE_UNIT_STARTED|[EXTERNAL]|0660Y000001V39Z|VF: /apex/DragForce
17:57:22.0 (10703921)|SYSTEM_MODE_ENTER|true
17:57:22.0 (11053859)|HEAP_ALLOCATE|[72]|Bytes:3
17:57:22.0 (11093747)|HEAP_ALLOCATE|[77]|Bytes:152
17:57:22.0 (11109704)|HEAP_ALLOCATE|[342]|Bytes:408
17:57:22.0 (11123018)|HEAP_ALLOCATE|[355]|Bytes:408
17:57:22.0 (11135985)|HEAP_ALLOCATE|[467]|Bytes:48
17:57:22.0 (11165696)|HEAP_ALLOCATE|[139]|Bytes:6
17:57:22.0 (11190497)|VARIABLE_SCOPE_BEGIN|[9]|TMcVFPageBuilderCrtl.vfPages|Map<Id,ApexPage>|true|true
17:57:22.0 (11246180)|HEAP_ALLOCATE|[EXTERNAL]|Bytes:208
17:57:22.0 (11250472)|HEAP_ALLOCATE|[EXTERNAL]|Bytes:23
17:57:22.0 (11252477)|HEAP_ALLOCATE|[EXTERNAL]|Bytes:14
17:57:22.0 (11341470)|METHOD_ENTRY|[1]|01p0Y000003UnHb|TMcVFPageBuilderCrtl.TMcVFPageBuilderCrtl()
17:57:22.0 (11346183)|STATEMENT_EXECUTE|[1]
17:57:22.0 (11351428)|STATEMENT_EXECUTE|[1]
17:57:22.0 (11394842)|HEAP_ALLOCATE|[50]|Bytes:5
17:57:22.0 (11421392)|HEAP_ALLOCATE|[56]|Bytes:5
17:57:22.0 (11427475)|HEAP_ALLOCATE|[64]|Bytes:7
17:57:22.0 (11440556)|SYSTEM_MODE_ENTER|false
17:57:22.0 (11455362)|HEAP_ALLOCATE|[EXTERNAL]|Bytes:5
17:57:22.0 (11462218)|SYSTEM_MODE_EXIT|false
17:57:22.0 (11469234)|METHOD_EXIT|[1]|TMcVFPageBuilderCrtl
17:57:22.0 (11473865)|HEAP_ALLOCATE|[EXTERNAL]|Bytes:24
17:57:22.0 (11480201)|VARIABLE_SCOPE_BEGIN|[11]|this|TMcVFPageBuilderCrtl|true|false
17:57:22.0 (11526533)|VARIABLE_ASSIGNMENT|[11]|this|{}|0x5be9c60a
17:57:22.0 (11538323)|SYSTEM_MODE_ENTER|false
17:57:22.0 (11542426)|HEAP_ALLOCATE|[12]|Bytes:5
17:57:22.0 (11545141)|STATEMENT_EXECUTE|[1]
17:57:22.0 (11547324)|HEAP_ALLOCATE|[12]|Bytes:5
17:57:22.0 (11549039)|STATEMENT_EXECUTE|[3]
17:57:22.0 (11551111)|STATEMENT_EXECUTE|[4]
17:57:22.0 (11552315)|STATEMENT_EXECUTE|[5]
17:57:22.0 (11553979)|STATEMENT_EXECUTE|[6]
17:57:22.0 (11555237)|STATEMENT_EXECUTE|[8]
17:57:22.0 (11563174)|HEAP_ALLOCATE|[12]|Bytes:6
17:57:22.0 (11580466)|STATEMENT_EXECUTE|[11]
17:57:22.0 (11581937)|STATEMENT_EXECUTE|[12]
17:57:22.0 (11625436)|HEAP_ALLOCATE|[12]|Bytes:4
17:57:22.0 (11817988)|VARIABLE_ASSIGNMENT|[EXTERNAL]|this|{}|0x5be9c60a
17:57:22.0 (11833939)|VARIABLE_ASSIGNMENT|[EXTERNAL]|value|{}|0x78f461c
17:57:22.0 (11848344)|VARIABLE_ASSIGNMENT|[3]|this.thePage|{}|0x5be9c60a
17:57:22.0 (11863291)|SYSTEM_MODE_EXIT|false
17:57:22.13 (13117916)|CUMULATIVE_LIMIT_USAGE
17:57:22.13 (13117916)|LIMIT_USAGE_FOR_NS|(default)|
  Number of SOQL queries: 0 out of 100
  Number of query rows: 0 out of 50000
  Number of SOSL queries: 0 out of 20
  Number of DML statements: 0 out of 150
  Number of DML rows: 0 out of 10000
  Maximum CPU time: 0 out of 10000
  Maximum heap size: 0 out of 6000000
  Number of callouts: 0 out of 100
  Number of Email Invocations: 0 out of 10
  Number of future calls: 0 out of 50
  Number of queueable jobs added to the queue: 0 out of 50
  Number of Mobile Apex push calls: 0 out of 10

17:57:22.13 (13117916)|CUMULATIVE_LIMIT_USAGE_END

17:57:22.0 (13151479)|CODE_UNIT_FINISHED|VF: /apex/DragForce
17:57:22.0 (14067508)|EXECUTION_FINISHED
