38.0 APEX_CODE,FINEST;APEX_PROFILING,INFO;CALLOUT,INFO;DB,INFO;SYSTEM,DEBUG;VALIDATION,INFO;VISUALFORCE,INFO;WORKFLOW,INFO
12:56:15.0 (288796)|USER_INFO|[EXTERNAL]|0050Y000000d4Kn|shizhaolee@gmail.com|Greenwich Mean Time|GMTZ
12:56:15.0 (314483)|EXECUTION_STARTED
12:56:15.0 (318019)|CODE_UNIT_STARTED|[EXTERNAL]|0660Y000001V39Z|VF: /apex/DragForce
12:56:15.0 (32964407)|SYSTEM_MODE_ENTER|true
12:56:15.0 (33498721)|VARIABLE_SCOPE_BEGIN|[9]|TMcVFPageBuilderCrtl.vfPages|Map<Id,ApexPage>|true|true
12:56:15.0 (33653061)|HEAP_ALLOCATE|[72]|Bytes:3
12:56:15.0 (33690616)|HEAP_ALLOCATE|[77]|Bytes:152
12:56:15.0 (33709296)|HEAP_ALLOCATE|[342]|Bytes:408
12:56:15.0 (33734162)|HEAP_ALLOCATE|[355]|Bytes:408
12:56:15.0 (33757144)|HEAP_ALLOCATE|[467]|Bytes:48
12:56:15.0 (33795245)|HEAP_ALLOCATE|[139]|Bytes:6
12:56:15.0 (33817399)|HEAP_ALLOCATE|[EXTERNAL]|Bytes:208
12:56:15.0 (33824310)|HEAP_ALLOCATE|[EXTERNAL]|Bytes:23
12:56:15.0 (33827563)|HEAP_ALLOCATE|[EXTERNAL]|Bytes:14
12:56:15.0 (33842587)|METHOD_ENTRY|[1]|01p0Y000003UnHb|TMcVFPageBuilderCrtl.TMcVFPageBuilderCrtl()
12:56:15.0 (33847604)|STATEMENT_EXECUTE|[1]
12:56:15.0 (33856021)|STATEMENT_EXECUTE|[1]
12:56:15.0 (33897995)|HEAP_ALLOCATE|[50]|Bytes:5
12:56:15.0 (33923491)|HEAP_ALLOCATE|[56]|Bytes:5
12:56:15.0 (33931882)|HEAP_ALLOCATE|[64]|Bytes:7
12:56:15.0 (33950092)|SYSTEM_MODE_ENTER|false
12:56:15.0 (33965143)|HEAP_ALLOCATE|[EXTERNAL]|Bytes:5
12:56:15.0 (33971646)|SYSTEM_MODE_EXIT|false
12:56:15.0 (33979389)|METHOD_EXIT|[1]|TMcVFPageBuilderCrtl
12:56:15.0 (34018961)|HEAP_ALLOCATE|[EXTERNAL]|Bytes:24
12:56:15.0 (34030512)|VARIABLE_SCOPE_BEGIN|[11]|this|TMcVFPageBuilderCrtl|true|false
12:56:15.0 (34119802)|VARIABLE_ASSIGNMENT|[11]|this|{}|0x2f5bf7b4
12:56:15.0 (34132262)|SYSTEM_MODE_ENTER|false
12:56:15.0 (34139318)|HEAP_ALLOCATE|[12]|Bytes:5
12:56:15.0 (34143683)|STATEMENT_EXECUTE|[1]
12:56:15.0 (34147650)|HEAP_ALLOCATE|[12]|Bytes:5
12:56:15.0 (34150396)|STATEMENT_EXECUTE|[3]
12:56:15.0 (34154004)|STATEMENT_EXECUTE|[4]
12:56:15.0 (34155932)|STATEMENT_EXECUTE|[5]
12:56:15.0 (34157761)|STATEMENT_EXECUTE|[6]
12:56:15.0 (34159686)|STATEMENT_EXECUTE|[8]
12:56:15.0 (34170895)|HEAP_ALLOCATE|[12]|Bytes:6
12:56:15.0 (34196691)|STATEMENT_EXECUTE|[11]
12:56:15.0 (34199107)|STATEMENT_EXECUTE|[12]
12:56:15.0 (34215472)|HEAP_ALLOCATE|[12]|Bytes:4
12:56:15.0 (34420793)|VARIABLE_ASSIGNMENT|[EXTERNAL]|this|{}|0x2f5bf7b4
12:56:15.0 (34436644)|VARIABLE_ASSIGNMENT|[EXTERNAL]|value|{}|0x86722cd
12:56:15.0 (34452749)|VARIABLE_ASSIGNMENT|[3]|this.thePage|{}|0x2f5bf7b4
12:56:15.0 (34468617)|SYSTEM_MODE_EXIT|false
12:56:15.35 (35951625)|CUMULATIVE_LIMIT_USAGE
12:56:15.35 (35951625)|LIMIT_USAGE_FOR_NS|(default)|
  Number of SOQL queries: 0 out of 100
  Number of query rows: 0 out of 50000
  Number of SOSL queries: 0 out of 20
  Number of DML statements: 0 out of 150
  Number of DML rows: 0 out of 10000
  Maximum CPU time: 0 out of 10000
  Maximum heap size: 0 out of 6000000
  Number of callouts: 0 out of 100
  Number of Email Invocations: 0 out of 10
  Number of future calls: 0 out of 50
  Number of queueable jobs added to the queue: 0 out of 50
  Number of Mobile Apex push calls: 0 out of 10

12:56:15.35 (35951625)|CUMULATIVE_LIMIT_USAGE_END

12:56:15.0 (36004578)|CODE_UNIT_FINISHED|VF: /apex/DragForce
12:56:15.0 (36875534)|EXECUTION_FINISHED
