38.0 APEX_CODE,FINEST;APEX_PROFILING,INFO;CALLOUT,INFO;DB,INFO;SYSTEM,DEBUG;VALIDATION,INFO;VISUALFORCE,INFO;WORKFLOW,INFO
13:21:47.0 (264241)|USER_INFO|[EXTERNAL]|0050Y000000d4Kn|shizhaolee@gmail.com|Greenwich Mean Time|GMTZ
13:21:47.0 (294996)|EXECUTION_STARTED
13:21:47.0 (298098)|CODE_UNIT_STARTED|[EXTERNAL]|0660Y000001V39Z|VF: /apex/DragForce
13:21:47.0 (10374247)|SYSTEM_MODE_ENTER|true
13:21:47.0 (10781112)|VARIABLE_SCOPE_BEGIN|[9]|TMcVFPageBuilderCrtl.vfPages|Map<Id,ApexPage>|true|true
13:21:47.0 (10974301)|HEAP_ALLOCATE|[72]|Bytes:3
13:21:47.0 (11018612)|HEAP_ALLOCATE|[77]|Bytes:152
13:21:47.0 (11041998)|HEAP_ALLOCATE|[342]|Bytes:408
13:21:47.0 (11060807)|HEAP_ALLOCATE|[355]|Bytes:408
13:21:47.0 (11079813)|HEAP_ALLOCATE|[467]|Bytes:48
13:21:47.0 (11120666)|HEAP_ALLOCATE|[139]|Bytes:6
13:21:47.0 (11143779)|HEAP_ALLOCATE|[EXTERNAL]|Bytes:208
13:21:47.0 (11150393)|HEAP_ALLOCATE|[EXTERNAL]|Bytes:23
13:21:47.0 (11153848)|HEAP_ALLOCATE|[EXTERNAL]|Bytes:14
13:21:47.0 (11167535)|METHOD_ENTRY|[1]|01p0Y000003UnHb|TMcVFPageBuilderCrtl.TMcVFPageBuilderCrtl()
13:21:47.0 (11172364)|STATEMENT_EXECUTE|[1]
13:21:47.0 (11178678)|STATEMENT_EXECUTE|[1]
13:21:47.0 (11220165)|HEAP_ALLOCATE|[50]|Bytes:5
13:21:47.0 (11248977)|HEAP_ALLOCATE|[56]|Bytes:5
13:21:47.0 (11259766)|HEAP_ALLOCATE|[64]|Bytes:7
13:21:47.0 (11282071)|SYSTEM_MODE_ENTER|false
13:21:47.0 (11300213)|HEAP_ALLOCATE|[EXTERNAL]|Bytes:5
13:21:47.0 (11309188)|SYSTEM_MODE_EXIT|false
13:21:47.0 (11318152)|METHOD_EXIT|[1]|TMcVFPageBuilderCrtl
13:21:47.0 (11356462)|HEAP_ALLOCATE|[EXTERNAL]|Bytes:24
13:21:47.0 (11368299)|VARIABLE_SCOPE_BEGIN|[11]|this|TMcVFPageBuilderCrtl|true|false
13:21:47.0 (11464890)|VARIABLE_ASSIGNMENT|[11]|this|{}|0x23df1d8b
13:21:47.0 (11479845)|SYSTEM_MODE_ENTER|false
13:21:47.0 (11486700)|HEAP_ALLOCATE|[12]|Bytes:5
13:21:47.0 (11491741)|STATEMENT_EXECUTE|[1]
13:21:47.0 (11495429)|HEAP_ALLOCATE|[12]|Bytes:5
13:21:47.0 (11498012)|STATEMENT_EXECUTE|[3]
13:21:47.0 (11500758)|STATEMENT_EXECUTE|[4]
13:21:47.0 (11502312)|STATEMENT_EXECUTE|[5]
13:21:47.0 (11503962)|STATEMENT_EXECUTE|[6]
13:21:47.0 (11505556)|STATEMENT_EXECUTE|[8]
13:21:47.0 (11517246)|HEAP_ALLOCATE|[12]|Bytes:6
13:21:47.0 (11547903)|STATEMENT_EXECUTE|[11]
13:21:47.0 (11550434)|STATEMENT_EXECUTE|[12]
13:21:47.0 (11565692)|HEAP_ALLOCATE|[12]|Bytes:4
13:21:47.0 (11773811)|VARIABLE_ASSIGNMENT|[EXTERNAL]|this|{}|0x23df1d8b
13:21:47.0 (11790346)|VARIABLE_ASSIGNMENT|[EXTERNAL]|value|{}|0xd14628f
13:21:47.0 (11809030)|VARIABLE_ASSIGNMENT|[3]|this.thePage|{}|0x23df1d8b
13:21:47.0 (11825357)|SYSTEM_MODE_EXIT|false
13:21:47.13 (13265004)|CUMULATIVE_LIMIT_USAGE
13:21:47.13 (13265004)|LIMIT_USAGE_FOR_NS|(default)|
  Number of SOQL queries: 0 out of 100
  Number of query rows: 0 out of 50000
  Number of SOSL queries: 0 out of 20
  Number of DML statements: 0 out of 150
  Number of DML rows: 0 out of 10000
  Maximum CPU time: 0 out of 10000
  Maximum heap size: 0 out of 6000000
  Number of callouts: 0 out of 100
  Number of Email Invocations: 0 out of 10
  Number of future calls: 0 out of 50
  Number of queueable jobs added to the queue: 0 out of 50
  Number of Mobile Apex push calls: 0 out of 10

13:21:47.13 (13265004)|CUMULATIVE_LIMIT_USAGE_END

13:21:47.0 (13312664)|CODE_UNIT_FINISHED|VF: /apex/DragForce
13:21:47.0 (14259931)|EXECUTION_FINISHED
