38.0 APEX_CODE,FINEST;APEX_PROFILING,INFO;CALLOUT,INFO;DB,INFO;SYSTEM,DEBUG;VALIDATION,INFO;VISUALFORCE,INFO;WORKFLOW,INFO
16:10:25.0 (280181)|USER_INFO|[EXTERNAL]|0050Y000000d4Kn|shizhaolee@gmail.com|Greenwich Mean Time|GMTZ
16:10:25.0 (305171)|EXECUTION_STARTED
16:10:25.0 (309661)|CODE_UNIT_STARTED|[EXTERNAL]|VisualForce View State
16:10:25.0 (6023299)|CODE_UNIT_FINISHED|VisualForce View State
16:10:25.0 (6941116)|EXECUTION_FINISHED
16:10:25.21 (21998729)|USER_INFO|[EXTERNAL]|0050Y000000d4Kn|shizhaolee@gmail.com|Greenwich Mean Time|GMTZ
16:10:25.21 (22006687)|EXECUTION_STARTED
16:10:25.21 (22009597)|CODE_UNIT_STARTED|[EXTERNAL]|VF: /apex/viewApexPage.apexp
16:10:25.24 (24479013)|CUMULATIVE_LIMIT_USAGE
16:10:25.24 (24479013)|LIMIT_USAGE_FOR_NS|(default)|
  Number of SOQL queries: 0 out of 100
  Number of query rows: 0 out of 50000
  Number of SOSL queries: 0 out of 20
  Number of DML statements: 0 out of 150
  Number of DML rows: 0 out of 10000
  Maximum CPU time: 0 out of 10000
  Maximum heap size: 0 out of 6000000
  Number of callouts: 0 out of 100
  Number of Email Invocations: 0 out of 10
  Number of future calls: 0 out of 50
  Number of queueable jobs added to the queue: 0 out of 50
  Number of Mobile Apex push calls: 0 out of 10

16:10:25.24 (24479013)|CUMULATIVE_LIMIT_USAGE_END

16:10:25.21 (24510604)|CODE_UNIT_FINISHED|VF: /apex/viewApexPage.apexp
16:10:25.21 (25241307)|EXECUTION_FINISHED
