38.0 APEX_CODE,FINEST;APEX_PROFILING,INFO;CALLOUT,INFO;DB,INFO;SYSTEM,DEBUG;VALIDATION,INFO;VISUALFORCE,INFO;WORKFLOW,INFO
16:09:18.0 (330159)|USER_INFO|[EXTERNAL]|0050Y000000d4Kn|shizhaolee@gmail.com|Greenwich Mean Time|GMTZ
16:09:18.0 (355368)|EXECUTION_STARTED
16:09:18.0 (360416)|CODE_UNIT_STARTED|[EXTERNAL]|0660Y000001V39Z|VF: /apex/DragForce
16:09:18.0 (9839749)|SYSTEM_MODE_ENTER|true
16:09:18.0 (10160512)|VARIABLE_SCOPE_BEGIN|[9]|TMcVFPageBuilderCrtl.vfPages|Map<Id,ApexPage>|true|true
16:09:18.0 (10312006)|HEAP_ALLOCATE|[72]|Bytes:3
16:09:18.0 (10356093)|HEAP_ALLOCATE|[77]|Bytes:152
16:09:18.0 (10372218)|HEAP_ALLOCATE|[342]|Bytes:408
16:09:18.0 (10389566)|HEAP_ALLOCATE|[355]|Bytes:408
16:09:18.0 (10402558)|HEAP_ALLOCATE|[467]|Bytes:48
16:09:18.0 (10433172)|HEAP_ALLOCATE|[139]|Bytes:6
16:09:18.0 (10446116)|HEAP_ALLOCATE|[EXTERNAL]|Bytes:208
16:09:18.0 (10449874)|HEAP_ALLOCATE|[EXTERNAL]|Bytes:23
16:09:18.0 (10452066)|HEAP_ALLOCATE|[EXTERNAL]|Bytes:14
16:09:18.0 (10464069)|METHOD_ENTRY|[1]|01p0Y000003UnHb|TMcVFPageBuilderCrtl.TMcVFPageBuilderCrtl()
16:09:18.0 (10467949)|STATEMENT_EXECUTE|[1]
16:09:18.0 (10473430)|STATEMENT_EXECUTE|[1]
16:09:18.0 (10506354)|HEAP_ALLOCATE|[50]|Bytes:5
16:09:18.0 (10533128)|HEAP_ALLOCATE|[56]|Bytes:5
16:09:18.0 (10539015)|HEAP_ALLOCATE|[64]|Bytes:7
16:09:18.0 (10554510)|SYSTEM_MODE_ENTER|false
16:09:18.0 (10568124)|HEAP_ALLOCATE|[EXTERNAL]|Bytes:5
16:09:18.0 (10575074)|SYSTEM_MODE_EXIT|false
16:09:18.0 (10581581)|METHOD_EXIT|[1]|TMcVFPageBuilderCrtl
16:09:18.0 (10612042)|HEAP_ALLOCATE|[EXTERNAL]|Bytes:24
16:09:18.0 (10618177)|VARIABLE_SCOPE_BEGIN|[11]|this|TMcVFPageBuilderCrtl|true|false
16:09:18.0 (10703200)|VARIABLE_ASSIGNMENT|[11]|this|{}|0x5ceb2f8f
16:09:18.0 (10712570)|SYSTEM_MODE_ENTER|false
16:09:18.0 (10717218)|HEAP_ALLOCATE|[12]|Bytes:5
16:09:18.0 (10720105)|STATEMENT_EXECUTE|[1]
16:09:18.0 (10722296)|HEAP_ALLOCATE|[12]|Bytes:5
16:09:18.0 (10723763)|STATEMENT_EXECUTE|[3]
16:09:18.0 (10725718)|STATEMENT_EXECUTE|[4]
16:09:18.0 (10726650)|STATEMENT_EXECUTE|[5]
16:09:18.0 (10727647)|STATEMENT_EXECUTE|[6]
16:09:18.0 (10728568)|STATEMENT_EXECUTE|[8]
16:09:18.0 (10736321)|HEAP_ALLOCATE|[12]|Bytes:6
16:09:18.0 (10758575)|STATEMENT_EXECUTE|[11]
16:09:18.0 (10760177)|STATEMENT_EXECUTE|[12]
16:09:18.0 (10773839)|HEAP_ALLOCATE|[12]|Bytes:4
16:09:18.0 (10927417)|VARIABLE_ASSIGNMENT|[EXTERNAL]|this|{}|0x5ceb2f8f
16:09:18.0 (10940298)|VARIABLE_ASSIGNMENT|[EXTERNAL]|value|{}|0x19ed7620
16:09:18.0 (10950395)|VARIABLE_ASSIGNMENT|[3]|this.thePage|{}|0x5ceb2f8f
16:09:18.0 (10959670)|SYSTEM_MODE_EXIT|false
16:09:18.12 (12161580)|CUMULATIVE_LIMIT_USAGE
16:09:18.12 (12161580)|LIMIT_USAGE_FOR_NS|(default)|
  Number of SOQL queries: 0 out of 100
  Number of query rows: 0 out of 50000
  Number of SOSL queries: 0 out of 20
  Number of DML statements: 0 out of 150
  Number of DML rows: 0 out of 10000
  Maximum CPU time: 0 out of 10000
  Maximum heap size: 0 out of 6000000
  Number of callouts: 0 out of 100
  Number of Email Invocations: 0 out of 10
  Number of future calls: 0 out of 50
  Number of queueable jobs added to the queue: 0 out of 50
  Number of Mobile Apex push calls: 0 out of 10

16:09:18.12 (12161580)|CUMULATIVE_LIMIT_USAGE_END

16:09:18.0 (12194846)|CODE_UNIT_FINISHED|VF: /apex/DragForce
16:09:18.0 (13039349)|EXECUTION_FINISHED
