35.0 APEX_CODE,FINEST;APEX_PROFILING,INFO;CALLOUT,INFO;DB,INFO;SYSTEM,DEBUG;VALIDATION,INFO;VISUALFORCE,INFO;WORKFLOW,INFO
18:06:52.0 (319898)|USER_INFO|[EXTERNAL]|0050Y000000d4Kn|shizhaolee@gmail.com|Greenwich Mean Time|GMTZ
18:06:52.0 (357116)|EXECUTION_STARTED
18:06:52.0 (362613)|CODE_UNIT_STARTED|[EXTERNAL]|0660Y000001ViNQ|VF: /apex/sadasd
18:06:52.3 (3232519)|CUMULATIVE_LIMIT_USAGE
18:06:52.3 (3232519)|LIMIT_USAGE_FOR_NS|(default)|
  Number of SOQL queries: 0 out of 100
  Number of query rows: 0 out of 50000
  Number of SOSL queries: 0 out of 20
  Number of DML statements: 0 out of 150
  Number of DML rows: 0 out of 10000
  Maximum CPU time: 0 out of 10000
  Maximum heap size: 0 out of 6000000
  Number of callouts: 0 out of 100
  Number of Email Invocations: 0 out of 10
  Number of future calls: 0 out of 50
  Number of queueable jobs added to the queue: 0 out of 50
  Number of Mobile Apex push calls: 0 out of 10

18:06:52.3 (3232519)|CUMULATIVE_LIMIT_USAGE_END

18:06:52.0 (3277319)|CODE_UNIT_FINISHED|VF: /apex/sadasd
18:06:52.0 (4064582)|EXECUTION_FINISHED
