38.0 APEX_CODE,FINEST;APEX_PROFILING,INFO;CALLOUT,INFO;DB,INFO;SYSTEM,DEBUG;VALIDATION,INFO;VISUALFORCE,INFO;WORKFLOW,INFO
12:51:50.0 (355385)|USER_INFO|[EXTERNAL]|0050Y000000d4Kn|shizhaolee@gmail.com|Greenwich Mean Time|GMTZ
12:51:50.0 (398485)|EXECUTION_STARTED
12:51:50.0 (404551)|CODE_UNIT_STARTED|[EXTERNAL]|0660Y000001Un3R|VF: /apex/TMcVFPageBuilderV2
12:51:50.0 (10408380)|SYSTEM_MODE_ENTER|true
12:51:50.0 (10781724)|VARIABLE_SCOPE_BEGIN|[9]|TMcVFPageBuilderCrtl.vfPages|Map<Id,ApexPage>|true|true
12:51:50.0 (10956339)|HEAP_ALLOCATE|[72]|Bytes:3
12:51:50.0 (11010456)|HEAP_ALLOCATE|[77]|Bytes:152
12:51:50.0 (11031879)|HEAP_ALLOCATE|[342]|Bytes:408
12:51:50.0 (11049112)|HEAP_ALLOCATE|[355]|Bytes:408
12:51:50.0 (11064883)|HEAP_ALLOCATE|[467]|Bytes:48
12:51:50.0 (11100768)|HEAP_ALLOCATE|[139]|Bytes:6
12:51:50.0 (11118796)|HEAP_ALLOCATE|[EXTERNAL]|Bytes:208
12:51:50.0 (11123709)|HEAP_ALLOCATE|[EXTERNAL]|Bytes:23
12:51:50.0 (11131728)|HEAP_ALLOCATE|[EXTERNAL]|Bytes:14
12:51:50.0 (11143869)|METHOD_ENTRY|[1]|01p0Y000003UnHb|TMcVFPageBuilderCrtl.TMcVFPageBuilderCrtl()
12:51:50.0 (11148583)|STATEMENT_EXECUTE|[1]
12:51:50.0 (11155174)|STATEMENT_EXECUTE|[1]
12:51:50.0 (11190429)|HEAP_ALLOCATE|[50]|Bytes:5
12:51:50.0 (11217853)|HEAP_ALLOCATE|[56]|Bytes:5
12:51:50.0 (11225984)|HEAP_ALLOCATE|[64]|Bytes:7
12:51:50.0 (11244666)|SYSTEM_MODE_ENTER|false
12:51:50.0 (11261313)|HEAP_ALLOCATE|[EXTERNAL]|Bytes:5
12:51:50.0 (11269795)|SYSTEM_MODE_EXIT|false
12:51:50.0 (11278987)|METHOD_EXIT|[1]|TMcVFPageBuilderCrtl
12:51:50.0 (11315045)|HEAP_ALLOCATE|[EXTERNAL]|Bytes:24
12:51:50.0 (11325244)|VARIABLE_SCOPE_BEGIN|[11]|this|TMcVFPageBuilderCrtl|true|false
12:51:50.0 (11399866)|VARIABLE_ASSIGNMENT|[11]|this|{}|0x59e5fe58
12:51:50.0 (11410615)|SYSTEM_MODE_ENTER|false
12:51:50.0 (11416008)|HEAP_ALLOCATE|[12]|Bytes:5
12:51:50.0 (11419339)|STATEMENT_EXECUTE|[1]
12:51:50.0 (11421780)|HEAP_ALLOCATE|[12]|Bytes:5
12:51:50.0 (11423555)|STATEMENT_EXECUTE|[3]
12:51:50.0 (11425911)|STATEMENT_EXECUTE|[4]
12:51:50.0 (11426886)|STATEMENT_EXECUTE|[5]
12:51:50.0 (11427947)|STATEMENT_EXECUTE|[6]
12:51:50.0 (11429122)|STATEMENT_EXECUTE|[8]
12:51:50.0 (11439491)|HEAP_ALLOCATE|[12]|Bytes:6
12:51:50.0 (11461470)|STATEMENT_EXECUTE|[11]
12:51:50.0 (11463377)|STATEMENT_EXECUTE|[12]
12:51:50.0 (11479676)|HEAP_ALLOCATE|[12]|Bytes:4
12:51:50.0 (11669936)|VARIABLE_ASSIGNMENT|[EXTERNAL]|this|{}|0x59e5fe58
12:51:50.0 (11685436)|VARIABLE_ASSIGNMENT|[EXTERNAL]|value|{}|0x69c2fce6
12:51:50.0 (11697110)|VARIABLE_ASSIGNMENT|[3]|this.thePage|{}|0x59e5fe58
12:51:50.0 (11708311)|SYSTEM_MODE_EXIT|false
12:51:50.12 (12961891)|CUMULATIVE_LIMIT_USAGE
12:51:50.12 (12961891)|LIMIT_USAGE_FOR_NS|(default)|
  Number of SOQL queries: 0 out of 100
  Number of query rows: 0 out of 50000
  Number of SOSL queries: 0 out of 20
  Number of DML statements: 0 out of 150
  Number of DML rows: 0 out of 10000
  Maximum CPU time: 0 out of 10000
  Maximum heap size: 0 out of 6000000
  Number of callouts: 0 out of 100
  Number of Email Invocations: 0 out of 10
  Number of future calls: 0 out of 50
  Number of queueable jobs added to the queue: 0 out of 50
  Number of Mobile Apex push calls: 0 out of 10

12:51:50.12 (12961891)|CUMULATIVE_LIMIT_USAGE_END

12:51:50.0 (13010273)|CODE_UNIT_FINISHED|VF: /apex/TMcVFPageBuilderV2
12:51:50.0 (13793287)|EXECUTION_FINISHED
