38.0 APEX_CODE,FINEST;APEX_PROFILING,INFO;CALLOUT,INFO;DB,INFO;SYSTEM,DEBUG;VALIDATION,INFO;VISUALFORCE,INFO;WORKFLOW,INFO
18:01:43.0 (61408)|USER_INFO|[EXTERNAL]|0050Y000000d4Kn|shizhaolee@gmail.com|Greenwich Mean Time|GMTZ
18:01:43.0 (92307)|EXECUTION_STARTED
18:01:43.0 (96604)|CODE_UNIT_STARTED|[EXTERNAL]|0660Y000001V39Z|VF: /apex/DragForce
18:01:43.0 (9458954)|SYSTEM_MODE_ENTER|true
18:01:43.0 (9760029)|HEAP_ALLOCATE|[72]|Bytes:3
18:01:43.0 (9793647)|HEAP_ALLOCATE|[77]|Bytes:152
18:01:43.0 (9808128)|HEAP_ALLOCATE|[342]|Bytes:408
18:01:43.0 (9821599)|HEAP_ALLOCATE|[355]|Bytes:408
18:01:43.0 (9833928)|HEAP_ALLOCATE|[467]|Bytes:48
18:01:43.0 (9858505)|HEAP_ALLOCATE|[139]|Bytes:6
18:01:43.0 (9880632)|VARIABLE_SCOPE_BEGIN|[9]|TMcVFPageBuilderCrtl.vfPages|Map<Id,ApexPage>|true|true
18:01:43.0 (9932560)|HEAP_ALLOCATE|[EXTERNAL]|Bytes:208
18:01:43.0 (9936570)|HEAP_ALLOCATE|[EXTERNAL]|Bytes:23
18:01:43.0 (9938623)|HEAP_ALLOCATE|[EXTERNAL]|Bytes:14
18:01:43.0 (10017769)|METHOD_ENTRY|[1]|01p0Y000003UnHb|TMcVFPageBuilderCrtl.TMcVFPageBuilderCrtl()
18:01:43.0 (10022234)|STATEMENT_EXECUTE|[1]
18:01:43.0 (10026892)|STATEMENT_EXECUTE|[1]
18:01:43.0 (10059962)|HEAP_ALLOCATE|[50]|Bytes:5
18:01:43.0 (10080740)|HEAP_ALLOCATE|[56]|Bytes:5
18:01:43.0 (10086319)|HEAP_ALLOCATE|[64]|Bytes:7
18:01:43.0 (10098475)|SYSTEM_MODE_ENTER|false
18:01:43.0 (10109419)|HEAP_ALLOCATE|[EXTERNAL]|Bytes:5
18:01:43.0 (10114813)|SYSTEM_MODE_EXIT|false
18:01:43.0 (10120883)|METHOD_EXIT|[1]|TMcVFPageBuilderCrtl
18:01:43.0 (10124876)|HEAP_ALLOCATE|[EXTERNAL]|Bytes:24
18:01:43.0 (10130371)|VARIABLE_SCOPE_BEGIN|[11]|this|TMcVFPageBuilderCrtl|true|false
18:01:43.0 (10177628)|VARIABLE_ASSIGNMENT|[11]|this|{}|0x53e272d4
18:01:43.0 (10185855)|SYSTEM_MODE_ENTER|false
18:01:43.0 (10189623)|HEAP_ALLOCATE|[12]|Bytes:5
18:01:43.0 (10191992)|STATEMENT_EXECUTE|[1]
18:01:43.0 (10193992)|HEAP_ALLOCATE|[12]|Bytes:5
18:01:43.0 (10195598)|STATEMENT_EXECUTE|[3]
18:01:43.0 (10196811)|STATEMENT_EXECUTE|[4]
18:01:43.0 (10197690)|STATEMENT_EXECUTE|[5]
18:01:43.0 (10198561)|STATEMENT_EXECUTE|[6]
18:01:43.0 (10199433)|STATEMENT_EXECUTE|[8]
18:01:43.0 (10205831)|HEAP_ALLOCATE|[12]|Bytes:6
18:01:43.0 (10221607)|STATEMENT_EXECUTE|[11]
18:01:43.0 (10223007)|STATEMENT_EXECUTE|[12]
18:01:43.0 (10242544)|HEAP_ALLOCATE|[12]|Bytes:4
18:01:43.0 (10373374)|VARIABLE_ASSIGNMENT|[EXTERNAL]|this|{}|0x53e272d4
18:01:43.0 (10384025)|VARIABLE_ASSIGNMENT|[EXTERNAL]|value|{}|0x441b1b7b
18:01:43.0 (10391659)|VARIABLE_ASSIGNMENT|[3]|this.thePage|{}|0x53e272d4
18:01:43.0 (10400063)|SYSTEM_MODE_EXIT|false
18:01:43.11 (11528656)|CUMULATIVE_LIMIT_USAGE
18:01:43.11 (11528656)|LIMIT_USAGE_FOR_NS|(default)|
  Number of SOQL queries: 0 out of 100
  Number of query rows: 0 out of 50000
  Number of SOSL queries: 0 out of 20
  Number of DML statements: 0 out of 150
  Number of DML rows: 0 out of 10000
  Maximum CPU time: 0 out of 10000
  Maximum heap size: 0 out of 6000000
  Number of callouts: 0 out of 100
  Number of Email Invocations: 0 out of 10
  Number of future calls: 0 out of 50
  Number of queueable jobs added to the queue: 0 out of 50
  Number of Mobile Apex push calls: 0 out of 10

18:01:43.11 (11528656)|CUMULATIVE_LIMIT_USAGE_END

18:01:43.0 (11559780)|CODE_UNIT_FINISHED|VF: /apex/DragForce
18:01:43.0 (12401136)|EXECUTION_FINISHED
