38.0 APEX_CODE,FINEST;APEX_PROFILING,INFO;CALLOUT,INFO;DB,INFO;SYSTEM,DEBUG;VALIDATION,INFO;VISUALFORCE,INFO;WORKFLOW,INFO
16:13:02.0 (346530)|USER_INFO|[EXTERNAL]|0050Y000000d4Kn|shizhaolee@gmail.com|Greenwich Mean Time|GMTZ
16:13:02.0 (374654)|EXECUTION_STARTED
16:13:02.0 (379055)|CODE_UNIT_STARTED|[EXTERNAL]|0660Y000001V39Z|VF: /apex/DragForce
16:13:02.0 (10475186)|SYSTEM_MODE_ENTER|true
16:13:02.0 (10772563)|VARIABLE_SCOPE_BEGIN|[9]|TMcVFPageBuilderCrtl.vfPages|Map<Id,ApexPage>|true|true
16:13:02.0 (10913558)|HEAP_ALLOCATE|[72]|Bytes:3
16:13:02.0 (10943897)|HEAP_ALLOCATE|[77]|Bytes:152
16:13:02.0 (10959481)|HEAP_ALLOCATE|[342]|Bytes:408
16:13:02.0 (10974063)|HEAP_ALLOCATE|[355]|Bytes:408
16:13:02.0 (10986458)|HEAP_ALLOCATE|[467]|Bytes:48
16:13:02.0 (11031649)|HEAP_ALLOCATE|[139]|Bytes:6
16:13:02.0 (11045120)|HEAP_ALLOCATE|[EXTERNAL]|Bytes:208
16:13:02.0 (11048731)|HEAP_ALLOCATE|[EXTERNAL]|Bytes:23
16:13:02.0 (11050832)|HEAP_ALLOCATE|[EXTERNAL]|Bytes:14
16:13:02.0 (11060077)|METHOD_ENTRY|[1]|01p0Y000003UnHb|TMcVFPageBuilderCrtl.TMcVFPageBuilderCrtl()
16:13:02.0 (11063958)|STATEMENT_EXECUTE|[1]
16:13:02.0 (11069849)|STATEMENT_EXECUTE|[1]
16:13:02.0 (11099420)|HEAP_ALLOCATE|[50]|Bytes:5
16:13:02.0 (11117438)|HEAP_ALLOCATE|[56]|Bytes:5
16:13:02.0 (11122675)|HEAP_ALLOCATE|[64]|Bytes:7
16:13:02.0 (11134542)|SYSTEM_MODE_ENTER|false
16:13:02.0 (11144229)|HEAP_ALLOCATE|[EXTERNAL]|Bytes:5
16:13:02.0 (11149645)|SYSTEM_MODE_EXIT|false
16:13:02.0 (11182400)|METHOD_EXIT|[1]|TMcVFPageBuilderCrtl
16:13:02.0 (11209147)|HEAP_ALLOCATE|[EXTERNAL]|Bytes:24
16:13:02.0 (11215941)|VARIABLE_SCOPE_BEGIN|[11]|this|TMcVFPageBuilderCrtl|true|false
16:13:02.0 (11278861)|VARIABLE_ASSIGNMENT|[11]|this|{}|0x6b880c38
16:13:02.0 (11286571)|SYSTEM_MODE_ENTER|false
16:13:02.0 (11290745)|HEAP_ALLOCATE|[12]|Bytes:5
16:13:02.0 (11293300)|STATEMENT_EXECUTE|[1]
16:13:02.0 (11295333)|HEAP_ALLOCATE|[12]|Bytes:5
16:13:02.0 (11296652)|STATEMENT_EXECUTE|[3]
16:13:02.0 (11298716)|STATEMENT_EXECUTE|[4]
16:13:02.0 (11299749)|STATEMENT_EXECUTE|[5]
16:13:02.0 (11300788)|STATEMENT_EXECUTE|[6]
16:13:02.0 (11301970)|STATEMENT_EXECUTE|[8]
16:13:02.0 (11309885)|HEAP_ALLOCATE|[12]|Bytes:6
16:13:02.0 (11326304)|STATEMENT_EXECUTE|[11]
16:13:02.0 (11327780)|STATEMENT_EXECUTE|[12]
16:13:02.0 (11339305)|HEAP_ALLOCATE|[12]|Bytes:4
16:13:02.0 (11498539)|VARIABLE_ASSIGNMENT|[EXTERNAL]|this|{}|0x6b880c38
16:13:02.0 (11510572)|VARIABLE_ASSIGNMENT|[EXTERNAL]|value|{}|0x737897bd
16:13:02.0 (11521843)|VARIABLE_ASSIGNMENT|[3]|this.thePage|{}|0x6b880c38
16:13:02.0 (11531314)|SYSTEM_MODE_EXIT|false
16:13:02.12 (12826049)|CUMULATIVE_LIMIT_USAGE
16:13:02.12 (12826049)|LIMIT_USAGE_FOR_NS|(default)|
  Number of SOQL queries: 0 out of 100
  Number of query rows: 0 out of 50000
  Number of SOSL queries: 0 out of 20
  Number of DML statements: 0 out of 150
  Number of DML rows: 0 out of 10000
  Maximum CPU time: 0 out of 10000
  Maximum heap size: 0 out of 6000000
  Number of callouts: 0 out of 100
  Number of Email Invocations: 0 out of 10
  Number of future calls: 0 out of 50
  Number of queueable jobs added to the queue: 0 out of 50
  Number of Mobile Apex push calls: 0 out of 10

16:13:02.12 (12826049)|CUMULATIVE_LIMIT_USAGE_END

16:13:02.0 (12860939)|CODE_UNIT_FINISHED|VF: /apex/DragForce
16:13:02.0 (13709028)|EXECUTION_FINISHED
