38.0 APEX_CODE,FINEST;APEX_PROFILING,INFO;CALLOUT,INFO;DB,INFO;SYSTEM,DEBUG;VALIDATION,INFO;VISUALFORCE,INFO;WORKFLOW,INFO
12:50:23.0 (405758)|USER_INFO|[EXTERNAL]|0050Y000000d4Kn|shizhaolee@gmail.com|Greenwich Mean Time|GMTZ
12:50:23.0 (437490)|EXECUTION_STARTED
12:50:23.0 (441788)|CODE_UNIT_STARTED|[EXTERNAL]|0660Y000001Un3R|VF: /apex/TMcVFPageBuilderV2
12:50:23.0 (9712296)|SYSTEM_MODE_ENTER|true
12:50:23.0 (10068546)|VARIABLE_SCOPE_BEGIN|[9]|TMcVFPageBuilderCrtl.vfPages|Map<Id,ApexPage>|true|true
12:50:23.0 (10229369)|HEAP_ALLOCATE|[72]|Bytes:3
12:50:23.0 (10271345)|HEAP_ALLOCATE|[77]|Bytes:152
12:50:23.0 (10287253)|HEAP_ALLOCATE|[342]|Bytes:408
12:50:23.0 (10300978)|HEAP_ALLOCATE|[355]|Bytes:408
12:50:23.0 (10313725)|HEAP_ALLOCATE|[467]|Bytes:48
12:50:23.0 (10341183)|HEAP_ALLOCATE|[139]|Bytes:6
12:50:23.0 (10354352)|HEAP_ALLOCATE|[EXTERNAL]|Bytes:208
12:50:23.0 (10358386)|HEAP_ALLOCATE|[EXTERNAL]|Bytes:23
12:50:23.0 (10360565)|HEAP_ALLOCATE|[EXTERNAL]|Bytes:14
12:50:23.0 (10369107)|METHOD_ENTRY|[1]|01p0Y000003UnHb|TMcVFPageBuilderCrtl.TMcVFPageBuilderCrtl()
12:50:23.0 (10373086)|STATEMENT_EXECUTE|[1]
12:50:23.0 (10378045)|STATEMENT_EXECUTE|[1]
12:50:23.0 (10408305)|HEAP_ALLOCATE|[50]|Bytes:5
12:50:23.0 (10431103)|HEAP_ALLOCATE|[56]|Bytes:5
12:50:23.0 (10436991)|HEAP_ALLOCATE|[64]|Bytes:7
12:50:23.0 (10449859)|SYSTEM_MODE_ENTER|false
12:50:23.0 (10463384)|HEAP_ALLOCATE|[EXTERNAL]|Bytes:5
12:50:23.0 (10469394)|SYSTEM_MODE_EXIT|false
12:50:23.0 (10475779)|METHOD_EXIT|[1]|TMcVFPageBuilderCrtl
12:50:23.0 (10502711)|HEAP_ALLOCATE|[EXTERNAL]|Bytes:24
12:50:23.0 (10508828)|VARIABLE_SCOPE_BEGIN|[11]|this|TMcVFPageBuilderCrtl|true|false
12:50:23.0 (10573203)|VARIABLE_ASSIGNMENT|[11]|this|{}|0x72aa3cbc
12:50:23.0 (10582056)|SYSTEM_MODE_ENTER|false
12:50:23.0 (10586218)|HEAP_ALLOCATE|[12]|Bytes:5
12:50:23.0 (10588893)|STATEMENT_EXECUTE|[1]
12:50:23.0 (10590936)|HEAP_ALLOCATE|[12]|Bytes:5
12:50:23.0 (10592440)|STATEMENT_EXECUTE|[3]
12:50:23.0 (10594318)|STATEMENT_EXECUTE|[4]
12:50:23.0 (10595349)|STATEMENT_EXECUTE|[5]
12:50:23.0 (10596500)|STATEMENT_EXECUTE|[6]
12:50:23.0 (10597425)|STATEMENT_EXECUTE|[8]
12:50:23.0 (10604689)|HEAP_ALLOCATE|[12]|Bytes:6
12:50:23.0 (10620140)|STATEMENT_EXECUTE|[11]
12:50:23.0 (10621728)|STATEMENT_EXECUTE|[12]
12:50:23.0 (10635100)|HEAP_ALLOCATE|[12]|Bytes:4
12:50:23.0 (10789310)|VARIABLE_ASSIGNMENT|[EXTERNAL]|this|{}|0x72aa3cbc
12:50:23.0 (10803719)|VARIABLE_ASSIGNMENT|[EXTERNAL]|value|{}|0x2d0b88ef
12:50:23.0 (10813453)|VARIABLE_ASSIGNMENT|[3]|this.thePage|{}|0x72aa3cbc
12:50:23.0 (10822287)|SYSTEM_MODE_EXIT|false
12:50:23.11 (11984878)|CUMULATIVE_LIMIT_USAGE
12:50:23.11 (11984878)|LIMIT_USAGE_FOR_NS|(default)|
  Number of SOQL queries: 0 out of 100
  Number of query rows: 0 out of 50000
  Number of SOSL queries: 0 out of 20
  Number of DML statements: 0 out of 150
  Number of DML rows: 0 out of 10000
  Maximum CPU time: 0 out of 10000
  Maximum heap size: 0 out of 6000000
  Number of callouts: 0 out of 100
  Number of Email Invocations: 0 out of 10
  Number of future calls: 0 out of 50
  Number of queueable jobs added to the queue: 0 out of 50
  Number of Mobile Apex push calls: 0 out of 10

12:50:23.11 (11984878)|CUMULATIVE_LIMIT_USAGE_END

12:50:23.0 (12015462)|CODE_UNIT_FINISHED|VF: /apex/TMcVFPageBuilderV2
12:50:23.0 (20995311)|EXECUTION_FINISHED
