38.0 APEX_CODE,FINEST;APEX_PROFILING,INFO;CALLOUT,INFO;DB,INFO;SYSTEM,DEBUG;VALIDATION,INFO;VISUALFORCE,INFO;WORKFLOW,INFO
13:05:49.0 (65970)|USER_INFO|[EXTERNAL]|0050Y000000d4Kn|shizhaolee@gmail.com|Greenwich Mean Time|GMTZ
13:05:49.0 (95830)|EXECUTION_STARTED
13:05:49.0 (98695)|CODE_UNIT_STARTED|[EXTERNAL]|0660Y000001V39Z|VF: /apex/DragForce
13:05:49.0 (10263480)|SYSTEM_MODE_ENTER|true
13:05:49.0 (10544278)|HEAP_ALLOCATE|[72]|Bytes:3
13:05:49.0 (10575648)|HEAP_ALLOCATE|[77]|Bytes:152
13:05:49.0 (10593870)|HEAP_ALLOCATE|[342]|Bytes:408
13:05:49.0 (10610696)|HEAP_ALLOCATE|[355]|Bytes:408
13:05:49.0 (10627009)|HEAP_ALLOCATE|[467]|Bytes:48
13:05:49.0 (10658927)|HEAP_ALLOCATE|[139]|Bytes:6
13:05:49.0 (10689594)|VARIABLE_SCOPE_BEGIN|[9]|TMcVFPageBuilderCrtl.vfPages|Map<Id,ApexPage>|true|true
13:05:49.0 (10758227)|HEAP_ALLOCATE|[EXTERNAL]|Bytes:208
13:05:49.0 (10763761)|HEAP_ALLOCATE|[EXTERNAL]|Bytes:23
13:05:49.0 (10766546)|HEAP_ALLOCATE|[EXTERNAL]|Bytes:14
13:05:49.0 (10855817)|METHOD_ENTRY|[1]|01p0Y000003UnHb|TMcVFPageBuilderCrtl.TMcVFPageBuilderCrtl()
13:05:49.0 (10860393)|STATEMENT_EXECUTE|[1]
13:05:49.0 (10865156)|STATEMENT_EXECUTE|[1]
13:05:49.0 (10896552)|HEAP_ALLOCATE|[50]|Bytes:5
13:05:49.0 (10917372)|HEAP_ALLOCATE|[56]|Bytes:5
13:05:49.0 (10926171)|HEAP_ALLOCATE|[64]|Bytes:7
13:05:49.0 (10942403)|SYSTEM_MODE_ENTER|false
13:05:49.0 (10952477)|HEAP_ALLOCATE|[EXTERNAL]|Bytes:5
13:05:49.0 (10960023)|SYSTEM_MODE_EXIT|false
13:05:49.0 (10967904)|METHOD_EXIT|[1]|TMcVFPageBuilderCrtl
13:05:49.0 (10973101)|HEAP_ALLOCATE|[EXTERNAL]|Bytes:24
13:05:49.0 (10977272)|VARIABLE_SCOPE_BEGIN|[11]|this|TMcVFPageBuilderCrtl|true|false
13:05:49.0 (11010357)|VARIABLE_ASSIGNMENT|[11]|this|{}|0x17e648bd
13:05:49.0 (11020144)|SYSTEM_MODE_ENTER|false
13:05:49.0 (11025200)|HEAP_ALLOCATE|[12]|Bytes:5
13:05:49.0 (11028316)|STATEMENT_EXECUTE|[1]
13:05:49.0 (11030798)|HEAP_ALLOCATE|[12]|Bytes:5
13:05:49.0 (11032601)|STATEMENT_EXECUTE|[3]
13:05:49.0 (11033979)|STATEMENT_EXECUTE|[4]
13:05:49.0 (11034902)|STATEMENT_EXECUTE|[5]
13:05:49.0 (11035913)|STATEMENT_EXECUTE|[6]
13:05:49.0 (11037037)|STATEMENT_EXECUTE|[8]
13:05:49.0 (11046671)|HEAP_ALLOCATE|[12]|Bytes:6
13:05:49.0 (11068295)|STATEMENT_EXECUTE|[11]
13:05:49.0 (11070194)|STATEMENT_EXECUTE|[12]
13:05:49.0 (11090158)|HEAP_ALLOCATE|[12]|Bytes:4
13:05:49.0 (11248285)|VARIABLE_ASSIGNMENT|[EXTERNAL]|this|{}|0x17e648bd
13:05:49.0 (11256921)|VARIABLE_ASSIGNMENT|[EXTERNAL]|value|{}|0x257f2be2
13:05:49.0 (11265779)|VARIABLE_ASSIGNMENT|[3]|this.thePage|{}|0x17e648bd
13:05:49.0 (11275238)|SYSTEM_MODE_EXIT|false
13:05:49.12 (12459860)|CUMULATIVE_LIMIT_USAGE
13:05:49.12 (12459860)|LIMIT_USAGE_FOR_NS|(default)|
  Number of SOQL queries: 0 out of 100
  Number of query rows: 0 out of 50000
  Number of SOSL queries: 0 out of 20
  Number of DML statements: 0 out of 150
  Number of DML rows: 0 out of 10000
  Maximum CPU time: 0 out of 10000
  Maximum heap size: 0 out of 6000000
  Number of callouts: 0 out of 100
  Number of Email Invocations: 0 out of 10
  Number of future calls: 0 out of 50
  Number of queueable jobs added to the queue: 0 out of 50
  Number of Mobile Apex push calls: 0 out of 10

13:05:49.12 (12459860)|CUMULATIVE_LIMIT_USAGE_END

13:05:49.0 (12488401)|CODE_UNIT_FINISHED|VF: /apex/DragForce
13:05:49.0 (13296859)|EXECUTION_FINISHED
