38.0 APEX_CODE,FINEST;APEX_PROFILING,INFO;CALLOUT,INFO;DB,INFO;SYSTEM,DEBUG;VALIDATION,INFO;VISUALFORCE,INFO;WORKFLOW,INFO
12:55:01.0 (61960)|USER_INFO|[EXTERNAL]|0050Y000000d4Kn|shizhaolee@gmail.com|Greenwich Mean Time|GMTZ
12:55:01.0 (89387)|EXECUTION_STARTED
12:55:01.0 (93553)|CODE_UNIT_STARTED|[EXTERNAL]|0660Y000001V39Z|VF: /apex/DragForce
12:55:01.0 (9827283)|SYSTEM_MODE_ENTER|true
12:55:01.0 (10086761)|HEAP_ALLOCATE|[72]|Bytes:3
12:55:01.0 (10113535)|HEAP_ALLOCATE|[77]|Bytes:152
12:55:01.0 (10125269)|HEAP_ALLOCATE|[342]|Bytes:408
12:55:01.0 (10138789)|HEAP_ALLOCATE|[355]|Bytes:408
12:55:01.0 (10151887)|HEAP_ALLOCATE|[467]|Bytes:48
12:55:01.0 (10177176)|HEAP_ALLOCATE|[139]|Bytes:6
12:55:01.0 (10199209)|VARIABLE_SCOPE_BEGIN|[9]|TMcVFPageBuilderCrtl.vfPages|Map<Id,ApexPage>|true|true
12:55:01.0 (10254967)|HEAP_ALLOCATE|[EXTERNAL]|Bytes:208
12:55:01.0 (10259665)|HEAP_ALLOCATE|[EXTERNAL]|Bytes:23
12:55:01.0 (10261946)|HEAP_ALLOCATE|[EXTERNAL]|Bytes:14
12:55:01.0 (10336812)|METHOD_ENTRY|[1]|01p0Y000003UnHb|TMcVFPageBuilderCrtl.TMcVFPageBuilderCrtl()
12:55:01.0 (10341232)|STATEMENT_EXECUTE|[1]
12:55:01.0 (10346391)|STATEMENT_EXECUTE|[1]
12:55:01.0 (10373230)|HEAP_ALLOCATE|[50]|Bytes:5
12:55:01.0 (10390922)|HEAP_ALLOCATE|[56]|Bytes:5
12:55:01.0 (10396585)|HEAP_ALLOCATE|[64]|Bytes:7
12:55:01.0 (10407497)|SYSTEM_MODE_ENTER|false
12:55:01.0 (10416569)|HEAP_ALLOCATE|[EXTERNAL]|Bytes:5
12:55:01.0 (10422705)|SYSTEM_MODE_EXIT|false
12:55:01.0 (10429006)|METHOD_EXIT|[1]|TMcVFPageBuilderCrtl
12:55:01.0 (10433089)|HEAP_ALLOCATE|[EXTERNAL]|Bytes:24
12:55:01.0 (10437457)|VARIABLE_SCOPE_BEGIN|[11]|this|TMcVFPageBuilderCrtl|true|false
12:55:01.0 (10478272)|VARIABLE_ASSIGNMENT|[11]|this|{}|0x712527ba
12:55:01.0 (10485433)|SYSTEM_MODE_ENTER|false
12:55:01.0 (10488912)|HEAP_ALLOCATE|[12]|Bytes:5
12:55:01.0 (10491333)|STATEMENT_EXECUTE|[1]
12:55:01.0 (10493454)|HEAP_ALLOCATE|[12]|Bytes:5
12:55:01.0 (10494972)|STATEMENT_EXECUTE|[3]
12:55:01.0 (10496446)|STATEMENT_EXECUTE|[4]
12:55:01.0 (10497376)|STATEMENT_EXECUTE|[5]
12:55:01.0 (10498440)|STATEMENT_EXECUTE|[6]
12:55:01.0 (10499386)|STATEMENT_EXECUTE|[8]
12:55:01.0 (10506306)|HEAP_ALLOCATE|[12]|Bytes:6
12:55:01.0 (10525367)|STATEMENT_EXECUTE|[11]
12:55:01.0 (10527017)|STATEMENT_EXECUTE|[12]
12:55:01.0 (10544935)|HEAP_ALLOCATE|[12]|Bytes:4
12:55:01.0 (10663703)|VARIABLE_ASSIGNMENT|[EXTERNAL]|this|{}|0x712527ba
12:55:01.0 (10674518)|VARIABLE_ASSIGNMENT|[EXTERNAL]|value|{}|0x75f0ed2a
12:55:01.0 (10682627)|VARIABLE_ASSIGNMENT|[3]|this.thePage|{}|0x712527ba
12:55:01.0 (10690568)|SYSTEM_MODE_EXIT|false
12:55:01.12 (12041996)|CUMULATIVE_LIMIT_USAGE
12:55:01.12 (12041996)|LIMIT_USAGE_FOR_NS|(default)|
  Number of SOQL queries: 0 out of 100
  Number of query rows: 0 out of 50000
  Number of SOSL queries: 0 out of 20
  Number of DML statements: 0 out of 150
  Number of DML rows: 0 out of 10000
  Maximum CPU time: 0 out of 10000
  Maximum heap size: 0 out of 6000000
  Number of callouts: 0 out of 100
  Number of Email Invocations: 0 out of 10
  Number of future calls: 0 out of 50
  Number of queueable jobs added to the queue: 0 out of 50
  Number of Mobile Apex push calls: 0 out of 10

12:55:01.12 (12041996)|CUMULATIVE_LIMIT_USAGE_END

12:55:01.0 (12085818)|CODE_UNIT_FINISHED|VF: /apex/DragForce
12:55:01.0 (12955035)|EXECUTION_FINISHED
