38.0 APEX_CODE,FINEST;APEX_PROFILING,INFO;CALLOUT,INFO;DB,INFO;SYSTEM,DEBUG;VALIDATION,INFO;VISUALFORCE,INFO;WORKFLOW,INFO
15:53:33.0 (334272)|USER_INFO|[EXTERNAL]|0050Y000000d4Kn|shizhaolee@gmail.com|Greenwich Mean Time|GMTZ
15:53:33.0 (364119)|EXECUTION_STARTED
15:53:33.0 (368770)|CODE_UNIT_STARTED|[EXTERNAL]|0660Y000001V39Z|VF: /apex/DragForce
15:53:33.0 (9819672)|SYSTEM_MODE_ENTER|true
15:53:33.0 (10162139)|VARIABLE_SCOPE_BEGIN|[9]|TMcVFPageBuilderCrtl.vfPages|Map<Id,ApexPage>|true|true
15:53:33.0 (10323569)|HEAP_ALLOCATE|[72]|Bytes:3
15:53:33.0 (10363886)|HEAP_ALLOCATE|[77]|Bytes:152
15:53:33.0 (10377879)|HEAP_ALLOCATE|[342]|Bytes:408
15:53:33.0 (10390737)|HEAP_ALLOCATE|[355]|Bytes:408
15:53:33.0 (10400930)|HEAP_ALLOCATE|[467]|Bytes:48
15:53:33.0 (10429413)|HEAP_ALLOCATE|[139]|Bytes:6
15:53:33.0 (10441346)|HEAP_ALLOCATE|[EXTERNAL]|Bytes:208
15:53:33.0 (10445739)|HEAP_ALLOCATE|[EXTERNAL]|Bytes:23
15:53:33.0 (10447910)|HEAP_ALLOCATE|[EXTERNAL]|Bytes:14
15:53:33.0 (10456432)|METHOD_ENTRY|[1]|01p0Y000003UnHb|TMcVFPageBuilderCrtl.TMcVFPageBuilderCrtl()
15:53:33.0 (10459988)|STATEMENT_EXECUTE|[1]
15:53:33.0 (10465584)|STATEMENT_EXECUTE|[1]
15:53:33.0 (10497430)|HEAP_ALLOCATE|[50]|Bytes:5
15:53:33.0 (10519250)|HEAP_ALLOCATE|[56]|Bytes:5
15:53:33.0 (10525086)|HEAP_ALLOCATE|[64]|Bytes:7
15:53:33.0 (10538567)|SYSTEM_MODE_ENTER|false
15:53:33.0 (10550335)|HEAP_ALLOCATE|[EXTERNAL]|Bytes:5
15:53:33.0 (10557172)|SYSTEM_MODE_EXIT|false
15:53:33.0 (10564298)|METHOD_EXIT|[1]|TMcVFPageBuilderCrtl
15:53:33.0 (10591070)|HEAP_ALLOCATE|[EXTERNAL]|Bytes:24
15:53:33.0 (10598318)|VARIABLE_SCOPE_BEGIN|[11]|this|TMcVFPageBuilderCrtl|true|false
15:53:33.0 (10664356)|VARIABLE_ASSIGNMENT|[11]|this|{}|0x46ef70b5
15:53:33.0 (10672590)|SYSTEM_MODE_ENTER|false
15:53:33.0 (10676881)|HEAP_ALLOCATE|[12]|Bytes:5
15:53:33.0 (10679519)|STATEMENT_EXECUTE|[1]
15:53:33.0 (10681412)|HEAP_ALLOCATE|[12]|Bytes:5
15:53:33.0 (10683221)|STATEMENT_EXECUTE|[3]
15:53:33.0 (10684509)|STATEMENT_EXECUTE|[4]
15:53:33.0 (10685664)|STATEMENT_EXECUTE|[5]
15:53:33.0 (10686650)|STATEMENT_EXECUTE|[6]
15:53:33.0 (10687588)|STATEMENT_EXECUTE|[8]
15:53:33.0 (10695321)|HEAP_ALLOCATE|[12]|Bytes:6
15:53:33.0 (10713716)|STATEMENT_EXECUTE|[11]
15:53:33.0 (10715255)|STATEMENT_EXECUTE|[12]
15:53:33.0 (10729401)|HEAP_ALLOCATE|[12]|Bytes:4
15:53:33.0 (10884437)|VARIABLE_ASSIGNMENT|[EXTERNAL]|this|{}|0x46ef70b5
15:53:33.0 (10895857)|VARIABLE_ASSIGNMENT|[EXTERNAL]|value|{}|0x67eaea5a
15:53:33.0 (10906547)|VARIABLE_ASSIGNMENT|[3]|this.thePage|{}|0x46ef70b5
15:53:33.0 (10915206)|SYSTEM_MODE_EXIT|false
15:53:33.12 (12098069)|CUMULATIVE_LIMIT_USAGE
15:53:33.12 (12098069)|LIMIT_USAGE_FOR_NS|(default)|
  Number of SOQL queries: 0 out of 100
  Number of query rows: 0 out of 50000
  Number of SOSL queries: 0 out of 20
  Number of DML statements: 0 out of 150
  Number of DML rows: 0 out of 10000
  Maximum CPU time: 0 out of 10000
  Maximum heap size: 0 out of 6000000
  Number of callouts: 0 out of 100
  Number of Email Invocations: 0 out of 10
  Number of future calls: 0 out of 50
  Number of queueable jobs added to the queue: 0 out of 50
  Number of Mobile Apex push calls: 0 out of 10

15:53:33.12 (12098069)|CUMULATIVE_LIMIT_USAGE_END

15:53:33.0 (12131501)|CODE_UNIT_FINISHED|VF: /apex/DragForce
15:53:33.0 (13008303)|EXECUTION_FINISHED
