38.0 APEX_CODE,FINEST;APEX_PROFILING,INFO;CALLOUT,INFO;DB,INFO;SYSTEM,DEBUG;VALIDATION,INFO;VISUALFORCE,INFO;WORKFLOW,INFO
18:00:48.0 (340062)|USER_INFO|[EXTERNAL]|0050Y000000d4Kn|shizhaolee@gmail.com|Greenwich Mean Time|GMTZ
18:00:48.0 (370110)|EXECUTION_STARTED
18:00:48.0 (374934)|CODE_UNIT_STARTED|[EXTERNAL]|0660Y000001V39Z|VF: /apex/DragForce
18:00:48.0 (10189541)|SYSTEM_MODE_ENTER|true
18:00:48.0 (10529396)|HEAP_ALLOCATE|[72]|Bytes:3
18:00:48.0 (10569629)|HEAP_ALLOCATE|[77]|Bytes:152
18:00:48.0 (10583846)|HEAP_ALLOCATE|[342]|Bytes:408
18:00:48.0 (10596292)|HEAP_ALLOCATE|[355]|Bytes:408
18:00:48.0 (10606934)|HEAP_ALLOCATE|[467]|Bytes:48
18:00:48.0 (10634646)|HEAP_ALLOCATE|[139]|Bytes:6
18:00:48.0 (10658941)|VARIABLE_SCOPE_BEGIN|[9]|TMcVFPageBuilderCrtl.vfPages|Map<Id,ApexPage>|true|true
18:00:48.0 (10715109)|HEAP_ALLOCATE|[EXTERNAL]|Bytes:208
18:00:48.0 (10720268)|HEAP_ALLOCATE|[EXTERNAL]|Bytes:23
18:00:48.0 (10722299)|HEAP_ALLOCATE|[EXTERNAL]|Bytes:14
18:00:48.0 (10849856)|METHOD_ENTRY|[1]|01p0Y000003UnHb|TMcVFPageBuilderCrtl.TMcVFPageBuilderCrtl()
18:00:48.0 (10855060)|STATEMENT_EXECUTE|[1]
18:00:48.0 (10860590)|STATEMENT_EXECUTE|[1]
18:00:48.0 (10899807)|HEAP_ALLOCATE|[50]|Bytes:5
18:00:48.0 (10923895)|HEAP_ALLOCATE|[56]|Bytes:5
18:00:48.0 (10929852)|HEAP_ALLOCATE|[64]|Bytes:7
18:00:48.0 (10942262)|SYSTEM_MODE_ENTER|false
18:00:48.0 (10954508)|HEAP_ALLOCATE|[EXTERNAL]|Bytes:5
18:00:48.0 (10961818)|SYSTEM_MODE_EXIT|false
18:00:48.0 (10969084)|METHOD_EXIT|[1]|TMcVFPageBuilderCrtl
18:00:48.0 (10973520)|HEAP_ALLOCATE|[EXTERNAL]|Bytes:24
18:00:48.0 (10979189)|VARIABLE_SCOPE_BEGIN|[11]|this|TMcVFPageBuilderCrtl|true|false
18:00:48.0 (11029476)|VARIABLE_ASSIGNMENT|[11]|this|{}|0x3b27994e
18:00:48.0 (11038442)|SYSTEM_MODE_ENTER|false
18:00:48.0 (11041941)|HEAP_ALLOCATE|[12]|Bytes:5
18:00:48.0 (11044876)|STATEMENT_EXECUTE|[1]
18:00:48.0 (11047249)|HEAP_ALLOCATE|[12]|Bytes:5
18:00:48.0 (11048725)|STATEMENT_EXECUTE|[3]
18:00:48.0 (11050089)|STATEMENT_EXECUTE|[4]
18:00:48.0 (11051328)|STATEMENT_EXECUTE|[5]
18:00:48.0 (11052314)|STATEMENT_EXECUTE|[6]
18:00:48.0 (11053184)|STATEMENT_EXECUTE|[8]
18:00:48.0 (11060022)|HEAP_ALLOCATE|[12]|Bytes:6
18:00:48.0 (11077378)|STATEMENT_EXECUTE|[11]
18:00:48.0 (11078855)|STATEMENT_EXECUTE|[12]
18:00:48.0 (11104697)|HEAP_ALLOCATE|[12]|Bytes:4
18:00:48.0 (11246983)|VARIABLE_ASSIGNMENT|[EXTERNAL]|this|{}|0x3b27994e
18:00:48.0 (11258201)|VARIABLE_ASSIGNMENT|[EXTERNAL]|value|{}|0x1b4d74b5
18:00:48.0 (11268931)|VARIABLE_ASSIGNMENT|[3]|this.thePage|{}|0x3b27994e
18:00:48.0 (11277393)|SYSTEM_MODE_EXIT|false
18:00:48.12 (12461874)|CUMULATIVE_LIMIT_USAGE
18:00:48.12 (12461874)|LIMIT_USAGE_FOR_NS|(default)|
  Number of SOQL queries: 0 out of 100
  Number of query rows: 0 out of 50000
  Number of SOSL queries: 0 out of 20
  Number of DML statements: 0 out of 150
  Number of DML rows: 0 out of 10000
  Maximum CPU time: 0 out of 10000
  Maximum heap size: 0 out of 6000000
  Number of callouts: 0 out of 100
  Number of Email Invocations: 0 out of 10
  Number of future calls: 0 out of 50
  Number of queueable jobs added to the queue: 0 out of 50
  Number of Mobile Apex push calls: 0 out of 10

18:00:48.12 (12461874)|CUMULATIVE_LIMIT_USAGE_END

18:00:48.0 (12498578)|CODE_UNIT_FINISHED|VF: /apex/DragForce
18:00:48.0 (13353074)|EXECUTION_FINISHED
