38.0 APEX_CODE,FINEST;APEX_PROFILING,INFO;CALLOUT,INFO;DB,INFO;SYSTEM,DEBUG;VALIDATION,INFO;VISUALFORCE,INFO;WORKFLOW,INFO
13:16:12.0 (290725)|USER_INFO|[EXTERNAL]|0050Y000000d4Kn|shizhaolee@gmail.com|Greenwich Mean Time|GMTZ
13:16:12.0 (318355)|EXECUTION_STARTED
13:16:12.0 (322588)|CODE_UNIT_STARTED|[EXTERNAL]|0660Y000001V39Z|VF: /apex/DragForce
13:16:12.0 (9518654)|SYSTEM_MODE_ENTER|true
13:16:12.0 (9802457)|HEAP_ALLOCATE|[72]|Bytes:3
13:16:12.0 (9844788)|HEAP_ALLOCATE|[77]|Bytes:152
13:16:12.0 (9859741)|HEAP_ALLOCATE|[342]|Bytes:408
13:16:12.0 (9871958)|HEAP_ALLOCATE|[355]|Bytes:408
13:16:12.0 (9881776)|HEAP_ALLOCATE|[467]|Bytes:48
13:16:12.0 (9915377)|HEAP_ALLOCATE|[139]|Bytes:6
13:16:12.0 (9941938)|VARIABLE_SCOPE_BEGIN|[9]|TMcVFPageBuilderCrtl.vfPages|Map<Id,ApexPage>|true|true
13:16:12.0 (10001113)|HEAP_ALLOCATE|[EXTERNAL]|Bytes:208
13:16:12.0 (10006332)|HEAP_ALLOCATE|[EXTERNAL]|Bytes:23
13:16:12.0 (10008406)|HEAP_ALLOCATE|[EXTERNAL]|Bytes:14
13:16:12.0 (10100482)|METHOD_ENTRY|[1]|01p0Y000003UnHb|TMcVFPageBuilderCrtl.TMcVFPageBuilderCrtl()
13:16:12.0 (10104581)|STATEMENT_EXECUTE|[1]
13:16:12.0 (10110859)|STATEMENT_EXECUTE|[1]
13:16:12.0 (10145133)|HEAP_ALLOCATE|[50]|Bytes:5
13:16:12.0 (10169162)|HEAP_ALLOCATE|[56]|Bytes:5
13:16:12.0 (10175114)|HEAP_ALLOCATE|[64]|Bytes:7
13:16:12.0 (10189058)|SYSTEM_MODE_ENTER|false
13:16:12.0 (10202921)|HEAP_ALLOCATE|[EXTERNAL]|Bytes:5
13:16:12.0 (10209243)|SYSTEM_MODE_EXIT|false
13:16:12.0 (10216080)|METHOD_EXIT|[1]|TMcVFPageBuilderCrtl
13:16:12.0 (10220441)|HEAP_ALLOCATE|[EXTERNAL]|Bytes:24
13:16:12.0 (10225408)|VARIABLE_SCOPE_BEGIN|[11]|this|TMcVFPageBuilderCrtl|true|false
13:16:12.0 (10273988)|VARIABLE_ASSIGNMENT|[11]|this|{}|0x2ee247a1
13:16:12.0 (10282986)|SYSTEM_MODE_ENTER|false
13:16:12.0 (10286399)|HEAP_ALLOCATE|[12]|Bytes:5
13:16:12.0 (10288753)|STATEMENT_EXECUTE|[1]
13:16:12.0 (10290811)|HEAP_ALLOCATE|[12]|Bytes:5
13:16:12.0 (10292444)|STATEMENT_EXECUTE|[3]
13:16:12.0 (10294328)|STATEMENT_EXECUTE|[4]
13:16:12.0 (10295375)|STATEMENT_EXECUTE|[5]
13:16:12.0 (10296556)|STATEMENT_EXECUTE|[6]
13:16:12.0 (10297591)|STATEMENT_EXECUTE|[8]
13:16:12.0 (10305092)|HEAP_ALLOCATE|[12]|Bytes:6
13:16:12.0 (10322323)|STATEMENT_EXECUTE|[11]
13:16:12.0 (10323840)|STATEMENT_EXECUTE|[12]
13:16:12.0 (10349233)|HEAP_ALLOCATE|[12]|Bytes:4
13:16:12.0 (10494629)|VARIABLE_ASSIGNMENT|[EXTERNAL]|this|{}|0x2ee247a1
13:16:12.0 (10506586)|VARIABLE_ASSIGNMENT|[EXTERNAL]|value|{}|0x7a794d6d
13:16:12.0 (10517358)|VARIABLE_ASSIGNMENT|[3]|this.thePage|{}|0x2ee247a1
13:16:12.0 (10526659)|SYSTEM_MODE_EXIT|false
13:16:12.11 (11743786)|CUMULATIVE_LIMIT_USAGE
13:16:12.11 (11743786)|LIMIT_USAGE_FOR_NS|(default)|
  Number of SOQL queries: 0 out of 100
  Number of query rows: 0 out of 50000
  Number of SOSL queries: 0 out of 20
  Number of DML statements: 0 out of 150
  Number of DML rows: 0 out of 10000
  Maximum CPU time: 0 out of 10000
  Maximum heap size: 0 out of 6000000
  Number of callouts: 0 out of 100
  Number of Email Invocations: 0 out of 10
  Number of future calls: 0 out of 50
  Number of queueable jobs added to the queue: 0 out of 50
  Number of Mobile Apex push calls: 0 out of 10

13:16:12.11 (11743786)|CUMULATIVE_LIMIT_USAGE_END

13:16:12.0 (11780328)|CODE_UNIT_FINISHED|VF: /apex/DragForce
13:16:12.0 (12638264)|EXECUTION_FINISHED
