38.0 APEX_CODE,FINEST;APEX_PROFILING,INFO;CALLOUT,INFO;DB,INFO;SYSTEM,DEBUG;VALIDATION,INFO;VISUALFORCE,INFO;WORKFLOW,INFO
12:51:21.0 (412279)|USER_INFO|[EXTERNAL]|0050Y000000d4Kn|shizhaolee@gmail.com|Greenwich Mean Time|GMTZ
12:51:21.0 (442906)|EXECUTION_STARTED
12:51:21.0 (447452)|CODE_UNIT_STARTED|[EXTERNAL]|0660Y000001Un3R|VF: /apex/TMcVFPageBuilderV2
12:51:21.0 (9731285)|SYSTEM_MODE_ENTER|true
12:51:21.0 (10141109)|VARIABLE_SCOPE_BEGIN|[9]|TMcVFPageBuilderCrtl.vfPages|Map<Id,ApexPage>|true|true
12:51:21.0 (10304092)|HEAP_ALLOCATE|[72]|Bytes:3
12:51:21.0 (10344557)|HEAP_ALLOCATE|[77]|Bytes:152
12:51:21.0 (10360278)|HEAP_ALLOCATE|[342]|Bytes:408
12:51:21.0 (10374817)|HEAP_ALLOCATE|[355]|Bytes:408
12:51:21.0 (10387717)|HEAP_ALLOCATE|[467]|Bytes:48
12:51:21.0 (10414453)|HEAP_ALLOCATE|[139]|Bytes:6
12:51:21.0 (10426786)|HEAP_ALLOCATE|[EXTERNAL]|Bytes:208
12:51:21.0 (10430876)|HEAP_ALLOCATE|[EXTERNAL]|Bytes:23
12:51:21.0 (10433170)|HEAP_ALLOCATE|[EXTERNAL]|Bytes:14
12:51:21.0 (10442070)|METHOD_ENTRY|[1]|01p0Y000003UnHb|TMcVFPageBuilderCrtl.TMcVFPageBuilderCrtl()
12:51:21.0 (10445673)|STATEMENT_EXECUTE|[1]
12:51:21.0 (10450891)|STATEMENT_EXECUTE|[1]
12:51:21.0 (10481921)|HEAP_ALLOCATE|[50]|Bytes:5
12:51:21.0 (10503945)|HEAP_ALLOCATE|[56]|Bytes:5
12:51:21.0 (10509385)|HEAP_ALLOCATE|[64]|Bytes:7
12:51:21.0 (10523588)|SYSTEM_MODE_ENTER|false
12:51:21.0 (10536013)|HEAP_ALLOCATE|[EXTERNAL]|Bytes:5
12:51:21.0 (10542766)|SYSTEM_MODE_EXIT|false
12:51:21.0 (10550451)|METHOD_EXIT|[1]|TMcVFPageBuilderCrtl
12:51:21.0 (10580032)|HEAP_ALLOCATE|[EXTERNAL]|Bytes:24
12:51:21.0 (10587652)|VARIABLE_SCOPE_BEGIN|[11]|this|TMcVFPageBuilderCrtl|true|false
12:51:21.0 (10650539)|VARIABLE_ASSIGNMENT|[11]|this|{}|0x5a283ca3
12:51:21.0 (10659657)|SYSTEM_MODE_ENTER|false
12:51:21.0 (10663966)|HEAP_ALLOCATE|[12]|Bytes:5
12:51:21.0 (10666699)|STATEMENT_EXECUTE|[1]
12:51:21.0 (10668752)|HEAP_ALLOCATE|[12]|Bytes:5
12:51:21.0 (10670332)|STATEMENT_EXECUTE|[3]
12:51:21.0 (10671752)|STATEMENT_EXECUTE|[4]
12:51:21.0 (10672868)|STATEMENT_EXECUTE|[5]
12:51:21.0 (10673995)|STATEMENT_EXECUTE|[6]
12:51:21.0 (10675048)|STATEMENT_EXECUTE|[8]
12:51:21.0 (10682231)|HEAP_ALLOCATE|[12]|Bytes:6
12:51:21.0 (10702038)|STATEMENT_EXECUTE|[11]
12:51:21.0 (10703660)|STATEMENT_EXECUTE|[12]
12:51:21.0 (10716946)|HEAP_ALLOCATE|[12]|Bytes:4
12:51:21.0 (10871341)|VARIABLE_ASSIGNMENT|[EXTERNAL]|this|{}|0x5a283ca3
12:51:21.0 (10885459)|VARIABLE_ASSIGNMENT|[EXTERNAL]|value|{}|0x389ba679
12:51:21.0 (10895708)|VARIABLE_ASSIGNMENT|[3]|this.thePage|{}|0x5a283ca3
12:51:21.0 (10904920)|SYSTEM_MODE_EXIT|false
12:51:21.12 (12172797)|CUMULATIVE_LIMIT_USAGE
12:51:21.12 (12172797)|LIMIT_USAGE_FOR_NS|(default)|
  Number of SOQL queries: 0 out of 100
  Number of query rows: 0 out of 50000
  Number of SOSL queries: 0 out of 20
  Number of DML statements: 0 out of 150
  Number of DML rows: 0 out of 10000
  Maximum CPU time: 0 out of 10000
  Maximum heap size: 0 out of 6000000
  Number of callouts: 0 out of 100
  Number of Email Invocations: 0 out of 10
  Number of future calls: 0 out of 50
  Number of queueable jobs added to the queue: 0 out of 50
  Number of Mobile Apex push calls: 0 out of 10

12:51:21.12 (12172797)|CUMULATIVE_LIMIT_USAGE_END

12:51:21.0 (12215053)|CODE_UNIT_FINISHED|VF: /apex/TMcVFPageBuilderV2
12:51:21.0 (13135366)|EXECUTION_FINISHED
