38.0 APEX_CODE,FINEST;APEX_PROFILING,INFO;CALLOUT,INFO;DB,INFO;SYSTEM,DEBUG;VALIDATION,INFO;VISUALFORCE,INFO;WORKFLOW,INFO
16:18:23.0 (268078)|USER_INFO|[EXTERNAL]|0050Y000000d4Kn|shizhaolee@gmail.com|Greenwich Mean Time|GMTZ
16:18:23.0 (295125)|EXECUTION_STARTED
16:18:23.0 (298523)|CODE_UNIT_STARTED|[EXTERNAL]|0660Y000001V39Z|VF: /apex/DragForce
16:18:23.0 (10159933)|SYSTEM_MODE_ENTER|true
16:18:23.0 (10468542)|VARIABLE_SCOPE_BEGIN|[9]|TMcVFPageBuilderCrtl.vfPages|Map<Id,ApexPage>|true|true
16:18:23.0 (10615128)|HEAP_ALLOCATE|[72]|Bytes:3
16:18:23.0 (10649381)|HEAP_ALLOCATE|[77]|Bytes:152
16:18:23.0 (10663592)|HEAP_ALLOCATE|[342]|Bytes:408
16:18:23.0 (10677336)|HEAP_ALLOCATE|[355]|Bytes:408
16:18:23.0 (10689618)|HEAP_ALLOCATE|[467]|Bytes:48
16:18:23.0 (10714716)|HEAP_ALLOCATE|[139]|Bytes:6
16:18:23.0 (10726172)|HEAP_ALLOCATE|[EXTERNAL]|Bytes:208
16:18:23.0 (10729906)|HEAP_ALLOCATE|[EXTERNAL]|Bytes:23
16:18:23.0 (10732276)|HEAP_ALLOCATE|[EXTERNAL]|Bytes:14
16:18:23.0 (10741758)|METHOD_ENTRY|[1]|01p0Y000003UnHb|TMcVFPageBuilderCrtl.TMcVFPageBuilderCrtl()
16:18:23.0 (10744965)|STATEMENT_EXECUTE|[1]
16:18:23.0 (10749290)|STATEMENT_EXECUTE|[1]
16:18:23.0 (10779355)|HEAP_ALLOCATE|[50]|Bytes:5
16:18:23.0 (10799025)|HEAP_ALLOCATE|[56]|Bytes:5
16:18:23.0 (10804111)|HEAP_ALLOCATE|[64]|Bytes:7
16:18:23.0 (10817660)|SYSTEM_MODE_ENTER|false
16:18:23.0 (10832834)|HEAP_ALLOCATE|[EXTERNAL]|Bytes:5
16:18:23.0 (10838555)|SYSTEM_MODE_EXIT|false
16:18:23.0 (10844434)|METHOD_EXIT|[1]|TMcVFPageBuilderCrtl
16:18:23.0 (10869076)|HEAP_ALLOCATE|[EXTERNAL]|Bytes:24
16:18:23.0 (10875452)|VARIABLE_SCOPE_BEGIN|[11]|this|TMcVFPageBuilderCrtl|true|false
16:18:23.0 (10950940)|VARIABLE_ASSIGNMENT|[11]|this|{}|0x72c3a9e5
16:18:23.0 (10960508)|SYSTEM_MODE_ENTER|false
16:18:23.0 (10964672)|HEAP_ALLOCATE|[12]|Bytes:5
16:18:23.0 (10967249)|STATEMENT_EXECUTE|[1]
16:18:23.0 (10972129)|HEAP_ALLOCATE|[12]|Bytes:5
16:18:23.0 (10973861)|STATEMENT_EXECUTE|[3]
16:18:23.0 (10975153)|STATEMENT_EXECUTE|[4]
16:18:23.0 (10976044)|STATEMENT_EXECUTE|[5]
16:18:23.0 (10976930)|STATEMENT_EXECUTE|[6]
16:18:23.0 (10977907)|STATEMENT_EXECUTE|[8]
16:18:23.0 (10985703)|HEAP_ALLOCATE|[12]|Bytes:6
16:18:23.0 (11001925)|STATEMENT_EXECUTE|[11]
16:18:23.0 (11004076)|STATEMENT_EXECUTE|[12]
16:18:23.0 (11016301)|HEAP_ALLOCATE|[12]|Bytes:4
16:18:23.0 (11159588)|VARIABLE_ASSIGNMENT|[EXTERNAL]|this|{}|0x72c3a9e5
16:18:23.0 (11169890)|VARIABLE_ASSIGNMENT|[EXTERNAL]|value|{}|0x7c6fb5eb
16:18:23.0 (11181083)|VARIABLE_ASSIGNMENT|[3]|this.thePage|{}|0x72c3a9e5
16:18:23.0 (11191353)|SYSTEM_MODE_EXIT|false
16:18:23.12 (12344917)|CUMULATIVE_LIMIT_USAGE
16:18:23.12 (12344917)|LIMIT_USAGE_FOR_NS|(default)|
  Number of SOQL queries: 0 out of 100
  Number of query rows: 0 out of 50000
  Number of SOSL queries: 0 out of 20
  Number of DML statements: 0 out of 150
  Number of DML rows: 0 out of 10000
  Maximum CPU time: 0 out of 10000
  Maximum heap size: 0 out of 6000000
  Number of callouts: 0 out of 100
  Number of Email Invocations: 0 out of 10
  Number of future calls: 0 out of 50
  Number of queueable jobs added to the queue: 0 out of 50
  Number of Mobile Apex push calls: 0 out of 10

16:18:23.12 (12344917)|CUMULATIVE_LIMIT_USAGE_END

16:18:23.0 (12377599)|CODE_UNIT_FINISHED|VF: /apex/DragForce
16:18:23.0 (13224676)|EXECUTION_FINISHED
