38.0 APEX_CODE,FINEST;APEX_PROFILING,INFO;CALLOUT,INFO;DB,INFO;SYSTEM,DEBUG;VALIDATION,INFO;VISUALFORCE,INFO;WORKFLOW,INFO
15:54:10.0 (367067)|USER_INFO|[EXTERNAL]|0050Y000000d4Kn|shizhaolee@gmail.com|Greenwich Mean Time|GMTZ
15:54:10.0 (397549)|EXECUTION_STARTED
15:54:10.0 (401451)|CODE_UNIT_STARTED|[EXTERNAL]|0660Y000001V39Z|VF: /apex/DragForce
15:54:10.0 (11355861)|SYSTEM_MODE_ENTER|true
15:54:10.0 (11708907)|VARIABLE_SCOPE_BEGIN|[9]|TMcVFPageBuilderCrtl.vfPages|Map<Id,ApexPage>|true|true
15:54:10.0 (11873765)|HEAP_ALLOCATE|[72]|Bytes:3
15:54:10.0 (11916383)|HEAP_ALLOCATE|[77]|Bytes:152
15:54:10.0 (11930768)|HEAP_ALLOCATE|[342]|Bytes:408
15:54:10.0 (11943816)|HEAP_ALLOCATE|[355]|Bytes:408
15:54:10.0 (11957260)|HEAP_ALLOCATE|[467]|Bytes:48
15:54:10.0 (11987373)|HEAP_ALLOCATE|[139]|Bytes:6
15:54:10.0 (11999845)|HEAP_ALLOCATE|[EXTERNAL]|Bytes:208
15:54:10.0 (12004291)|HEAP_ALLOCATE|[EXTERNAL]|Bytes:23
15:54:10.0 (12007510)|HEAP_ALLOCATE|[EXTERNAL]|Bytes:14
15:54:10.0 (12016854)|METHOD_ENTRY|[1]|01p0Y000003UnHb|TMcVFPageBuilderCrtl.TMcVFPageBuilderCrtl()
15:54:10.0 (12025016)|STATEMENT_EXECUTE|[1]
15:54:10.0 (12031196)|STATEMENT_EXECUTE|[1]
15:54:10.0 (12063945)|HEAP_ALLOCATE|[50]|Bytes:5
15:54:10.0 (12086766)|HEAP_ALLOCATE|[56]|Bytes:5
15:54:10.0 (12092692)|HEAP_ALLOCATE|[64]|Bytes:7
15:54:10.0 (12107384)|SYSTEM_MODE_ENTER|false
15:54:10.0 (12125309)|HEAP_ALLOCATE|[EXTERNAL]|Bytes:5
15:54:10.0 (12132448)|SYSTEM_MODE_EXIT|false
15:54:10.0 (12138936)|METHOD_EXIT|[1]|TMcVFPageBuilderCrtl
15:54:10.0 (12170216)|HEAP_ALLOCATE|[EXTERNAL]|Bytes:24
15:54:10.0 (12177632)|VARIABLE_SCOPE_BEGIN|[11]|this|TMcVFPageBuilderCrtl|true|false
15:54:10.0 (12240421)|VARIABLE_ASSIGNMENT|[11]|this|{}|0xbbf6e62
15:54:10.0 (12249079)|SYSTEM_MODE_ENTER|false
15:54:10.0 (12253073)|HEAP_ALLOCATE|[12]|Bytes:5
15:54:10.0 (12255987)|STATEMENT_EXECUTE|[1]
15:54:10.0 (12258064)|HEAP_ALLOCATE|[12]|Bytes:5
15:54:10.0 (12259420)|STATEMENT_EXECUTE|[3]
15:54:10.0 (12260569)|STATEMENT_EXECUTE|[4]
15:54:10.0 (12261673)|STATEMENT_EXECUTE|[5]
15:54:10.0 (12262791)|STATEMENT_EXECUTE|[6]
15:54:10.0 (12263770)|STATEMENT_EXECUTE|[8]
15:54:10.0 (12271185)|HEAP_ALLOCATE|[12]|Bytes:6
15:54:10.0 (12288263)|STATEMENT_EXECUTE|[11]
15:54:10.0 (12289548)|STATEMENT_EXECUTE|[12]
15:54:10.0 (12304503)|HEAP_ALLOCATE|[12]|Bytes:4
15:54:10.0 (12460522)|VARIABLE_ASSIGNMENT|[EXTERNAL]|this|{}|0xbbf6e62
15:54:10.0 (12472092)|VARIABLE_ASSIGNMENT|[EXTERNAL]|value|{}|0x5e88a3fb
15:54:10.0 (12481330)|VARIABLE_ASSIGNMENT|[3]|this.thePage|{}|0xbbf6e62
15:54:10.0 (12490326)|SYSTEM_MODE_EXIT|false
15:54:10.13 (13680979)|CUMULATIVE_LIMIT_USAGE
15:54:10.13 (13680979)|LIMIT_USAGE_FOR_NS|(default)|
  Number of SOQL queries: 0 out of 100
  Number of query rows: 0 out of 50000
  Number of SOSL queries: 0 out of 20
  Number of DML statements: 0 out of 150
  Number of DML rows: 0 out of 10000
  Maximum CPU time: 0 out of 10000
  Maximum heap size: 0 out of 6000000
  Number of callouts: 0 out of 100
  Number of Email Invocations: 0 out of 10
  Number of future calls: 0 out of 50
  Number of queueable jobs added to the queue: 0 out of 50
  Number of Mobile Apex push calls: 0 out of 10

15:54:10.13 (13680979)|CUMULATIVE_LIMIT_USAGE_END

15:54:10.0 (13712691)|CODE_UNIT_FINISHED|VF: /apex/DragForce
15:54:10.0 (14577480)|EXECUTION_FINISHED
