38.0 APEX_CODE,FINEST;APEX_PROFILING,INFO;CALLOUT,INFO;DB,INFO;SYSTEM,DEBUG;VALIDATION,INFO;VISUALFORCE,INFO;WORKFLOW,INFO
12:58:08.7 (7021081)|USER_INFO|[EXTERNAL]|0050Y000000d4Kn|shizhaolee@gmail.com|Greenwich Mean Time|GMTZ
12:58:08.7 (7058795)|EXECUTION_STARTED
12:58:08.7 (7063851)|CODE_UNIT_STARTED|[EXTERNAL]|0660Y000001V39Z|VF: /apex/DragForce
12:58:08.7 (24358071)|SYSTEM_MODE_ENTER|true
12:58:08.7 (24724639)|VARIABLE_SCOPE_BEGIN|[9]|TMcVFPageBuilderCrtl.vfPages|Map<Id,ApexPage>|true|true
12:58:08.7 (24883018)|HEAP_ALLOCATE|[72]|Bytes:3
12:58:08.7 (24924586)|HEAP_ALLOCATE|[77]|Bytes:152
12:58:08.7 (24940541)|HEAP_ALLOCATE|[342]|Bytes:408
12:58:08.7 (24955727)|HEAP_ALLOCATE|[355]|Bytes:408
12:58:08.7 (24969546)|HEAP_ALLOCATE|[467]|Bytes:48
12:58:08.7 (24996247)|HEAP_ALLOCATE|[139]|Bytes:6
12:58:08.7 (25009247)|HEAP_ALLOCATE|[EXTERNAL]|Bytes:208
12:58:08.7 (25014166)|HEAP_ALLOCATE|[EXTERNAL]|Bytes:23
12:58:08.7 (25016295)|HEAP_ALLOCATE|[EXTERNAL]|Bytes:14
12:58:08.7 (25025389)|METHOD_ENTRY|[1]|01p0Y000003UnHb|TMcVFPageBuilderCrtl.TMcVFPageBuilderCrtl()
12:58:08.7 (25028987)|STATEMENT_EXECUTE|[1]
12:58:08.7 (25033488)|STATEMENT_EXECUTE|[1]
12:58:08.7 (25064837)|HEAP_ALLOCATE|[50]|Bytes:5
12:58:08.7 (25085589)|HEAP_ALLOCATE|[56]|Bytes:5
12:58:08.7 (25090867)|HEAP_ALLOCATE|[64]|Bytes:7
12:58:08.7 (25104039)|SYSTEM_MODE_ENTER|false
12:58:08.7 (25114915)|HEAP_ALLOCATE|[EXTERNAL]|Bytes:5
12:58:08.7 (25120672)|SYSTEM_MODE_EXIT|false
12:58:08.7 (25127045)|METHOD_EXIT|[1]|TMcVFPageBuilderCrtl
12:58:08.7 (25131285)|HEAP_ALLOCATE|[EXTERNAL]|Bytes:24
12:58:08.7 (25137374)|VARIABLE_SCOPE_BEGIN|[11]|this|TMcVFPageBuilderCrtl|true|false
12:58:08.7 (25254660)|VARIABLE_ASSIGNMENT|[11]|this|{}|0x42abd122
12:58:08.7 (25269623)|SYSTEM_MODE_ENTER|false
12:58:08.7 (25276520)|HEAP_ALLOCATE|[12]|Bytes:5
12:58:08.7 (25281005)|STATEMENT_EXECUTE|[1]
12:58:08.7 (25284230)|HEAP_ALLOCATE|[12]|Bytes:5
12:58:08.7 (25286832)|STATEMENT_EXECUTE|[3]
12:58:08.7 (25289711)|STATEMENT_EXECUTE|[4]
12:58:08.7 (25291397)|STATEMENT_EXECUTE|[5]
12:58:08.7 (25292836)|STATEMENT_EXECUTE|[6]
12:58:08.7 (25294333)|STATEMENT_EXECUTE|[8]
12:58:08.7 (25305612)|HEAP_ALLOCATE|[12]|Bytes:6
12:58:08.7 (25332627)|STATEMENT_EXECUTE|[11]
12:58:08.7 (25335443)|STATEMENT_EXECUTE|[12]
12:58:08.7 (25354733)|HEAP_ALLOCATE|[12]|Bytes:4
12:58:08.7 (25548386)|VARIABLE_ASSIGNMENT|[EXTERNAL]|this|{}|0x42abd122
12:58:08.7 (25560149)|VARIABLE_ASSIGNMENT|[EXTERNAL]|value|{}|0x7df85880
12:58:08.7 (25570143)|VARIABLE_ASSIGNMENT|[3]|this.thePage|{}|0x42abd122
12:58:08.7 (25579808)|SYSTEM_MODE_EXIT|false
12:58:08.26 (26774425)|CUMULATIVE_LIMIT_USAGE
12:58:08.26 (26774425)|LIMIT_USAGE_FOR_NS|(default)|
  Number of SOQL queries: 0 out of 100
  Number of query rows: 0 out of 50000
  Number of SOSL queries: 0 out of 20
  Number of DML statements: 0 out of 150
  Number of DML rows: 0 out of 10000
  Maximum CPU time: 0 out of 10000
  Maximum heap size: 0 out of 6000000
  Number of callouts: 0 out of 100
  Number of Email Invocations: 0 out of 10
  Number of future calls: 0 out of 50
  Number of queueable jobs added to the queue: 0 out of 50
  Number of Mobile Apex push calls: 0 out of 10

12:58:08.26 (26774425)|CUMULATIVE_LIMIT_USAGE_END

12:58:08.7 (26811019)|CODE_UNIT_FINISHED|VF: /apex/DragForce
12:58:08.7 (34137937)|EXECUTION_FINISHED
