38.0 APEX_CODE,FINEST;APEX_PROFILING,INFO;CALLOUT,INFO;DB,INFO;SYSTEM,DEBUG;VALIDATION,INFO;VISUALFORCE,INFO;WORKFLOW,INFO
16:14:34.0 (341799)|USER_INFO|[EXTERNAL]|0050Y000000d4Kn|shizhaolee@gmail.com|Greenwich Mean Time|GMTZ
16:14:34.0 (371226)|EXECUTION_STARTED
16:14:34.0 (375450)|CODE_UNIT_STARTED|[EXTERNAL]|0660Y000001V39Z|VF: /apex/DragForce
16:14:34.0 (9023782)|SYSTEM_MODE_ENTER|true
16:14:34.0 (9364566)|VARIABLE_SCOPE_BEGIN|[9]|TMcVFPageBuilderCrtl.vfPages|Map<Id,ApexPage>|true|true
16:14:34.0 (9514835)|HEAP_ALLOCATE|[72]|Bytes:3
16:14:34.0 (9554775)|HEAP_ALLOCATE|[77]|Bytes:152
16:14:34.0 (9572953)|HEAP_ALLOCATE|[342]|Bytes:408
16:14:34.0 (9587844)|HEAP_ALLOCATE|[355]|Bytes:408
16:14:34.0 (9600861)|HEAP_ALLOCATE|[467]|Bytes:48
16:14:34.0 (9627735)|HEAP_ALLOCATE|[139]|Bytes:6
16:14:34.0 (9640281)|HEAP_ALLOCATE|[EXTERNAL]|Bytes:208
16:14:34.0 (9644290)|HEAP_ALLOCATE|[EXTERNAL]|Bytes:23
16:14:34.0 (9646520)|HEAP_ALLOCATE|[EXTERNAL]|Bytes:14
16:14:34.0 (9655406)|METHOD_ENTRY|[1]|01p0Y000003UnHb|TMcVFPageBuilderCrtl.TMcVFPageBuilderCrtl()
16:14:34.0 (9659140)|STATEMENT_EXECUTE|[1]
16:14:34.0 (9663418)|STATEMENT_EXECUTE|[1]
16:14:34.0 (9694055)|HEAP_ALLOCATE|[50]|Bytes:5
16:14:34.0 (9717129)|HEAP_ALLOCATE|[56]|Bytes:5
16:14:34.0 (9722726)|HEAP_ALLOCATE|[64]|Bytes:7
16:14:34.0 (9737360)|SYSTEM_MODE_ENTER|false
16:14:34.0 (9751040)|HEAP_ALLOCATE|[EXTERNAL]|Bytes:5
16:14:34.0 (9757552)|SYSTEM_MODE_EXIT|false
16:14:34.0 (9763640)|METHOD_EXIT|[1]|TMcVFPageBuilderCrtl
16:14:34.0 (9790754)|HEAP_ALLOCATE|[EXTERNAL]|Bytes:24
16:14:34.0 (9796864)|VARIABLE_SCOPE_BEGIN|[11]|this|TMcVFPageBuilderCrtl|true|false
16:14:34.0 (9863844)|VARIABLE_ASSIGNMENT|[11]|this|{}|0x2054c1a0
16:14:34.0 (9873971)|SYSTEM_MODE_ENTER|false
16:14:34.0 (9878424)|HEAP_ALLOCATE|[12]|Bytes:5
16:14:34.0 (9880848)|STATEMENT_EXECUTE|[1]
16:14:34.0 (9883065)|HEAP_ALLOCATE|[12]|Bytes:5
16:14:34.0 (9884563)|STATEMENT_EXECUTE|[3]
16:14:34.0 (9886034)|STATEMENT_EXECUTE|[4]
16:14:34.0 (9886967)|STATEMENT_EXECUTE|[5]
16:14:34.0 (9887992)|STATEMENT_EXECUTE|[6]
16:14:34.0 (9889087)|STATEMENT_EXECUTE|[8]
16:14:34.0 (9896721)|HEAP_ALLOCATE|[12]|Bytes:6
16:14:34.0 (9914272)|STATEMENT_EXECUTE|[11]
16:14:34.0 (9915773)|STATEMENT_EXECUTE|[12]
16:14:34.0 (9927068)|HEAP_ALLOCATE|[12]|Bytes:4
16:14:34.0 (10077108)|VARIABLE_ASSIGNMENT|[EXTERNAL]|this|{}|0x2054c1a0
16:14:34.0 (10090909)|VARIABLE_ASSIGNMENT|[EXTERNAL]|value|{}|0x43f0228b
16:14:34.0 (10101213)|VARIABLE_ASSIGNMENT|[3]|this.thePage|{}|0x2054c1a0
16:14:34.0 (10109983)|SYSTEM_MODE_EXIT|false
16:14:34.11 (11297741)|CUMULATIVE_LIMIT_USAGE
16:14:34.11 (11297741)|LIMIT_USAGE_FOR_NS|(default)|
  Number of SOQL queries: 0 out of 100
  Number of query rows: 0 out of 50000
  Number of SOSL queries: 0 out of 20
  Number of DML statements: 0 out of 150
  Number of DML rows: 0 out of 10000
  Maximum CPU time: 0 out of 10000
  Maximum heap size: 0 out of 6000000
  Number of callouts: 0 out of 100
  Number of Email Invocations: 0 out of 10
  Number of future calls: 0 out of 50
  Number of queueable jobs added to the queue: 0 out of 50
  Number of Mobile Apex push calls: 0 out of 10

16:14:34.11 (11297741)|CUMULATIVE_LIMIT_USAGE_END

16:14:34.0 (11332385)|CODE_UNIT_FINISHED|VF: /apex/DragForce
16:14:34.0 (12226126)|EXECUTION_FINISHED
