38.0 APEX_CODE,FINEST;APEX_PROFILING,INFO;CALLOUT,INFO;DB,INFO;SYSTEM,DEBUG;VALIDATION,INFO;VISUALFORCE,INFO;WORKFLOW,INFO
13:34:10.0 (272473)|USER_INFO|[EXTERNAL]|0050Y000000d4Kn|shizhaolee@gmail.com|Greenwich Mean Time|GMTZ
13:34:10.0 (300916)|EXECUTION_STARTED
13:34:10.0 (305735)|CODE_UNIT_STARTED|[EXTERNAL]|0660Y000001V39Z|VF: /apex/DragForce
13:34:10.0 (10131158)|SYSTEM_MODE_ENTER|true
13:34:10.0 (10463081)|VARIABLE_SCOPE_BEGIN|[9]|TMcVFPageBuilderCrtl.vfPages|Map<Id,ApexPage>|true|true
13:34:10.0 (10611291)|HEAP_ALLOCATE|[72]|Bytes:3
13:34:10.0 (10650219)|HEAP_ALLOCATE|[77]|Bytes:152
13:34:10.0 (10664522)|HEAP_ALLOCATE|[342]|Bytes:408
13:34:10.0 (10679426)|HEAP_ALLOCATE|[355]|Bytes:408
13:34:10.0 (10692728)|HEAP_ALLOCATE|[467]|Bytes:48
13:34:10.0 (10717617)|HEAP_ALLOCATE|[139]|Bytes:6
13:34:10.0 (10729496)|HEAP_ALLOCATE|[EXTERNAL]|Bytes:208
13:34:10.0 (10733603)|HEAP_ALLOCATE|[EXTERNAL]|Bytes:23
13:34:10.0 (10735763)|HEAP_ALLOCATE|[EXTERNAL]|Bytes:14
13:34:10.0 (10745915)|METHOD_ENTRY|[1]|01p0Y000003UnHb|TMcVFPageBuilderCrtl.TMcVFPageBuilderCrtl()
13:34:10.0 (10749561)|STATEMENT_EXECUTE|[1]
13:34:10.0 (10754729)|STATEMENT_EXECUTE|[1]
13:34:10.0 (10788101)|HEAP_ALLOCATE|[50]|Bytes:5
13:34:10.0 (10808961)|HEAP_ALLOCATE|[56]|Bytes:5
13:34:10.0 (10814134)|HEAP_ALLOCATE|[64]|Bytes:7
13:34:10.0 (10827451)|SYSTEM_MODE_ENTER|false
13:34:10.0 (10844403)|HEAP_ALLOCATE|[EXTERNAL]|Bytes:5
13:34:10.0 (10850436)|SYSTEM_MODE_EXIT|false
13:34:10.0 (10856895)|METHOD_EXIT|[1]|TMcVFPageBuilderCrtl
13:34:10.0 (10884376)|HEAP_ALLOCATE|[EXTERNAL]|Bytes:24
13:34:10.0 (10890739)|VARIABLE_SCOPE_BEGIN|[11]|this|TMcVFPageBuilderCrtl|true|false
13:34:10.0 (10952864)|VARIABLE_ASSIGNMENT|[11]|this|{}|0x6585611e
13:34:10.0 (10961506)|SYSTEM_MODE_ENTER|false
13:34:10.0 (10965611)|HEAP_ALLOCATE|[12]|Bytes:5
13:34:10.0 (10968306)|STATEMENT_EXECUTE|[1]
13:34:10.0 (10970724)|HEAP_ALLOCATE|[12]|Bytes:5
13:34:10.0 (10972151)|STATEMENT_EXECUTE|[3]
13:34:10.0 (10973762)|STATEMENT_EXECUTE|[4]
13:34:10.0 (10974635)|STATEMENT_EXECUTE|[5]
13:34:10.0 (10975512)|STATEMENT_EXECUTE|[6]
13:34:10.0 (10976573)|STATEMENT_EXECUTE|[8]
13:34:10.0 (10983991)|HEAP_ALLOCATE|[12]|Bytes:6
13:34:10.0 (11002647)|STATEMENT_EXECUTE|[11]
13:34:10.0 (11004810)|STATEMENT_EXECUTE|[12]
13:34:10.0 (11018820)|HEAP_ALLOCATE|[12]|Bytes:4
13:34:10.0 (11171372)|VARIABLE_ASSIGNMENT|[EXTERNAL]|this|{}|0x6585611e
13:34:10.0 (11182392)|VARIABLE_ASSIGNMENT|[EXTERNAL]|value|{}|0x1480434a
13:34:10.0 (11192990)|VARIABLE_ASSIGNMENT|[3]|this.thePage|{}|0x6585611e
13:34:10.0 (11201983)|SYSTEM_MODE_EXIT|false
13:34:10.12 (12331489)|CUMULATIVE_LIMIT_USAGE
13:34:10.12 (12331489)|LIMIT_USAGE_FOR_NS|(default)|
  Number of SOQL queries: 0 out of 100
  Number of query rows: 0 out of 50000
  Number of SOSL queries: 0 out of 20
  Number of DML statements: 0 out of 150
  Number of DML rows: 0 out of 10000
  Maximum CPU time: 0 out of 10000
  Maximum heap size: 0 out of 6000000
  Number of callouts: 0 out of 100
  Number of Email Invocations: 0 out of 10
  Number of future calls: 0 out of 50
  Number of queueable jobs added to the queue: 0 out of 50
  Number of Mobile Apex push calls: 0 out of 10

13:34:10.12 (12331489)|CUMULATIVE_LIMIT_USAGE_END

13:34:10.0 (12364526)|CODE_UNIT_FINISHED|VF: /apex/DragForce
13:34:10.0 (13182578)|EXECUTION_FINISHED
