39.0 APEX_CODE,FINEST;APEX_PROFILING,INFO;CALLOUT,INFO;DB,INFO;SYSTEM,DEBUG;VALIDATION,INFO;VISUALFORCE,INFO;WAVE,INFO;WORKFLOW,INFO
21:13:20.0 (507970)|USER_INFO|[EXTERNAL]|0050Y000000d4Kn|shizhaolee@gmail.com|Greenwich Mean Time|GMTZ
21:13:20.0 (539549)|EXECUTION_STARTED
21:13:20.0 (544378)|CODE_UNIT_STARTED|[EXTERNAL]|0660Y000002bH2M|VF: /apex/FYPTest
21:13:20.0 (1241274)|VF_DESERIALIZE_VIEWSTATE_BEGIN|0660Y000002bH2M
21:13:20.0 (10561304)|HEAP_ALLOCATE|[72]|Bytes:3
21:13:20.0 (10616021)|HEAP_ALLOCATE|[77]|Bytes:152
21:13:20.0 (10631269)|HEAP_ALLOCATE|[342]|Bytes:408
21:13:20.0 (10646960)|HEAP_ALLOCATE|[355]|Bytes:408
21:13:20.0 (10660364)|HEAP_ALLOCATE|[467]|Bytes:48
21:13:20.0 (10688370)|HEAP_ALLOCATE|[139]|Bytes:6
21:13:20.0 (12657288)|VF_DESERIALIZE_VIEWSTATE_END
21:13:20.0 (13668314)|SYSTEM_MODE_ENTER|true
21:13:20.0 (13703293)|HEAP_ALLOCATE|[EXTERNAL]|Bytes:152
21:13:20.0 (13709962)|HEAP_ALLOCATE|[EXTERNAL]|Bytes:16
21:13:20.0 (13719260)|METHOD_ENTRY|[1]|01p0Y000009c27r|custable.custable()
21:13:20.0 (13723617)|STATEMENT_EXECUTE|[1]
21:13:20.0 (13730406)|STATEMENT_EXECUTE|[1]
21:13:20.0 (13769255)|HEAP_ALLOCATE|[50]|Bytes:5
21:13:20.0 (13810518)|HEAP_ALLOCATE|[56]|Bytes:5
21:13:20.0 (13817962)|HEAP_ALLOCATE|[64]|Bytes:7
21:13:20.0 (13835319)|SYSTEM_MODE_ENTER|false
21:13:20.0 (13861399)|HEAP_ALLOCATE|[EXTERNAL]|Bytes:5
21:13:20.0 (13869952)|SYSTEM_MODE_EXIT|false
21:13:20.0 (13877047)|METHOD_EXIT|[1]|custable
21:13:20.0 (14878022)|SYSTEM_MODE_ENTER|true
21:13:20.0 (15859505)|SYSTEM_MODE_ENTER|true
21:13:20.0 (15891352)|HEAP_ALLOCATE|[EXTERNAL]|Bytes:18
21:13:20.0 (15900601)|HEAP_ALLOCATE|[EXTERNAL]|Bytes:24
21:13:20.0 (15926614)|VARIABLE_ASSIGNMENT|[EXTERNAL]|this.recid|"0010Y000005IkYCQA0"|0x5c0e0513
21:13:20.0 (16290416)|HEAP_ALLOCATE|[EXTERNAL]|Bytes:24
21:13:20.0 (16301238)|VARIABLE_SCOPE_BEGIN|[29]|this|custable|true|false
21:13:20.0 (16348979)|VARIABLE_ASSIGNMENT|[29]|this|{"Acclst":"0x38968b3b","contacts":"0x6c50f5f4","recid":"0010Y000005IkYCQA0"}|0x5c0e0513
21:13:20.0 (16362898)|SYSTEM_MODE_ENTER|false
21:13:20.0 (16369184)|HEAP_ALLOCATE|[31]|Bytes:5
21:13:20.0 (16373421)|STATEMENT_EXECUTE|[30]
21:13:20.0 (16375207)|STATEMENT_EXECUTE|[31]
21:13:20.0 (16378735)|HEAP_ALLOCATE|[31]|Bytes:70
21:13:20.0 (16390650)|HEAP_ALLOCATE|[31]|Bytes:4
21:13:20.0 (16404139)|HEAP_ALLOCATE|[31]|Bytes:7
21:13:20.0 (16449524)|VARIABLE_ASSIGNMENT|[EXTERNAL]|this|{"Acclst":"0x38968b3b","contacts":"0x6c50f5f4","recid":"0010Y000005IkYCQA0"}|0x5c0e0513
21:13:20.0 (17964986)|SOQL_EXECUTE_BEGIN|[31]|Aggregations:0|SELECT id, FirstName, LastName FROM Contact WHERE AccountId = :tmpVar1
21:13:20.0 (21372114)|SOQL_EXECUTE_END|[31]|Rows:1
21:13:20.0 (21390081)|HEAP_ALLOCATE|[31]|Bytes:8
21:13:20.0 (21406874)|HEAP_ALLOCATE|[31]|Bytes:65
21:13:20.0 (21454538)|HEAP_ALLOCATE|[31]|Bytes:8
21:13:20.0 (21515301)|VARIABLE_ASSIGNMENT|[EXTERNAL]|this|{"Acclst":"0x38968b3b","contacts":"0x6c50f5f4","recid":"0010Y000005IkYCQA0"}|0x5c0e0513
21:13:20.0 (21534661)|VARIABLE_ASSIGNMENT|[EXTERNAL]|value|[{"Id":"0030Y000002vPBTQA2","FirstName":"Ashley","LastName":"James"}]|0x4102d261
21:13:20.0 (21547563)|VARIABLE_ASSIGNMENT|[9]|this.contacts|[{"Id":"0030Y000002vPBTQA2","FirstName":"Ashley","LastName":"James"}]|0x5c0e0513
21:13:20.0 (21559348)|SYSTEM_MODE_EXIT|false
21:13:20.0 (24291280)|SYSTEM_MODE_ENTER|true
21:13:20.0 (25962800)|SYSTEM_MODE_ENTER|true
21:13:20.0 (28731330)|VF_SERIALIZE_VIEWSTATE_BEGIN|0660Y000002bH2M
21:13:20.0 (63313154)|VF_SERIALIZE_VIEWSTATE_END
21:13:20.0 (81668132)|CODE_UNIT_STARTED|[EXTERNAL]|Generate Metadata
21:13:20.0 (83484681)|CODE_UNIT_FINISHED|Generate Metadata
21:13:20.86 (86404877)|CUMULATIVE_LIMIT_USAGE
21:13:20.86 (86404877)|LIMIT_USAGE_FOR_NS|(default)|
  Number of SOQL queries: 1 out of 100
  Number of query rows: 1 out of 50000
  Number of SOSL queries: 0 out of 20
  Number of DML statements: 0 out of 150
  Number of DML rows: 0 out of 10000
  Maximum CPU time: 0 out of 10000
  Maximum heap size: 0 out of 6000000
  Number of callouts: 0 out of 100
  Number of Email Invocations: 0 out of 10
  Number of future calls: 0 out of 50
  Number of queueable jobs added to the queue: 0 out of 50
  Number of Mobile Apex push calls: 0 out of 10

21:13:20.86 (86404877)|CUMULATIVE_LIMIT_USAGE_END

21:13:20.0 (86441801)|CODE_UNIT_FINISHED|VF: /apex/FYPTest
21:13:20.0 (87206082)|EXECUTION_FINISHED
