39.0 APEX_CODE,FINEST;APEX_PROFILING,INFO;CALLOUT,INFO;DB,INFO;SYSTEM,DEBUG;VALIDATION,INFO;VISUALFORCE,INFO;WAVE,INFO;WORKFLOW,INFO
21:16:14.0 (299437)|USER_INFO|[EXTERNAL]|0050Y000000d4Kn|shizhaolee@gmail.com|Greenwich Mean Time|GMTZ
21:16:14.0 (328877)|EXECUTION_STARTED
21:16:14.0 (333973)|CODE_UNIT_STARTED|[EXTERNAL]|0660Y000002bH2M|VF: /apex/FYPTest
21:16:14.0 (957901)|VF_DESERIALIZE_VIEWSTATE_BEGIN|0660Y000002bH2M
21:16:14.0 (7786429)|HEAP_ALLOCATE|[72]|Bytes:3
21:16:14.0 (7838143)|HEAP_ALLOCATE|[77]|Bytes:152
21:16:14.0 (7855119)|HEAP_ALLOCATE|[342]|Bytes:408
21:16:14.0 (7874933)|HEAP_ALLOCATE|[355]|Bytes:408
21:16:14.0 (7892863)|HEAP_ALLOCATE|[467]|Bytes:48
21:16:14.0 (7926805)|HEAP_ALLOCATE|[139]|Bytes:6
21:16:14.0 (9682253)|VF_DESERIALIZE_VIEWSTATE_END
21:16:14.0 (10624995)|SYSTEM_MODE_ENTER|true
21:16:14.0 (10664705)|HEAP_ALLOCATE|[EXTERNAL]|Bytes:152
21:16:14.0 (10671456)|HEAP_ALLOCATE|[EXTERNAL]|Bytes:16
21:16:14.0 (10680888)|METHOD_ENTRY|[1]|01p0Y000009c27r|custable.custable()
21:16:14.0 (10685065)|STATEMENT_EXECUTE|[1]
21:16:14.0 (10689713)|STATEMENT_EXECUTE|[1]
21:16:14.0 (10724617)|HEAP_ALLOCATE|[50]|Bytes:5
21:16:14.0 (10749580)|HEAP_ALLOCATE|[56]|Bytes:5
21:16:14.0 (10758734)|HEAP_ALLOCATE|[64]|Bytes:7
21:16:14.0 (10782867)|SYSTEM_MODE_ENTER|false
21:16:14.0 (10795549)|HEAP_ALLOCATE|[EXTERNAL]|Bytes:5
21:16:14.0 (10802554)|SYSTEM_MODE_EXIT|false
21:16:14.0 (10810249)|METHOD_EXIT|[1]|custable
21:16:14.0 (11720904)|SYSTEM_MODE_ENTER|true
21:16:14.0 (12802204)|SYSTEM_MODE_ENTER|true
21:16:14.0 (12835433)|HEAP_ALLOCATE|[EXTERNAL]|Bytes:18
21:16:14.0 (12845346)|HEAP_ALLOCATE|[EXTERNAL]|Bytes:24
21:16:14.0 (12893203)|VARIABLE_ASSIGNMENT|[EXTERNAL]|this.recid|"0010Y00000HI6LvQAL"|0x631ea3b4
21:16:14.0 (13264772)|HEAP_ALLOCATE|[EXTERNAL]|Bytes:24
21:16:14.0 (13279573)|VARIABLE_SCOPE_BEGIN|[29]|this|custable|true|false
21:16:14.0 (13335794)|VARIABLE_ASSIGNMENT|[29]|this|{"Acclst":"0x77d46af","contacts":"0x7d37ed48","recid":"0010Y00000HI6LvQAL"}|0x631ea3b4
21:16:14.0 (13349346)|SYSTEM_MODE_ENTER|false
21:16:14.0 (13355453)|HEAP_ALLOCATE|[31]|Bytes:5
21:16:14.0 (13359141)|STATEMENT_EXECUTE|[30]
21:16:14.0 (13360516)|STATEMENT_EXECUTE|[31]
21:16:14.0 (13364417)|HEAP_ALLOCATE|[31]|Bytes:70
21:16:14.0 (13375082)|HEAP_ALLOCATE|[31]|Bytes:4
21:16:14.0 (13387358)|HEAP_ALLOCATE|[31]|Bytes:7
21:16:14.0 (13440630)|VARIABLE_ASSIGNMENT|[EXTERNAL]|this|{"Acclst":"0x77d46af","contacts":"0x7d37ed48","recid":"0010Y00000HI6LvQAL"}|0x631ea3b4
21:16:14.0 (14597769)|SOQL_EXECUTE_BEGIN|[31]|Aggregations:0|SELECT id, FirstName, LastName FROM Contact WHERE AccountId = :tmpVar1
21:16:14.0 (17585588)|SOQL_EXECUTE_END|[31]|Rows:0
21:16:14.0 (17606347)|HEAP_ALLOCATE|[31]|Bytes:4
21:16:14.0 (17617513)|HEAP_ALLOCATE|[31]|Bytes:0
21:16:14.0 (17654599)|HEAP_ALLOCATE|[31]|Bytes:4
21:16:14.0 (17715658)|VARIABLE_ASSIGNMENT|[EXTERNAL]|this|{"Acclst":"0x77d46af","contacts":"0x7d37ed48","recid":"0010Y00000HI6LvQAL"}|0x631ea3b4
21:16:14.0 (17730974)|VARIABLE_ASSIGNMENT|[EXTERNAL]|value|[]|0x3fd20b05
21:16:14.0 (17742359)|VARIABLE_ASSIGNMENT|[9]|this.contacts|[]|0x631ea3b4
21:16:14.0 (17752973)|SYSTEM_MODE_EXIT|false
21:16:14.0 (20359267)|SYSTEM_MODE_ENTER|true
21:16:14.0 (22139796)|SYSTEM_MODE_ENTER|true
21:16:14.0 (23549833)|VF_SERIALIZE_VIEWSTATE_BEGIN|0660Y000002bH2M
21:16:14.0 (32827646)|VF_SERIALIZE_VIEWSTATE_END
21:16:14.0 (44321762)|CODE_UNIT_STARTED|[EXTERNAL]|Generate Metadata
21:16:14.0 (46455209)|CODE_UNIT_FINISHED|Generate Metadata
21:16:14.48 (48930080)|CUMULATIVE_LIMIT_USAGE
21:16:14.48 (48930080)|LIMIT_USAGE_FOR_NS|(default)|
  Number of SOQL queries: 1 out of 100
  Number of query rows: 0 out of 50000
  Number of SOSL queries: 0 out of 20
  Number of DML statements: 0 out of 150
  Number of DML rows: 0 out of 10000
  Maximum CPU time: 0 out of 10000
  Maximum heap size: 0 out of 6000000
  Number of callouts: 0 out of 100
  Number of Email Invocations: 0 out of 10
  Number of future calls: 0 out of 50
  Number of queueable jobs added to the queue: 0 out of 50
  Number of Mobile Apex push calls: 0 out of 10

21:16:14.48 (48930080)|CUMULATIVE_LIMIT_USAGE_END

21:16:14.0 (48976574)|CODE_UNIT_FINISHED|VF: /apex/FYPTest
21:16:14.0 (49753738)|EXECUTION_FINISHED
