39.0 APEX_CODE,FINEST;APEX_PROFILING,INFO;CALLOUT,INFO;DB,INFO;SYSTEM,DEBUG;VALIDATION,INFO;VISUALFORCE,INFO;WAVE,INFO;WORKFLOW,INFO
21:13:34.0 (333494)|USER_INFO|[EXTERNAL]|0050Y000000d4Kn|shizhaolee@gmail.com|Greenwich Mean Time|GMTZ
21:13:34.0 (355924)|EXECUTION_STARTED
21:13:34.0 (359132)|CODE_UNIT_STARTED|[EXTERNAL]|0660Y000002bH2M|VF: /apex/FYPTest
21:13:34.0 (950712)|VF_DESERIALIZE_VIEWSTATE_BEGIN|0660Y000002bH2M
21:13:34.0 (7911214)|HEAP_ALLOCATE|[72]|Bytes:3
21:13:34.0 (7946456)|HEAP_ALLOCATE|[77]|Bytes:152
21:13:34.0 (7959624)|HEAP_ALLOCATE|[342]|Bytes:408
21:13:34.0 (7974881)|HEAP_ALLOCATE|[355]|Bytes:408
21:13:34.0 (7988127)|HEAP_ALLOCATE|[467]|Bytes:48
21:13:34.0 (8015774)|HEAP_ALLOCATE|[139]|Bytes:6
21:13:34.0 (9730722)|VF_DESERIALIZE_VIEWSTATE_END
21:13:34.0 (10536352)|SYSTEM_MODE_ENTER|true
21:13:34.0 (10565367)|HEAP_ALLOCATE|[EXTERNAL]|Bytes:152
21:13:34.0 (10571713)|HEAP_ALLOCATE|[EXTERNAL]|Bytes:16
21:13:34.0 (10580543)|METHOD_ENTRY|[1]|01p0Y000009c27r|custable.custable()
21:13:34.0 (10584589)|STATEMENT_EXECUTE|[1]
21:13:34.0 (10588754)|STATEMENT_EXECUTE|[1]
21:13:34.0 (10621054)|HEAP_ALLOCATE|[50]|Bytes:5
21:13:34.0 (10644699)|HEAP_ALLOCATE|[56]|Bytes:5
21:13:34.0 (10650201)|HEAP_ALLOCATE|[64]|Bytes:7
21:13:34.0 (10664080)|SYSTEM_MODE_ENTER|false
21:13:34.0 (10672524)|HEAP_ALLOCATE|[EXTERNAL]|Bytes:5
21:13:34.0 (10678392)|SYSTEM_MODE_EXIT|false
21:13:34.0 (10683931)|METHOD_EXIT|[1]|custable
21:13:34.0 (11428593)|SYSTEM_MODE_ENTER|true
21:13:34.0 (12401719)|SYSTEM_MODE_ENTER|true
21:13:34.0 (12427989)|HEAP_ALLOCATE|[EXTERNAL]|Bytes:18
21:13:34.0 (12435994)|HEAP_ALLOCATE|[EXTERNAL]|Bytes:24
21:13:34.0 (12476697)|VARIABLE_ASSIGNMENT|[EXTERNAL]|this.recid|"0010Y000005IkY8QAK"|0x6a93aa68
21:13:34.0 (12815320)|HEAP_ALLOCATE|[EXTERNAL]|Bytes:24
21:13:34.0 (12824595)|VARIABLE_SCOPE_BEGIN|[29]|this|custable|true|false
21:13:34.0 (12873164)|VARIABLE_ASSIGNMENT|[29]|this|{"Acclst":"0x7133366d","contacts":"0x5ef1cd7b","recid":"0010Y000005IkY8QAK"}|0x6a93aa68
21:13:34.0 (12884080)|SYSTEM_MODE_ENTER|false
21:13:34.0 (12889881)|HEAP_ALLOCATE|[31]|Bytes:5
21:13:34.0 (12893475)|STATEMENT_EXECUTE|[30]
21:13:34.0 (12895023)|STATEMENT_EXECUTE|[31]
21:13:34.0 (12897606)|HEAP_ALLOCATE|[31]|Bytes:70
21:13:34.0 (12905015)|HEAP_ALLOCATE|[31]|Bytes:4
21:13:34.0 (12914063)|HEAP_ALLOCATE|[31]|Bytes:7
21:13:34.0 (12959427)|VARIABLE_ASSIGNMENT|[EXTERNAL]|this|{"Acclst":"0x7133366d","contacts":"0x5ef1cd7b","recid":"0010Y000005IkY8QAK"}|0x6a93aa68
21:13:34.0 (14010061)|SOQL_EXECUTE_BEGIN|[31]|Aggregations:0|SELECT id, FirstName, LastName FROM Contact WHERE AccountId = :tmpVar1
21:13:34.0 (16796837)|SOQL_EXECUTE_END|[31]|Rows:2
21:13:34.0 (16817451)|HEAP_ALLOCATE|[31]|Bytes:12
21:13:34.0 (16830019)|HEAP_ALLOCATE|[31]|Bytes:123
21:13:34.0 (16851527)|HEAP_ALLOCATE|[31]|Bytes:12
21:13:34.0 (16901791)|VARIABLE_ASSIGNMENT|[EXTERNAL]|this|{"Acclst":"0x7133366d","contacts":"0x5ef1cd7b","recid":"0010Y000005IkY8QAK"}|0x6a93aa68
21:13:34.0 (16922704)|VARIABLE_ASSIGNMENT|[EXTERNAL]|value|[{"Id":"0030Y000002vPBLQA2","FirstName":"Tim","LastName":"Barr"},{"Id":"0030Y000002vPBMQA2","FirstName":"John","LastName":"Bond"}]|0x4f7985fc
21:13:34.0 (16936448)|VARIABLE_ASSIGNMENT|[9]|this.contacts|[{"Id":"0030Y000002vPBLQA2","FirstName":"Tim","LastName":"Barr"},{"Id":"0030Y000002vPBMQA2","FirstName":"John","LastName":"Bond"}]|0x6a93aa68
21:13:34.0 (16946271)|SYSTEM_MODE_EXIT|false
21:13:34.0 (19508451)|SYSTEM_MODE_ENTER|true
21:13:34.0 (21276258)|SYSTEM_MODE_ENTER|true
21:13:34.0 (25490285)|VF_SERIALIZE_VIEWSTATE_BEGIN|0660Y000002bH2M
21:13:34.0 (35106904)|VF_SERIALIZE_VIEWSTATE_END
21:13:34.0 (47188699)|CODE_UNIT_STARTED|[EXTERNAL]|Generate Metadata
21:13:34.0 (49120850)|CODE_UNIT_FINISHED|Generate Metadata
21:13:34.51 (51834332)|CUMULATIVE_LIMIT_USAGE
21:13:34.51 (51834332)|LIMIT_USAGE_FOR_NS|(default)|
  Number of SOQL queries: 1 out of 100
  Number of query rows: 2 out of 50000
  Number of SOSL queries: 0 out of 20
  Number of DML statements: 0 out of 150
  Number of DML rows: 0 out of 10000
  Maximum CPU time: 0 out of 10000
  Maximum heap size: 0 out of 6000000
  Number of callouts: 0 out of 100
  Number of Email Invocations: 0 out of 10
  Number of future calls: 0 out of 50
  Number of queueable jobs added to the queue: 0 out of 50
  Number of Mobile Apex push calls: 0 out of 10

21:13:34.51 (51834332)|CUMULATIVE_LIMIT_USAGE_END

21:13:34.0 (51873657)|CODE_UNIT_FINISHED|VF: /apex/FYPTest
21:13:34.0 (52711435)|EXECUTION_FINISHED
