38.0 APEX_CODE,FINEST;APEX_PROFILING,INFO;CALLOUT,INFO;DB,INFO;SYSTEM,DEBUG;VALIDATION,INFO;VISUALFORCE,INFO;WAVE,INFO;WORKFLOW,INFO
22:07:22.0 (396198)|USER_INFO|[EXTERNAL]|0050Y000000d4Kn|shizhaolee@gmail.com|Greenwich Mean Time|GMTZ
22:07:22.0 (422582)|EXECUTION_STARTED
22:07:22.0 (426614)|CODE_UNIT_STARTED|[EXTERNAL]|0660Y000001V39Z|VF: /apex/DragForce
22:07:22.0 (3100408)|SYSTEM_MODE_ENTER|true
22:07:22.0 (3441272)|HEAP_ALLOCATE|[72]|Bytes:3
22:07:22.0 (3477759)|HEAP_ALLOCATE|[77]|Bytes:152
22:07:22.0 (3492811)|HEAP_ALLOCATE|[342]|Bytes:408
22:07:22.0 (3507569)|HEAP_ALLOCATE|[355]|Bytes:408
22:07:22.0 (3520328)|HEAP_ALLOCATE|[467]|Bytes:48
22:07:22.0 (3548995)|HEAP_ALLOCATE|[139]|Bytes:6
22:07:22.0 (3563251)|HEAP_ALLOCATE|[EXTERNAL]|Bytes:148
22:07:22.0 (3567229)|HEAP_ALLOCATE|[EXTERNAL]|Bytes:16
22:07:22.0 (3575543)|METHOD_ENTRY|[1]|01p0Y000009c27r|custable.custable()
22:07:22.0 (3578608)|STATEMENT_EXECUTE|[1]
22:07:22.0 (3583320)|STATEMENT_EXECUTE|[1]
22:07:22.0 (3614904)|HEAP_ALLOCATE|[50]|Bytes:5
22:07:22.0 (3635480)|HEAP_ALLOCATE|[56]|Bytes:5
22:07:22.0 (3641583)|HEAP_ALLOCATE|[64]|Bytes:7
22:07:22.0 (3654998)|SYSTEM_MODE_ENTER|false
22:07:22.0 (3664580)|HEAP_ALLOCATE|[EXTERNAL]|Bytes:5
22:07:22.0 (3671140)|SYSTEM_MODE_EXIT|false
22:07:22.0 (3677646)|METHOD_EXIT|[1]|custable
22:07:22.0 (3705118)|HEAP_ALLOCATE|[EXTERNAL]|Bytes:24
22:07:22.0 (3713555)|VARIABLE_SCOPE_BEGIN|[11]|this|custable|true|false
22:07:22.0 (3767590)|VARIABLE_ASSIGNMENT|[11]|this|{}|0x3aa9166c
22:07:22.0 (3776382)|SYSTEM_MODE_ENTER|false
22:07:22.0 (3780951)|HEAP_ALLOCATE|[13]|Bytes:5
22:07:22.0 (3783998)|STATEMENT_EXECUTE|[1]
22:07:22.0 (3786218)|HEAP_ALLOCATE|[13]|Bytes:5
22:07:22.0 (3787819)|STATEMENT_EXECUTE|[3]
22:07:22.0 (3789031)|STATEMENT_EXECUTE|[5]
22:07:22.0 (3789975)|STATEMENT_EXECUTE|[6]
22:07:22.0 (3791021)|STATEMENT_EXECUTE|[7]
22:07:22.0 (3792362)|STATEMENT_EXECUTE|[9]
22:07:22.0 (3799919)|HEAP_ALLOCATE|[13]|Bytes:6
22:07:22.0 (3817269)|STATEMENT_EXECUTE|[11]
22:07:22.0 (3818847)|STATEMENT_EXECUTE|[13]
22:07:22.0 (3821483)|HEAP_ALLOCATE|[13]|Bytes:28
22:07:22.0 (3829374)|HEAP_ALLOCATE|[13]|Bytes:4
22:07:22.0 (4011173)|SOQL_EXECUTE_BEGIN|[13]|Aggregations:0|SELECT Id, Name FROM Account
22:07:22.0 (5891536)|SOQL_EXECUTE_END|[13]|Rows:15
22:07:22.0 (5906799)|HEAP_ALLOCATE|[13]|Bytes:64
22:07:22.0 (5933459)|HEAP_ALLOCATE|[13]|Bytes:823
22:07:22.0 (5963524)|HEAP_ALLOCATE|[13]|Bytes:64
22:07:22.0 (6006239)|VARIABLE_ASSIGNMENT|[EXTERNAL]|this|{}|0x3aa9166c
22:07:22.0 (6021802)|VARIABLE_ASSIGNMENT|[EXTERNAL]|value|"List of size 15 too large to display"|0x68619248
22:07:22.0 (6032404)|VARIABLE_ASSIGNMENT|[6]|this.Acclst|"List of size 15 too large to display"|0x3aa9166c
22:07:22.0 (6039212)|STATEMENT_EXECUTE|[14]
22:07:22.0 (6083918)|VARIABLE_ASSIGNMENT|[EXTERNAL]|this|{"Acclst":"0x68619248"}|0x3aa9166c
22:07:22.0 (6089690)|VARIABLE_ASSIGNMENT|[EXTERNAL]|value|null|
22:07:22.0 (6095395)|VARIABLE_ASSIGNMENT|[9]|this.contacts|null|0x3aa9166c
22:07:22.0 (6102501)|SYSTEM_MODE_EXIT|false
22:07:22.0 (6148572)|SYSTEM_MODE_ENTER|true
22:07:22.0 (6885294)|SYSTEM_MODE_ENTER|true
22:07:22.0 (29207121)|VF_SERIALIZE_VIEWSTATE_BEGIN|0660Y000001V39Z
22:07:22.0 (31523305)|VF_SERIALIZE_VIEWSTATE_END
22:07:22.34 (34343160)|CUMULATIVE_LIMIT_USAGE
22:07:22.34 (34343160)|LIMIT_USAGE_FOR_NS|(default)|
  Number of SOQL queries: 1 out of 100
  Number of query rows: 15 out of 50000
  Number of SOSL queries: 0 out of 20
  Number of DML statements: 0 out of 150
  Number of DML rows: 0 out of 10000
  Maximum CPU time: 0 out of 10000
  Maximum heap size: 0 out of 6000000
  Number of callouts: 0 out of 100
  Number of Email Invocations: 0 out of 10
  Number of future calls: 0 out of 50
  Number of queueable jobs added to the queue: 0 out of 50
  Number of Mobile Apex push calls: 0 out of 10

22:07:22.34 (34343160)|CUMULATIVE_LIMIT_USAGE_END

22:07:22.0 (34379667)|CODE_UNIT_FINISHED|VF: /apex/DragForce
22:07:22.0 (35197347)|EXECUTION_FINISHED
