39.0 APEX_CODE,FINEST;APEX_PROFILING,INFO;CALLOUT,INFO;DB,INFO;SYSTEM,DEBUG;VALIDATION,INFO;VISUALFORCE,INFO;WAVE,INFO;WORKFLOW,INFO
23:06:13.0 (313940)|USER_INFO|[EXTERNAL]|0050Y000000d4Kn|shizhaolee@gmail.com|Greenwich Mean Time|GMTZ
23:06:13.0 (341994)|EXECUTION_STARTED
23:06:13.0 (345034)|CODE_UNIT_STARTED|[EXTERNAL]|0660Y000002bH2M|VF: /apex/FYPTest
23:06:13.0 (458547)|VF_DESERIALIZE_VIEWSTATE_BEGIN|0660Y000002bH2M
23:06:13.0 (6376004)|HEAP_ALLOCATE|[72]|Bytes:3
23:06:13.0 (6406881)|HEAP_ALLOCATE|[77]|Bytes:152
23:06:13.0 (6421905)|HEAP_ALLOCATE|[342]|Bytes:408
23:06:13.0 (6437762)|HEAP_ALLOCATE|[355]|Bytes:408
23:06:13.0 (6451354)|HEAP_ALLOCATE|[467]|Bytes:48
23:06:13.0 (6477367)|HEAP_ALLOCATE|[139]|Bytes:6
23:06:13.0 (8035046)|VF_DESERIALIZE_VIEWSTATE_END
23:06:13.0 (8915112)|SYSTEM_MODE_ENTER|true
23:06:13.0 (8944625)|HEAP_ALLOCATE|[EXTERNAL]|Bytes:148
23:06:13.0 (8950865)|HEAP_ALLOCATE|[EXTERNAL]|Bytes:16
23:06:13.0 (8960000)|METHOD_ENTRY|[1]|01p0Y000009c27r|custable.custable()
23:06:13.0 (8963881)|STATEMENT_EXECUTE|[1]
23:06:13.0 (8968310)|STATEMENT_EXECUTE|[1]
23:06:13.0 (9000845)|HEAP_ALLOCATE|[50]|Bytes:5
23:06:13.0 (9021873)|HEAP_ALLOCATE|[56]|Bytes:5
23:06:13.0 (9027688)|HEAP_ALLOCATE|[64]|Bytes:7
23:06:13.0 (9041545)|SYSTEM_MODE_ENTER|false
23:06:13.0 (9049812)|HEAP_ALLOCATE|[EXTERNAL]|Bytes:5
23:06:13.0 (9055468)|SYSTEM_MODE_EXIT|false
23:06:13.0 (9060915)|METHOD_EXIT|[1]|custable
23:06:13.0 (9831594)|SYSTEM_MODE_ENTER|true
23:06:13.0 (10633611)|SYSTEM_MODE_ENTER|true
23:06:13.0 (10661114)|HEAP_ALLOCATE|[EXTERNAL]|Bytes:18
23:06:13.0 (10664670)|HEAP_ALLOCATE|[EXTERNAL]|Bytes:24
23:06:13.0 (10692949)|VARIABLE_ASSIGNMENT|[EXTERNAL]|this.recid|"0010Y000005IkYEQA0"|0x50e1fcda
23:06:13.0 (10958514)|HEAP_ALLOCATE|[EXTERNAL]|Bytes:24
23:06:13.0 (10967926)|VARIABLE_SCOPE_BEGIN|[29]|this|custable|true|false
23:06:13.0 (11006663)|VARIABLE_ASSIGNMENT|[29]|this|{"Acclst":"0x7f97b0b","recid":"0010Y000005IkYEQA0"}|0x50e1fcda
23:06:13.0 (11019401)|SYSTEM_MODE_ENTER|false
23:06:13.0 (11027952)|HEAP_ALLOCATE|[31]|Bytes:5
23:06:13.0 (11032123)|STATEMENT_EXECUTE|[30]
23:06:13.0 (11033706)|STATEMENT_EXECUTE|[31]
23:06:13.0 (11036838)|HEAP_ALLOCATE|[31]|Bytes:70
23:06:13.0 (11046253)|HEAP_ALLOCATE|[31]|Bytes:4
23:06:13.0 (11056991)|HEAP_ALLOCATE|[31]|Bytes:7
23:06:13.0 (11102059)|VARIABLE_ASSIGNMENT|[EXTERNAL]|this|{"Acclst":"0x7f97b0b","recid":"0010Y000005IkYEQA0"}|0x50e1fcda
23:06:13.0 (12098906)|SOQL_EXECUTE_BEGIN|[31]|Aggregations:0|SELECT id, FirstName, LastName FROM Contact WHERE AccountId = :tmpVar1
23:06:13.0 (15024462)|SOQL_EXECUTE_END|[31]|Rows:1
23:06:13.0 (15040633)|HEAP_ALLOCATE|[31]|Bytes:8
23:06:13.0 (15055191)|HEAP_ALLOCATE|[31]|Bytes:63
23:06:13.0 (15095923)|HEAP_ALLOCATE|[31]|Bytes:8
23:06:13.0 (15138170)|VARIABLE_ASSIGNMENT|[EXTERNAL]|this|{"Acclst":"0x7f97b0b","recid":"0010Y000005IkYEQA0"}|0x50e1fcda
23:06:13.0 (15152512)|VARIABLE_ASSIGNMENT|[EXTERNAL]|value|[{"Id":"0030Y000002vPBWQA2","FirstName":"Edna","LastName":"Frank"}]|0x66c27130
23:06:13.0 (15164050)|VARIABLE_ASSIGNMENT|[9]|this.contacts|[{"Id":"0030Y000002vPBWQA2","FirstName":"Edna","LastName":"Frank"}]|0x50e1fcda
23:06:13.0 (15172869)|SYSTEM_MODE_EXIT|false
23:06:13.0 (17371343)|SYSTEM_MODE_ENTER|true
23:06:13.0 (18853701)|SYSTEM_MODE_ENTER|true
23:06:13.0 (21413403)|VF_SERIALIZE_VIEWSTATE_BEGIN|0660Y000002bH2M
23:06:13.0 (30282855)|VF_SERIALIZE_VIEWSTATE_END
23:06:13.0 (40808632)|CODE_UNIT_STARTED|[EXTERNAL]|Generate Metadata
23:06:13.0 (42526182)|CODE_UNIT_FINISHED|Generate Metadata
23:06:13.45 (45461632)|CUMULATIVE_LIMIT_USAGE
23:06:13.45 (45461632)|LIMIT_USAGE_FOR_NS|(default)|
  Number of SOQL queries: 1 out of 100
  Number of query rows: 1 out of 50000
  Number of SOSL queries: 0 out of 20
  Number of DML statements: 0 out of 150
  Number of DML rows: 0 out of 10000
  Maximum CPU time: 0 out of 10000
  Maximum heap size: 0 out of 6000000
  Number of callouts: 0 out of 100
  Number of Email Invocations: 0 out of 10
  Number of future calls: 0 out of 50
  Number of queueable jobs added to the queue: 0 out of 50
  Number of Mobile Apex push calls: 0 out of 10

23:06:13.45 (45461632)|CUMULATIVE_LIMIT_USAGE_END

23:06:13.0 (45503108)|CODE_UNIT_FINISHED|VF: /apex/FYPTest
23:06:13.0 (46426528)|EXECUTION_FINISHED
