39.0 APEX_CODE,FINEST;APEX_PROFILING,INFO;CALLOUT,INFO;DB,INFO;SYSTEM,DEBUG;VALIDATION,INFO;VISUALFORCE,INFO;WAVE,INFO;WORKFLOW,INFO
21:16:13.0 (58499)|USER_INFO|[EXTERNAL]|0050Y000000d4Kn|shizhaolee@gmail.com|Greenwich Mean Time|GMTZ
21:16:13.0 (82277)|EXECUTION_STARTED
21:16:13.0 (85566)|CODE_UNIT_STARTED|[EXTERNAL]|0660Y000002bH2M|VF: /apex/FYPTest
21:16:13.0 (220858)|VF_DESERIALIZE_VIEWSTATE_BEGIN|0660Y000002bH2M
21:16:13.0 (5698833)|HEAP_ALLOCATE|[72]|Bytes:3
21:16:13.0 (5733673)|HEAP_ALLOCATE|[77]|Bytes:152
21:16:13.0 (5747139)|HEAP_ALLOCATE|[342]|Bytes:408
21:16:13.0 (5760638)|HEAP_ALLOCATE|[355]|Bytes:408
21:16:13.0 (5773246)|HEAP_ALLOCATE|[467]|Bytes:48
21:16:13.0 (5798580)|HEAP_ALLOCATE|[139]|Bytes:6
21:16:13.0 (7448933)|VF_DESERIALIZE_VIEWSTATE_END
21:16:13.0 (8286162)|SYSTEM_MODE_ENTER|true
21:16:13.0 (8316468)|HEAP_ALLOCATE|[EXTERNAL]|Bytes:152
21:16:13.0 (8322947)|HEAP_ALLOCATE|[EXTERNAL]|Bytes:16
21:16:13.0 (8330256)|METHOD_ENTRY|[1]|01p0Y000009c27r|custable.custable()
21:16:13.0 (8334107)|STATEMENT_EXECUTE|[1]
21:16:13.0 (8339544)|STATEMENT_EXECUTE|[1]
21:16:13.0 (8375156)|HEAP_ALLOCATE|[50]|Bytes:5
21:16:13.0 (8404082)|HEAP_ALLOCATE|[56]|Bytes:5
21:16:13.0 (8411005)|HEAP_ALLOCATE|[64]|Bytes:7
21:16:13.0 (8426585)|SYSTEM_MODE_ENTER|false
21:16:13.0 (8436807)|HEAP_ALLOCATE|[EXTERNAL]|Bytes:5
21:16:13.0 (8441656)|SYSTEM_MODE_EXIT|false
21:16:13.0 (8446775)|METHOD_EXIT|[1]|custable
21:16:13.0 (9119305)|SYSTEM_MODE_ENTER|true
21:16:13.0 (10083873)|SYSTEM_MODE_ENTER|true
21:16:13.0 (10114677)|HEAP_ALLOCATE|[EXTERNAL]|Bytes:18
21:16:13.0 (10118404)|HEAP_ALLOCATE|[EXTERNAL]|Bytes:24
21:16:13.0 (10143428)|VARIABLE_ASSIGNMENT|[EXTERNAL]|this.recid|"0010Y00000HI6LvQAL"|0x52b1c0c7
21:16:13.0 (10444289)|HEAP_ALLOCATE|[EXTERNAL]|Bytes:24
21:16:13.0 (10451695)|VARIABLE_SCOPE_BEGIN|[29]|this|custable|true|false
21:16:13.0 (10488121)|VARIABLE_ASSIGNMENT|[29]|this|{"Acclst":"0x6e17bb92","contacts":"0x28f1c73","recid":"0010Y00000HI6LvQAL"}|0x52b1c0c7
21:16:13.0 (10501250)|SYSTEM_MODE_ENTER|false
21:16:13.0 (10506332)|HEAP_ALLOCATE|[31]|Bytes:5
21:16:13.0 (10510202)|STATEMENT_EXECUTE|[30]
21:16:13.0 (10511964)|STATEMENT_EXECUTE|[31]
21:16:13.0 (10514810)|HEAP_ALLOCATE|[31]|Bytes:70
21:16:13.0 (10525128)|HEAP_ALLOCATE|[31]|Bytes:4
21:16:13.0 (10536850)|HEAP_ALLOCATE|[31]|Bytes:7
21:16:13.0 (10579102)|VARIABLE_ASSIGNMENT|[EXTERNAL]|this|{"Acclst":"0x6e17bb92","contacts":"0x28f1c73","recid":"0010Y00000HI6LvQAL"}|0x52b1c0c7
21:16:13.0 (10898202)|SOQL_EXECUTE_BEGIN|[31]|Aggregations:0|SELECT id, FirstName, LastName FROM Contact WHERE AccountId = :tmpVar1
21:16:13.0 (13955590)|SOQL_EXECUTE_END|[31]|Rows:0
21:16:13.0 (13974890)|HEAP_ALLOCATE|[31]|Bytes:4
21:16:13.0 (13984942)|HEAP_ALLOCATE|[31]|Bytes:0
21:16:13.0 (14022021)|HEAP_ALLOCATE|[31]|Bytes:4
21:16:13.0 (14077576)|VARIABLE_ASSIGNMENT|[EXTERNAL]|this|{"Acclst":"0x6e17bb92","contacts":"0x28f1c73","recid":"0010Y00000HI6LvQAL"}|0x52b1c0c7
21:16:13.0 (14086774)|VARIABLE_ASSIGNMENT|[EXTERNAL]|value|[]|0x591b3051
21:16:13.0 (14096630)|VARIABLE_ASSIGNMENT|[9]|this.contacts|[]|0x52b1c0c7
21:16:13.0 (14106543)|SYSTEM_MODE_EXIT|false
21:16:13.0 (14798149)|SYSTEM_MODE_ENTER|true
21:16:13.0 (15555013)|SYSTEM_MODE_ENTER|true
21:16:13.0 (16760910)|VF_SERIALIZE_VIEWSTATE_BEGIN|0660Y000002bH2M
21:16:13.0 (23843695)|VF_SERIALIZE_VIEWSTATE_END
21:16:13.0 (34531192)|CODE_UNIT_STARTED|[EXTERNAL]|Generate Metadata
21:16:13.0 (36061266)|CODE_UNIT_FINISHED|Generate Metadata
21:16:13.38 (38160237)|CUMULATIVE_LIMIT_USAGE
21:16:13.38 (38160237)|LIMIT_USAGE_FOR_NS|(default)|
  Number of SOQL queries: 1 out of 100
  Number of query rows: 0 out of 50000
  Number of SOSL queries: 0 out of 20
  Number of DML statements: 0 out of 150
  Number of DML rows: 0 out of 10000
  Maximum CPU time: 0 out of 10000
  Maximum heap size: 0 out of 6000000
  Number of callouts: 0 out of 100
  Number of Email Invocations: 0 out of 10
  Number of future calls: 0 out of 50
  Number of queueable jobs added to the queue: 0 out of 50
  Number of Mobile Apex push calls: 0 out of 10

21:16:13.38 (38160237)|CUMULATIVE_LIMIT_USAGE_END

21:16:13.0 (38194628)|CODE_UNIT_FINISHED|VF: /apex/FYPTest
21:16:13.0 (38956340)|EXECUTION_FINISHED
