39.0 APEX_CODE,FINEST;APEX_PROFILING,INFO;CALLOUT,INFO;DB,INFO;SYSTEM,DEBUG;VALIDATION,INFO;VISUALFORCE,INFO;WAVE,INFO;WORKFLOW,INFO
21:15:24.0 (70202)|USER_INFO|[EXTERNAL]|0050Y000000d4Kn|shizhaolee@gmail.com|Greenwich Mean Time|GMTZ
21:15:24.0 (103615)|EXECUTION_STARTED
21:15:24.0 (108852)|CODE_UNIT_STARTED|[EXTERNAL]|0660Y000002bH2M|VF: /apex/FYPTest
21:15:24.0 (254956)|VF_DESERIALIZE_VIEWSTATE_BEGIN|0660Y000002bH2M
21:15:24.0 (5466985)|HEAP_ALLOCATE|[72]|Bytes:3
21:15:24.0 (5488071)|HEAP_ALLOCATE|[77]|Bytes:152
21:15:24.0 (5497744)|HEAP_ALLOCATE|[342]|Bytes:408
21:15:24.0 (5511221)|HEAP_ALLOCATE|[355]|Bytes:408
21:15:24.0 (5524423)|HEAP_ALLOCATE|[467]|Bytes:48
21:15:24.0 (5543702)|HEAP_ALLOCATE|[139]|Bytes:6
21:15:24.0 (7195195)|VF_DESERIALIZE_VIEWSTATE_END
21:15:24.0 (7679762)|SYSTEM_MODE_ENTER|true
21:15:24.0 (7707193)|HEAP_ALLOCATE|[EXTERNAL]|Bytes:152
21:15:24.0 (7713191)|HEAP_ALLOCATE|[EXTERNAL]|Bytes:16
21:15:24.0 (7720802)|METHOD_ENTRY|[1]|01p0Y000009c27r|custable.custable()
21:15:24.0 (7724189)|STATEMENT_EXECUTE|[1]
21:15:24.0 (7729116)|STATEMENT_EXECUTE|[1]
21:15:24.0 (7757358)|HEAP_ALLOCATE|[50]|Bytes:5
21:15:24.0 (7773224)|HEAP_ALLOCATE|[56]|Bytes:5
21:15:24.0 (7779670)|HEAP_ALLOCATE|[64]|Bytes:7
21:15:24.0 (7792936)|SYSTEM_MODE_ENTER|false
21:15:24.0 (7803710)|HEAP_ALLOCATE|[EXTERNAL]|Bytes:5
21:15:24.0 (7808645)|SYSTEM_MODE_EXIT|false
21:15:24.0 (7813715)|METHOD_EXIT|[1]|custable
21:15:24.0 (8627276)|SYSTEM_MODE_ENTER|true
21:15:24.0 (9653075)|SYSTEM_MODE_ENTER|true
21:15:24.0 (9693919)|HEAP_ALLOCATE|[EXTERNAL]|Bytes:18
21:15:24.0 (9699923)|HEAP_ALLOCATE|[EXTERNAL]|Bytes:24
21:15:24.0 (9730465)|VARIABLE_ASSIGNMENT|[EXTERNAL]|this.recid|"0010Y000005IkYEQA0"|0x366ed356
21:15:24.0 (10030968)|HEAP_ALLOCATE|[EXTERNAL]|Bytes:24
21:15:24.0 (10041816)|VARIABLE_SCOPE_BEGIN|[29]|this|custable|true|false
21:15:24.0 (10088874)|VARIABLE_ASSIGNMENT|[29]|this|{"Acclst":"0x1ef3a930","recid":"0010Y000005IkYEQA0"}|0x366ed356
21:15:24.0 (10101853)|SYSTEM_MODE_ENTER|false
21:15:24.0 (10108569)|HEAP_ALLOCATE|[31]|Bytes:5
21:15:24.0 (10113587)|STATEMENT_EXECUTE|[30]
21:15:24.0 (10115660)|STATEMENT_EXECUTE|[31]
21:15:24.0 (10118977)|HEAP_ALLOCATE|[31]|Bytes:70
21:15:24.0 (10131031)|HEAP_ALLOCATE|[31]|Bytes:4
21:15:24.0 (10145707)|HEAP_ALLOCATE|[31]|Bytes:7
21:15:24.0 (10196286)|VARIABLE_ASSIGNMENT|[EXTERNAL]|this|{"Acclst":"0x1ef3a930","recid":"0010Y000005IkYEQA0"}|0x366ed356
21:15:24.0 (10816132)|SOQL_EXECUTE_BEGIN|[31]|Aggregations:0|SELECT id, FirstName, LastName FROM Contact WHERE AccountId = :tmpVar1
21:15:24.0 (13794264)|SOQL_EXECUTE_END|[31]|Rows:1
21:15:24.0 (13815018)|HEAP_ALLOCATE|[31]|Bytes:8
21:15:24.0 (13833636)|HEAP_ALLOCATE|[31]|Bytes:63
21:15:24.0 (13889309)|HEAP_ALLOCATE|[31]|Bytes:8
21:15:24.0 (13932683)|VARIABLE_ASSIGNMENT|[EXTERNAL]|this|{"Acclst":"0x1ef3a930","recid":"0010Y000005IkYEQA0"}|0x366ed356
21:15:24.0 (13948900)|VARIABLE_ASSIGNMENT|[EXTERNAL]|value|[{"Id":"0030Y000002vPBWQA2","FirstName":"Edna","LastName":"Frank"}]|0x681db9ac
21:15:24.0 (13966287)|VARIABLE_ASSIGNMENT|[9]|this.contacts|[{"Id":"0030Y000002vPBWQA2","FirstName":"Edna","LastName":"Frank"}]|0x366ed356
21:15:24.0 (13978535)|SYSTEM_MODE_EXIT|false
21:15:24.0 (16452174)|SYSTEM_MODE_ENTER|true
21:15:24.0 (17477676)|SYSTEM_MODE_ENTER|true
21:15:24.0 (19876713)|VF_SERIALIZE_VIEWSTATE_BEGIN|0660Y000002bH2M
21:15:24.0 (28453924)|VF_SERIALIZE_VIEWSTATE_END
21:15:24.0 (39826445)|CODE_UNIT_STARTED|[EXTERNAL]|Generate Metadata
21:15:24.0 (41476539)|CODE_UNIT_FINISHED|Generate Metadata
21:15:24.43 (43535876)|CUMULATIVE_LIMIT_USAGE
21:15:24.43 (43535876)|LIMIT_USAGE_FOR_NS|(default)|
  Number of SOQL queries: 1 out of 100
  Number of query rows: 1 out of 50000
  Number of SOSL queries: 0 out of 20
  Number of DML statements: 0 out of 150
  Number of DML rows: 0 out of 10000
  Maximum CPU time: 0 out of 10000
  Maximum heap size: 0 out of 6000000
  Number of callouts: 0 out of 100
  Number of Email Invocations: 0 out of 10
  Number of future calls: 0 out of 50
  Number of queueable jobs added to the queue: 0 out of 50
  Number of Mobile Apex push calls: 0 out of 10

21:15:24.43 (43535876)|CUMULATIVE_LIMIT_USAGE_END

21:15:24.0 (43567890)|CODE_UNIT_FINISHED|VF: /apex/FYPTest
21:15:24.0 (44339942)|EXECUTION_FINISHED
