35.0 APEX_CODE,FINEST;APEX_PROFILING,INFO;CALLOUT,INFO;DB,INFO;SYSTEM,DEBUG;VALIDATION,INFO;VISUALFORCE,INFO;WAVE,INFO;WORKFLOW,INFO
22:10:58.0 (285982)|USER_INFO|[EXTERNAL]|0050Y000000d4Kn|shizhaolee@gmail.com|Greenwich Mean Time|GMTZ
22:10:58.0 (310286)|EXECUTION_STARTED
22:10:58.0 (315167)|CODE_UNIT_STARTED|[EXTERNAL]|0660Y000002bKaV|VF: /apex/ya
22:10:58.0 (14434319)|SYSTEM_MODE_ENTER|true
22:10:58.0 (14788759)|HEAP_ALLOCATE|[72]|Bytes:3
22:10:58.0 (14833684)|HEAP_ALLOCATE|[77]|Bytes:152
22:10:58.0 (14850503)|HEAP_ALLOCATE|[342]|Bytes:408
22:10:58.0 (14866666)|HEAP_ALLOCATE|[355]|Bytes:408
22:10:58.0 (14879984)|HEAP_ALLOCATE|[467]|Bytes:48
22:10:58.0 (14908671)|HEAP_ALLOCATE|[139]|Bytes:6
22:10:58.0 (14922394)|HEAP_ALLOCATE|[EXTERNAL]|Bytes:10
22:10:58.0 (14925635)|HEAP_ALLOCATE|[EXTERNAL]|Bytes:10
22:10:58.0 (14932225)|METHOD_ENTRY|[1]|01p0Y000009eh3l|dfDefault.dfDefault()
22:10:58.0 (14936594)|STATEMENT_EXECUTE|[1]
22:10:58.0 (14942146)|STATEMENT_EXECUTE|[1]
22:10:58.0 (14973957)|HEAP_ALLOCATE|[50]|Bytes:5
22:10:58.0 (14995329)|HEAP_ALLOCATE|[56]|Bytes:5
22:10:58.0 (15001155)|HEAP_ALLOCATE|[64]|Bytes:7
22:10:58.0 (15014955)|SYSTEM_MODE_ENTER|false
22:10:58.0 (15029116)|HEAP_ALLOCATE|[EXTERNAL]|Bytes:5
22:10:58.0 (15034882)|SYSTEM_MODE_EXIT|false
22:10:58.0 (15041343)|METHOD_EXIT|[1]|dfDefault
22:10:58.0 (15052578)|HEAP_ALLOCATE|[EXTERNAL]|Bytes:4
22:10:58.0 (15058591)|VARIABLE_SCOPE_BEGIN|[1]|this|dfDefault|true|false
22:10:58.0 (15096600)|VARIABLE_ASSIGNMENT|[1]|this|{}|0x47026296
22:10:58.0 (15103204)|SYSTEM_MODE_ENTER|false
22:10:58.0 (15107086)|HEAP_ALLOCATE|[EXTERNAL]|Bytes:5
22:10:58.0 (15113393)|HEAP_ALLOCATE|[EXTERNAL]|Bytes:6
22:10:58.0 (15130310)|SYSTEM_MODE_EXIT|false
22:10:58.0 (15132982)|STATEMENT_EXECUTE|[1]
22:10:58.0 (15135344)|SYSTEM_MODE_ENTER|false
22:10:58.0 (15137503)|HEAP_ALLOCATE|[EXTERNAL]|Bytes:5
22:10:58.0 (15139622)|SYSTEM_MODE_EXIT|false
22:10:58.16 (16531351)|CUMULATIVE_LIMIT_USAGE
22:10:58.16 (16531351)|LIMIT_USAGE_FOR_NS|(default)|
  Number of SOQL queries: 0 out of 100
  Number of query rows: 0 out of 50000
  Number of SOSL queries: 0 out of 20
  Number of DML statements: 0 out of 150
  Number of DML rows: 0 out of 10000
  Maximum CPU time: 0 out of 10000
  Maximum heap size: 0 out of 6000000
  Number of callouts: 0 out of 100
  Number of Email Invocations: 0 out of 10
  Number of future calls: 0 out of 50
  Number of queueable jobs added to the queue: 0 out of 50
  Number of Mobile Apex push calls: 0 out of 10

22:10:58.16 (16531351)|CUMULATIVE_LIMIT_USAGE_END

22:10:58.0 (16565045)|CODE_UNIT_FINISHED|VF: /apex/ya
22:10:58.0 (17380984)|EXECUTION_FINISHED
