39.0 APEX_CODE,FINEST;APEX_PROFILING,INFO;CALLOUT,INFO;DB,INFO;SYSTEM,DEBUG;VALIDATION,INFO;VISUALFORCE,INFO;WAVE,INFO;WORKFLOW,INFO
21:13:38.0 (62124)|USER_INFO|[EXTERNAL]|0050Y000000d4Kn|shizhaolee@gmail.com|Greenwich Mean Time|GMTZ
21:13:38.0 (91174)|EXECUTION_STARTED
21:13:38.0 (95741)|CODE_UNIT_STARTED|[EXTERNAL]|0660Y000002bH2M|VF: /apex/FYPTest
21:13:38.0 (225403)|VF_DESERIALIZE_VIEWSTATE_BEGIN|0660Y000002bH2M
21:13:38.0 (5506297)|HEAP_ALLOCATE|[72]|Bytes:3
21:13:38.0 (5553832)|HEAP_ALLOCATE|[77]|Bytes:152
21:13:38.0 (5569963)|HEAP_ALLOCATE|[342]|Bytes:408
21:13:38.0 (5585180)|HEAP_ALLOCATE|[355]|Bytes:408
21:13:38.0 (5599614)|HEAP_ALLOCATE|[467]|Bytes:48
21:13:38.0 (5631871)|HEAP_ALLOCATE|[139]|Bytes:6
21:13:38.0 (7702443)|VF_DESERIALIZE_VIEWSTATE_END
21:13:38.0 (8254157)|SYSTEM_MODE_ENTER|true
21:13:38.0 (8285168)|HEAP_ALLOCATE|[EXTERNAL]|Bytes:152
21:13:38.0 (8291436)|HEAP_ALLOCATE|[EXTERNAL]|Bytes:16
21:13:38.0 (8299228)|METHOD_ENTRY|[1]|01p0Y000009c27r|custable.custable()
21:13:38.0 (8303144)|STATEMENT_EXECUTE|[1]
21:13:38.0 (8309450)|STATEMENT_EXECUTE|[1]
21:13:38.0 (8347494)|HEAP_ALLOCATE|[50]|Bytes:5
21:13:38.0 (8373945)|HEAP_ALLOCATE|[56]|Bytes:5
21:13:38.0 (8380610)|HEAP_ALLOCATE|[64]|Bytes:7
21:13:38.0 (8396027)|SYSTEM_MODE_ENTER|false
21:13:38.0 (8409265)|HEAP_ALLOCATE|[EXTERNAL]|Bytes:5
21:13:38.0 (8415420)|SYSTEM_MODE_EXIT|false
21:13:38.0 (8421260)|METHOD_EXIT|[1]|custable
21:13:38.0 (9201082)|SYSTEM_MODE_ENTER|true
21:13:38.0 (10287010)|SYSTEM_MODE_ENTER|true
21:13:38.0 (10317029)|HEAP_ALLOCATE|[EXTERNAL]|Bytes:18
21:13:38.0 (10320920)|HEAP_ALLOCATE|[EXTERNAL]|Bytes:24
21:13:38.0 (10345133)|VARIABLE_ASSIGNMENT|[EXTERNAL]|this.recid|"0010Y000005IkYBQA0"|0x1cbd0df3
21:13:38.0 (10702400)|HEAP_ALLOCATE|[EXTERNAL]|Bytes:24
21:13:38.0 (10712623)|VARIABLE_SCOPE_BEGIN|[29]|this|custable|true|false
21:13:38.0 (10755507)|VARIABLE_ASSIGNMENT|[29]|this|{"Acclst":"0x25a378f3","contacts":"0x54a7af8b","recid":"0010Y000005IkYBQA0"}|0x1cbd0df3
21:13:38.0 (10774375)|SYSTEM_MODE_ENTER|false
21:13:38.0 (10780172)|HEAP_ALLOCATE|[31]|Bytes:5
21:13:38.0 (10784184)|STATEMENT_EXECUTE|[30]
21:13:38.0 (10786170)|STATEMENT_EXECUTE|[31]
21:13:38.0 (10789431)|HEAP_ALLOCATE|[31]|Bytes:70
21:13:38.0 (10799958)|HEAP_ALLOCATE|[31]|Bytes:4
21:13:38.0 (10813502)|HEAP_ALLOCATE|[31]|Bytes:7
21:13:38.0 (10856022)|VARIABLE_ASSIGNMENT|[EXTERNAL]|this|{"Acclst":"0x25a378f3","contacts":"0x54a7af8b","recid":"0010Y000005IkYBQA0"}|0x1cbd0df3
21:13:38.0 (11411918)|SOQL_EXECUTE_BEGIN|[31]|Aggregations:0|SELECT id, FirstName, LastName FROM Contact WHERE AccountId = :tmpVar1
21:13:38.0 (14871209)|SOQL_EXECUTE_END|[31]|Rows:1
21:13:38.0 (14888089)|HEAP_ALLOCATE|[31]|Bytes:8
21:13:38.0 (14903336)|HEAP_ALLOCATE|[31]|Bytes:62
21:13:38.0 (14937106)|HEAP_ALLOCATE|[31]|Bytes:8
21:13:38.0 (14982218)|VARIABLE_ASSIGNMENT|[EXTERNAL]|this|{"Acclst":"0x25a378f3","contacts":"0x54a7af8b","recid":"0010Y000005IkYBQA0"}|0x1cbd0df3
21:13:38.0 (14998890)|VARIABLE_ASSIGNMENT|[EXTERNAL]|value|[{"Id":"0030Y000002vPBRQA2","FirstName":"Jane","LastName":"Grey"}]|0x5665dccb
21:13:38.0 (15010364)|VARIABLE_ASSIGNMENT|[9]|this.contacts|[{"Id":"0030Y000002vPBRQA2","FirstName":"Jane","LastName":"Grey"}]|0x1cbd0df3
21:13:38.0 (15021196)|SYSTEM_MODE_EXIT|false
21:13:38.0 (17615010)|SYSTEM_MODE_ENTER|true
21:13:38.0 (18765057)|SYSTEM_MODE_ENTER|true
21:13:38.0 (21432423)|VF_SERIALIZE_VIEWSTATE_BEGIN|0660Y000002bH2M
21:13:38.0 (30098944)|VF_SERIALIZE_VIEWSTATE_END
21:13:38.0 (42490670)|CODE_UNIT_STARTED|[EXTERNAL]|Generate Metadata
21:13:38.0 (44245378)|CODE_UNIT_FINISHED|Generate Metadata
21:13:38.47 (47140860)|CUMULATIVE_LIMIT_USAGE
21:13:38.47 (47140860)|LIMIT_USAGE_FOR_NS|(default)|
  Number of SOQL queries: 1 out of 100
  Number of query rows: 1 out of 50000
  Number of SOSL queries: 0 out of 20
  Number of DML statements: 0 out of 150
  Number of DML rows: 0 out of 10000
  Maximum CPU time: 0 out of 10000
  Maximum heap size: 0 out of 6000000
  Number of callouts: 0 out of 100
  Number of Email Invocations: 0 out of 10
  Number of future calls: 0 out of 50
  Number of queueable jobs added to the queue: 0 out of 50
  Number of Mobile Apex push calls: 0 out of 10

21:13:38.47 (47140860)|CUMULATIVE_LIMIT_USAGE_END

21:13:38.0 (47192478)|CODE_UNIT_FINISHED|VF: /apex/FYPTest
21:13:38.0 (48045058)|EXECUTION_FINISHED
