39.0 APEX_CODE,FINEST;APEX_PROFILING,INFO;CALLOUT,INFO;DB,INFO;SYSTEM,DEBUG;VALIDATION,INFO;VISUALFORCE,INFO;WAVE,INFO;WORKFLOW,INFO
21:13:31.0 (310461)|USER_INFO|[EXTERNAL]|0050Y000000d4Kn|shizhaolee@gmail.com|Greenwich Mean Time|GMTZ
21:13:31.0 (338057)|EXECUTION_STARTED
21:13:31.0 (343611)|CODE_UNIT_STARTED|[EXTERNAL]|0660Y000002bH2M|VF: /apex/FYPTest
21:13:31.0 (930105)|VF_DESERIALIZE_VIEWSTATE_BEGIN|0660Y000002bH2M
21:13:31.0 (7888143)|HEAP_ALLOCATE|[72]|Bytes:3
21:13:31.0 (7939360)|HEAP_ALLOCATE|[77]|Bytes:152
21:13:31.0 (7958561)|HEAP_ALLOCATE|[342]|Bytes:408
21:13:31.0 (7980185)|HEAP_ALLOCATE|[355]|Bytes:408
21:13:31.0 (7999166)|HEAP_ALLOCATE|[467]|Bytes:48
21:13:31.0 (8030838)|HEAP_ALLOCATE|[139]|Bytes:6
21:13:31.0 (9762926)|VF_DESERIALIZE_VIEWSTATE_END
21:13:31.0 (10652855)|SYSTEM_MODE_ENTER|true
21:13:31.0 (10688429)|HEAP_ALLOCATE|[EXTERNAL]|Bytes:152
21:13:31.0 (10695774)|HEAP_ALLOCATE|[EXTERNAL]|Bytes:16
21:13:31.0 (10705411)|METHOD_ENTRY|[1]|01p0Y000009c27r|custable.custable()
21:13:31.0 (10709762)|STATEMENT_EXECUTE|[1]
21:13:31.0 (10716653)|STATEMENT_EXECUTE|[1]
21:13:31.0 (10752832)|HEAP_ALLOCATE|[50]|Bytes:5
21:13:31.0 (10780570)|HEAP_ALLOCATE|[56]|Bytes:5
21:13:31.0 (10789571)|HEAP_ALLOCATE|[64]|Bytes:7
21:13:31.0 (10810049)|SYSTEM_MODE_ENTER|false
21:13:31.0 (10825881)|HEAP_ALLOCATE|[EXTERNAL]|Bytes:5
21:13:31.0 (10833765)|SYSTEM_MODE_EXIT|false
21:13:31.0 (10840550)|METHOD_EXIT|[1]|custable
21:13:31.0 (11772502)|SYSTEM_MODE_ENTER|true
21:13:31.0 (12989105)|SYSTEM_MODE_ENTER|true
21:13:31.0 (13021637)|HEAP_ALLOCATE|[EXTERNAL]|Bytes:18
21:13:31.0 (13031723)|HEAP_ALLOCATE|[EXTERNAL]|Bytes:24
21:13:31.0 (13077732)|VARIABLE_ASSIGNMENT|[EXTERNAL]|this.recid|"0010Y000005IkY6QAK"|0x300d701
21:13:31.0 (13425917)|HEAP_ALLOCATE|[EXTERNAL]|Bytes:24
21:13:31.0 (13438408)|VARIABLE_SCOPE_BEGIN|[29]|this|custable|true|false
21:13:31.0 (13490698)|VARIABLE_ASSIGNMENT|[29]|this|{"Acclst":"0x1a3bda2c","contacts":"0x3d8a6e3e","recid":"0010Y000005IkY6QAK"}|0x300d701
21:13:31.0 (13504682)|SYSTEM_MODE_ENTER|false
21:13:31.0 (13510477)|HEAP_ALLOCATE|[31]|Bytes:5
21:13:31.0 (13514624)|STATEMENT_EXECUTE|[30]
21:13:31.0 (13515959)|STATEMENT_EXECUTE|[31]
21:13:31.0 (13519951)|HEAP_ALLOCATE|[31]|Bytes:70
21:13:31.0 (13531258)|HEAP_ALLOCATE|[31]|Bytes:4
21:13:31.0 (13544469)|HEAP_ALLOCATE|[31]|Bytes:7
21:13:31.0 (13601366)|VARIABLE_ASSIGNMENT|[EXTERNAL]|this|{"Acclst":"0x1a3bda2c","contacts":"0x3d8a6e3e","recid":"0010Y000005IkY6QAK"}|0x300d701
21:13:31.0 (14710568)|SOQL_EXECUTE_BEGIN|[31]|Aggregations:0|SELECT id, FirstName, LastName FROM Contact WHERE AccountId = :tmpVar1
21:13:31.0 (17940381)|SOQL_EXECUTE_END|[31]|Rows:1
21:13:31.0 (17958618)|HEAP_ALLOCATE|[31]|Bytes:8
21:13:31.0 (17975750)|HEAP_ALLOCATE|[31]|Bytes:66
21:13:31.0 (18010393)|HEAP_ALLOCATE|[31]|Bytes:8
21:13:31.0 (18064335)|VARIABLE_ASSIGNMENT|[EXTERNAL]|this|{"Acclst":"0x1a3bda2c","contacts":"0x3d8a6e3e","recid":"0010Y000005IkY6QAK"}|0x300d701
21:13:31.0 (18084466)|VARIABLE_ASSIGNMENT|[EXTERNAL]|value|[{"Id":"0030Y000002vPBJQA2","FirstName":"Pat","LastName":"Stumuller"}]|0x189d19c4
21:13:31.0 (18098035)|VARIABLE_ASSIGNMENT|[9]|this.contacts|[{"Id":"0030Y000002vPBJQA2","FirstName":"Pat","LastName":"Stumuller"}]|0x300d701
21:13:31.0 (18108824)|SYSTEM_MODE_EXIT|false
21:13:31.0 (20464229)|SYSTEM_MODE_ENTER|true
21:13:31.0 (22176019)|SYSTEM_MODE_ENTER|true
21:13:31.0 (25274539)|VF_SERIALIZE_VIEWSTATE_BEGIN|0660Y000002bH2M
21:13:31.0 (34538353)|VF_SERIALIZE_VIEWSTATE_END
21:13:31.0 (49257663)|CODE_UNIT_STARTED|[EXTERNAL]|Generate Metadata
21:13:31.0 (51493804)|CODE_UNIT_FINISHED|Generate Metadata
21:13:31.54 (54400423)|CUMULATIVE_LIMIT_USAGE
21:13:31.54 (54400423)|LIMIT_USAGE_FOR_NS|(default)|
  Number of SOQL queries: 1 out of 100
  Number of query rows: 1 out of 50000
  Number of SOSL queries: 0 out of 20
  Number of DML statements: 0 out of 150
  Number of DML rows: 0 out of 10000
  Maximum CPU time: 0 out of 10000
  Maximum heap size: 0 out of 6000000
  Number of callouts: 0 out of 100
  Number of Email Invocations: 0 out of 10
  Number of future calls: 0 out of 50
  Number of queueable jobs added to the queue: 0 out of 50
  Number of Mobile Apex push calls: 0 out of 10

21:13:31.54 (54400423)|CUMULATIVE_LIMIT_USAGE_END

21:13:31.0 (54439089)|CODE_UNIT_FINISHED|VF: /apex/FYPTest
21:13:31.0 (55200553)|EXECUTION_FINISHED
