38.0 APEX_CODE,FINEST;APEX_PROFILING,INFO;CALLOUT,INFO;DB,INFO;SYSTEM,DEBUG;VALIDATION,INFO;VISUALFORCE,INFO;WAVE,INFO;WORKFLOW,INFO
21:38:09.0 (293313)|USER_INFO|[EXTERNAL]|0050Y000000d4Kn|shizhaolee@gmail.com|Greenwich Mean Time|GMTZ
21:38:09.0 (458349)|EXECUTION_STARTED
21:38:09.0 (462460)|CODE_UNIT_STARTED|[EXTERNAL]|0660Y000001V39Z|VF: /apex/DragForce
21:38:09.0 (571505)|VF_DESERIALIZE_VIEWSTATE_BEGIN|0660Y000001V39Z
21:38:09.0 (13851350)|HEAP_ALLOCATE|[72]|Bytes:3
21:38:09.0 (13906814)|HEAP_ALLOCATE|[77]|Bytes:152
21:38:09.0 (13926546)|HEAP_ALLOCATE|[342]|Bytes:408
21:38:09.0 (13942460)|HEAP_ALLOCATE|[355]|Bytes:408
21:38:09.0 (13955404)|HEAP_ALLOCATE|[467]|Bytes:48
21:38:09.0 (14008659)|HEAP_ALLOCATE|[139]|Bytes:6
21:38:09.0 (16342794)|VF_DESERIALIZE_VIEWSTATE_END
21:38:09.0 (17186803)|SYSTEM_MODE_ENTER|true
21:38:09.0 (17308357)|HEAP_ALLOCATE|[EXTERNAL]|Bytes:148
21:38:09.0 (17331067)|HEAP_ALLOCATE|[EXTERNAL]|Bytes:28
21:38:09.0 (17334699)|HEAP_ALLOCATE|[EXTERNAL]|Bytes:11
21:38:09.0 (17355347)|METHOD_ENTRY|[1]|01p0Y000009eh3l|dfDefault.dfDefault()
21:38:09.0 (17358994)|STATEMENT_EXECUTE|[1]
21:38:09.0 (17363554)|STATEMENT_EXECUTE|[1]
21:38:09.0 (17396455)|HEAP_ALLOCATE|[50]|Bytes:5
21:38:09.0 (17417268)|HEAP_ALLOCATE|[56]|Bytes:5
21:38:09.0 (17423611)|HEAP_ALLOCATE|[64]|Bytes:7
21:38:09.0 (17439127)|SYSTEM_MODE_ENTER|false
21:38:09.0 (17448402)|HEAP_ALLOCATE|[EXTERNAL]|Bytes:5
21:38:09.0 (17453303)|SYSTEM_MODE_EXIT|false
21:38:09.0 (17471098)|METHOD_EXIT|[1]|dfDefault
21:38:09.0 (18265431)|SYSTEM_MODE_ENTER|true
21:38:09.0 (19208194)|SYSTEM_MODE_ENTER|true
21:38:09.0 (19231597)|HEAP_ALLOCATE|[EXTERNAL]|Bytes:18
21:38:09.0 (19239656)|HEAP_ALLOCATE|[EXTERNAL]|Bytes:24
21:38:09.0 (19272063)|VARIABLE_ASSIGNMENT|[EXTERNAL]|this.recid|"0010Y000005IkYEQA0"|0x68cdbe26
21:38:09.0 (19565728)|HEAP_ALLOCATE|[EXTERNAL]|Bytes:24
21:38:09.0 (19574193)|VARIABLE_SCOPE_BEGIN|[29]|this|dfDefault|true|false
21:38:09.0 (19617777)|VARIABLE_ASSIGNMENT|[29]|this|{"Acclst":"0x782eb3ee","contacts":"0x46e5b5f6","recid":"0010Y000005IkYEQA0"}|0x68cdbe26
21:38:09.0 (19630340)|SYSTEM_MODE_ENTER|false
21:38:09.0 (19635879)|HEAP_ALLOCATE|[31]|Bytes:5
21:38:09.0 (19638960)|STATEMENT_EXECUTE|[30]
21:38:09.0 (19640310)|STATEMENT_EXECUTE|[31]
21:38:09.0 (19642893)|HEAP_ALLOCATE|[31]|Bytes:70
21:38:09.0 (19652186)|HEAP_ALLOCATE|[31]|Bytes:4
21:38:09.0 (19671507)|HEAP_ALLOCATE|[31]|Bytes:7
21:38:09.0 (19736643)|VARIABLE_ASSIGNMENT|[EXTERNAL]|this|{"Acclst":"0x782eb3ee","contacts":"0x46e5b5f6","recid":"0010Y000005IkYEQA0"}|0x68cdbe26
21:38:09.0 (20697243)|SOQL_EXECUTE_BEGIN|[31]|Aggregations:0|SELECT id, FirstName, LastName FROM Contact WHERE AccountId = :tmpVar1
21:38:09.0 (22889834)|SOQL_EXECUTE_END|[31]|Rows:1
21:38:09.0 (22904176)|HEAP_ALLOCATE|[31]|Bytes:8
21:38:09.0 (22921447)|HEAP_ALLOCATE|[31]|Bytes:63
21:38:09.0 (22949063)|HEAP_ALLOCATE|[31]|Bytes:8
21:38:09.0 (22997331)|VARIABLE_ASSIGNMENT|[EXTERNAL]|this|{"Acclst":"0x782eb3ee","contacts":"0x46e5b5f6","recid":"0010Y000005IkYEQA0"}|0x68cdbe26
21:38:09.0 (23014394)|VARIABLE_ASSIGNMENT|[EXTERNAL]|value|[{"Id":"0030Y000002vPBWQA2","FirstName":"Edna","LastName":"Frank"}]|0x281da656
21:38:09.0 (23025543)|VARIABLE_ASSIGNMENT|[9]|this.contacts|[{"Id":"0030Y000002vPBWQA2","FirstName":"Edna","LastName":"Frank"}]|0x68cdbe26
21:38:09.0 (23034182)|SYSTEM_MODE_EXIT|false
21:38:09.0 (40784888)|SYSTEM_MODE_ENTER|true
21:38:09.0 (42212273)|SYSTEM_MODE_ENTER|true
21:38:09.0 (44944920)|VF_SERIALIZE_VIEWSTATE_BEGIN|0660Y000001V39Z
21:38:09.0 (47053953)|VF_SERIALIZE_VIEWSTATE_END
21:38:09.49 (49489976)|CUMULATIVE_LIMIT_USAGE
21:38:09.49 (49489976)|LIMIT_USAGE_FOR_NS|(default)|
  Number of SOQL queries: 1 out of 100
  Number of query rows: 1 out of 50000
  Number of SOSL queries: 0 out of 20
  Number of DML statements: 0 out of 150
  Number of DML rows: 0 out of 10000
  Maximum CPU time: 0 out of 10000
  Maximum heap size: 0 out of 6000000
  Number of callouts: 0 out of 100
  Number of Email Invocations: 0 out of 10
  Number of future calls: 0 out of 50
  Number of queueable jobs added to the queue: 0 out of 50
  Number of Mobile Apex push calls: 0 out of 10

21:38:09.49 (49489976)|CUMULATIVE_LIMIT_USAGE_END

21:38:09.0 (49521920)|CODE_UNIT_FINISHED|VF: /apex/DragForce
21:38:09.0 (50348096)|EXECUTION_FINISHED
