39.0 APEX_CODE,FINEST;APEX_PROFILING,INFO;CALLOUT,INFO;DB,INFO;SYSTEM,DEBUG;VALIDATION,INFO;VISUALFORCE,INFO;WAVE,INFO;WORKFLOW,INFO
21:13:32.0 (269180)|USER_INFO|[EXTERNAL]|0050Y000000d4Kn|shizhaolee@gmail.com|Greenwich Mean Time|GMTZ
21:13:32.0 (295674)|EXECUTION_STARTED
21:13:32.0 (300068)|CODE_UNIT_STARTED|[EXTERNAL]|0660Y000002bH2M|VF: /apex/FYPTest
21:13:32.0 (846161)|VF_DESERIALIZE_VIEWSTATE_BEGIN|0660Y000002bH2M
21:13:32.0 (7457047)|HEAP_ALLOCATE|[72]|Bytes:3
21:13:32.0 (7499451)|HEAP_ALLOCATE|[77]|Bytes:152
21:13:32.0 (7512646)|HEAP_ALLOCATE|[342]|Bytes:408
21:13:32.0 (7527549)|HEAP_ALLOCATE|[355]|Bytes:408
21:13:32.0 (7540739)|HEAP_ALLOCATE|[467]|Bytes:48
21:13:32.0 (7566943)|HEAP_ALLOCATE|[139]|Bytes:6
21:13:32.0 (9244327)|VF_DESERIALIZE_VIEWSTATE_END
21:13:32.0 (10059123)|SYSTEM_MODE_ENTER|true
21:13:32.0 (10090381)|HEAP_ALLOCATE|[EXTERNAL]|Bytes:152
21:13:32.0 (10096140)|HEAP_ALLOCATE|[EXTERNAL]|Bytes:16
21:13:32.0 (10104149)|METHOD_ENTRY|[1]|01p0Y000009c27r|custable.custable()
21:13:32.0 (10108131)|STATEMENT_EXECUTE|[1]
21:13:32.0 (10112136)|STATEMENT_EXECUTE|[1]
21:13:32.0 (10146773)|HEAP_ALLOCATE|[50]|Bytes:5
21:13:32.0 (10172403)|HEAP_ALLOCATE|[56]|Bytes:5
21:13:32.0 (10178575)|HEAP_ALLOCATE|[64]|Bytes:7
21:13:32.0 (10193741)|SYSTEM_MODE_ENTER|false
21:13:32.0 (10204910)|HEAP_ALLOCATE|[EXTERNAL]|Bytes:5
21:13:32.0 (10210397)|SYSTEM_MODE_EXIT|false
21:13:32.0 (10216038)|METHOD_EXIT|[1]|custable
21:13:32.0 (10952412)|SYSTEM_MODE_ENTER|true
21:13:32.0 (11848164)|SYSTEM_MODE_ENTER|true
21:13:32.0 (11876170)|HEAP_ALLOCATE|[EXTERNAL]|Bytes:18
21:13:32.0 (11884231)|HEAP_ALLOCATE|[EXTERNAL]|Bytes:24
21:13:32.0 (11907985)|VARIABLE_ASSIGNMENT|[EXTERNAL]|this.recid|"0010Y000005IkY7QAK"|0x71c27ae0
21:13:32.0 (12205851)|HEAP_ALLOCATE|[EXTERNAL]|Bytes:24
21:13:32.0 (12216372)|VARIABLE_SCOPE_BEGIN|[29]|this|custable|true|false
21:13:32.0 (12260937)|VARIABLE_ASSIGNMENT|[29]|this|{"Acclst":"0x70aa6d4","contacts":"0x4e1c7b91","recid":"0010Y000005IkY7QAK"}|0x71c27ae0
21:13:32.0 (12274177)|SYSTEM_MODE_ENTER|false
21:13:32.0 (12279536)|HEAP_ALLOCATE|[31]|Bytes:5
21:13:32.0 (12283282)|STATEMENT_EXECUTE|[30]
21:13:32.0 (12284612)|STATEMENT_EXECUTE|[31]
21:13:32.0 (12287324)|HEAP_ALLOCATE|[31]|Bytes:70
21:13:32.0 (12297711)|HEAP_ALLOCATE|[31]|Bytes:4
21:13:32.0 (12309264)|HEAP_ALLOCATE|[31]|Bytes:7
21:13:32.0 (12353250)|VARIABLE_ASSIGNMENT|[EXTERNAL]|this|{"Acclst":"0x70aa6d4","contacts":"0x4e1c7b91","recid":"0010Y000005IkY7QAK"}|0x71c27ae0
21:13:32.0 (13346289)|SOQL_EXECUTE_BEGIN|[31]|Aggregations:0|SELECT id, FirstName, LastName FROM Contact WHERE AccountId = :tmpVar1
21:13:32.0 (16115759)|SOQL_EXECUTE_END|[31]|Rows:1
21:13:32.0 (16129982)|HEAP_ALLOCATE|[31]|Bytes:8
21:13:32.0 (16146169)|HEAP_ALLOCATE|[31]|Bytes:63
21:13:32.0 (16174609)|HEAP_ALLOCATE|[31]|Bytes:8
21:13:32.0 (16223584)|VARIABLE_ASSIGNMENT|[EXTERNAL]|this|{"Acclst":"0x70aa6d4","contacts":"0x4e1c7b91","recid":"0010Y000005IkY7QAK"}|0x71c27ae0
21:13:32.0 (16241030)|VARIABLE_ASSIGNMENT|[EXTERNAL]|value|[{"Id":"0030Y000002vPBKQA2","FirstName":"Andy","LastName":"Young"}]|0x48639261
21:13:32.0 (16252794)|VARIABLE_ASSIGNMENT|[9]|this.contacts|[{"Id":"0030Y000002vPBKQA2","FirstName":"Andy","LastName":"Young"}]|0x71c27ae0
21:13:32.0 (16261381)|SYSTEM_MODE_EXIT|false
21:13:32.0 (18399204)|SYSTEM_MODE_ENTER|true
21:13:32.0 (19907680)|SYSTEM_MODE_ENTER|true
21:13:32.0 (22450600)|VF_SERIALIZE_VIEWSTATE_BEGIN|0660Y000002bH2M
21:13:32.0 (30892818)|VF_SERIALIZE_VIEWSTATE_END
21:13:32.0 (42471165)|CODE_UNIT_STARTED|[EXTERNAL]|Generate Metadata
21:13:32.0 (44283467)|CODE_UNIT_FINISHED|Generate Metadata
21:13:32.46 (46768945)|CUMULATIVE_LIMIT_USAGE
21:13:32.46 (46768945)|LIMIT_USAGE_FOR_NS|(default)|
  Number of SOQL queries: 1 out of 100
  Number of query rows: 1 out of 50000
  Number of SOSL queries: 0 out of 20
  Number of DML statements: 0 out of 150
  Number of DML rows: 0 out of 10000
  Maximum CPU time: 0 out of 10000
  Maximum heap size: 0 out of 6000000
  Number of callouts: 0 out of 100
  Number of Email Invocations: 0 out of 10
  Number of future calls: 0 out of 50
  Number of queueable jobs added to the queue: 0 out of 50
  Number of Mobile Apex push calls: 0 out of 10

21:13:32.46 (46768945)|CUMULATIVE_LIMIT_USAGE_END

21:13:32.0 (46799669)|CODE_UNIT_FINISHED|VF: /apex/FYPTest
21:13:32.0 (47572528)|EXECUTION_FINISHED
