38.0 APEX_CODE,FINEST;APEX_PROFILING,INFO;CALLOUT,INFO;DB,INFO;SYSTEM,DEBUG;VALIDATION,INFO;VISUALFORCE,INFO;WAVE,INFO;WORKFLOW,INFO
20:53:38.0 (384793)|USER_INFO|[EXTERNAL]|0050Y000000d4Kn|shizhaolee@gmail.com|Greenwich Mean Time|GMTZ
20:53:38.0 (413179)|EXECUTION_STARTED
20:53:38.0 (417663)|CODE_UNIT_STARTED|[EXTERNAL]|0660Y000001V39Z|VF: /apex/DragForce
20:53:38.0 (2836981)|SYSTEM_MODE_ENTER|true
20:53:38.0 (3134420)|HEAP_ALLOCATE|[72]|Bytes:3
20:53:38.0 (3178502)|HEAP_ALLOCATE|[77]|Bytes:152
20:53:38.0 (3193389)|HEAP_ALLOCATE|[342]|Bytes:408
20:53:38.0 (3213351)|HEAP_ALLOCATE|[355]|Bytes:408
20:53:38.0 (3226586)|HEAP_ALLOCATE|[467]|Bytes:48
20:53:38.0 (3253888)|HEAP_ALLOCATE|[139]|Bytes:6
20:53:38.0 (3325190)|HEAP_ALLOCATE|[EXTERNAL]|Bytes:232
20:53:38.0 (3329613)|HEAP_ALLOCATE|[EXTERNAL]|Bytes:33
20:53:38.0 (3331773)|HEAP_ALLOCATE|[EXTERNAL]|Bytes:5
20:53:38.0 (3340394)|METHOD_ENTRY|[1]|01p0Y000009c27r|custable.custable()
20:53:38.0 (3343684)|STATEMENT_EXECUTE|[1]
20:53:38.0 (3349245)|STATEMENT_EXECUTE|[1]
20:53:38.0 (3382075)|HEAP_ALLOCATE|[50]|Bytes:5
20:53:38.0 (3404871)|HEAP_ALLOCATE|[56]|Bytes:5
20:53:38.0 (3410894)|HEAP_ALLOCATE|[64]|Bytes:7
20:53:38.0 (3425762)|SYSTEM_MODE_ENTER|false
20:53:38.0 (3439016)|HEAP_ALLOCATE|[EXTERNAL]|Bytes:5
20:53:38.0 (3444877)|SYSTEM_MODE_EXIT|false
20:53:38.0 (3451636)|METHOD_EXIT|[1]|custable
20:53:38.0 (3456234)|HEAP_ALLOCATE|[EXTERNAL]|Bytes:52
20:53:38.0 (3461556)|VARIABLE_SCOPE_BEGIN|[21]|this|custable|true|false
20:53:38.0 (3514508)|VARIABLE_ASSIGNMENT|[21]|this|{}|0x3bff31fd
20:53:38.0 (3522754)|SYSTEM_MODE_ENTER|false
20:53:38.0 (3526671)|HEAP_ALLOCATE|[23]|Bytes:5
20:53:38.0 (3529443)|STATEMENT_EXECUTE|[1]
20:53:38.0 (3531499)|HEAP_ALLOCATE|[23]|Bytes:5
20:53:38.0 (3533084)|STATEMENT_EXECUTE|[3]
20:53:38.0 (3534909)|STATEMENT_EXECUTE|[4]
20:53:38.0 (3535841)|STATEMENT_EXECUTE|[5]
20:53:38.0 (3536960)|STATEMENT_EXECUTE|[7]
20:53:38.0 (3537965)|STATEMENT_EXECUTE|[9]
20:53:38.0 (3538941)|STATEMENT_EXECUTE|[10]
20:53:38.0 (3540185)|STATEMENT_EXECUTE|[12]
20:53:38.0 (3541285)|STATEMENT_EXECUTE|[13]
20:53:38.0 (3542380)|STATEMENT_EXECUTE|[15]
20:53:38.0 (3543270)|STATEMENT_EXECUTE|[16]
20:53:38.0 (3544273)|STATEMENT_EXECUTE|[18]
20:53:38.0 (3545158)|STATEMENT_EXECUTE|[19]
20:53:38.0 (3552447)|HEAP_ALLOCATE|[23]|Bytes:6
20:53:38.0 (3567983)|STATEMENT_EXECUTE|[21]
20:53:38.0 (3569222)|STATEMENT_EXECUTE|[23]
20:53:38.0 (3571286)|HEAP_ALLOCATE|[23]|Bytes:50
20:53:38.0 (3581839)|HEAP_ALLOCATE|[23]|Bytes:4
20:53:38.0 (3607082)|HEAP_ALLOCATE|[23]|Bytes:7
20:53:38.0 (3654503)|VARIABLE_ASSIGNMENT|[EXTERNAL]|this|{}|0x3bff31fd
20:53:38.0 (3919870)|SOQL_EXECUTE_BEGIN|[23]|Aggregations:0|SELECT Id, Name FROM Account WHERE Type = :tmpVar1
20:53:38.0 (6022065)|SOQL_EXECUTE_END|[23]|Rows:1
20:53:38.0 (6056380)|HEAP_ALLOCATE|[23]|Bytes:8
20:53:38.0 (6076704)|HEAP_ALLOCATE|[23]|Bytes:43
20:53:38.0 (6184427)|HEAP_ALLOCATE|[23]|Bytes:8
20:53:38.0 (6236257)|VARIABLE_ASSIGNMENT|[EXTERNAL]|this|{}|0x3bff31fd
20:53:38.0 (6258001)|VARIABLE_ASSIGNMENT|[EXTERNAL]|value|[{"Id":"0010Y000005IkYFQA0","Name":"sForce"}]|0x58daf3fa
20:53:38.0 (6270409)|VARIABLE_ASSIGNMENT|[9]|this.Acclst|[{"Id":"0010Y000005IkYFQA0","Name":"sForce"}]|0x3bff31fd
20:53:38.0 (6277497)|STATEMENT_EXECUTE|[24]
20:53:38.0 (6281846)|HEAP_ALLOCATE|[24]|Bytes:62
20:53:38.0 (6287831)|HEAP_ALLOCATE|[24]|Bytes:4
20:53:38.0 (6456043)|SOQL_EXECUTE_BEGIN|[24]|Aggregations:0|SELECT Id, Company, Status FROM lead WHERE Status LIKE 'Open%'
20:53:38.0 (9456086)|SOQL_EXECUTE_END|[24]|Rows:4
20:53:38.0 (9470914)|HEAP_ALLOCATE|[24]|Bytes:20
20:53:38.0 (9489204)|HEAP_ALLOCATE|[24]|Bytes:348
20:53:38.0 (9528740)|HEAP_ALLOCATE|[24]|Bytes:20
20:53:38.0 (9574898)|VARIABLE_ASSIGNMENT|[EXTERNAL]|this|{"Acclst":"0x58daf3fa"}|0x3bff31fd
20:53:38.0 (9605214)|VARIABLE_ASSIGNMENT|[EXTERNAL]|value|[{"Id":"00Q0Y000001a6NfUAI","Company":"company1","Status":"Open - Not Contacted"},{"Id":"00Q0Y0000025YrTUAU","Company":"Abbott Insurance","Status":"Open - Not Contacted"},{"Id":"00Q0Y0000025YrUUAU","Company":"Jackson Controls","Status":"Open - Not Contacted"},{"Id":"00Q0Y0000025YrVUAU","Company":"Metropolitan Health  (8 more) ...","Status":"Open - Not Contacted"}]|0x553c9b1b
20:53:38.0 (9625570)|VARIABLE_ASSIGNMENT|[15]|this.leads|[{"Id":"00Q0Y000001a6NfUAI","Company":"company1","Status":"Open - Not Contacted"},{"Id":"00Q0Y0000025YrTUAU","Company":"Abbott Insurance","Status":"Open - Not Contacted"},{"Id":"00Q0Y0000025YrUUAU","Company":"Jackson Controls","Status":"Open - Not Contacted"},{"Id":"00Q0Y0000025YrVUAU","Company":"Metropolitan Health  (8 more) ...","Status":"Open - Not Contacted"}]|0x3bff31fd
20:53:38.0 (9633790)|STATEMENT_EXECUTE|[25]
20:53:38.0 (9637579)|HEAP_ALLOCATE|[25]|Bytes:90
20:53:38.0 (9643140)|HEAP_ALLOCATE|[25]|Bytes:4
20:53:38.0 (9812884)|SOQL_EXECUTE_BEGIN|[25]|Aggregations:0|SELECT Id, name, Description, StageName, CloseDate FROM Opportunity WHERE IsClosed = FALSE
20:53:38.0 (12602289)|SOQL_EXECUTE_END|[25]|Rows:13
20:53:38.0 (12616915)|HEAP_ALLOCATE|[25]|Bytes:56
20:53:38.0 (12637111)|HEAP_ALLOCATE|[25]|Bytes:1486
20:53:38.0 (12674242)|HEAP_ALLOCATE|[25]|Bytes:56
20:53:38.0 (12722185)|VARIABLE_ASSIGNMENT|[EXTERNAL]|this|{"Acclst":"0x58daf3fa","leads":"0x553c9b1b"}|0x3bff31fd
20:53:38.0 (12730393)|VARIABLE_ASSIGNMENT|[EXTERNAL]|value|"List of size 13 too large to display"|0x6ea6c473
20:53:38.0 (12739182)|VARIABLE_ASSIGNMENT|[18]|this.opportunities|"List of size 13 too large to display"|0x3bff31fd
20:53:38.0 (12745425)|STATEMENT_EXECUTE|[27]
20:53:38.0 (12781749)|VARIABLE_ASSIGNMENT|[EXTERNAL]|this|{"Acclst":"0x58daf3fa","leads":"0x553c9b1b","opportunities":"0x6ea6c473"}|0x3bff31fd
20:53:38.0 (12890915)|USER_DEBUG|[27]|DEBUG|(Lead:{Id=00Q0Y000001a6NfUAI, Company=company1, Status=Open - Not Contacted}, Lead:{Id=00Q0Y0000025YrTUAU, Company=Abbott Insurance, Status=Open - Not Contacted}, Lead:{Id=00Q0Y0000025YrUUAU, Company=Jackson Controls, Status=Open - Not Contacted}, Lead:{Id=00Q0Y0000025YrVUAU, Company=Metropolitan Health Services, Status=Open - Not Contacted})
20:53:38.0 (12903227)|STATEMENT_EXECUTE|[28]
20:53:38.0 (12961963)|VARIABLE_ASSIGNMENT|[EXTERNAL]|this|{"Acclst":"0x58daf3fa","leads":"0x553c9b1b","opportunities":"0x6ea6c473"}|0x3bff31fd
20:53:38.0 (12968460)|VARIABLE_ASSIGNMENT|[EXTERNAL]|value|null|
20:53:38.0 (12975166)|VARIABLE_ASSIGNMENT|[12]|this.contacts|null|0x3bff31fd
20:53:38.0 (12984602)|SYSTEM_MODE_EXIT|false
20:53:38.0 (13038113)|SYSTEM_MODE_ENTER|true
20:53:38.0 (13426836)|SYSTEM_MODE_ENTER|true
20:53:38.0 (13794186)|SYSTEM_MODE_ENTER|true
20:53:38.0 (39161450)|VF_SERIALIZE_VIEWSTATE_BEGIN|0660Y000001V39Z
20:53:38.0 (42008410)|VF_SERIALIZE_VIEWSTATE_END
20:53:38.45 (45091179)|CUMULATIVE_LIMIT_USAGE
20:53:38.45 (45091179)|LIMIT_USAGE_FOR_NS|(default)|
  Number of SOQL queries: 3 out of 100
  Number of query rows: 18 out of 50000
  Number of SOSL queries: 0 out of 20
  Number of DML statements: 0 out of 150
  Number of DML rows: 0 out of 10000
  Maximum CPU time: 0 out of 10000
  Maximum heap size: 0 out of 6000000
  Number of callouts: 0 out of 100
  Number of Email Invocations: 0 out of 10
  Number of future calls: 0 out of 50
  Number of queueable jobs added to the queue: 0 out of 50
  Number of Mobile Apex push calls: 0 out of 10

20:53:38.45 (45091179)|CUMULATIVE_LIMIT_USAGE_END

20:53:38.0 (45124255)|CODE_UNIT_FINISHED|VF: /apex/DragForce
20:53:38.0 (45874265)|EXECUTION_FINISHED
