38.0 APEX_CODE,FINEST;APEX_PROFILING,INFO;CALLOUT,INFO;DB,INFO;SYSTEM,DEBUG;VALIDATION,INFO;VISUALFORCE,INFO;WAVE,INFO;WORKFLOW,INFO
22:01:45.0 (287186)|USER_INFO|[EXTERNAL]|0050Y000000d4Kn|shizhaolee@gmail.com|Greenwich Mean Time|GMTZ
22:01:45.0 (311208)|EXECUTION_STARTED
22:01:45.0 (315257)|CODE_UNIT_STARTED|[EXTERNAL]|0660Y000001V39Z|VF: /apex/DragForce
22:01:45.0 (3035522)|SYSTEM_MODE_ENTER|true
22:01:45.0 (3568822)|HEAP_ALLOCATE|[72]|Bytes:3
22:01:45.0 (3688842)|HEAP_ALLOCATE|[77]|Bytes:152
22:01:45.0 (3704078)|HEAP_ALLOCATE|[342]|Bytes:408
22:01:45.0 (3718956)|HEAP_ALLOCATE|[355]|Bytes:408
22:01:45.0 (3732489)|HEAP_ALLOCATE|[467]|Bytes:48
22:01:45.0 (3808848)|HEAP_ALLOCATE|[139]|Bytes:6
22:01:45.0 (3824411)|HEAP_ALLOCATE|[EXTERNAL]|Bytes:148
22:01:45.0 (3859262)|HEAP_ALLOCATE|[EXTERNAL]|Bytes:16
22:01:45.0 (3887381)|METHOD_ENTRY|[1]|01p0Y000009c27r|custable.custable()
22:01:45.0 (3890963)|STATEMENT_EXECUTE|[1]
22:01:45.0 (3896222)|STATEMENT_EXECUTE|[1]
22:01:45.0 (3930322)|HEAP_ALLOCATE|[50]|Bytes:5
22:01:45.0 (3953515)|HEAP_ALLOCATE|[56]|Bytes:5
22:01:45.0 (3959447)|HEAP_ALLOCATE|[64]|Bytes:7
22:01:45.0 (3975426)|SYSTEM_MODE_ENTER|false
22:01:45.0 (3988083)|HEAP_ALLOCATE|[EXTERNAL]|Bytes:5
22:01:45.0 (3994208)|SYSTEM_MODE_EXIT|false
22:01:45.0 (4028124)|METHOD_EXIT|[1]|custable
22:01:45.0 (4056525)|HEAP_ALLOCATE|[EXTERNAL]|Bytes:24
22:01:45.0 (4064325)|VARIABLE_SCOPE_BEGIN|[11]|this|custable|true|false
22:01:45.0 (4135111)|VARIABLE_ASSIGNMENT|[11]|this|{}|0x9f65f04
22:01:45.0 (4145926)|SYSTEM_MODE_ENTER|false
22:01:45.0 (4150754)|HEAP_ALLOCATE|[13]|Bytes:5
22:01:45.0 (4154073)|STATEMENT_EXECUTE|[1]
22:01:45.0 (4156275)|HEAP_ALLOCATE|[13]|Bytes:5
22:01:45.0 (4157724)|STATEMENT_EXECUTE|[3]
22:01:45.0 (4158975)|STATEMENT_EXECUTE|[5]
22:01:45.0 (4160006)|STATEMENT_EXECUTE|[6]
22:01:45.0 (4160905)|STATEMENT_EXECUTE|[7]
22:01:45.0 (4162107)|STATEMENT_EXECUTE|[9]
22:01:45.0 (4170214)|HEAP_ALLOCATE|[13]|Bytes:6
22:01:45.0 (4189354)|STATEMENT_EXECUTE|[11]
22:01:45.0 (4190828)|STATEMENT_EXECUTE|[13]
22:01:45.0 (4193530)|HEAP_ALLOCATE|[13]|Bytes:28
22:01:45.0 (4202889)|HEAP_ALLOCATE|[13]|Bytes:4
22:01:45.0 (4418666)|SOQL_EXECUTE_BEGIN|[13]|Aggregations:0|SELECT Id, Name FROM Account
22:01:45.0 (6420398)|SOQL_EXECUTE_END|[13]|Rows:15
22:01:45.0 (6437223)|HEAP_ALLOCATE|[13]|Bytes:64
22:01:45.0 (6470805)|HEAP_ALLOCATE|[13]|Bytes:823
22:01:45.0 (6504451)|HEAP_ALLOCATE|[13]|Bytes:64
22:01:45.0 (6600469)|VARIABLE_ASSIGNMENT|[EXTERNAL]|this|{}|0x9f65f04
22:01:45.0 (6624836)|VARIABLE_ASSIGNMENT|[EXTERNAL]|value|"List of size 15 too large to display"|0x39a3830c
22:01:45.0 (6641403)|VARIABLE_ASSIGNMENT|[6]|this.Acclst|"List of size 15 too large to display"|0x9f65f04
22:01:45.0 (6672074)|STATEMENT_EXECUTE|[14]
22:01:45.0 (6732550)|VARIABLE_ASSIGNMENT|[EXTERNAL]|this|{"Acclst":"0x39a3830c"}|0x9f65f04
22:01:45.0 (6738658)|VARIABLE_ASSIGNMENT|[EXTERNAL]|value|null|
22:01:45.0 (6745387)|VARIABLE_ASSIGNMENT|[9]|this.contacts|null|0x9f65f04
22:01:45.0 (6754084)|SYSTEM_MODE_EXIT|false
22:01:45.0 (6821195)|SYSTEM_MODE_ENTER|true
22:01:45.0 (7629683)|SYSTEM_MODE_ENTER|true
22:01:45.0 (29047959)|VF_SERIALIZE_VIEWSTATE_BEGIN|0660Y000001V39Z
22:01:45.0 (32323606)|VF_SERIALIZE_VIEWSTATE_END
22:01:45.35 (35818940)|CUMULATIVE_LIMIT_USAGE
22:01:45.35 (35818940)|LIMIT_USAGE_FOR_NS|(default)|
  Number of SOQL queries: 1 out of 100
  Number of query rows: 15 out of 50000
  Number of SOSL queries: 0 out of 20
  Number of DML statements: 0 out of 150
  Number of DML rows: 0 out of 10000
  Maximum CPU time: 0 out of 10000
  Maximum heap size: 0 out of 6000000
  Number of callouts: 0 out of 100
  Number of Email Invocations: 0 out of 10
  Number of future calls: 0 out of 50
  Number of queueable jobs added to the queue: 0 out of 50
  Number of Mobile Apex push calls: 0 out of 10

22:01:45.35 (35818940)|CUMULATIVE_LIMIT_USAGE_END

22:01:45.0 (35852684)|CODE_UNIT_FINISHED|VF: /apex/DragForce
22:01:45.0 (36662600)|EXECUTION_FINISHED
