39.0 APEX_CODE,FINEST;APEX_PROFILING,INFO;CALLOUT,INFO;DB,INFO;SYSTEM,DEBUG;VALIDATION,INFO;VISUALFORCE,INFO;WAVE,INFO;WORKFLOW,INFO
21:17:12.0 (397614)|USER_INFO|[EXTERNAL]|0050Y000000d4Kn|shizhaolee@gmail.com|Greenwich Mean Time|GMTZ
21:17:12.0 (431094)|EXECUTION_STARTED
21:17:12.0 (435358)|CODE_UNIT_STARTED|[EXTERNAL]|0660Y000002bH2M|VF: /apex/FYPTest
21:17:12.0 (1066898)|VF_DESERIALIZE_VIEWSTATE_BEGIN|0660Y000002bH2M
21:17:12.0 (8685895)|HEAP_ALLOCATE|[72]|Bytes:3
21:17:12.0 (8756715)|HEAP_ALLOCATE|[77]|Bytes:152
21:17:12.0 (8768057)|HEAP_ALLOCATE|[342]|Bytes:408
21:17:12.0 (8781106)|HEAP_ALLOCATE|[355]|Bytes:408
21:17:12.0 (8791765)|HEAP_ALLOCATE|[467]|Bytes:48
21:17:12.0 (8861995)|HEAP_ALLOCATE|[139]|Bytes:6
21:17:12.0 (10723264)|VF_DESERIALIZE_VIEWSTATE_END
21:17:12.0 (11657305)|SYSTEM_MODE_ENTER|true
21:17:12.0 (11843625)|HEAP_ALLOCATE|[EXTERNAL]|Bytes:152
21:17:12.0 (11872188)|HEAP_ALLOCATE|[EXTERNAL]|Bytes:16
21:17:12.0 (11898613)|METHOD_ENTRY|[1]|01p0Y000009c27r|custable.custable()
21:17:12.0 (11903242)|STATEMENT_EXECUTE|[1]
21:17:12.0 (11908178)|STATEMENT_EXECUTE|[1]
21:17:12.0 (11944613)|HEAP_ALLOCATE|[50]|Bytes:5
21:17:12.0 (11978733)|HEAP_ALLOCATE|[56]|Bytes:5
21:17:12.0 (11988032)|HEAP_ALLOCATE|[64]|Bytes:7
21:17:12.0 (12006828)|SYSTEM_MODE_ENTER|false
21:17:12.0 (12019611)|HEAP_ALLOCATE|[EXTERNAL]|Bytes:5
21:17:12.0 (12025527)|SYSTEM_MODE_EXIT|false
21:17:12.0 (12049026)|METHOD_EXIT|[1]|custable
21:17:12.0 (12964423)|SYSTEM_MODE_ENTER|true
21:17:12.0 (14016259)|SYSTEM_MODE_ENTER|true
21:17:12.0 (14049563)|HEAP_ALLOCATE|[EXTERNAL]|Bytes:18
21:17:12.0 (14058620)|HEAP_ALLOCATE|[EXTERNAL]|Bytes:24
21:17:12.0 (14096862)|VARIABLE_ASSIGNMENT|[EXTERNAL]|this.recid|"0010Y000005IkY8QAK"|0x38a60efe
21:17:12.0 (14462002)|HEAP_ALLOCATE|[EXTERNAL]|Bytes:24
21:17:12.0 (14515162)|VARIABLE_SCOPE_BEGIN|[29]|this|custable|true|false
21:17:12.0 (14571739)|VARIABLE_ASSIGNMENT|[29]|this|{"Acclst":"0x421aa027","contacts":"0x11e37282","recid":"0010Y000005IkY8QAK"}|0x38a60efe
21:17:12.0 (14585281)|SYSTEM_MODE_ENTER|false
21:17:12.0 (14591673)|HEAP_ALLOCATE|[31]|Bytes:5
21:17:12.0 (14596286)|STATEMENT_EXECUTE|[30]
21:17:12.0 (14602508)|STATEMENT_EXECUTE|[31]
21:17:12.0 (14606211)|HEAP_ALLOCATE|[31]|Bytes:70
21:17:12.0 (14615981)|HEAP_ALLOCATE|[31]|Bytes:4
21:17:12.0 (14636890)|HEAP_ALLOCATE|[31]|Bytes:7
21:17:12.0 (14733663)|VARIABLE_ASSIGNMENT|[EXTERNAL]|this|{"Acclst":"0x421aa027","contacts":"0x11e37282","recid":"0010Y000005IkY8QAK"}|0x38a60efe
21:17:12.0 (15943515)|SOQL_EXECUTE_BEGIN|[31]|Aggregations:0|SELECT id, FirstName, LastName FROM Contact WHERE AccountId = :tmpVar1
21:17:12.0 (18620550)|SOQL_EXECUTE_END|[31]|Rows:2
21:17:12.0 (18635185)|HEAP_ALLOCATE|[31]|Bytes:12
21:17:12.0 (18655499)|HEAP_ALLOCATE|[31]|Bytes:123
21:17:12.0 (18692196)|HEAP_ALLOCATE|[31]|Bytes:12
21:17:12.0 (18755954)|VARIABLE_ASSIGNMENT|[EXTERNAL]|this|{"Acclst":"0x421aa027","contacts":"0x11e37282","recid":"0010Y000005IkY8QAK"}|0x38a60efe
21:17:12.0 (18777249)|VARIABLE_ASSIGNMENT|[EXTERNAL]|value|[{"Id":"0030Y000002vPBLQA2","FirstName":"Tim","LastName":"Barr"},{"Id":"0030Y000002vPBMQA2","FirstName":"John","LastName":"Bond"}]|0x494f09a7
21:17:12.0 (18808184)|VARIABLE_ASSIGNMENT|[9]|this.contacts|[{"Id":"0030Y000002vPBLQA2","FirstName":"Tim","LastName":"Barr"},{"Id":"0030Y000002vPBMQA2","FirstName":"John","LastName":"Bond"}]|0x38a60efe
21:17:12.0 (18821319)|SYSTEM_MODE_EXIT|false
21:17:12.0 (21301794)|SYSTEM_MODE_ENTER|true
21:17:12.0 (22948928)|SYSTEM_MODE_ENTER|true
21:17:12.0 (26886176)|VF_SERIALIZE_VIEWSTATE_BEGIN|0660Y000002bH2M
21:17:12.0 (36446699)|VF_SERIALIZE_VIEWSTATE_END
21:17:12.0 (49576876)|CODE_UNIT_STARTED|[EXTERNAL]|Generate Metadata
21:17:12.0 (51557617)|CODE_UNIT_FINISHED|Generate Metadata
21:17:12.53 (53960921)|CUMULATIVE_LIMIT_USAGE
21:17:12.53 (53960921)|LIMIT_USAGE_FOR_NS|(default)|
  Number of SOQL queries: 1 out of 100
  Number of query rows: 2 out of 50000
  Number of SOSL queries: 0 out of 20
  Number of DML statements: 0 out of 150
  Number of DML rows: 0 out of 10000
  Maximum CPU time: 0 out of 10000
  Maximum heap size: 0 out of 6000000
  Number of callouts: 0 out of 100
  Number of Email Invocations: 0 out of 10
  Number of future calls: 0 out of 50
  Number of queueable jobs added to the queue: 0 out of 50
  Number of Mobile Apex push calls: 0 out of 10

21:17:12.53 (53960921)|CUMULATIVE_LIMIT_USAGE_END

21:17:12.0 (53996881)|CODE_UNIT_FINISHED|VF: /apex/FYPTest
21:17:12.0 (54799877)|EXECUTION_FINISHED
