38.0 APEX_CODE,FINEST;APEX_PROFILING,INFO;CALLOUT,INFO;DB,INFO;SYSTEM,DEBUG;VALIDATION,INFO;VISUALFORCE,INFO;WAVE,INFO;WORKFLOW,INFO
22:38:31.0 (482203)|USER_INFO|[EXTERNAL]|0050Y000000d4Kn|shizhaolee@gmail.com|Greenwich Mean Time|GMTZ
22:38:31.0 (515402)|EXECUTION_STARTED
22:38:31.0 (520886)|CODE_UNIT_STARTED|[EXTERNAL]|0660Y000001V39Z|VF: /apex/DragForce
22:38:31.0 (1286435)|VF_DESERIALIZE_VIEWSTATE_BEGIN|0660Y000001V39Z
22:38:31.0 (9070519)|HEAP_ALLOCATE|[72]|Bytes:3
22:38:31.0 (9108419)|HEAP_ALLOCATE|[77]|Bytes:152
22:38:31.0 (9121561)|HEAP_ALLOCATE|[342]|Bytes:408
22:38:31.0 (9136575)|HEAP_ALLOCATE|[355]|Bytes:408
22:38:31.0 (9149488)|HEAP_ALLOCATE|[467]|Bytes:48
22:38:31.0 (9176122)|HEAP_ALLOCATE|[139]|Bytes:6
22:38:31.0 (11034213)|VF_DESERIALIZE_VIEWSTATE_END
22:38:31.0 (11947878)|SYSTEM_MODE_ENTER|true
22:38:31.0 (11981189)|HEAP_ALLOCATE|[EXTERNAL]|Bytes:148
22:38:31.0 (11987049)|HEAP_ALLOCATE|[EXTERNAL]|Bytes:16
22:38:31.0 (11995977)|METHOD_ENTRY|[1]|01p0Y000009c27r|custable.custable()
22:38:31.0 (11999369)|STATEMENT_EXECUTE|[1]
22:38:31.0 (12004180)|STATEMENT_EXECUTE|[1]
22:38:31.0 (12037724)|HEAP_ALLOCATE|[50]|Bytes:5
22:38:31.0 (12059580)|HEAP_ALLOCATE|[56]|Bytes:5
22:38:31.0 (12067194)|HEAP_ALLOCATE|[64]|Bytes:7
22:38:31.0 (12084763)|SYSTEM_MODE_ENTER|false
22:38:31.0 (12097230)|HEAP_ALLOCATE|[EXTERNAL]|Bytes:5
22:38:31.0 (12103592)|SYSTEM_MODE_EXIT|false
22:38:31.0 (12111252)|METHOD_EXIT|[1]|custable
22:38:31.0 (12850375)|SYSTEM_MODE_ENTER|true
22:38:31.0 (13806889)|SYSTEM_MODE_ENTER|true
22:38:31.0 (13842960)|HEAP_ALLOCATE|[EXTERNAL]|Bytes:18
22:38:31.0 (13853014)|HEAP_ALLOCATE|[EXTERNAL]|Bytes:24
22:38:31.0 (13885444)|VARIABLE_ASSIGNMENT|[EXTERNAL]|this.recid|"0010Y000005IkYFQA0"|0x50b6f8f1
22:38:31.0 (14242263)|HEAP_ALLOCATE|[EXTERNAL]|Bytes:24
22:38:31.0 (14253297)|VARIABLE_SCOPE_BEGIN|[29]|this|custable|true|false
22:38:31.0 (14297926)|VARIABLE_ASSIGNMENT|[29]|this|{"Acclst":"0x16e3a4e2","contacts":"0x349e2914","recid":"0010Y000005IkYFQA0"}|0x50b6f8f1
22:38:31.0 (14310915)|SYSTEM_MODE_ENTER|false
22:38:31.0 (14321906)|HEAP_ALLOCATE|[31]|Bytes:5
22:38:31.0 (14325553)|STATEMENT_EXECUTE|[30]
22:38:31.0 (14326901)|STATEMENT_EXECUTE|[31]
22:38:31.0 (14329064)|HEAP_ALLOCATE|[31]|Bytes:70
22:38:31.0 (14338594)|HEAP_ALLOCATE|[31]|Bytes:4
22:38:31.0 (14349126)|HEAP_ALLOCATE|[31]|Bytes:7
22:38:31.0 (14393198)|VARIABLE_ASSIGNMENT|[EXTERNAL]|this|{"Acclst":"0x16e3a4e2","contacts":"0x349e2914","recid":"0010Y000005IkYFQA0"}|0x50b6f8f1
22:38:31.0 (15492392)|SOQL_EXECUTE_BEGIN|[31]|Aggregations:0|SELECT id, FirstName, LastName FROM Contact WHERE AccountId = :tmpVar1
22:38:31.0 (19357908)|SOQL_EXECUTE_END|[31]|Rows:2
22:38:31.0 (19383333)|HEAP_ALLOCATE|[31]|Bytes:12
22:38:31.0 (19405680)|HEAP_ALLOCATE|[31]|Bytes:135
22:38:31.0 (19455345)|HEAP_ALLOCATE|[31]|Bytes:12
22:38:31.0 (19546304)|VARIABLE_ASSIGNMENT|[EXTERNAL]|this|{"Acclst":"0x16e3a4e2","contacts":"0x349e2914","recid":"0010Y000005IkYFQA0"}|0x50b6f8f1
22:38:31.0 (19567076)|VARIABLE_ASSIGNMENT|[EXTERNAL]|value|[{"Id":"0030Y000002vPBYQA2","FirstName":"Siddartha","LastName":"Nedaerk"},{"Id":"0030Y000002vPBZQA2","FirstName":"Jake","LastName":"Llorrac"}]|0x1a4052ac
22:38:31.0 (19582231)|VARIABLE_ASSIGNMENT|[9]|this.contacts|[{"Id":"0030Y000002vPBYQA2","FirstName":"Siddartha","LastName":"Nedaerk"},{"Id":"0030Y000002vPBZQA2","FirstName":"Jake","LastName":"Llorrac"}]|0x50b6f8f1
22:38:31.0 (19595177)|SYSTEM_MODE_EXIT|false
22:38:31.0 (38512807)|SYSTEM_MODE_ENTER|true
22:38:31.0 (40478937)|SYSTEM_MODE_ENTER|true
22:38:31.0 (44193412)|VF_SERIALIZE_VIEWSTATE_BEGIN|0660Y000001V39Z
22:38:31.0 (46401825)|VF_SERIALIZE_VIEWSTATE_END
22:38:31.49 (49576037)|CUMULATIVE_LIMIT_USAGE
22:38:31.49 (49576037)|LIMIT_USAGE_FOR_NS|(default)|
  Number of SOQL queries: 1 out of 100
  Number of query rows: 2 out of 50000
  Number of SOSL queries: 0 out of 20
  Number of DML statements: 0 out of 150
  Number of DML rows: 0 out of 10000
  Maximum CPU time: 0 out of 10000
  Maximum heap size: 0 out of 6000000
  Number of callouts: 0 out of 100
  Number of Email Invocations: 0 out of 10
  Number of future calls: 0 out of 50
  Number of queueable jobs added to the queue: 0 out of 50
  Number of Mobile Apex push calls: 0 out of 10

22:38:31.49 (49576037)|CUMULATIVE_LIMIT_USAGE_END

22:38:31.0 (49610016)|CODE_UNIT_FINISHED|VF: /apex/DragForce
22:38:31.0 (50451225)|EXECUTION_FINISHED
