39.0 APEX_CODE,FINEST;APEX_PROFILING,INFO;CALLOUT,INFO;DB,INFO;SYSTEM,DEBUG;VALIDATION,INFO;VISUALFORCE,INFO;WAVE,INFO;WORKFLOW,INFO
21:15:17.0 (70416)|USER_INFO|[EXTERNAL]|0050Y000000d4Kn|shizhaolee@gmail.com|Greenwich Mean Time|GMTZ
21:15:17.0 (100322)|EXECUTION_STARTED
21:15:17.0 (104049)|CODE_UNIT_STARTED|[EXTERNAL]|0660Y000002bH2M|VF: /apex/FYPTest
21:15:17.0 (4951502)|SYSTEM_MODE_ENTER|true
21:15:17.0 (5284061)|HEAP_ALLOCATE|[72]|Bytes:3
21:15:17.0 (5321164)|HEAP_ALLOCATE|[77]|Bytes:152
21:15:17.0 (5336330)|HEAP_ALLOCATE|[342]|Bytes:408
21:15:17.0 (5350061)|HEAP_ALLOCATE|[355]|Bytes:408
21:15:17.0 (5364554)|HEAP_ALLOCATE|[467]|Bytes:48
21:15:17.0 (5391464)|HEAP_ALLOCATE|[139]|Bytes:6
21:15:17.0 (5404663)|HEAP_ALLOCATE|[EXTERNAL]|Bytes:152
21:15:17.0 (5409037)|HEAP_ALLOCATE|[EXTERNAL]|Bytes:16
21:15:17.0 (5416651)|METHOD_ENTRY|[1]|01p0Y000009c27r|custable.custable()
21:15:17.0 (5420660)|STATEMENT_EXECUTE|[1]
21:15:17.0 (5425874)|STATEMENT_EXECUTE|[1]
21:15:17.0 (5456578)|HEAP_ALLOCATE|[50]|Bytes:5
21:15:17.0 (5475200)|HEAP_ALLOCATE|[56]|Bytes:5
21:15:17.0 (5480543)|HEAP_ALLOCATE|[64]|Bytes:7
21:15:17.0 (5492720)|SYSTEM_MODE_ENTER|false
21:15:17.0 (5501662)|HEAP_ALLOCATE|[EXTERNAL]|Bytes:5
21:15:17.0 (5508373)|SYSTEM_MODE_EXIT|false
21:15:17.0 (5513366)|METHOD_EXIT|[1]|custable
21:15:17.0 (5516991)|HEAP_ALLOCATE|[EXTERNAL]|Bytes:24
21:15:17.0 (5523616)|VARIABLE_SCOPE_BEGIN|[11]|this|custable|true|false
21:15:17.0 (5567458)|VARIABLE_ASSIGNMENT|[11]|this|{}|0x136fcf8
21:15:17.0 (5575659)|SYSTEM_MODE_ENTER|false
21:15:17.0 (5579635)|HEAP_ALLOCATE|[13]|Bytes:5
21:15:17.0 (5582700)|STATEMENT_EXECUTE|[1]
21:15:17.0 (5585241)|HEAP_ALLOCATE|[13]|Bytes:5
21:15:17.0 (5587059)|STATEMENT_EXECUTE|[3]
21:15:17.0 (5588245)|STATEMENT_EXECUTE|[5]
21:15:17.0 (5589509)|STATEMENT_EXECUTE|[6]
21:15:17.0 (5590491)|STATEMENT_EXECUTE|[7]
21:15:17.0 (5591487)|STATEMENT_EXECUTE|[9]
21:15:17.0 (5598051)|HEAP_ALLOCATE|[13]|Bytes:6
21:15:17.0 (5617770)|STATEMENT_EXECUTE|[11]
21:15:17.0 (5619149)|STATEMENT_EXECUTE|[13]
21:15:17.0 (5621620)|HEAP_ALLOCATE|[13]|Bytes:28
21:15:17.0 (5630995)|HEAP_ALLOCATE|[13]|Bytes:4
21:15:17.0 (6121517)|SOQL_EXECUTE_BEGIN|[13]|Aggregations:0|SELECT Id, Name FROM Account
21:15:17.0 (8349022)|SOQL_EXECUTE_END|[13]|Rows:16
21:15:17.0 (8367956)|HEAP_ALLOCATE|[13]|Bytes:68
21:15:17.0 (8402514)|HEAP_ALLOCATE|[13]|Bytes:865
21:15:17.0 (8501313)|HEAP_ALLOCATE|[13]|Bytes:68
21:15:17.0 (8573099)|VARIABLE_ASSIGNMENT|[EXTERNAL]|this|{}|0x136fcf8
21:15:17.0 (8591038)|VARIABLE_ASSIGNMENT|[EXTERNAL]|value|"List of size 16 too large to display"|0x6b05928f
21:15:17.0 (8603412)|VARIABLE_ASSIGNMENT|[6]|this.Acclst|"List of size 16 too large to display"|0x136fcf8
21:15:17.0 (8612674)|STATEMENT_EXECUTE|[14]
21:15:17.0 (8710184)|VARIABLE_ASSIGNMENT|[EXTERNAL]|this|{"Acclst":"0x6b05928f"}|0x136fcf8
21:15:17.0 (8716418)|VARIABLE_ASSIGNMENT|[EXTERNAL]|value|null|
21:15:17.0 (8722637)|VARIABLE_ASSIGNMENT|[9]|this.contacts|null|0x136fcf8
21:15:17.0 (8732885)|SYSTEM_MODE_EXIT|false
21:15:17.0 (8796298)|SYSTEM_MODE_ENTER|true
21:15:17.0 (9690742)|SYSTEM_MODE_ENTER|true
21:15:17.0 (25443589)|VF_SERIALIZE_VIEWSTATE_BEGIN|0660Y000002bH2M
21:15:17.0 (35692239)|VF_SERIALIZE_VIEWSTATE_END
21:15:17.0 (46301556)|CODE_UNIT_STARTED|[EXTERNAL]|Generate Metadata
21:15:17.0 (47773182)|CODE_UNIT_FINISHED|Generate Metadata
21:15:17.50 (50025174)|CUMULATIVE_LIMIT_USAGE
21:15:17.50 (50025174)|LIMIT_USAGE_FOR_NS|(default)|
  Number of SOQL queries: 1 out of 100
  Number of query rows: 16 out of 50000
  Number of SOSL queries: 0 out of 20
  Number of DML statements: 0 out of 150
  Number of DML rows: 0 out of 10000
  Maximum CPU time: 0 out of 10000
  Maximum heap size: 0 out of 6000000
  Number of callouts: 0 out of 100
  Number of Email Invocations: 0 out of 10
  Number of future calls: 0 out of 50
  Number of queueable jobs added to the queue: 0 out of 50
  Number of Mobile Apex push calls: 0 out of 10

21:15:17.50 (50025174)|CUMULATIVE_LIMIT_USAGE_END

21:15:17.0 (50065139)|CODE_UNIT_FINISHED|VF: /apex/FYPTest
21:15:17.0 (50901670)|EXECUTION_FINISHED
