35.0 APEX_CODE,FINEST;APEX_PROFILING,INFO;CALLOUT,INFO;DB,INFO;SYSTEM,DEBUG;VALIDATION,INFO;VISUALFORCE,INFO;WAVE,INFO;WORKFLOW,INFO
21:44:20.0 (367503)|USER_INFO|[EXTERNAL]|0050Y000000d4Kn|shizhaolee@gmail.com|Greenwich Mean Time|GMTZ
21:44:20.0 (396193)|EXECUTION_STARTED
21:44:20.0 (400813)|CODE_UNIT_STARTED|[EXTERNAL]|0660Y000002bKaL|VF: /apex/lolSee
21:44:20.0 (15514385)|SYSTEM_MODE_ENTER|true
21:44:20.0 (15890425)|HEAP_ALLOCATE|[72]|Bytes:3
21:44:20.0 (15956713)|HEAP_ALLOCATE|[77]|Bytes:152
21:44:20.0 (15971064)|HEAP_ALLOCATE|[342]|Bytes:408
21:44:20.0 (15985496)|HEAP_ALLOCATE|[355]|Bytes:408
21:44:20.0 (15998607)|HEAP_ALLOCATE|[467]|Bytes:48
21:44:20.0 (16029470)|HEAP_ALLOCATE|[139]|Bytes:6
21:44:20.0 (16044138)|HEAP_ALLOCATE|[EXTERNAL]|Bytes:148
21:44:20.0 (16073313)|HEAP_ALLOCATE|[EXTERNAL]|Bytes:28
21:44:20.0 (16075712)|HEAP_ALLOCATE|[EXTERNAL]|Bytes:11
21:44:20.0 (16084124)|METHOD_ENTRY|[1]|01p0Y000009eh3l|dfDefault.dfDefault()
21:44:20.0 (16088600)|STATEMENT_EXECUTE|[1]
21:44:20.0 (16093246)|STATEMENT_EXECUTE|[1]
21:44:20.0 (16124771)|HEAP_ALLOCATE|[50]|Bytes:5
21:44:20.0 (16148286)|HEAP_ALLOCATE|[56]|Bytes:5
21:44:20.0 (16153828)|HEAP_ALLOCATE|[64]|Bytes:7
21:44:20.0 (16167077)|SYSTEM_MODE_ENTER|false
21:44:20.0 (16179216)|HEAP_ALLOCATE|[EXTERNAL]|Bytes:5
21:44:20.0 (16185225)|SYSTEM_MODE_EXIT|false
21:44:20.0 (16191926)|METHOD_EXIT|[1]|dfDefault
21:44:20.0 (16307961)|HEAP_ALLOCATE|[EXTERNAL]|Bytes:24
21:44:20.0 (16316256)|VARIABLE_SCOPE_BEGIN|[11]|this|dfDefault|true|false
21:44:20.0 (16378287)|VARIABLE_ASSIGNMENT|[11]|this|{}|0x257f9a82
21:44:20.0 (16387992)|SYSTEM_MODE_ENTER|false
21:44:20.0 (16393011)|HEAP_ALLOCATE|[13]|Bytes:5
21:44:20.0 (16396046)|STATEMENT_EXECUTE|[1]
21:44:20.0 (16398195)|HEAP_ALLOCATE|[13]|Bytes:5
21:44:20.0 (16399526)|STATEMENT_EXECUTE|[3]
21:44:20.0 (16400856)|STATEMENT_EXECUTE|[5]
21:44:20.0 (16401778)|STATEMENT_EXECUTE|[6]
21:44:20.0 (16402737)|STATEMENT_EXECUTE|[7]
21:44:20.0 (16403640)|STATEMENT_EXECUTE|[9]
21:44:20.0 (16411579)|HEAP_ALLOCATE|[13]|Bytes:6
21:44:20.0 (16430620)|STATEMENT_EXECUTE|[11]
21:44:20.0 (16432147)|STATEMENT_EXECUTE|[13]
21:44:20.0 (16434189)|HEAP_ALLOCATE|[13]|Bytes:28
21:44:20.0 (16443629)|HEAP_ALLOCATE|[13]|Bytes:4
21:44:20.0 (16866525)|SOQL_EXECUTE_BEGIN|[13]|Aggregations:0|SELECT Id, Name FROM Account
21:44:20.0 (18668933)|SOQL_EXECUTE_END|[13]|Rows:15
21:44:20.0 (18685972)|HEAP_ALLOCATE|[13]|Bytes:64
21:44:20.0 (18716104)|HEAP_ALLOCATE|[13]|Bytes:823
21:44:20.0 (18747674)|HEAP_ALLOCATE|[13]|Bytes:64
21:44:20.0 (18795341)|VARIABLE_ASSIGNMENT|[EXTERNAL]|this|{}|0x257f9a82
21:44:20.0 (18813621)|VARIABLE_ASSIGNMENT|[EXTERNAL]|value|"List of size 15 too large to display"|0x3b8bcde2
21:44:20.0 (18823885)|VARIABLE_ASSIGNMENT|[6]|this.Acclst|"List of size 15 too large to display"|0x257f9a82
21:44:20.0 (18830589)|STATEMENT_EXECUTE|[14]
21:44:20.0 (18876496)|VARIABLE_ASSIGNMENT|[EXTERNAL]|this|{"Acclst":"0x3b8bcde2"}|0x257f9a82
21:44:20.0 (18882678)|VARIABLE_ASSIGNMENT|[EXTERNAL]|value|null|
21:44:20.0 (18888224)|VARIABLE_ASSIGNMENT|[9]|this.contacts|null|0x257f9a82
21:44:20.0 (18895970)|SYSTEM_MODE_EXIT|false
21:44:20.20 (20459141)|CUMULATIVE_LIMIT_USAGE
21:44:20.20 (20459141)|LIMIT_USAGE_FOR_NS|(default)|
  Number of SOQL queries: 1 out of 100
  Number of query rows: 15 out of 50000
  Number of SOSL queries: 0 out of 20
  Number of DML statements: 0 out of 150
  Number of DML rows: 0 out of 10000
  Maximum CPU time: 0 out of 10000
  Maximum heap size: 0 out of 6000000
  Number of callouts: 0 out of 100
  Number of Email Invocations: 0 out of 10
  Number of future calls: 0 out of 50
  Number of queueable jobs added to the queue: 0 out of 50
  Number of Mobile Apex push calls: 0 out of 10

21:44:20.20 (20459141)|CUMULATIVE_LIMIT_USAGE_END

21:44:20.0 (20495302)|CODE_UNIT_FINISHED|VF: /apex/lolSee
21:44:20.0 (21290013)|EXECUTION_FINISHED
