38.0 APEX_CODE,FINEST;APEX_PROFILING,INFO;CALLOUT,INFO;DB,INFO;SYSTEM,DEBUG;VALIDATION,INFO;VISUALFORCE,INFO;WAVE,INFO;WORKFLOW,INFO
20:25:01.0 (365966)|USER_INFO|[EXTERNAL]|0050Y000000d4Kn|shizhaolee@gmail.com|Greenwich Mean Time|GMTZ
20:25:01.0 (402364)|EXECUTION_STARTED
20:25:01.0 (407710)|CODE_UNIT_STARTED|[EXTERNAL]|0660Y000001V39Z|VF: /apex/DragForce
20:25:01.0 (4467795)|SYSTEM_MODE_ENTER|true
20:25:01.0 (4801465)|HEAP_ALLOCATE|[72]|Bytes:3
20:25:01.0 (4827768)|HEAP_ALLOCATE|[77]|Bytes:152
20:25:01.0 (4841394)|HEAP_ALLOCATE|[342]|Bytes:408
20:25:01.0 (4855866)|HEAP_ALLOCATE|[355]|Bytes:408
20:25:01.0 (4868776)|HEAP_ALLOCATE|[467]|Bytes:48
20:25:01.0 (4893288)|HEAP_ALLOCATE|[139]|Bytes:6
20:25:01.0 (4906064)|HEAP_ALLOCATE|[EXTERNAL]|Bytes:220
20:25:01.0 (4910585)|HEAP_ALLOCATE|[EXTERNAL]|Bytes:28
20:25:01.0 (4913372)|HEAP_ALLOCATE|[EXTERNAL]|Bytes:2
20:25:01.0 (4921227)|METHOD_ENTRY|[1]|01p0Y000009c27r|custable.custable()
20:25:01.0 (4925238)|STATEMENT_EXECUTE|[1]
20:25:01.0 (4929831)|STATEMENT_EXECUTE|[1]
20:25:01.0 (4959310)|HEAP_ALLOCATE|[50]|Bytes:5
20:25:01.0 (4976387)|HEAP_ALLOCATE|[56]|Bytes:5
20:25:01.0 (4981655)|HEAP_ALLOCATE|[64]|Bytes:7
20:25:01.0 (4993675)|SYSTEM_MODE_ENTER|false
20:25:01.0 (5001078)|HEAP_ALLOCATE|[EXTERNAL]|Bytes:5
20:25:01.0 (5006841)|SYSTEM_MODE_EXIT|false
20:25:01.0 (5012317)|METHOD_EXIT|[1]|custable
20:25:01.0 (5075697)|HEAP_ALLOCATE|[EXTERNAL]|Bytes:48
20:25:01.0 (5083111)|VARIABLE_SCOPE_BEGIN|[20]|this|custable|true|false
20:25:01.0 (5161989)|VARIABLE_ASSIGNMENT|[20]|this|{}|0x662d9745
20:25:01.0 (5170879)|SYSTEM_MODE_ENTER|false
20:25:01.0 (5175078)|HEAP_ALLOCATE|[22]|Bytes:5
20:25:01.0 (5177932)|STATEMENT_EXECUTE|[1]
20:25:01.0 (5180255)|HEAP_ALLOCATE|[22]|Bytes:5
20:25:01.0 (5181711)|STATEMENT_EXECUTE|[3]
20:25:01.0 (5183046)|STATEMENT_EXECUTE|[4]
20:25:01.0 (5184143)|STATEMENT_EXECUTE|[6]
20:25:01.0 (5185023)|STATEMENT_EXECUTE|[8]
20:25:01.0 (5186088)|STATEMENT_EXECUTE|[9]
20:25:01.0 (5187085)|STATEMENT_EXECUTE|[11]
20:25:01.0 (5188148)|STATEMENT_EXECUTE|[12]
20:25:01.0 (5189030)|STATEMENT_EXECUTE|[14]
20:25:01.0 (5190330)|STATEMENT_EXECUTE|[15]
20:25:01.0 (5191321)|STATEMENT_EXECUTE|[17]
20:25:01.0 (5192414)|STATEMENT_EXECUTE|[18]
20:25:01.0 (5201373)|HEAP_ALLOCATE|[22]|Bytes:6
20:25:01.0 (5219262)|STATEMENT_EXECUTE|[20]
20:25:01.0 (5220768)|STATEMENT_EXECUTE|[22]
20:25:01.0 (5223099)|HEAP_ALLOCATE|[22]|Bytes:28
20:25:01.0 (5231291)|HEAP_ALLOCATE|[22]|Bytes:4
20:25:01.0 (5404762)|SOQL_EXECUTE_BEGIN|[22]|Aggregations:0|SELECT Id, Name FROM Account
20:25:01.0 (7469190)|SOQL_EXECUTE_END|[22]|Rows:12
20:25:01.0 (7487820)|HEAP_ALLOCATE|[22]|Bytes:52
20:25:01.0 (7519617)|HEAP_ALLOCATE|[22]|Bytes:698
20:25:01.0 (7557985)|HEAP_ALLOCATE|[22]|Bytes:52
20:25:01.0 (7635617)|VARIABLE_ASSIGNMENT|[EXTERNAL]|this|{}|0x662d9745
20:25:01.0 (7662704)|VARIABLE_ASSIGNMENT|[EXTERNAL]|value|"List of size 12 too large to display"|0x1b757266
20:25:01.0 (7680571)|VARIABLE_ASSIGNMENT|[8]|this.Acclst|"List of size 12 too large to display"|0x662d9745
20:25:01.0 (7692267)|STATEMENT_EXECUTE|[23]
20:25:01.0 (7697931)|HEAP_ALLOCATE|[23]|Bytes:63
20:25:01.0 (7705933)|HEAP_ALLOCATE|[23]|Bytes:4
20:25:01.0 (7713469)|HEAP_ALLOCATE|[23]|Bytes:7
20:25:01.0 (7784264)|VARIABLE_ASSIGNMENT|[EXTERNAL]|this|{"Acclst":"0x1b757266"}|0x662d9745
20:25:01.0 (8033771)|SOQL_EXECUTE_BEGIN|[23]|Aggregations:0|SELECT Id, Company, Status FROM lead WHERE Status LIKE :tmpVar1
20:25:01.0 (9482680)|SOQL_EXECUTE_END|[23]|Rows:0
20:25:01.0 (9502543)|HEAP_ALLOCATE|[23]|Bytes:4
20:25:01.0 (9511187)|HEAP_ALLOCATE|[23]|Bytes:0
20:25:01.0 (9539228)|HEAP_ALLOCATE|[23]|Bytes:4
20:25:01.0 (9613670)|VARIABLE_ASSIGNMENT|[EXTERNAL]|this|{"Acclst":"0x1b757266"}|0x662d9745
20:25:01.0 (9627062)|VARIABLE_ASSIGNMENT|[EXTERNAL]|value|[]|0x1681b9c2
20:25:01.0 (9640128)|VARIABLE_ASSIGNMENT|[14]|this.leads|[]|0x662d9745
20:25:01.0 (9649849)|STATEMENT_EXECUTE|[24]
20:25:01.0 (9655443)|HEAP_ALLOCATE|[24]|Bytes:90
20:25:01.0 (9663415)|HEAP_ALLOCATE|[24]|Bytes:4
20:25:01.0 (9919203)|SOQL_EXECUTE_BEGIN|[24]|Aggregations:0|SELECT Id, name, Description, StageName, CloseDate FROM Opportunity WHERE IsClosed = FALSE
20:25:01.0 (17558739)|SOQL_EXECUTE_END|[24]|Rows:13
20:25:01.0 (17585537)|HEAP_ALLOCATE|[24]|Bytes:56
20:25:01.0 (17617793)|HEAP_ALLOCATE|[24]|Bytes:1486
20:25:01.0 (17652005)|HEAP_ALLOCATE|[24]|Bytes:56
20:25:01.0 (17733816)|VARIABLE_ASSIGNMENT|[EXTERNAL]|this|{"Acclst":"0x1b757266","leads":"0x1681b9c2"}|0x662d9745
20:25:01.0 (17752146)|VARIABLE_ASSIGNMENT|[EXTERNAL]|value|"List of size 13 too large to display"|0x3b14efa8
20:25:01.0 (17769630)|VARIABLE_ASSIGNMENT|[17]|this.opportunities|"List of size 13 too large to display"|0x662d9745
20:25:01.0 (17781958)|STATEMENT_EXECUTE|[26]
20:25:01.0 (17855677)|VARIABLE_ASSIGNMENT|[EXTERNAL]|this|{"Acclst":"0x1b757266","leads":"0x1681b9c2","opportunities":"0x3b14efa8"}|0x662d9745
20:25:01.0 (17911672)|USER_DEBUG|[26]|DEBUG|()
20:25:01.0 (17922537)|STATEMENT_EXECUTE|[27]
20:25:01.0 (18011153)|VARIABLE_ASSIGNMENT|[EXTERNAL]|this|{"Acclst":"0x1b757266","leads":"0x1681b9c2","opportunities":"0x3b14efa8"}|0x662d9745
20:25:01.0 (18023212)|VARIABLE_ASSIGNMENT|[EXTERNAL]|value|null|
20:25:01.0 (18034364)|VARIABLE_ASSIGNMENT|[11]|this.contacts|null|0x662d9745
20:25:01.0 (18048496)|SYSTEM_MODE_EXIT|false
20:25:01.0 (18134560)|SYSTEM_MODE_ENTER|true
20:25:01.0 (19455757)|SYSTEM_MODE_ENTER|true
20:25:01.0 (19637272)|SYSTEM_MODE_ENTER|true
20:25:01.0 (56564545)|VF_SERIALIZE_VIEWSTATE_BEGIN|0660Y000001V39Z
20:25:01.0 (61495263)|VF_SERIALIZE_VIEWSTATE_END
20:25:01.65 (65268452)|CUMULATIVE_LIMIT_USAGE
20:25:01.65 (65268452)|LIMIT_USAGE_FOR_NS|(default)|
  Number of SOQL queries: 3 out of 100
  Number of query rows: 25 out of 50000
  Number of SOSL queries: 0 out of 20
  Number of DML statements: 0 out of 150
  Number of DML rows: 0 out of 10000
  Maximum CPU time: 0 out of 10000
  Maximum heap size: 0 out of 6000000
  Number of callouts: 0 out of 100
  Number of Email Invocations: 0 out of 10
  Number of future calls: 0 out of 50
  Number of queueable jobs added to the queue: 0 out of 50
  Number of Mobile Apex push calls: 0 out of 10

20:25:01.65 (65268452)|CUMULATIVE_LIMIT_USAGE_END

20:25:01.0 (65307260)|CODE_UNIT_FINISHED|VF: /apex/DragForce
20:25:01.0 (66296568)|EXECUTION_FINISHED
