38.0 APEX_CODE,FINEST;APEX_PROFILING,INFO;CALLOUT,INFO;DB,INFO;SYSTEM,DEBUG;VALIDATION,INFO;VISUALFORCE,INFO;WAVE,INFO;WORKFLOW,INFO
21:38:11.0 (309264)|USER_INFO|[EXTERNAL]|0050Y000000d4Kn|shizhaolee@gmail.com|Greenwich Mean Time|GMTZ
21:38:11.0 (335106)|EXECUTION_STARTED
21:38:11.0 (340243)|CODE_UNIT_STARTED|[EXTERNAL]|0660Y000001V39Z|VF: /apex/DragForce
21:38:11.0 (953846)|VF_DESERIALIZE_VIEWSTATE_BEGIN|0660Y000001V39Z
21:38:11.0 (7704341)|HEAP_ALLOCATE|[72]|Bytes:3
21:38:11.0 (7748436)|HEAP_ALLOCATE|[77]|Bytes:152
21:38:11.0 (7764090)|HEAP_ALLOCATE|[342]|Bytes:408
21:38:11.0 (7783227)|HEAP_ALLOCATE|[355]|Bytes:408
21:38:11.0 (7796894)|HEAP_ALLOCATE|[467]|Bytes:48
21:38:11.0 (7825625)|HEAP_ALLOCATE|[139]|Bytes:6
21:38:11.0 (10486361)|VF_DESERIALIZE_VIEWSTATE_END
21:38:11.0 (11413726)|SYSTEM_MODE_ENTER|true
21:38:11.0 (11446440)|HEAP_ALLOCATE|[EXTERNAL]|Bytes:148
21:38:11.0 (11452867)|HEAP_ALLOCATE|[EXTERNAL]|Bytes:28
21:38:11.0 (11455394)|HEAP_ALLOCATE|[EXTERNAL]|Bytes:11
21:38:11.0 (11463417)|METHOD_ENTRY|[1]|01p0Y000009eh3l|dfDefault.dfDefault()
21:38:11.0 (11467172)|STATEMENT_EXECUTE|[1]
21:38:11.0 (11472561)|STATEMENT_EXECUTE|[1]
21:38:11.0 (11510786)|HEAP_ALLOCATE|[50]|Bytes:5
21:38:11.0 (11549436)|HEAP_ALLOCATE|[56]|Bytes:5
21:38:11.0 (11556990)|HEAP_ALLOCATE|[64]|Bytes:7
21:38:11.0 (11572417)|SYSTEM_MODE_ENTER|false
21:38:11.0 (11585621)|HEAP_ALLOCATE|[EXTERNAL]|Bytes:5
21:38:11.0 (11591330)|SYSTEM_MODE_EXIT|false
21:38:11.0 (11596959)|METHOD_EXIT|[1]|dfDefault
21:38:11.0 (12320765)|SYSTEM_MODE_ENTER|true
21:38:11.0 (13207673)|SYSTEM_MODE_ENTER|true
21:38:11.0 (13236344)|HEAP_ALLOCATE|[EXTERNAL]|Bytes:18
21:38:11.0 (13244874)|HEAP_ALLOCATE|[EXTERNAL]|Bytes:24
21:38:11.0 (13269171)|VARIABLE_ASSIGNMENT|[EXTERNAL]|this.recid|"0010Y000005IkYDQA0"|0xd740d3f
21:38:11.0 (13559980)|HEAP_ALLOCATE|[EXTERNAL]|Bytes:24
21:38:11.0 (13569508)|VARIABLE_SCOPE_BEGIN|[29]|this|dfDefault|true|false
21:38:11.0 (13612310)|VARIABLE_ASSIGNMENT|[29]|this|{"Acclst":"0x73a3ab91","contacts":"0x60b1341e","recid":"0010Y000005IkYDQA0"}|0xd740d3f
21:38:11.0 (13624842)|SYSTEM_MODE_ENTER|false
21:38:11.0 (13630903)|HEAP_ALLOCATE|[31]|Bytes:5
21:38:11.0 (13634574)|STATEMENT_EXECUTE|[30]
21:38:11.0 (13636005)|STATEMENT_EXECUTE|[31]
21:38:11.0 (13638587)|HEAP_ALLOCATE|[31]|Bytes:70
21:38:11.0 (13649299)|HEAP_ALLOCATE|[31]|Bytes:4
21:38:11.0 (13660386)|HEAP_ALLOCATE|[31]|Bytes:7
21:38:11.0 (13706417)|VARIABLE_ASSIGNMENT|[EXTERNAL]|this|{"Acclst":"0x73a3ab91","contacts":"0x60b1341e","recid":"0010Y000005IkYDQA0"}|0xd740d3f
21:38:11.0 (14126963)|SOQL_EXECUTE_BEGIN|[31]|Aggregations:0|SELECT id, FirstName, LastName FROM Contact WHERE AccountId = :tmpVar1
21:38:11.0 (16318947)|SOQL_EXECUTE_END|[31]|Rows:2
21:38:11.0 (16333456)|HEAP_ALLOCATE|[31]|Bytes:12
21:38:11.0 (16350756)|HEAP_ALLOCATE|[31]|Bytes:126
21:38:11.0 (16381045)|HEAP_ALLOCATE|[31]|Bytes:12
21:38:11.0 (16429083)|VARIABLE_ASSIGNMENT|[EXTERNAL]|this|{"Acclst":"0x73a3ab91","contacts":"0x60b1341e","recid":"0010Y000005IkYDQA0"}|0xd740d3f
21:38:11.0 (16447964)|VARIABLE_ASSIGNMENT|[EXTERNAL]|value|[{"Id":"0030Y000002vPBUQA2","FirstName":"Tom","LastName":"Ripley"},{"Id":"0030Y000002vPBVQA2","FirstName":"Liz","LastName":"D'Cruz"}]|0x88f0ef3
21:38:11.0 (16460675)|VARIABLE_ASSIGNMENT|[9]|this.contacts|[{"Id":"0030Y000002vPBUQA2","FirstName":"Tom","LastName":"Ripley"},{"Id":"0030Y000002vPBVQA2","FirstName":"Liz","LastName":"D'Cruz"}]|0xd740d3f
21:38:11.0 (16469738)|SYSTEM_MODE_EXIT|false
21:38:11.0 (34685612)|SYSTEM_MODE_ENTER|true
21:38:11.0 (35703350)|SYSTEM_MODE_ENTER|true
21:38:11.0 (39037130)|VF_SERIALIZE_VIEWSTATE_BEGIN|0660Y000001V39Z
21:38:11.0 (41209677)|VF_SERIALIZE_VIEWSTATE_END
21:38:11.43 (43686082)|CUMULATIVE_LIMIT_USAGE
21:38:11.43 (43686082)|LIMIT_USAGE_FOR_NS|(default)|
  Number of SOQL queries: 1 out of 100
  Number of query rows: 2 out of 50000
  Number of SOSL queries: 0 out of 20
  Number of DML statements: 0 out of 150
  Number of DML rows: 0 out of 10000
  Maximum CPU time: 0 out of 10000
  Maximum heap size: 0 out of 6000000
  Number of callouts: 0 out of 100
  Number of Email Invocations: 0 out of 10
  Number of future calls: 0 out of 50
  Number of queueable jobs added to the queue: 0 out of 50
  Number of Mobile Apex push calls: 0 out of 10

21:38:11.43 (43686082)|CUMULATIVE_LIMIT_USAGE_END

21:38:11.0 (43717651)|CODE_UNIT_FINISHED|VF: /apex/DragForce
21:38:11.0 (44485372)|EXECUTION_FINISHED
