39.0 APEX_CODE,FINEST;APEX_PROFILING,INFO;CALLOUT,INFO;DB,INFO;SYSTEM,DEBUG;VALIDATION,INFO;VISUALFORCE,INFO;WAVE,INFO;WORKFLOW,INFO
21:13:35.0 (57132)|USER_INFO|[EXTERNAL]|0050Y000000d4Kn|shizhaolee@gmail.com|Greenwich Mean Time|GMTZ
21:13:35.0 (83473)|EXECUTION_STARTED
21:13:35.0 (87176)|CODE_UNIT_STARTED|[EXTERNAL]|0660Y000002bH2M|VF: /apex/FYPTest
21:13:35.0 (202346)|VF_DESERIALIZE_VIEWSTATE_BEGIN|0660Y000002bH2M
21:13:35.0 (4735300)|HEAP_ALLOCATE|[72]|Bytes:3
21:13:35.0 (4778470)|HEAP_ALLOCATE|[77]|Bytes:152
21:13:35.0 (4796262)|HEAP_ALLOCATE|[342]|Bytes:408
21:13:35.0 (4810482)|HEAP_ALLOCATE|[355]|Bytes:408
21:13:35.0 (4823905)|HEAP_ALLOCATE|[467]|Bytes:48
21:13:35.0 (4851415)|HEAP_ALLOCATE|[139]|Bytes:6
21:13:35.0 (6605265)|VF_DESERIALIZE_VIEWSTATE_END
21:13:35.0 (7117309)|SYSTEM_MODE_ENTER|true
21:13:35.0 (7149345)|HEAP_ALLOCATE|[EXTERNAL]|Bytes:152
21:13:35.0 (7155672)|HEAP_ALLOCATE|[EXTERNAL]|Bytes:16
21:13:35.0 (7164037)|METHOD_ENTRY|[1]|01p0Y000009c27r|custable.custable()
21:13:35.0 (7167639)|STATEMENT_EXECUTE|[1]
21:13:35.0 (7172576)|STATEMENT_EXECUTE|[1]
21:13:35.0 (7207192)|HEAP_ALLOCATE|[50]|Bytes:5
21:13:35.0 (7233599)|HEAP_ALLOCATE|[56]|Bytes:5
21:13:35.0 (7240084)|HEAP_ALLOCATE|[64]|Bytes:7
21:13:35.0 (7256574)|SYSTEM_MODE_ENTER|false
21:13:35.0 (7270225)|HEAP_ALLOCATE|[EXTERNAL]|Bytes:5
21:13:35.0 (7277197)|SYSTEM_MODE_EXIT|false
21:13:35.0 (7282909)|METHOD_EXIT|[1]|custable
21:13:35.0 (8033952)|SYSTEM_MODE_ENTER|true
21:13:35.0 (9041421)|SYSTEM_MODE_ENTER|true
21:13:35.0 (9070177)|HEAP_ALLOCATE|[EXTERNAL]|Bytes:18
21:13:35.0 (9073737)|HEAP_ALLOCATE|[EXTERNAL]|Bytes:24
21:13:35.0 (9100971)|VARIABLE_ASSIGNMENT|[EXTERNAL]|this.recid|"0010Y000005IkYAQA0"|0x5e0232c2
21:13:35.0 (9430205)|HEAP_ALLOCATE|[EXTERNAL]|Bytes:24
21:13:35.0 (9443402)|VARIABLE_SCOPE_BEGIN|[29]|this|custable|true|false
21:13:35.0 (9508189)|VARIABLE_ASSIGNMENT|[29]|this|{"Acclst":"0x66d0a749","contacts":"0x19f495ad","recid":"0010Y000005IkYAQA0"}|0x5e0232c2
21:13:35.0 (9527725)|SYSTEM_MODE_ENTER|false
21:13:35.0 (9535574)|HEAP_ALLOCATE|[31]|Bytes:5
21:13:35.0 (9540126)|STATEMENT_EXECUTE|[30]
21:13:35.0 (9541946)|STATEMENT_EXECUTE|[31]
21:13:35.0 (9545019)|HEAP_ALLOCATE|[31]|Bytes:70
21:13:35.0 (9555875)|HEAP_ALLOCATE|[31]|Bytes:4
21:13:35.0 (9568890)|HEAP_ALLOCATE|[31]|Bytes:7
21:13:35.0 (9616339)|VARIABLE_ASSIGNMENT|[EXTERNAL]|this|{"Acclst":"0x66d0a749","contacts":"0x19f495ad","recid":"0010Y000005IkYAQA0"}|0x5e0232c2
21:13:35.0 (10101027)|SOQL_EXECUTE_BEGIN|[31]|Aggregations:0|SELECT id, FirstName, LastName FROM Contact WHERE AccountId = :tmpVar1
21:13:35.0 (13075980)|SOQL_EXECUTE_END|[31]|Rows:2
21:13:35.0 (13092326)|HEAP_ALLOCATE|[31]|Bytes:12
21:13:35.0 (13110419)|HEAP_ALLOCATE|[31]|Bytes:127
21:13:35.0 (13145242)|HEAP_ALLOCATE|[31]|Bytes:12
21:13:35.0 (13189497)|VARIABLE_ASSIGNMENT|[EXTERNAL]|this|{"Acclst":"0x66d0a749","contacts":"0x19f495ad","recid":"0010Y000005IkYAQA0"}|0x5e0232c2
21:13:35.0 (13207734)|VARIABLE_ASSIGNMENT|[EXTERNAL]|value|[{"Id":"0030Y000002vPBPQA2","FirstName":"Babara","LastName":"Levy"},{"Id":"0030Y000002vPBQQA2","FirstName":"Josh","LastName":"Davis"}]|0x24cf6bec
21:13:35.0 (13220161)|VARIABLE_ASSIGNMENT|[9]|this.contacts|[{"Id":"0030Y000002vPBPQA2","FirstName":"Babara","LastName":"Levy"},{"Id":"0030Y000002vPBQQA2","FirstName":"Josh","LastName":"Davis"}]|0x5e0232c2
21:13:35.0 (13230458)|SYSTEM_MODE_EXIT|false
21:13:35.0 (15635278)|SYSTEM_MODE_ENTER|true
21:13:35.0 (16642664)|SYSTEM_MODE_ENTER|true
21:13:35.0 (20145992)|VF_SERIALIZE_VIEWSTATE_BEGIN|0660Y000002bH2M
21:13:35.0 (29639523)|VF_SERIALIZE_VIEWSTATE_END
21:13:35.0 (43440929)|CODE_UNIT_STARTED|[EXTERNAL]|Generate Metadata
21:13:35.0 (45291769)|CODE_UNIT_FINISHED|Generate Metadata
21:13:35.48 (48039037)|CUMULATIVE_LIMIT_USAGE
21:13:35.48 (48039037)|LIMIT_USAGE_FOR_NS|(default)|
  Number of SOQL queries: 1 out of 100
  Number of query rows: 2 out of 50000
  Number of SOSL queries: 0 out of 20
  Number of DML statements: 0 out of 150
  Number of DML rows: 0 out of 10000
  Maximum CPU time: 0 out of 10000
  Maximum heap size: 0 out of 6000000
  Number of callouts: 0 out of 100
  Number of Email Invocations: 0 out of 10
  Number of future calls: 0 out of 50
  Number of queueable jobs added to the queue: 0 out of 50
  Number of Mobile Apex push calls: 0 out of 10

21:13:35.48 (48039037)|CUMULATIVE_LIMIT_USAGE_END

21:13:35.0 (48073526)|CODE_UNIT_FINISHED|VF: /apex/FYPTest
21:13:35.0 (48872869)|EXECUTION_FINISHED
