39.0 APEX_CODE,FINEST;APEX_PROFILING,INFO;CALLOUT,INFO;DB,INFO;SYSTEM,DEBUG;VALIDATION,INFO;VISUALFORCE,INFO;WAVE,INFO;WORKFLOW,INFO
21:35:29.0 (349132)|USER_INFO|[EXTERNAL]|0050Y000000d4Kn|shizhaolee@gmail.com|Greenwich Mean Time|GMTZ
21:35:29.0 (372724)|EXECUTION_STARTED
21:35:29.0 (377372)|CODE_UNIT_STARTED|[EXTERNAL]|0660Y000002bH2M|VF: /apex/FYPTest
21:35:29.0 (974851)|VF_DESERIALIZE_VIEWSTATE_BEGIN|0660Y000002bH2M
21:35:29.0 (7666043)|HEAP_ALLOCATE|[72]|Bytes:3
21:35:29.0 (7709854)|HEAP_ALLOCATE|[77]|Bytes:152
21:35:29.0 (7724531)|HEAP_ALLOCATE|[342]|Bytes:408
21:35:29.0 (7738855)|HEAP_ALLOCATE|[355]|Bytes:408
21:35:29.0 (7752164)|HEAP_ALLOCATE|[467]|Bytes:48
21:35:29.0 (7780166)|HEAP_ALLOCATE|[139]|Bytes:6
21:35:29.0 (10298234)|VF_DESERIALIZE_VIEWSTATE_END
21:35:29.0 (11178381)|SYSTEM_MODE_ENTER|true
21:35:29.0 (11212219)|HEAP_ALLOCATE|[EXTERNAL]|Bytes:148
21:35:29.0 (11222916)|HEAP_ALLOCATE|[EXTERNAL]|Bytes:28
21:35:29.0 (11225585)|HEAP_ALLOCATE|[EXTERNAL]|Bytes:11
21:35:29.0 (11234285)|METHOD_ENTRY|[1]|01p0Y000009eh3l|dfDefault.dfDefault()
21:35:29.0 (11237638)|STATEMENT_EXECUTE|[1]
21:35:29.0 (11242167)|STATEMENT_EXECUTE|[1]
21:35:29.0 (11276803)|HEAP_ALLOCATE|[50]|Bytes:5
21:35:29.0 (11301847)|HEAP_ALLOCATE|[56]|Bytes:5
21:35:29.0 (11308290)|HEAP_ALLOCATE|[64]|Bytes:7
21:35:29.0 (11324904)|SYSTEM_MODE_ENTER|false
21:35:29.0 (11337016)|HEAP_ALLOCATE|[EXTERNAL]|Bytes:5
21:35:29.0 (11342998)|SYSTEM_MODE_EXIT|false
21:35:29.0 (11349169)|METHOD_EXIT|[1]|dfDefault
21:35:29.0 (12097030)|SYSTEM_MODE_ENTER|true
21:35:29.0 (13020436)|SYSTEM_MODE_ENTER|true
21:35:29.0 (13049538)|HEAP_ALLOCATE|[EXTERNAL]|Bytes:18
21:35:29.0 (13059214)|HEAP_ALLOCATE|[EXTERNAL]|Bytes:24
21:35:29.0 (13098410)|VARIABLE_ASSIGNMENT|[EXTERNAL]|this.recid|"0010Y000005IkYCQA0"|0x3a4986d9
21:35:29.0 (13411494)|HEAP_ALLOCATE|[EXTERNAL]|Bytes:24
21:35:29.0 (13421125)|VARIABLE_SCOPE_BEGIN|[29]|this|dfDefault|true|false
21:35:29.0 (13470858)|VARIABLE_ASSIGNMENT|[29]|this|{"Acclst":"0x2ef75a46","contacts":"0x59ce2a37","recid":"0010Y000005IkYCQA0"}|0x3a4986d9
21:35:29.0 (13484078)|SYSTEM_MODE_ENTER|false
21:35:29.0 (13490041)|HEAP_ALLOCATE|[31]|Bytes:5
21:35:29.0 (13493332)|STATEMENT_EXECUTE|[30]
21:35:29.0 (13494680)|STATEMENT_EXECUTE|[31]
21:35:29.0 (13497674)|HEAP_ALLOCATE|[31]|Bytes:70
21:35:29.0 (13508013)|HEAP_ALLOCATE|[31]|Bytes:4
21:35:29.0 (13518539)|HEAP_ALLOCATE|[31]|Bytes:7
21:35:29.0 (13562000)|VARIABLE_ASSIGNMENT|[EXTERNAL]|this|{"Acclst":"0x2ef75a46","contacts":"0x59ce2a37","recid":"0010Y000005IkYCQA0"}|0x3a4986d9
21:35:29.0 (14620552)|SOQL_EXECUTE_BEGIN|[31]|Aggregations:0|SELECT id, FirstName, LastName FROM Contact WHERE AccountId = :tmpVar1
21:35:29.0 (17273329)|SOQL_EXECUTE_END|[31]|Rows:1
21:35:29.0 (17287603)|HEAP_ALLOCATE|[31]|Bytes:8
21:35:29.0 (17301829)|HEAP_ALLOCATE|[31]|Bytes:65
21:35:29.0 (17331978)|HEAP_ALLOCATE|[31]|Bytes:8
21:35:29.0 (17381271)|VARIABLE_ASSIGNMENT|[EXTERNAL]|this|{"Acclst":"0x2ef75a46","contacts":"0x59ce2a37","recid":"0010Y000005IkYCQA0"}|0x3a4986d9
21:35:29.0 (17399299)|VARIABLE_ASSIGNMENT|[EXTERNAL]|value|[{"Id":"0030Y000002vPBTQA2","FirstName":"Ashley","LastName":"James"}]|0x3b1fb04f
21:35:29.0 (17409968)|VARIABLE_ASSIGNMENT|[9]|this.contacts|[{"Id":"0030Y000002vPBTQA2","FirstName":"Ashley","LastName":"James"}]|0x3a4986d9
21:35:29.0 (17418744)|SYSTEM_MODE_EXIT|false
21:35:29.0 (19602743)|SYSTEM_MODE_ENTER|true
21:35:29.0 (21022302)|SYSTEM_MODE_ENTER|true
21:35:29.0 (23554798)|VF_SERIALIZE_VIEWSTATE_BEGIN|0660Y000002bH2M
21:35:29.0 (32175271)|VF_SERIALIZE_VIEWSTATE_END
21:35:29.0 (42879088)|CODE_UNIT_STARTED|[EXTERNAL]|Generate Metadata
21:35:29.0 (44792145)|CODE_UNIT_FINISHED|Generate Metadata
21:35:29.47 (47299961)|CUMULATIVE_LIMIT_USAGE
21:35:29.47 (47299961)|LIMIT_USAGE_FOR_NS|(default)|
  Number of SOQL queries: 1 out of 100
  Number of query rows: 1 out of 50000
  Number of SOSL queries: 0 out of 20
  Number of DML statements: 0 out of 150
  Number of DML rows: 0 out of 10000
  Maximum CPU time: 0 out of 10000
  Maximum heap size: 0 out of 6000000
  Number of callouts: 0 out of 100
  Number of Email Invocations: 0 out of 10
  Number of future calls: 0 out of 50
  Number of queueable jobs added to the queue: 0 out of 50
  Number of Mobile Apex push calls: 0 out of 10

21:35:29.47 (47299961)|CUMULATIVE_LIMIT_USAGE_END

21:35:29.0 (47332700)|CODE_UNIT_FINISHED|VF: /apex/FYPTest
21:35:29.0 (48142853)|EXECUTION_FINISHED
