39.0 APEX_CODE,FINEST;APEX_PROFILING,INFO;CALLOUT,INFO;DB,INFO;SYSTEM,DEBUG;VALIDATION,INFO;VISUALFORCE,INFO;WAVE,INFO;WORKFLOW,INFO
23:06:14.0 (295665)|USER_INFO|[EXTERNAL]|0050Y000000d4Kn|shizhaolee@gmail.com|Greenwich Mean Time|GMTZ
23:06:14.0 (323415)|EXECUTION_STARTED
23:06:14.0 (328298)|CODE_UNIT_STARTED|[EXTERNAL]|0660Y000002bH2M|VF: /apex/FYPTest
23:06:14.0 (896897)|VF_DESERIALIZE_VIEWSTATE_BEGIN|0660Y000002bH2M
23:06:14.0 (7688440)|HEAP_ALLOCATE|[72]|Bytes:3
23:06:14.0 (7767342)|HEAP_ALLOCATE|[77]|Bytes:152
23:06:14.0 (7787150)|HEAP_ALLOCATE|[342]|Bytes:408
23:06:14.0 (7808694)|HEAP_ALLOCATE|[355]|Bytes:408
23:06:14.0 (7827765)|HEAP_ALLOCATE|[467]|Bytes:48
23:06:14.0 (7893346)|HEAP_ALLOCATE|[139]|Bytes:6
23:06:14.0 (9590469)|VF_DESERIALIZE_VIEWSTATE_END
23:06:14.0 (10533967)|SYSTEM_MODE_ENTER|true
23:06:14.0 (10703735)|HEAP_ALLOCATE|[EXTERNAL]|Bytes:148
23:06:14.0 (10732715)|HEAP_ALLOCATE|[EXTERNAL]|Bytes:16
23:06:14.0 (10757317)|METHOD_ENTRY|[1]|01p0Y000009c27r|custable.custable()
23:06:14.0 (10762010)|STATEMENT_EXECUTE|[1]
23:06:14.0 (10768420)|STATEMENT_EXECUTE|[1]
23:06:14.0 (10808422)|HEAP_ALLOCATE|[50]|Bytes:5
23:06:14.0 (10835923)|HEAP_ALLOCATE|[56]|Bytes:5
23:06:14.0 (10844786)|HEAP_ALLOCATE|[64]|Bytes:7
23:06:14.0 (10862833)|SYSTEM_MODE_ENTER|false
23:06:14.0 (10877708)|HEAP_ALLOCATE|[EXTERNAL]|Bytes:5
23:06:14.0 (10885494)|SYSTEM_MODE_EXIT|false
23:06:14.0 (10906561)|METHOD_EXIT|[1]|custable
23:06:14.0 (12018805)|SYSTEM_MODE_ENTER|true
23:06:14.0 (13222552)|SYSTEM_MODE_ENTER|true
23:06:14.0 (13256439)|HEAP_ALLOCATE|[EXTERNAL]|Bytes:18
23:06:14.0 (13268669)|HEAP_ALLOCATE|[EXTERNAL]|Bytes:24
23:06:14.0 (13311166)|VARIABLE_ASSIGNMENT|[EXTERNAL]|this.recid|"0010Y000005IkYDQA0"|0x527e5b66
23:06:14.0 (13641392)|HEAP_ALLOCATE|[EXTERNAL]|Bytes:24
23:06:14.0 (13653886)|VARIABLE_SCOPE_BEGIN|[29]|this|custable|true|false
23:06:14.0 (13808359)|VARIABLE_ASSIGNMENT|[29]|this|{"Acclst":"0x1d8d6f7e","contacts":"0x47c00a49","recid":"0010Y000005IkYDQA0"}|0x527e5b66
23:06:14.0 (13822904)|SYSTEM_MODE_ENTER|false
23:06:14.0 (13829043)|HEAP_ALLOCATE|[31]|Bytes:5
23:06:14.0 (13832950)|STATEMENT_EXECUTE|[30]
23:06:14.0 (13834209)|STATEMENT_EXECUTE|[31]
23:06:14.0 (13838075)|HEAP_ALLOCATE|[31]|Bytes:70
23:06:14.0 (13849023)|HEAP_ALLOCATE|[31]|Bytes:4
23:06:14.0 (13875813)|HEAP_ALLOCATE|[31]|Bytes:7
23:06:14.0 (13956643)|VARIABLE_ASSIGNMENT|[EXTERNAL]|this|{"Acclst":"0x1d8d6f7e","contacts":"0x47c00a49","recid":"0010Y000005IkYDQA0"}|0x527e5b66
23:06:14.0 (15057535)|SOQL_EXECUTE_BEGIN|[31]|Aggregations:0|SELECT id, FirstName, LastName FROM Contact WHERE AccountId = :tmpVar1
23:06:14.0 (20945974)|SOQL_EXECUTE_END|[31]|Rows:2
23:06:14.0 (20963323)|HEAP_ALLOCATE|[31]|Bytes:12
23:06:14.0 (20982044)|HEAP_ALLOCATE|[31]|Bytes:126
23:06:14.0 (21015725)|HEAP_ALLOCATE|[31]|Bytes:12
23:06:14.0 (21067069)|VARIABLE_ASSIGNMENT|[EXTERNAL]|this|{"Acclst":"0x1d8d6f7e","contacts":"0x47c00a49","recid":"0010Y000005IkYDQA0"}|0x527e5b66
23:06:14.0 (21094712)|VARIABLE_ASSIGNMENT|[EXTERNAL]|value|[{"Id":"0030Y000002vPBUQA2","FirstName":"Tom","LastName":"Ripley"},{"Id":"0030Y000002vPBVQA2","FirstName":"Liz","LastName":"D'Cruz"}]|0x6694b11d
23:06:14.0 (21110241)|VARIABLE_ASSIGNMENT|[9]|this.contacts|[{"Id":"0030Y000002vPBUQA2","FirstName":"Tom","LastName":"Ripley"},{"Id":"0030Y000002vPBVQA2","FirstName":"Liz","LastName":"D'Cruz"}]|0x527e5b66
23:06:14.0 (21121226)|SYSTEM_MODE_EXIT|false
23:06:14.0 (23410655)|SYSTEM_MODE_ENTER|true
23:06:14.0 (24933323)|SYSTEM_MODE_ENTER|true
23:06:14.0 (29268390)|VF_SERIALIZE_VIEWSTATE_BEGIN|0660Y000002bH2M
23:06:14.0 (38119027)|VF_SERIALIZE_VIEWSTATE_END
23:06:14.0 (50498268)|CODE_UNIT_STARTED|[EXTERNAL]|Generate Metadata
23:06:14.0 (52751501)|CODE_UNIT_FINISHED|Generate Metadata
23:06:14.55 (55630363)|CUMULATIVE_LIMIT_USAGE
23:06:14.55 (55630363)|LIMIT_USAGE_FOR_NS|(default)|
  Number of SOQL queries: 1 out of 100
  Number of query rows: 2 out of 50000
  Number of SOSL queries: 0 out of 20
  Number of DML statements: 0 out of 150
  Number of DML rows: 0 out of 10000
  Maximum CPU time: 0 out of 10000
  Maximum heap size: 0 out of 6000000
  Number of callouts: 0 out of 100
  Number of Email Invocations: 0 out of 10
  Number of future calls: 0 out of 50
  Number of queueable jobs added to the queue: 0 out of 50
  Number of Mobile Apex push calls: 0 out of 10

23:06:14.55 (55630363)|CUMULATIVE_LIMIT_USAGE_END

23:06:14.0 (55666666)|CODE_UNIT_FINISHED|VF: /apex/FYPTest
23:06:14.0 (56454371)|EXECUTION_FINISHED
