39.0 APEX_CODE,FINEST;APEX_PROFILING,INFO;CALLOUT,INFO;DB,INFO;SYSTEM,DEBUG;VALIDATION,INFO;VISUALFORCE,INFO;WAVE,INFO;WORKFLOW,INFO
21:35:08.0 (326082)|USER_INFO|[EXTERNAL]|0050Y000000d4Kn|shizhaolee@gmail.com|Greenwich Mean Time|GMTZ
21:35:08.0 (356571)|EXECUTION_STARTED
21:35:08.0 (361754)|CODE_UNIT_STARTED|[EXTERNAL]|0660Y000002bH2M|VF: /apex/FYPTest
21:35:08.0 (7455289)|SYSTEM_MODE_ENTER|true
21:35:08.0 (7766430)|HEAP_ALLOCATE|[72]|Bytes:3
21:35:08.0 (7818290)|HEAP_ALLOCATE|[77]|Bytes:152
21:35:08.0 (7837476)|HEAP_ALLOCATE|[342]|Bytes:408
21:35:08.0 (7862106)|HEAP_ALLOCATE|[355]|Bytes:408
21:35:08.0 (7882065)|HEAP_ALLOCATE|[467]|Bytes:48
21:35:08.0 (7918694)|HEAP_ALLOCATE|[139]|Bytes:6
21:35:08.0 (7938903)|HEAP_ALLOCATE|[EXTERNAL]|Bytes:148
21:35:08.0 (7943980)|HEAP_ALLOCATE|[EXTERNAL]|Bytes:28
21:35:08.0 (7946644)|HEAP_ALLOCATE|[EXTERNAL]|Bytes:11
21:35:08.0 (7955888)|METHOD_ENTRY|[1]|01p0Y000009eh3l|dfDefault.dfDefault()
21:35:08.0 (7960520)|STATEMENT_EXECUTE|[1]
21:35:08.0 (7968812)|STATEMENT_EXECUTE|[1]
21:35:08.0 (8008496)|HEAP_ALLOCATE|[50]|Bytes:5
21:35:08.0 (8039953)|HEAP_ALLOCATE|[56]|Bytes:5
21:35:08.0 (8049467)|HEAP_ALLOCATE|[64]|Bytes:7
21:35:08.0 (8068259)|SYSTEM_MODE_ENTER|false
21:35:08.0 (8086979)|HEAP_ALLOCATE|[EXTERNAL]|Bytes:5
21:35:08.0 (8095905)|SYSTEM_MODE_EXIT|false
21:35:08.0 (8103344)|METHOD_EXIT|[1]|dfDefault
21:35:08.0 (8169988)|HEAP_ALLOCATE|[EXTERNAL]|Bytes:24
21:35:08.0 (8181055)|VARIABLE_SCOPE_BEGIN|[11]|this|dfDefault|true|false
21:35:08.0 (8256173)|VARIABLE_ASSIGNMENT|[11]|this|{}|0x142c1fcb
21:35:08.0 (8268861)|SYSTEM_MODE_ENTER|false
21:35:08.0 (8274570)|HEAP_ALLOCATE|[13]|Bytes:5
21:35:08.0 (8278101)|STATEMENT_EXECUTE|[1]
21:35:08.0 (8280715)|HEAP_ALLOCATE|[13]|Bytes:5
21:35:08.0 (8282490)|STATEMENT_EXECUTE|[3]
21:35:08.0 (8285014)|STATEMENT_EXECUTE|[5]
21:35:08.0 (8286045)|STATEMENT_EXECUTE|[6]
21:35:08.0 (8286926)|STATEMENT_EXECUTE|[7]
21:35:08.0 (8287903)|STATEMENT_EXECUTE|[9]
21:35:08.0 (8296869)|HEAP_ALLOCATE|[13]|Bytes:6
21:35:08.0 (8325671)|STATEMENT_EXECUTE|[11]
21:35:08.0 (8327875)|STATEMENT_EXECUTE|[13]
21:35:08.0 (8331202)|HEAP_ALLOCATE|[13]|Bytes:28
21:35:08.0 (8342345)|HEAP_ALLOCATE|[13]|Bytes:4
21:35:08.0 (8931548)|SOQL_EXECUTE_BEGIN|[13]|Aggregations:0|SELECT Id, Name FROM Account
21:35:08.0 (10914564)|SOQL_EXECUTE_END|[13]|Rows:15
21:35:08.0 (10933686)|HEAP_ALLOCATE|[13]|Bytes:64
21:35:08.0 (10969778)|HEAP_ALLOCATE|[13]|Bytes:823
21:35:08.0 (11005301)|HEAP_ALLOCATE|[13]|Bytes:64
21:35:08.0 (11053551)|VARIABLE_ASSIGNMENT|[EXTERNAL]|this|{}|0x142c1fcb
21:35:08.0 (11074556)|VARIABLE_ASSIGNMENT|[EXTERNAL]|value|"List of size 15 too large to display"|0x555db74c
21:35:08.0 (11090099)|VARIABLE_ASSIGNMENT|[6]|this.Acclst|"List of size 15 too large to display"|0x142c1fcb
21:35:08.0 (11098529)|STATEMENT_EXECUTE|[14]
21:35:08.0 (11162815)|VARIABLE_ASSIGNMENT|[EXTERNAL]|this|{"Acclst":"0x555db74c"}|0x142c1fcb
21:35:08.0 (11170818)|VARIABLE_ASSIGNMENT|[EXTERNAL]|value|null|
21:35:08.0 (11178217)|VARIABLE_ASSIGNMENT|[9]|this.contacts|null|0x142c1fcb
21:35:08.0 (11190076)|SYSTEM_MODE_EXIT|false
21:35:08.0 (11242606)|SYSTEM_MODE_ENTER|true
21:35:08.0 (12415394)|SYSTEM_MODE_ENTER|true
21:35:08.0 (31431570)|VF_SERIALIZE_VIEWSTATE_BEGIN|0660Y000002bH2M
21:35:08.0 (41743757)|VF_SERIALIZE_VIEWSTATE_END
21:35:08.0 (53252020)|CODE_UNIT_STARTED|[EXTERNAL]|Generate Metadata
21:35:08.0 (55603524)|CODE_UNIT_FINISHED|Generate Metadata
21:35:08.58 (58332477)|CUMULATIVE_LIMIT_USAGE
21:35:08.58 (58332477)|LIMIT_USAGE_FOR_NS|(default)|
  Number of SOQL queries: 1 out of 100
  Number of query rows: 15 out of 50000
  Number of SOSL queries: 0 out of 20
  Number of DML statements: 0 out of 150
  Number of DML rows: 0 out of 10000
  Maximum CPU time: 0 out of 10000
  Maximum heap size: 0 out of 6000000
  Number of callouts: 0 out of 100
  Number of Email Invocations: 0 out of 10
  Number of future calls: 0 out of 50
  Number of queueable jobs added to the queue: 0 out of 50
  Number of Mobile Apex push calls: 0 out of 10

21:35:08.58 (58332477)|CUMULATIVE_LIMIT_USAGE_END

21:35:08.0 (58376220)|CODE_UNIT_FINISHED|VF: /apex/FYPTest
21:35:08.0 (59127775)|EXECUTION_FINISHED
