35.0 APEX_CODE,FINEST;APEX_PROFILING,INFO;CALLOUT,INFO;DB,INFO;SYSTEM,DEBUG;VALIDATION,INFO;VISUALFORCE,INFO;WAVE,INFO;WORKFLOW,INFO
21:39:54.0 (296304)|USER_INFO|[EXTERNAL]|0050Y000000d4Kn|shizhaolee@gmail.com|Greenwich Mean Time|GMTZ
21:39:54.0 (318464)|EXECUTION_STARTED
21:39:54.0 (322555)|CODE_UNIT_STARTED|[EXTERNAL]|0660Y000002bKaL|VF: /apex/lolSee
21:39:54.0 (3525282)|SYSTEM_MODE_ENTER|true
21:39:54.0 (3964995)|HEAP_ALLOCATE|[72]|Bytes:3
21:39:54.0 (4007644)|HEAP_ALLOCATE|[77]|Bytes:152
21:39:54.0 (4028598)|HEAP_ALLOCATE|[342]|Bytes:408
21:39:54.0 (4054021)|HEAP_ALLOCATE|[355]|Bytes:408
21:39:54.0 (4077744)|HEAP_ALLOCATE|[467]|Bytes:48
21:39:54.0 (4111743)|HEAP_ALLOCATE|[139]|Bytes:6
21:39:54.0 (4128952)|HEAP_ALLOCATE|[EXTERNAL]|Bytes:148
21:39:54.0 (4134143)|HEAP_ALLOCATE|[EXTERNAL]|Bytes:28
21:39:54.0 (4137879)|HEAP_ALLOCATE|[EXTERNAL]|Bytes:11
21:39:54.0 (4149128)|METHOD_ENTRY|[1]|01p0Y000009eh3l|dfDefault.dfDefault()
21:39:54.0 (4153653)|STATEMENT_EXECUTE|[1]
21:39:54.0 (4158740)|STATEMENT_EXECUTE|[1]
21:39:54.0 (4191693)|HEAP_ALLOCATE|[50]|Bytes:5
21:39:54.0 (4209959)|HEAP_ALLOCATE|[56]|Bytes:5
21:39:54.0 (4215719)|HEAP_ALLOCATE|[64]|Bytes:7
21:39:54.0 (4228602)|SYSTEM_MODE_ENTER|false
21:39:54.0 (4239686)|HEAP_ALLOCATE|[EXTERNAL]|Bytes:5
21:39:54.0 (4245383)|SYSTEM_MODE_EXIT|false
21:39:54.0 (4251106)|METHOD_EXIT|[1]|dfDefault
21:39:54.0 (4355361)|HEAP_ALLOCATE|[EXTERNAL]|Bytes:24
21:39:54.0 (4363078)|VARIABLE_SCOPE_BEGIN|[11]|this|dfDefault|true|false
21:39:54.0 (4423977)|VARIABLE_ASSIGNMENT|[11]|this|{}|0x1bdedc49
21:39:54.0 (4434614)|SYSTEM_MODE_ENTER|false
21:39:54.0 (4439680)|HEAP_ALLOCATE|[13]|Bytes:5
21:39:54.0 (4442711)|STATEMENT_EXECUTE|[1]
21:39:54.0 (4444842)|HEAP_ALLOCATE|[13]|Bytes:5
21:39:54.0 (4446234)|STATEMENT_EXECUTE|[3]
21:39:54.0 (4447787)|STATEMENT_EXECUTE|[5]
21:39:54.0 (4448883)|STATEMENT_EXECUTE|[6]
21:39:54.0 (4449892)|STATEMENT_EXECUTE|[7]
21:39:54.0 (4450897)|STATEMENT_EXECUTE|[9]
21:39:54.0 (4458208)|HEAP_ALLOCATE|[13]|Bytes:6
21:39:54.0 (4476666)|STATEMENT_EXECUTE|[11]
21:39:54.0 (4478060)|STATEMENT_EXECUTE|[13]
21:39:54.0 (4480393)|HEAP_ALLOCATE|[13]|Bytes:28
21:39:54.0 (4488569)|HEAP_ALLOCATE|[13]|Bytes:4
21:39:54.0 (4868365)|SOQL_EXECUTE_BEGIN|[13]|Aggregations:0|SELECT Id, Name FROM Account
21:39:54.0 (6687572)|SOQL_EXECUTE_END|[13]|Rows:15
21:39:54.0 (6702548)|HEAP_ALLOCATE|[13]|Bytes:64
21:39:54.0 (6734234)|HEAP_ALLOCATE|[13]|Bytes:823
21:39:54.0 (6765134)|HEAP_ALLOCATE|[13]|Bytes:64
21:39:54.0 (6813993)|VARIABLE_ASSIGNMENT|[EXTERNAL]|this|{}|0x1bdedc49
21:39:54.0 (6829786)|VARIABLE_ASSIGNMENT|[EXTERNAL]|value|"List of size 15 too large to display"|0x11b8f6a4
21:39:54.0 (6839676)|VARIABLE_ASSIGNMENT|[6]|this.Acclst|"List of size 15 too large to display"|0x1bdedc49
21:39:54.0 (6846471)|STATEMENT_EXECUTE|[14]
21:39:54.0 (6893759)|VARIABLE_ASSIGNMENT|[EXTERNAL]|this|{"Acclst":"0x11b8f6a4"}|0x1bdedc49
21:39:54.0 (6900637)|VARIABLE_ASSIGNMENT|[EXTERNAL]|value|null|
21:39:54.0 (6907057)|VARIABLE_ASSIGNMENT|[9]|this.contacts|null|0x1bdedc49
21:39:54.0 (6914650)|SYSTEM_MODE_EXIT|false
21:39:54.8 (8573459)|CUMULATIVE_LIMIT_USAGE
21:39:54.8 (8573459)|LIMIT_USAGE_FOR_NS|(default)|
  Number of SOQL queries: 1 out of 100
  Number of query rows: 15 out of 50000
  Number of SOSL queries: 0 out of 20
  Number of DML statements: 0 out of 150
  Number of DML rows: 0 out of 10000
  Maximum CPU time: 0 out of 10000
  Maximum heap size: 0 out of 6000000
  Number of callouts: 0 out of 100
  Number of Email Invocations: 0 out of 10
  Number of future calls: 0 out of 50
  Number of queueable jobs added to the queue: 0 out of 50
  Number of Mobile Apex push calls: 0 out of 10

21:39:54.8 (8573459)|CUMULATIVE_LIMIT_USAGE_END

21:39:54.0 (8607095)|CODE_UNIT_FINISHED|VF: /apex/lolSee
21:39:54.0 (9488526)|EXECUTION_FINISHED
