39.0 APEX_CODE,FINEST;APEX_PROFILING,INFO;CALLOUT,INFO;DB,INFO;SYSTEM,DEBUG;VALIDATION,INFO;VISUALFORCE,INFO;WAVE,INFO;WORKFLOW,INFO
21:35:20.0 (66816)|USER_INFO|[EXTERNAL]|0050Y000000d4Kn|shizhaolee@gmail.com|Greenwich Mean Time|GMTZ
21:35:20.0 (97699)|EXECUTION_STARTED
21:35:20.0 (106653)|CODE_UNIT_STARTED|[EXTERNAL]|0660Y000002bH2M|VF: /apex/FYPTest
21:35:20.0 (1806407)|SYSTEM_MODE_ENTER|true
21:35:20.0 (2130991)|HEAP_ALLOCATE|[72]|Bytes:3
21:35:20.0 (2185968)|HEAP_ALLOCATE|[77]|Bytes:152
21:35:20.0 (2207848)|HEAP_ALLOCATE|[342]|Bytes:408
21:35:20.0 (2228904)|HEAP_ALLOCATE|[355]|Bytes:408
21:35:20.0 (2247584)|HEAP_ALLOCATE|[467]|Bytes:48
21:35:20.0 (2280670)|HEAP_ALLOCATE|[139]|Bytes:6
21:35:20.0 (2373746)|HEAP_ALLOCATE|[EXTERNAL]|Bytes:148
21:35:20.0 (2379664)|HEAP_ALLOCATE|[EXTERNAL]|Bytes:28
21:35:20.0 (2382257)|HEAP_ALLOCATE|[EXTERNAL]|Bytes:11
21:35:20.0 (2391165)|METHOD_ENTRY|[1]|01p0Y000009eh3l|dfDefault.dfDefault()
21:35:20.0 (2395374)|STATEMENT_EXECUTE|[1]
21:35:20.0 (2403118)|STATEMENT_EXECUTE|[1]
21:35:20.0 (2441407)|HEAP_ALLOCATE|[50]|Bytes:5
21:35:20.0 (2470201)|HEAP_ALLOCATE|[56]|Bytes:5
21:35:20.0 (2478401)|HEAP_ALLOCATE|[64]|Bytes:7
21:35:20.0 (2498559)|SYSTEM_MODE_ENTER|false
21:35:20.0 (2515709)|HEAP_ALLOCATE|[EXTERNAL]|Bytes:5
21:35:20.0 (2524003)|SYSTEM_MODE_EXIT|false
21:35:20.0 (2531062)|METHOD_EXIT|[1]|dfDefault
21:35:20.0 (2536270)|HEAP_ALLOCATE|[EXTERNAL]|Bytes:24
21:35:20.0 (2543209)|VARIABLE_SCOPE_BEGIN|[11]|this|dfDefault|true|false
21:35:20.0 (2598930)|VARIABLE_ASSIGNMENT|[11]|this|{}|0x1574f587
21:35:20.0 (2609684)|SYSTEM_MODE_ENTER|false
21:35:20.0 (2614414)|HEAP_ALLOCATE|[13]|Bytes:5
21:35:20.0 (2617833)|STATEMENT_EXECUTE|[1]
21:35:20.0 (2620322)|HEAP_ALLOCATE|[13]|Bytes:5
21:35:20.0 (2622361)|STATEMENT_EXECUTE|[3]
21:35:20.0 (2624420)|STATEMENT_EXECUTE|[5]
21:35:20.0 (2625481)|STATEMENT_EXECUTE|[6]
21:35:20.0 (2626652)|STATEMENT_EXECUTE|[7]
21:35:20.0 (2627520)|STATEMENT_EXECUTE|[9]
21:35:20.0 (2636366)|HEAP_ALLOCATE|[13]|Bytes:6
21:35:20.0 (2659369)|STATEMENT_EXECUTE|[11]
21:35:20.0 (2661309)|STATEMENT_EXECUTE|[13]
21:35:20.0 (2665057)|HEAP_ALLOCATE|[13]|Bytes:28
21:35:20.0 (2677497)|HEAP_ALLOCATE|[13]|Bytes:4
21:35:20.0 (2901115)|SOQL_EXECUTE_BEGIN|[13]|Aggregations:0|SELECT Id, Name FROM Account
21:35:20.0 (5137436)|SOQL_EXECUTE_END|[13]|Rows:15
21:35:20.0 (5158093)|HEAP_ALLOCATE|[13]|Bytes:64
21:35:20.0 (5190053)|HEAP_ALLOCATE|[13]|Bytes:823
21:35:20.0 (5279616)|HEAP_ALLOCATE|[13]|Bytes:64
21:35:20.0 (5322237)|VARIABLE_ASSIGNMENT|[EXTERNAL]|this|{}|0x1574f587
21:35:20.0 (5339260)|VARIABLE_ASSIGNMENT|[EXTERNAL]|value|"List of size 15 too large to display"|0x3b1d9794
21:35:20.0 (5350790)|VARIABLE_ASSIGNMENT|[6]|this.Acclst|"List of size 15 too large to display"|0x1574f587
21:35:20.0 (5358462)|STATEMENT_EXECUTE|[14]
21:35:20.0 (5401278)|VARIABLE_ASSIGNMENT|[EXTERNAL]|this|{"Acclst":"0x3b1d9794"}|0x1574f587
21:35:20.0 (5408437)|VARIABLE_ASSIGNMENT|[EXTERNAL]|value|null|
21:35:20.0 (5415482)|VARIABLE_ASSIGNMENT|[9]|this.contacts|null|0x1574f587
21:35:20.0 (5424585)|SYSTEM_MODE_EXIT|false
21:35:20.0 (5473591)|SYSTEM_MODE_ENTER|true
21:35:20.0 (6404764)|SYSTEM_MODE_ENTER|true
21:35:20.0 (23185699)|VF_SERIALIZE_VIEWSTATE_BEGIN|0660Y000002bH2M
21:35:20.0 (31588639)|VF_SERIALIZE_VIEWSTATE_END
21:35:20.0 (41783210)|CODE_UNIT_STARTED|[EXTERNAL]|Generate Metadata
21:35:20.0 (43536313)|CODE_UNIT_FINISHED|Generate Metadata
21:35:20.47 (47059448)|CUMULATIVE_LIMIT_USAGE
21:35:20.47 (47059448)|LIMIT_USAGE_FOR_NS|(default)|
  Number of SOQL queries: 1 out of 100
  Number of query rows: 15 out of 50000
  Number of SOSL queries: 0 out of 20
  Number of DML statements: 0 out of 150
  Number of DML rows: 0 out of 10000
  Maximum CPU time: 0 out of 10000
  Maximum heap size: 0 out of 6000000
  Number of callouts: 0 out of 100
  Number of Email Invocations: 0 out of 10
  Number of future calls: 0 out of 50
  Number of queueable jobs added to the queue: 0 out of 50
  Number of Mobile Apex push calls: 0 out of 10

21:35:20.47 (47059448)|CUMULATIVE_LIMIT_USAGE_END

21:35:20.0 (47098679)|CODE_UNIT_FINISHED|VF: /apex/FYPTest
21:35:20.0 (48012294)|EXECUTION_FINISHED
