38.0 APEX_CODE,FINEST;APEX_PROFILING,INFO;CALLOUT,INFO;DB,INFO;SYSTEM,DEBUG;VALIDATION,INFO;VISUALFORCE,INFO;WAVE,INFO;WORKFLOW,INFO
23:06:55.0 (486937)|USER_INFO|[EXTERNAL]|0050Y000000d4Kn|shizhaolee@gmail.com|Greenwich Mean Time|GMTZ
23:06:55.0 (518932)|EXECUTION_STARTED
23:06:55.0 (523664)|CODE_UNIT_STARTED|[EXTERNAL]|0660Y000001V39Z|VF: /apex/DragForce
23:06:55.0 (674918)|VF_DESERIALIZE_VIEWSTATE_BEGIN|0660Y000001V39Z
23:06:55.0 (8898986)|VF_DESERIALIZE_VIEWSTATE_END
23:06:55.0 (9985946)|SYSTEM_MODE_ENTER|true
23:06:55.0 (10100704)|HEAP_ALLOCATE|[72]|Bytes:3
23:06:55.0 (10148528)|HEAP_ALLOCATE|[77]|Bytes:152
23:06:55.0 (10164767)|HEAP_ALLOCATE|[342]|Bytes:408
23:06:55.0 (10179848)|HEAP_ALLOCATE|[355]|Bytes:408
23:06:55.0 (10193468)|HEAP_ALLOCATE|[467]|Bytes:48
23:06:55.0 (10221424)|HEAP_ALLOCATE|[139]|Bytes:6
23:06:55.0 (10239758)|HEAP_ALLOCATE|[EXTERNAL]|Bytes:148
23:06:55.0 (10244696)|HEAP_ALLOCATE|[EXTERNAL]|Bytes:16
23:06:55.0 (10252821)|METHOD_ENTRY|[1]|01p0Y000009c27r|custable.custable()
23:06:55.0 (10257151)|STATEMENT_EXECUTE|[1]
23:06:55.0 (10263258)|STATEMENT_EXECUTE|[1]
23:06:55.0 (10298367)|HEAP_ALLOCATE|[50]|Bytes:5
23:06:55.0 (10322408)|HEAP_ALLOCATE|[56]|Bytes:5
23:06:55.0 (10328710)|HEAP_ALLOCATE|[64]|Bytes:7
23:06:55.0 (10342961)|SYSTEM_MODE_ENTER|false
23:06:55.0 (10358226)|HEAP_ALLOCATE|[EXTERNAL]|Bytes:5
23:06:55.0 (10365037)|SYSTEM_MODE_EXIT|false
23:06:55.0 (10371639)|METHOD_EXIT|[1]|custable
23:06:55.0 (11164172)|SYSTEM_MODE_ENTER|true
23:06:55.0 (12054246)|SYSTEM_MODE_ENTER|true
23:06:55.0 (12086427)|HEAP_ALLOCATE|[EXTERNAL]|Bytes:18
23:06:55.0 (12097506)|HEAP_ALLOCATE|[EXTERNAL]|Bytes:24
23:06:55.0 (12122460)|VARIABLE_ASSIGNMENT|[EXTERNAL]|this.recid|"0010Y000005IkYEQA0"|0x41d630d6
23:06:55.0 (12427221)|HEAP_ALLOCATE|[EXTERNAL]|Bytes:24
23:06:55.0 (12436677)|VARIABLE_SCOPE_BEGIN|[29]|this|custable|true|false
23:06:55.0 (12486933)|VARIABLE_ASSIGNMENT|[29]|this|{"Acclst":"0x50a356f3","recid":"0010Y000005IkYEQA0"}|0x41d630d6
23:06:55.0 (12500595)|SYSTEM_MODE_ENTER|false
23:06:55.0 (12506113)|HEAP_ALLOCATE|[31]|Bytes:5
23:06:55.0 (12510171)|STATEMENT_EXECUTE|[30]
23:06:55.0 (12511988)|STATEMENT_EXECUTE|[31]
23:06:55.0 (12515203)|HEAP_ALLOCATE|[31]|Bytes:70
23:06:55.0 (12526570)|HEAP_ALLOCATE|[31]|Bytes:4
23:06:55.0 (12540962)|HEAP_ALLOCATE|[31]|Bytes:7
23:06:55.0 (12586464)|VARIABLE_ASSIGNMENT|[EXTERNAL]|this|{"Acclst":"0x50a356f3","recid":"0010Y000005IkYEQA0"}|0x41d630d6
23:06:55.0 (12963508)|SOQL_EXECUTE_BEGIN|[31]|Aggregations:0|SELECT id, FirstName, LastName FROM Contact WHERE AccountId = :tmpVar1
23:06:55.0 (17428997)|SOQL_EXECUTE_END|[31]|Rows:1
23:06:55.0 (17447809)|HEAP_ALLOCATE|[31]|Bytes:8
23:06:55.0 (17464628)|HEAP_ALLOCATE|[31]|Bytes:63
23:06:55.0 (17499052)|HEAP_ALLOCATE|[31]|Bytes:8
23:06:55.0 (17551480)|VARIABLE_ASSIGNMENT|[EXTERNAL]|this|{"Acclst":"0x50a356f3","recid":"0010Y000005IkYEQA0"}|0x41d630d6
23:06:55.0 (17571963)|VARIABLE_ASSIGNMENT|[EXTERNAL]|value|[{"Id":"0030Y000002vPBWQA2","FirstName":"Edna","LastName":"Frank"}]|0x6816c2c9
23:06:55.0 (17584777)|VARIABLE_ASSIGNMENT|[9]|this.contacts|[{"Id":"0030Y000002vPBWQA2","FirstName":"Edna","LastName":"Frank"}]|0x41d630d6
23:06:55.0 (17595814)|SYSTEM_MODE_EXIT|false
23:06:55.0 (18956596)|SYSTEM_MODE_ENTER|true
23:06:55.0 (19699028)|SYSTEM_MODE_ENTER|true
23:06:55.0 (22472863)|VF_SERIALIZE_VIEWSTATE_BEGIN|0660Y000001V39Z
23:06:55.0 (24725091)|VF_SERIALIZE_VIEWSTATE_END
23:06:55.27 (27419465)|CUMULATIVE_LIMIT_USAGE
23:06:55.27 (27419465)|LIMIT_USAGE_FOR_NS|(default)|
  Number of SOQL queries: 1 out of 100
  Number of query rows: 1 out of 50000
  Number of SOSL queries: 0 out of 20
  Number of DML statements: 0 out of 150
  Number of DML rows: 0 out of 10000
  Maximum CPU time: 0 out of 10000
  Maximum heap size: 0 out of 6000000
  Number of callouts: 0 out of 100
  Number of Email Invocations: 0 out of 10
  Number of future calls: 0 out of 50
  Number of queueable jobs added to the queue: 0 out of 50
  Number of Mobile Apex push calls: 0 out of 10

23:06:55.27 (27419465)|CUMULATIVE_LIMIT_USAGE_END

23:06:55.0 (27453142)|CODE_UNIT_FINISHED|VF: /apex/DragForce
23:06:55.0 (28252573)|EXECUTION_FINISHED
