39.0 APEX_CODE,FINEST;APEX_PROFILING,INFO;CALLOUT,INFO;DB,INFO;SYSTEM,DEBUG;VALIDATION,INFO;VISUALFORCE,INFO;WAVE,INFO;WORKFLOW,INFO
21:13:13.0 (276235)|USER_INFO|[EXTERNAL]|0050Y000000d4Kn|shizhaolee@gmail.com|Greenwich Mean Time|GMTZ
21:13:13.0 (300550)|EXECUTION_STARTED
21:13:13.0 (303922)|CODE_UNIT_STARTED|[EXTERNAL]|0660Y000002bH2M|VF: /apex/FYPTest
21:13:13.0 (1883194)|SYSTEM_MODE_ENTER|true
21:13:13.0 (2241082)|HEAP_ALLOCATE|[72]|Bytes:3
21:13:13.0 (2289916)|HEAP_ALLOCATE|[77]|Bytes:152
21:13:13.0 (2304508)|HEAP_ALLOCATE|[342]|Bytes:408
21:13:13.0 (2319354)|HEAP_ALLOCATE|[355]|Bytes:408
21:13:13.0 (2332550)|HEAP_ALLOCATE|[467]|Bytes:48
21:13:13.0 (2358835)|HEAP_ALLOCATE|[139]|Bytes:6
21:13:13.0 (2373659)|HEAP_ALLOCATE|[EXTERNAL]|Bytes:152
21:13:13.0 (2379643)|HEAP_ALLOCATE|[EXTERNAL]|Bytes:16
21:13:13.0 (2390444)|METHOD_ENTRY|[1]|01p0Y000009c27r|custable.custable()
21:13:13.0 (2395390)|STATEMENT_EXECUTE|[1]
21:13:13.0 (2401749)|STATEMENT_EXECUTE|[1]
21:13:13.0 (2444797)|HEAP_ALLOCATE|[50]|Bytes:5
21:13:13.0 (2469078)|HEAP_ALLOCATE|[56]|Bytes:5
21:13:13.0 (2475242)|HEAP_ALLOCATE|[64]|Bytes:7
21:13:13.0 (2489093)|SYSTEM_MODE_ENTER|false
21:13:13.0 (2499715)|HEAP_ALLOCATE|[EXTERNAL]|Bytes:5
21:13:13.0 (2506027)|SYSTEM_MODE_EXIT|false
21:13:13.0 (2512069)|METHOD_EXIT|[1]|custable
21:13:13.0 (2536417)|HEAP_ALLOCATE|[EXTERNAL]|Bytes:24
21:13:13.0 (2543891)|VARIABLE_SCOPE_BEGIN|[11]|this|custable|true|false
21:13:13.0 (2595554)|VARIABLE_ASSIGNMENT|[11]|this|{}|0x7d94abbb
21:13:13.0 (2603531)|SYSTEM_MODE_ENTER|false
21:13:13.0 (2608079)|HEAP_ALLOCATE|[13]|Bytes:5
21:13:13.0 (2610687)|STATEMENT_EXECUTE|[1]
21:13:13.0 (2612921)|HEAP_ALLOCATE|[13]|Bytes:5
21:13:13.0 (2614532)|STATEMENT_EXECUTE|[3]
21:13:13.0 (2616039)|STATEMENT_EXECUTE|[5]
21:13:13.0 (2617057)|STATEMENT_EXECUTE|[6]
21:13:13.0 (2617989)|STATEMENT_EXECUTE|[7]
21:13:13.0 (2618882)|STATEMENT_EXECUTE|[9]
21:13:13.0 (2626010)|HEAP_ALLOCATE|[13]|Bytes:6
21:13:13.0 (2644318)|STATEMENT_EXECUTE|[11]
21:13:13.0 (2645739)|STATEMENT_EXECUTE|[13]
21:13:13.0 (2648470)|HEAP_ALLOCATE|[13]|Bytes:28
21:13:13.0 (2656762)|HEAP_ALLOCATE|[13]|Bytes:4
21:13:13.0 (2806514)|SOQL_EXECUTE_BEGIN|[13]|Aggregations:0|SELECT Id, Name FROM Account
21:13:13.0 (10000621)|SOQL_EXECUTE_END|[13]|Rows:16
21:13:13.0 (10016173)|HEAP_ALLOCATE|[13]|Bytes:68
21:13:13.0 (10049083)|HEAP_ALLOCATE|[13]|Bytes:865
21:13:13.0 (10078316)|HEAP_ALLOCATE|[13]|Bytes:68
21:13:13.0 (10124787)|VARIABLE_ASSIGNMENT|[EXTERNAL]|this|{}|0x7d94abbb
21:13:13.0 (10140349)|VARIABLE_ASSIGNMENT|[EXTERNAL]|value|"List of size 16 too large to display"|0x1bd7aa40
21:13:13.0 (10151083)|VARIABLE_ASSIGNMENT|[6]|this.Acclst|"List of size 16 too large to display"|0x7d94abbb
21:13:13.0 (10158240)|STATEMENT_EXECUTE|[14]
21:13:13.0 (10204113)|VARIABLE_ASSIGNMENT|[EXTERNAL]|this|{"Acclst":"0x1bd7aa40"}|0x7d94abbb
21:13:13.0 (10210439)|VARIABLE_ASSIGNMENT|[EXTERNAL]|value|null|
21:13:13.0 (10217236)|VARIABLE_ASSIGNMENT|[9]|this.contacts|null|0x7d94abbb
21:13:13.0 (10225267)|SYSTEM_MODE_EXIT|false
21:13:13.0 (10267399)|SYSTEM_MODE_ENTER|true
21:13:13.0 (11055667)|SYSTEM_MODE_ENTER|true
21:13:13.0 (44078842)|VF_SERIALIZE_VIEWSTATE_BEGIN|0660Y000002bH2M
21:13:13.0 (56627524)|VF_SERIALIZE_VIEWSTATE_END
21:13:13.0 (90486070)|CODE_UNIT_STARTED|[EXTERNAL]|Generate Metadata
21:13:13.0 (92382003)|CODE_UNIT_FINISHED|Generate Metadata
21:13:13.95 (95317029)|CUMULATIVE_LIMIT_USAGE
21:13:13.95 (95317029)|LIMIT_USAGE_FOR_NS|(default)|
  Number of SOQL queries: 1 out of 100
  Number of query rows: 16 out of 50000
  Number of SOSL queries: 0 out of 20
  Number of DML statements: 0 out of 150
  Number of DML rows: 0 out of 10000
  Maximum CPU time: 0 out of 10000
  Maximum heap size: 0 out of 6000000
  Number of callouts: 0 out of 100
  Number of Email Invocations: 0 out of 10
  Number of future calls: 0 out of 50
  Number of queueable jobs added to the queue: 0 out of 50
  Number of Mobile Apex push calls: 0 out of 10

21:13:13.95 (95317029)|CUMULATIVE_LIMIT_USAGE_END

21:13:13.0 (95353292)|CODE_UNIT_FINISHED|VF: /apex/FYPTest
21:13:13.0 (96225346)|EXECUTION_FINISHED
