38.0 APEX_CODE,FINEST;APEX_PROFILING,INFO;CALLOUT,INFO;DB,INFO;SYSTEM,DEBUG;VALIDATION,INFO;VISUALFORCE,INFO;WAVE,INFO;WORKFLOW,INFO
21:58:59.0 (319946)|USER_INFO|[EXTERNAL]|0050Y000000d4Kn|shizhaolee@gmail.com|Greenwich Mean Time|GMTZ
21:58:59.0 (344178)|EXECUTION_STARTED
21:58:59.0 (348267)|CODE_UNIT_STARTED|[EXTERNAL]|0660Y000001V39Z|VF: /apex/DragForce
21:58:59.0 (3264043)|SYSTEM_MODE_ENTER|true
21:58:59.0 (3648602)|HEAP_ALLOCATE|[72]|Bytes:3
21:58:59.0 (3690347)|HEAP_ALLOCATE|[77]|Bytes:152
21:58:59.0 (3706511)|HEAP_ALLOCATE|[342]|Bytes:408
21:58:59.0 (3721333)|HEAP_ALLOCATE|[355]|Bytes:408
21:58:59.0 (3734929)|HEAP_ALLOCATE|[467]|Bytes:48
21:58:59.0 (3763499)|HEAP_ALLOCATE|[139]|Bytes:6
21:58:59.0 (3777089)|HEAP_ALLOCATE|[EXTERNAL]|Bytes:148
21:58:59.0 (3780868)|HEAP_ALLOCATE|[EXTERNAL]|Bytes:16
21:58:59.0 (3797735)|METHOD_ENTRY|[1]|01p0Y000009c27r|custable.custable()
21:58:59.0 (3802356)|STATEMENT_EXECUTE|[1]
21:58:59.0 (3809064)|STATEMENT_EXECUTE|[1]
21:58:59.0 (3842231)|HEAP_ALLOCATE|[50]|Bytes:5
21:58:59.0 (3869776)|HEAP_ALLOCATE|[56]|Bytes:5
21:58:59.0 (3875102)|HEAP_ALLOCATE|[64]|Bytes:7
21:58:59.0 (3892359)|SYSTEM_MODE_ENTER|false
21:58:59.0 (3905356)|HEAP_ALLOCATE|[EXTERNAL]|Bytes:5
21:58:59.0 (3912345)|SYSTEM_MODE_EXIT|false
21:58:59.0 (3919889)|METHOD_EXIT|[1]|custable
21:58:59.0 (3948562)|HEAP_ALLOCATE|[EXTERNAL]|Bytes:24
21:58:59.0 (3955498)|VARIABLE_SCOPE_BEGIN|[11]|this|custable|true|false
21:58:59.0 (4021647)|VARIABLE_ASSIGNMENT|[11]|this|{}|0x4c636e27
21:58:59.0 (4031419)|SYSTEM_MODE_ENTER|false
21:58:59.0 (4036756)|HEAP_ALLOCATE|[13]|Bytes:5
21:58:59.0 (4039375)|STATEMENT_EXECUTE|[1]
21:58:59.0 (4041555)|HEAP_ALLOCATE|[13]|Bytes:5
21:58:59.0 (4043214)|STATEMENT_EXECUTE|[3]
21:58:59.0 (4044773)|STATEMENT_EXECUTE|[5]
21:58:59.0 (4045939)|STATEMENT_EXECUTE|[6]
21:58:59.0 (4047079)|STATEMENT_EXECUTE|[7]
21:58:59.0 (4048072)|STATEMENT_EXECUTE|[9]
21:58:59.0 (4056073)|HEAP_ALLOCATE|[13]|Bytes:6
21:58:59.0 (4073481)|STATEMENT_EXECUTE|[11]
21:58:59.0 (4074994)|STATEMENT_EXECUTE|[13]
21:58:59.0 (4077571)|HEAP_ALLOCATE|[13]|Bytes:28
21:58:59.0 (4087148)|HEAP_ALLOCATE|[13]|Bytes:4
21:58:59.0 (4263635)|SOQL_EXECUTE_BEGIN|[13]|Aggregations:0|SELECT Id, Name FROM Account
21:58:59.0 (6081603)|SOQL_EXECUTE_END|[13]|Rows:15
21:58:59.0 (6097637)|HEAP_ALLOCATE|[13]|Bytes:64
21:58:59.0 (6130076)|HEAP_ALLOCATE|[13]|Bytes:823
21:58:59.0 (6162513)|HEAP_ALLOCATE|[13]|Bytes:64
21:58:59.0 (6208552)|VARIABLE_ASSIGNMENT|[EXTERNAL]|this|{}|0x4c636e27
21:58:59.0 (6225550)|VARIABLE_ASSIGNMENT|[EXTERNAL]|value|"List of size 15 too large to display"|0x41862de1
21:58:59.0 (6239322)|VARIABLE_ASSIGNMENT|[6]|this.Acclst|"List of size 15 too large to display"|0x4c636e27
21:58:59.0 (6246339)|STATEMENT_EXECUTE|[14]
21:58:59.0 (6296827)|VARIABLE_ASSIGNMENT|[EXTERNAL]|this|{"Acclst":"0x41862de1"}|0x4c636e27
21:58:59.0 (6302832)|VARIABLE_ASSIGNMENT|[EXTERNAL]|value|null|
21:58:59.0 (6309837)|VARIABLE_ASSIGNMENT|[9]|this.contacts|null|0x4c636e27
21:58:59.0 (6318171)|SYSTEM_MODE_EXIT|false
21:58:59.0 (6367018)|SYSTEM_MODE_ENTER|true
21:58:59.0 (7115960)|SYSTEM_MODE_ENTER|true
21:58:59.0 (27987423)|VF_SERIALIZE_VIEWSTATE_BEGIN|0660Y000001V39Z
21:58:59.0 (31302460)|VF_SERIALIZE_VIEWSTATE_END
21:58:59.34 (34312646)|CUMULATIVE_LIMIT_USAGE
21:58:59.34 (34312646)|LIMIT_USAGE_FOR_NS|(default)|
  Number of SOQL queries: 1 out of 100
  Number of query rows: 15 out of 50000
  Number of SOSL queries: 0 out of 20
  Number of DML statements: 0 out of 150
  Number of DML rows: 0 out of 10000
  Maximum CPU time: 0 out of 10000
  Maximum heap size: 0 out of 6000000
  Number of callouts: 0 out of 100
  Number of Email Invocations: 0 out of 10
  Number of future calls: 0 out of 50
  Number of queueable jobs added to the queue: 0 out of 50
  Number of Mobile Apex push calls: 0 out of 10

21:58:59.34 (34312646)|CUMULATIVE_LIMIT_USAGE_END

21:58:59.0 (34350486)|CODE_UNIT_FINISHED|VF: /apex/DragForce
21:58:59.0 (35201325)|EXECUTION_FINISHED
