39.0 APEX_CODE,FINEST;APEX_PROFILING,INFO;CALLOUT,INFO;DB,INFO;SYSTEM,DEBUG;VALIDATION,INFO;VISUALFORCE,INFO;WAVE,INFO;WORKFLOW,INFO
21:35:31.0 (315958)|USER_INFO|[EXTERNAL]|0050Y000000d4Kn|shizhaolee@gmail.com|Greenwich Mean Time|GMTZ
21:35:31.0 (339833)|EXECUTION_STARTED
21:35:31.0 (343855)|CODE_UNIT_STARTED|[EXTERNAL]|0660Y000002bH2M|VF: /apex/FYPTest
21:35:31.0 (858273)|VF_DESERIALIZE_VIEWSTATE_BEGIN|0660Y000002bH2M
21:35:31.0 (6602634)|HEAP_ALLOCATE|[72]|Bytes:3
21:35:31.0 (6641108)|HEAP_ALLOCATE|[77]|Bytes:152
21:35:31.0 (6652547)|HEAP_ALLOCATE|[342]|Bytes:408
21:35:31.0 (6662188)|HEAP_ALLOCATE|[355]|Bytes:408
21:35:31.0 (6671560)|HEAP_ALLOCATE|[467]|Bytes:48
21:35:31.0 (6697111)|HEAP_ALLOCATE|[139]|Bytes:6
21:35:31.0 (9088751)|VF_DESERIALIZE_VIEWSTATE_END
21:35:31.0 (9625637)|SYSTEM_MODE_ENTER|true
21:35:31.0 (9655803)|HEAP_ALLOCATE|[EXTERNAL]|Bytes:148
21:35:31.0 (9661536)|HEAP_ALLOCATE|[EXTERNAL]|Bytes:28
21:35:31.0 (9664007)|HEAP_ALLOCATE|[EXTERNAL]|Bytes:11
21:35:31.0 (9675591)|METHOD_ENTRY|[1]|01p0Y000009eh3l|dfDefault.dfDefault()
21:35:31.0 (9679274)|STATEMENT_EXECUTE|[1]
21:35:31.0 (9683584)|STATEMENT_EXECUTE|[1]
21:35:31.0 (9715175)|HEAP_ALLOCATE|[50]|Bytes:5
21:35:31.0 (9737887)|HEAP_ALLOCATE|[56]|Bytes:5
21:35:31.0 (9744169)|HEAP_ALLOCATE|[64]|Bytes:7
21:35:31.0 (9760197)|SYSTEM_MODE_ENTER|false
21:35:31.0 (9771188)|HEAP_ALLOCATE|[EXTERNAL]|Bytes:5
21:35:31.0 (9776960)|SYSTEM_MODE_EXIT|false
21:35:31.0 (9782704)|METHOD_EXIT|[1]|dfDefault
21:35:31.0 (10457999)|SYSTEM_MODE_ENTER|true
21:35:31.0 (11489862)|SYSTEM_MODE_ENTER|true
21:35:31.0 (11518688)|HEAP_ALLOCATE|[EXTERNAL]|Bytes:18
21:35:31.0 (11526838)|HEAP_ALLOCATE|[EXTERNAL]|Bytes:24
21:35:31.0 (11549276)|VARIABLE_ASSIGNMENT|[EXTERNAL]|this.recid|"0010Y000005IkY4QAK"|0x2d0d6750
21:35:31.0 (11835253)|HEAP_ALLOCATE|[EXTERNAL]|Bytes:24
21:35:31.0 (11844438)|VARIABLE_SCOPE_BEGIN|[29]|this|dfDefault|true|false
21:35:31.0 (11887875)|VARIABLE_ASSIGNMENT|[29]|this|{"Acclst":"0x3782cf3c","contacts":"0x1c3fb283","recid":"0010Y000005IkY4QAK"}|0x2d0d6750
21:35:31.0 (11900093)|SYSTEM_MODE_ENTER|false
21:35:31.0 (11905697)|HEAP_ALLOCATE|[31]|Bytes:5
21:35:31.0 (11909079)|STATEMENT_EXECUTE|[30]
21:35:31.0 (11910439)|STATEMENT_EXECUTE|[31]
21:35:31.0 (11913551)|HEAP_ALLOCATE|[31]|Bytes:70
21:35:31.0 (11922532)|HEAP_ALLOCATE|[31]|Bytes:4
21:35:31.0 (11932441)|HEAP_ALLOCATE|[31]|Bytes:7
21:35:31.0 (11976518)|VARIABLE_ASSIGNMENT|[EXTERNAL]|this|{"Acclst":"0x3782cf3c","contacts":"0x1c3fb283","recid":"0010Y000005IkY4QAK"}|0x2d0d6750
21:35:31.0 (12376206)|SOQL_EXECUTE_BEGIN|[31]|Aggregations:0|SELECT id, FirstName, LastName FROM Contact WHERE AccountId = :tmpVar1
21:35:31.0 (14709594)|SOQL_EXECUTE_END|[31]|Rows:2
21:35:31.0 (14723992)|HEAP_ALLOCATE|[31]|Bytes:12
21:35:31.0 (14739942)|HEAP_ALLOCATE|[31]|Bytes:130
21:35:31.0 (14770709)|HEAP_ALLOCATE|[31]|Bytes:12
21:35:31.0 (14817963)|VARIABLE_ASSIGNMENT|[EXTERNAL]|this|{"Acclst":"0x3782cf3c","contacts":"0x1c3fb283","recid":"0010Y000005IkY4QAK"}|0x2d0d6750
21:35:31.0 (14836739)|VARIABLE_ASSIGNMENT|[EXTERNAL]|value|[{"Id":"0030Y000002vPBGQA2","FirstName":"Rose","LastName":"Gonzalez"},{"Id":"0030Y000002vPBHQA2","FirstName":"Sean","LastName":"Forbes"}]|0x739faeb1
21:35:31.0 (14848725)|VARIABLE_ASSIGNMENT|[9]|this.contacts|[{"Id":"0030Y000002vPBGQA2","FirstName":"Rose","LastName":"Gonzalez"},{"Id":"0030Y000002vPBHQA2","FirstName":"Sean","LastName":"Forbes"}]|0x2d0d6750
21:35:31.0 (14857326)|SYSTEM_MODE_EXIT|false
21:35:31.0 (16941075)|SYSTEM_MODE_ENTER|true
21:35:31.0 (17853950)|SYSTEM_MODE_ENTER|true
21:35:31.0 (20972148)|VF_SERIALIZE_VIEWSTATE_BEGIN|0660Y000002bH2M
21:35:31.0 (29450324)|VF_SERIALIZE_VIEWSTATE_END
21:35:31.0 (42249320)|CODE_UNIT_STARTED|[EXTERNAL]|Generate Metadata
21:35:31.0 (43937590)|CODE_UNIT_FINISHED|Generate Metadata
21:35:31.46 (46446352)|CUMULATIVE_LIMIT_USAGE
21:35:31.46 (46446352)|LIMIT_USAGE_FOR_NS|(default)|
  Number of SOQL queries: 1 out of 100
  Number of query rows: 2 out of 50000
  Number of SOSL queries: 0 out of 20
  Number of DML statements: 0 out of 150
  Number of DML rows: 0 out of 10000
  Maximum CPU time: 0 out of 10000
  Maximum heap size: 0 out of 6000000
  Number of callouts: 0 out of 100
  Number of Email Invocations: 0 out of 10
  Number of future calls: 0 out of 50
  Number of queueable jobs added to the queue: 0 out of 50
  Number of Mobile Apex push calls: 0 out of 10

21:35:31.46 (46446352)|CUMULATIVE_LIMIT_USAGE_END

21:35:31.0 (46477756)|CODE_UNIT_FINISHED|VF: /apex/FYPTest
21:35:31.0 (47253063)|EXECUTION_FINISHED
