38.0 APEX_CODE,FINEST;APEX_PROFILING,INFO;CALLOUT,INFO;DB,INFO;SYSTEM,DEBUG;VALIDATION,INFO;VISUALFORCE,INFO;WAVE,INFO;WORKFLOW,INFO
20:46:39.0 (312355)|USER_INFO|[EXTERNAL]|0050Y000000d4Kn|shizhaolee@gmail.com|Greenwich Mean Time|GMTZ
20:46:39.0 (336712)|EXECUTION_STARTED
20:46:39.0 (340626)|CODE_UNIT_STARTED|[EXTERNAL]|0660Y000001V39Z|VF: /apex/DragForce
20:46:39.0 (27702763)|SYSTEM_MODE_ENTER|true
20:46:39.0 (28012962)|HEAP_ALLOCATE|[72]|Bytes:3
20:46:39.0 (28055705)|HEAP_ALLOCATE|[77]|Bytes:152
20:46:39.0 (28070628)|HEAP_ALLOCATE|[342]|Bytes:408
20:46:39.0 (28083245)|HEAP_ALLOCATE|[355]|Bytes:408
20:46:39.0 (28092839)|HEAP_ALLOCATE|[467]|Bytes:48
20:46:39.0 (28117749)|HEAP_ALLOCATE|[139]|Bytes:6
20:46:39.0 (28130468)|HEAP_ALLOCATE|[EXTERNAL]|Bytes:232
20:46:39.0 (28134642)|HEAP_ALLOCATE|[EXTERNAL]|Bytes:33
20:46:39.0 (28136804)|HEAP_ALLOCATE|[EXTERNAL]|Bytes:5
20:46:39.0 (28144699)|METHOD_ENTRY|[1]|01p0Y000009c27r|custable.custable()
20:46:39.0 (28148889)|STATEMENT_EXECUTE|[1]
20:46:39.0 (28153500)|STATEMENT_EXECUTE|[1]
20:46:39.0 (28185377)|HEAP_ALLOCATE|[50]|Bytes:5
20:46:39.0 (28207026)|HEAP_ALLOCATE|[56]|Bytes:5
20:46:39.0 (28212147)|HEAP_ALLOCATE|[64]|Bytes:7
20:46:39.0 (28225774)|SYSTEM_MODE_ENTER|false
20:46:39.0 (28238551)|HEAP_ALLOCATE|[EXTERNAL]|Bytes:5
20:46:39.0 (28244265)|SYSTEM_MODE_EXIT|false
20:46:39.0 (28250472)|METHOD_EXIT|[1]|custable
20:46:39.0 (28336931)|HEAP_ALLOCATE|[EXTERNAL]|Bytes:52
20:46:39.0 (28347478)|VARIABLE_SCOPE_BEGIN|[21]|this|custable|true|false
20:46:39.0 (28443871)|VARIABLE_ASSIGNMENT|[21]|this|{}|0x610958c9
20:46:39.0 (28454809)|SYSTEM_MODE_ENTER|false
20:46:39.0 (28464935)|HEAP_ALLOCATE|[23]|Bytes:5
20:46:39.0 (28467763)|STATEMENT_EXECUTE|[1]
20:46:39.0 (28470091)|HEAP_ALLOCATE|[23]|Bytes:5
20:46:39.0 (28471615)|STATEMENT_EXECUTE|[3]
20:46:39.0 (28473565)|STATEMENT_EXECUTE|[4]
20:46:39.0 (28474530)|STATEMENT_EXECUTE|[5]
20:46:39.0 (28475552)|STATEMENT_EXECUTE|[7]
20:46:39.0 (28476484)|STATEMENT_EXECUTE|[9]
20:46:39.0 (28477378)|STATEMENT_EXECUTE|[10]
20:46:39.0 (28478556)|STATEMENT_EXECUTE|[12]
20:46:39.0 (28479503)|STATEMENT_EXECUTE|[13]
20:46:39.0 (28480559)|STATEMENT_EXECUTE|[15]
20:46:39.0 (28481449)|STATEMENT_EXECUTE|[16]
20:46:39.0 (28482374)|STATEMENT_EXECUTE|[18]
20:46:39.0 (28483331)|STATEMENT_EXECUTE|[19]
20:46:39.0 (28491231)|HEAP_ALLOCATE|[23]|Bytes:6
20:46:39.0 (28509471)|STATEMENT_EXECUTE|[21]
20:46:39.0 (28510940)|STATEMENT_EXECUTE|[23]
20:46:39.0 (28513124)|HEAP_ALLOCATE|[23]|Bytes:50
20:46:39.0 (28522718)|HEAP_ALLOCATE|[23]|Bytes:4
20:46:39.0 (28531710)|HEAP_ALLOCATE|[23]|Bytes:7
20:46:39.0 (28613185)|VARIABLE_ASSIGNMENT|[EXTERNAL]|this|{}|0x610958c9
20:46:39.0 (29996216)|SOQL_EXECUTE_BEGIN|[23]|Aggregations:0|SELECT Id, Name FROM Account WHERE Type = :tmpVar1
20:46:39.0 (35728341)|SOQL_EXECUTE_END|[23]|Rows:1
20:46:39.0 (35759855)|HEAP_ALLOCATE|[23]|Bytes:8
20:46:39.0 (35783212)|HEAP_ALLOCATE|[23]|Bytes:43
20:46:39.0 (35844175)|HEAP_ALLOCATE|[23]|Bytes:8
20:46:39.0 (35930552)|VARIABLE_ASSIGNMENT|[EXTERNAL]|this|{}|0x610958c9
20:46:39.0 (35956891)|VARIABLE_ASSIGNMENT|[EXTERNAL]|value|[{"Id":"0010Y000005IkYFQA0","Name":"sForce"}]|0x7a055a9f
20:46:39.0 (35970823)|VARIABLE_ASSIGNMENT|[9]|this.Acclst|[{"Id":"0010Y000005IkYFQA0","Name":"sForce"}]|0x610958c9
20:46:39.0 (35984130)|STATEMENT_EXECUTE|[24]
20:46:39.0 (35989934)|HEAP_ALLOCATE|[24]|Bytes:62
20:46:39.0 (35998153)|HEAP_ALLOCATE|[24]|Bytes:4
20:46:39.0 (37322880)|SOQL_EXECUTE_BEGIN|[24]|Aggregations:0|SELECT Id, Company, Status FROM lead WHERE Status LIKE 'Open%'
20:46:39.0 (40816030)|SOQL_EXECUTE_END|[24]|Rows:4
20:46:39.0 (40832240)|HEAP_ALLOCATE|[24]|Bytes:20
20:46:39.0 (40853933)|HEAP_ALLOCATE|[24]|Bytes:348
20:46:39.0 (40889842)|HEAP_ALLOCATE|[24]|Bytes:20
20:46:39.0 (40957920)|VARIABLE_ASSIGNMENT|[EXTERNAL]|this|{"Acclst":"0x7a055a9f"}|0x610958c9
20:46:39.0 (40983200)|VARIABLE_ASSIGNMENT|[EXTERNAL]|value|[{"Id":"00Q0Y000001a6NfUAI","Company":"company1","Status":"Open - Not Contacted"},{"Id":"00Q0Y0000025YrTUAU","Company":"Abbott Insurance","Status":"Open - Not Contacted"},{"Id":"00Q0Y0000025YrUUAU","Company":"Jackson Controls","Status":"Open - Not Contacted"},{"Id":"00Q0Y0000025YrVUAU","Company":"Metropolitan Health  (8 more) ...","Status":"Open - Not Contacted"}]|0x5c50d25b
20:46:39.0 (41004420)|VARIABLE_ASSIGNMENT|[15]|this.leads|[{"Id":"00Q0Y000001a6NfUAI","Company":"company1","Status":"Open - Not Contacted"},{"Id":"00Q0Y0000025YrTUAU","Company":"Abbott Insurance","Status":"Open - Not Contacted"},{"Id":"00Q0Y0000025YrUUAU","Company":"Jackson Controls","Status":"Open - Not Contacted"},{"Id":"00Q0Y0000025YrVUAU","Company":"Metropolitan Health  (8 more) ...","Status":"Open - Not Contacted"}]|0x610958c9
20:46:39.0 (41014267)|STATEMENT_EXECUTE|[25]
20:46:39.0 (41019542)|HEAP_ALLOCATE|[25]|Bytes:90
20:46:39.0 (41026813)|HEAP_ALLOCATE|[25]|Bytes:4
20:46:39.0 (41908116)|SOQL_EXECUTE_BEGIN|[25]|Aggregations:0|SELECT Id, name, Description, StageName, CloseDate FROM Opportunity WHERE IsClosed = FALSE
20:46:39.0 (45068874)|SOQL_EXECUTE_END|[25]|Rows:13
20:46:39.0 (45090197)|HEAP_ALLOCATE|[25]|Bytes:56
20:46:39.0 (45122830)|HEAP_ALLOCATE|[25]|Bytes:1486
20:46:39.0 (45158975)|HEAP_ALLOCATE|[25]|Bytes:56
20:46:39.0 (45250361)|VARIABLE_ASSIGNMENT|[EXTERNAL]|this|{"Acclst":"0x7a055a9f","leads":"0x5c50d25b"}|0x610958c9
20:46:39.0 (45265097)|VARIABLE_ASSIGNMENT|[EXTERNAL]|value|"List of size 13 too large to display"|0x11f42574
20:46:39.0 (45275971)|VARIABLE_ASSIGNMENT|[18]|this.opportunities|"List of size 13 too large to display"|0x610958c9
20:46:39.0 (45283755)|STATEMENT_EXECUTE|[27]
20:46:39.0 (45340559)|VARIABLE_ASSIGNMENT|[EXTERNAL]|this|{"Acclst":"0x7a055a9f","leads":"0x5c50d25b","opportunities":"0x11f42574"}|0x610958c9
20:46:39.0 (45450255)|USER_DEBUG|[27]|DEBUG|(Lead:{Id=00Q0Y000001a6NfUAI, Company=company1, Status=Open - Not Contacted}, Lead:{Id=00Q0Y0000025YrTUAU, Company=Abbott Insurance, Status=Open - Not Contacted}, Lead:{Id=00Q0Y0000025YrUUAU, Company=Jackson Controls, Status=Open - Not Contacted}, Lead:{Id=00Q0Y0000025YrVUAU, Company=Metropolitan Health Services, Status=Open - Not Contacted})
20:46:39.0 (45463260)|STATEMENT_EXECUTE|[28]
20:46:39.0 (45558417)|VARIABLE_ASSIGNMENT|[EXTERNAL]|this|{"Acclst":"0x7a055a9f","leads":"0x5c50d25b","opportunities":"0x11f42574"}|0x610958c9
20:46:39.0 (45569023)|VARIABLE_ASSIGNMENT|[EXTERNAL]|value|null|
20:46:39.0 (45579566)|VARIABLE_ASSIGNMENT|[12]|this.contacts|null|0x610958c9
20:46:39.0 (45595259)|SYSTEM_MODE_EXIT|false
20:46:39.0 (45695039)|SYSTEM_MODE_ENTER|true
20:46:39.0 (46486500)|SYSTEM_MODE_ENTER|true
20:46:39.0 (47125731)|SYSTEM_MODE_ENTER|true
20:46:39.0 (75720357)|VF_SERIALIZE_VIEWSTATE_BEGIN|0660Y000001V39Z
20:46:39.0 (79438335)|VF_SERIALIZE_VIEWSTATE_END
20:46:39.82 (82930506)|CUMULATIVE_LIMIT_USAGE
20:46:39.82 (82930506)|LIMIT_USAGE_FOR_NS|(default)|
  Number of SOQL queries: 3 out of 100
  Number of query rows: 18 out of 50000
  Number of SOSL queries: 0 out of 20
  Number of DML statements: 0 out of 150
  Number of DML rows: 0 out of 10000
  Maximum CPU time: 0 out of 10000
  Maximum heap size: 0 out of 6000000
  Number of callouts: 0 out of 100
  Number of Email Invocations: 0 out of 10
  Number of future calls: 0 out of 50
  Number of queueable jobs added to the queue: 0 out of 50
  Number of Mobile Apex push calls: 0 out of 10

20:46:39.82 (82930506)|CUMULATIVE_LIMIT_USAGE_END

20:46:39.0 (82965894)|CODE_UNIT_FINISHED|VF: /apex/DragForce
20:46:39.0 (83720426)|EXECUTION_FINISHED
