39.0 APEX_CODE,FINEST;APEX_PROFILING,INFO;CALLOUT,INFO;DB,INFO;SYSTEM,DEBUG;VALIDATION,INFO;VISUALFORCE,INFO;WAVE,INFO;WORKFLOW,INFO
21:16:22.0 (61979)|USER_INFO|[EXTERNAL]|0050Y000000d4Kn|shizhaolee@gmail.com|Greenwich Mean Time|GMTZ
21:16:22.0 (89363)|EXECUTION_STARTED
21:16:22.0 (94257)|CODE_UNIT_STARTED|[EXTERNAL]|0660Y000002bH2M|VF: /apex/FYPTest
21:16:22.0 (243577)|VF_DESERIALIZE_VIEWSTATE_BEGIN|0660Y000002bH2M
21:16:22.0 (5865340)|HEAP_ALLOCATE|[72]|Bytes:3
21:16:22.0 (5917954)|HEAP_ALLOCATE|[77]|Bytes:152
21:16:22.0 (5943483)|HEAP_ALLOCATE|[342]|Bytes:408
21:16:22.0 (5964508)|HEAP_ALLOCATE|[355]|Bytes:408
21:16:22.0 (5983154)|HEAP_ALLOCATE|[467]|Bytes:48
21:16:22.0 (6016433)|HEAP_ALLOCATE|[139]|Bytes:6
21:16:22.0 (7710784)|VF_DESERIALIZE_VIEWSTATE_END
21:16:22.0 (8575296)|SYSTEM_MODE_ENTER|true
21:16:22.0 (8610009)|HEAP_ALLOCATE|[EXTERNAL]|Bytes:152
21:16:22.0 (8617425)|HEAP_ALLOCATE|[EXTERNAL]|Bytes:16
21:16:22.0 (8626534)|METHOD_ENTRY|[1]|01p0Y000009c27r|custable.custable()
21:16:22.0 (8630910)|STATEMENT_EXECUTE|[1]
21:16:22.0 (8637962)|STATEMENT_EXECUTE|[1]
21:16:22.0 (8674290)|HEAP_ALLOCATE|[50]|Bytes:5
21:16:22.0 (8701831)|HEAP_ALLOCATE|[56]|Bytes:5
21:16:22.0 (8710335)|HEAP_ALLOCATE|[64]|Bytes:7
21:16:22.0 (8730317)|SYSTEM_MODE_ENTER|false
21:16:22.0 (8747137)|HEAP_ALLOCATE|[EXTERNAL]|Bytes:5
21:16:22.0 (8755226)|SYSTEM_MODE_EXIT|false
21:16:22.0 (8762464)|METHOD_EXIT|[1]|custable
21:16:22.0 (9630444)|SYSTEM_MODE_ENTER|true
21:16:22.0 (10798006)|SYSTEM_MODE_ENTER|true
21:16:22.0 (10828960)|HEAP_ALLOCATE|[EXTERNAL]|Bytes:18
21:16:22.0 (10832956)|HEAP_ALLOCATE|[EXTERNAL]|Bytes:24
21:16:22.0 (10863274)|VARIABLE_ASSIGNMENT|[EXTERNAL]|this.recid|"0010Y000005IkYCQA0"|0x383edbf5
21:16:22.0 (11183892)|HEAP_ALLOCATE|[EXTERNAL]|Bytes:24
21:16:22.0 (11193630)|VARIABLE_SCOPE_BEGIN|[29]|this|custable|true|false
21:16:22.0 (11235212)|VARIABLE_ASSIGNMENT|[29]|this|{"Acclst":"0x699d1e8e","contacts":"0x74871f20","recid":"0010Y000005IkYCQA0"}|0x383edbf5
21:16:22.0 (11249775)|SYSTEM_MODE_ENTER|false
21:16:22.0 (11255476)|HEAP_ALLOCATE|[31]|Bytes:5
21:16:22.0 (11259435)|STATEMENT_EXECUTE|[30]
21:16:22.0 (11260835)|STATEMENT_EXECUTE|[31]
21:16:22.0 (11264576)|HEAP_ALLOCATE|[31]|Bytes:70
21:16:22.0 (11276017)|HEAP_ALLOCATE|[31]|Bytes:4
21:16:22.0 (11290059)|HEAP_ALLOCATE|[31]|Bytes:7
21:16:22.0 (11343545)|VARIABLE_ASSIGNMENT|[EXTERNAL]|this|{"Acclst":"0x699d1e8e","contacts":"0x74871f20","recid":"0010Y000005IkYCQA0"}|0x383edbf5
21:16:22.0 (11860989)|SOQL_EXECUTE_BEGIN|[31]|Aggregations:0|SELECT id, FirstName, LastName FROM Contact WHERE AccountId = :tmpVar1
21:16:22.0 (14946107)|SOQL_EXECUTE_END|[31]|Rows:1
21:16:22.0 (14964108)|HEAP_ALLOCATE|[31]|Bytes:8
21:16:22.0 (14980717)|HEAP_ALLOCATE|[31]|Bytes:65
21:16:22.0 (15012778)|HEAP_ALLOCATE|[31]|Bytes:8
21:16:22.0 (15058421)|VARIABLE_ASSIGNMENT|[EXTERNAL]|this|{"Acclst":"0x699d1e8e","contacts":"0x74871f20","recid":"0010Y000005IkYCQA0"}|0x383edbf5
21:16:22.0 (15074213)|VARIABLE_ASSIGNMENT|[EXTERNAL]|value|[{"Id":"0030Y000002vPBTQA2","FirstName":"Ashley","LastName":"James"}]|0x823667
21:16:22.0 (15087320)|VARIABLE_ASSIGNMENT|[9]|this.contacts|[{"Id":"0030Y000002vPBTQA2","FirstName":"Ashley","LastName":"James"}]|0x383edbf5
21:16:22.0 (15098035)|SYSTEM_MODE_EXIT|false
21:16:22.0 (17468951)|SYSTEM_MODE_ENTER|true
21:16:22.0 (18594669)|SYSTEM_MODE_ENTER|true
21:16:22.0 (21442257)|VF_SERIALIZE_VIEWSTATE_BEGIN|0660Y000002bH2M
21:16:22.0 (30720564)|VF_SERIALIZE_VIEWSTATE_END
21:16:22.0 (42651824)|CODE_UNIT_STARTED|[EXTERNAL]|Generate Metadata
21:16:22.0 (44685229)|CODE_UNIT_FINISHED|Generate Metadata
21:16:22.46 (46995446)|CUMULATIVE_LIMIT_USAGE
21:16:22.46 (46995446)|LIMIT_USAGE_FOR_NS|(default)|
  Number of SOQL queries: 1 out of 100
  Number of query rows: 1 out of 50000
  Number of SOSL queries: 0 out of 20
  Number of DML statements: 0 out of 150
  Number of DML rows: 0 out of 10000
  Maximum CPU time: 0 out of 10000
  Maximum heap size: 0 out of 6000000
  Number of callouts: 0 out of 100
  Number of Email Invocations: 0 out of 10
  Number of future calls: 0 out of 50
  Number of queueable jobs added to the queue: 0 out of 50
  Number of Mobile Apex push calls: 0 out of 10

21:16:22.46 (46995446)|CUMULATIVE_LIMIT_USAGE_END

21:16:22.0 (47031222)|CODE_UNIT_FINISHED|VF: /apex/FYPTest
21:16:22.0 (47783314)|EXECUTION_FINISHED
