35.0 APEX_CODE,FINEST;APEX_PROFILING,INFO;CALLOUT,INFO;DB,INFO;SYSTEM,DEBUG;VALIDATION,INFO;VISUALFORCE,INFO;WAVE,INFO;WORKFLOW,INFO
19:23:50.0 (308687)|USER_INFO|[EXTERNAL]|0050Y000000d4Kn|shizhaolee@gmail.com|Greenwich Mean Time|GMTZ
19:23:50.0 (332198)|EXECUTION_STARTED
19:23:50.0 (336411)|CODE_UNIT_STARTED|[EXTERNAL]|0660Y000002cBOR|VF: /apex/lol
19:23:50.0 (2747446)|SYSTEM_MODE_ENTER|true
19:23:50.0 (3052845)|HEAP_ALLOCATE|[72]|Bytes:3
19:23:50.0 (3088224)|HEAP_ALLOCATE|[77]|Bytes:152
19:23:50.0 (3100926)|HEAP_ALLOCATE|[342]|Bytes:408
19:23:50.0 (3114893)|HEAP_ALLOCATE|[355]|Bytes:408
19:23:50.0 (3127493)|HEAP_ALLOCATE|[467]|Bytes:48
19:23:50.0 (3153246)|HEAP_ALLOCATE|[139]|Bytes:6
19:23:50.0 (3165064)|HEAP_ALLOCATE|[EXTERNAL]|Bytes:10
19:23:50.0 (3167973)|HEAP_ALLOCATE|[EXTERNAL]|Bytes:10
19:23:50.0 (3174373)|METHOD_ENTRY|[1]|01p0Y000009eh3l|dfDefault.dfDefault()
19:23:50.0 (3177434)|STATEMENT_EXECUTE|[1]
19:23:50.0 (3181303)|STATEMENT_EXECUTE|[1]
19:23:50.0 (3211929)|HEAP_ALLOCATE|[50]|Bytes:5
19:23:50.0 (3231907)|HEAP_ALLOCATE|[56]|Bytes:5
19:23:50.0 (3237236)|HEAP_ALLOCATE|[64]|Bytes:7
19:23:50.0 (3249490)|SYSTEM_MODE_ENTER|false
19:23:50.0 (3259643)|HEAP_ALLOCATE|[EXTERNAL]|Bytes:5
19:23:50.0 (3265300)|SYSTEM_MODE_EXIT|false
19:23:50.0 (3270767)|METHOD_EXIT|[1]|dfDefault
19:23:50.0 (3282231)|HEAP_ALLOCATE|[EXTERNAL]|Bytes:4
19:23:50.0 (3288355)|VARIABLE_SCOPE_BEGIN|[1]|this|dfDefault|true|false
19:23:50.0 (3319273)|VARIABLE_ASSIGNMENT|[1]|this|{}|0x5cf51537
19:23:50.0 (3324702)|SYSTEM_MODE_ENTER|false
19:23:50.0 (3328307)|HEAP_ALLOCATE|[EXTERNAL]|Bytes:5
19:23:50.0 (3333979)|HEAP_ALLOCATE|[EXTERNAL]|Bytes:6
19:23:50.0 (3351659)|SYSTEM_MODE_EXIT|false
19:23:50.0 (3354228)|STATEMENT_EXECUTE|[1]
19:23:50.0 (3356462)|SYSTEM_MODE_ENTER|false
19:23:50.0 (3358602)|HEAP_ALLOCATE|[EXTERNAL]|Bytes:5
19:23:50.0 (3360729)|SYSTEM_MODE_EXIT|false
19:23:50.4 (4560396)|CUMULATIVE_LIMIT_USAGE
19:23:50.4 (4560396)|LIMIT_USAGE_FOR_NS|(default)|
  Number of SOQL queries: 0 out of 100
  Number of query rows: 0 out of 50000
  Number of SOSL queries: 0 out of 20
  Number of DML statements: 0 out of 150
  Number of DML rows: 0 out of 10000
  Maximum CPU time: 0 out of 10000
  Maximum heap size: 0 out of 6000000
  Number of callouts: 0 out of 100
  Number of Email Invocations: 0 out of 10
  Number of future calls: 0 out of 50
  Number of queueable jobs added to the queue: 0 out of 50
  Number of Mobile Apex push calls: 0 out of 10

19:23:50.4 (4560396)|CUMULATIVE_LIMIT_USAGE_END

19:23:50.0 (4589614)|CODE_UNIT_FINISHED|VF: /apex/lol
19:23:50.0 (5324622)|EXECUTION_FINISHED
