39.0 APEX_CODE,FINEST;APEX_PROFILING,INFO;CALLOUT,INFO;DB,INFO;SYSTEM,DEBUG;VALIDATION,INFO;VISUALFORCE,INFO;WAVE,INFO;WORKFLOW,INFO
23:06:08.0 (280772)|USER_INFO|[EXTERNAL]|0050Y000000d4Kn|shizhaolee@gmail.com|Greenwich Mean Time|GMTZ
23:06:08.0 (308863)|EXECUTION_STARTED
23:06:08.0 (313341)|CODE_UNIT_STARTED|[EXTERNAL]|0660Y000002bH2M|VF: /apex/FYPTest
23:06:08.0 (6697591)|SYSTEM_MODE_ENTER|true
23:06:08.0 (7011722)|HEAP_ALLOCATE|[72]|Bytes:3
23:06:08.0 (7051630)|HEAP_ALLOCATE|[77]|Bytes:152
23:06:08.0 (7071314)|HEAP_ALLOCATE|[342]|Bytes:408
23:06:08.0 (7095680)|HEAP_ALLOCATE|[355]|Bytes:408
23:06:08.0 (7117880)|HEAP_ALLOCATE|[467]|Bytes:48
23:06:08.0 (7157058)|HEAP_ALLOCATE|[139]|Bytes:6
23:06:08.0 (7174242)|HEAP_ALLOCATE|[EXTERNAL]|Bytes:148
23:06:08.0 (7178126)|HEAP_ALLOCATE|[EXTERNAL]|Bytes:16
23:06:08.0 (7185664)|METHOD_ENTRY|[1]|01p0Y000009c27r|custable.custable()
23:06:08.0 (7189872)|STATEMENT_EXECUTE|[1]
23:06:08.0 (7194162)|STATEMENT_EXECUTE|[1]
23:06:08.0 (7228173)|HEAP_ALLOCATE|[50]|Bytes:5
23:06:08.0 (7250695)|HEAP_ALLOCATE|[56]|Bytes:5
23:06:08.0 (7256686)|HEAP_ALLOCATE|[64]|Bytes:7
23:06:08.0 (7268413)|SYSTEM_MODE_ENTER|false
23:06:08.0 (7277298)|HEAP_ALLOCATE|[EXTERNAL]|Bytes:5
23:06:08.0 (7281473)|SYSTEM_MODE_EXIT|false
23:06:08.0 (7287540)|METHOD_EXIT|[1]|custable
23:06:08.0 (7343481)|HEAP_ALLOCATE|[EXTERNAL]|Bytes:24
23:06:08.0 (7351446)|VARIABLE_SCOPE_BEGIN|[11]|this|custable|true|false
23:06:08.0 (7416712)|VARIABLE_ASSIGNMENT|[11]|this|{}|0x53b912d1
23:06:08.0 (7426222)|SYSTEM_MODE_ENTER|false
23:06:08.0 (7432159)|HEAP_ALLOCATE|[13]|Bytes:5
23:06:08.0 (7435069)|STATEMENT_EXECUTE|[1]
23:06:08.0 (7437247)|HEAP_ALLOCATE|[13]|Bytes:5
23:06:08.0 (7438547)|STATEMENT_EXECUTE|[3]
23:06:08.0 (7440271)|STATEMENT_EXECUTE|[5]
23:06:08.0 (7441622)|STATEMENT_EXECUTE|[6]
23:06:08.0 (7443061)|STATEMENT_EXECUTE|[7]
23:06:08.0 (7444420)|STATEMENT_EXECUTE|[9]
23:06:08.0 (7452672)|HEAP_ALLOCATE|[13]|Bytes:6
23:06:08.0 (7471973)|STATEMENT_EXECUTE|[11]
23:06:08.0 (7473423)|STATEMENT_EXECUTE|[13]
23:06:08.0 (7475340)|HEAP_ALLOCATE|[13]|Bytes:28
23:06:08.0 (7484704)|HEAP_ALLOCATE|[13]|Bytes:4
23:06:08.0 (8750540)|SOQL_EXECUTE_BEGIN|[13]|Aggregations:0|SELECT Id, Name FROM Account
23:06:08.0 (10567113)|SOQL_EXECUTE_END|[13]|Rows:15
23:06:08.0 (10588605)|HEAP_ALLOCATE|[13]|Bytes:64
23:06:08.0 (10628608)|HEAP_ALLOCATE|[13]|Bytes:823
23:06:08.0 (10680991)|HEAP_ALLOCATE|[13]|Bytes:64
23:06:08.0 (10738080)|VARIABLE_ASSIGNMENT|[EXTERNAL]|this|{}|0x53b912d1
23:06:08.0 (10759610)|VARIABLE_ASSIGNMENT|[EXTERNAL]|value|"List of size 15 too large to display"|0x2dca5e59
23:06:08.0 (10775981)|VARIABLE_ASSIGNMENT|[6]|this.Acclst|"List of size 15 too large to display"|0x53b912d1
23:06:08.0 (10788510)|STATEMENT_EXECUTE|[14]
23:06:08.0 (10866482)|VARIABLE_ASSIGNMENT|[EXTERNAL]|this|{"Acclst":"0x2dca5e59"}|0x53b912d1
23:06:08.0 (10875936)|VARIABLE_ASSIGNMENT|[EXTERNAL]|value|null|
23:06:08.0 (10885930)|VARIABLE_ASSIGNMENT|[9]|this.contacts|null|0x53b912d1
23:06:08.0 (10898148)|SYSTEM_MODE_EXIT|false
23:06:08.0 (10960316)|SYSTEM_MODE_ENTER|true
23:06:08.0 (11845293)|SYSTEM_MODE_ENTER|true
23:06:08.0 (29122809)|VF_SERIALIZE_VIEWSTATE_BEGIN|0660Y000002bH2M
23:06:08.0 (38990578)|VF_SERIALIZE_VIEWSTATE_END
23:06:08.0 (48697471)|CODE_UNIT_STARTED|[EXTERNAL]|Generate Metadata
23:06:08.0 (50258055)|CODE_UNIT_FINISHED|Generate Metadata
23:06:08.52 (52707515)|CUMULATIVE_LIMIT_USAGE
23:06:08.52 (52707515)|LIMIT_USAGE_FOR_NS|(default)|
  Number of SOQL queries: 1 out of 100
  Number of query rows: 15 out of 50000
  Number of SOSL queries: 0 out of 20
  Number of DML statements: 0 out of 150
  Number of DML rows: 0 out of 10000
  Maximum CPU time: 0 out of 10000
  Maximum heap size: 0 out of 6000000
  Number of callouts: 0 out of 100
  Number of Email Invocations: 0 out of 10
  Number of future calls: 0 out of 50
  Number of queueable jobs added to the queue: 0 out of 50
  Number of Mobile Apex push calls: 0 out of 10

23:06:08.52 (52707515)|CUMULATIVE_LIMIT_USAGE_END

23:06:08.0 (52743371)|CODE_UNIT_FINISHED|VF: /apex/FYPTest
23:06:08.0 (53508860)|EXECUTION_FINISHED
