39.0 APEX_CODE,FINEST;APEX_PROFILING,INFO;CALLOUT,INFO;DB,INFO;SYSTEM,DEBUG;VALIDATION,INFO;VISUALFORCE,INFO;WAVE,INFO;WORKFLOW,INFO
21:15:30.0 (354987)|USER_INFO|[EXTERNAL]|0050Y000000d4Kn|shizhaolee@gmail.com|Greenwich Mean Time|GMTZ
21:15:30.0 (377594)|EXECUTION_STARTED
21:15:30.0 (381005)|CODE_UNIT_STARTED|[EXTERNAL]|0660Y000002bH2M|VF: /apex/FYPTest
21:15:30.0 (1017399)|VF_DESERIALIZE_VIEWSTATE_BEGIN|0660Y000002bH2M
21:15:30.0 (8965889)|HEAP_ALLOCATE|[72]|Bytes:3
21:15:30.0 (8996200)|HEAP_ALLOCATE|[77]|Bytes:152
21:15:30.0 (9009551)|HEAP_ALLOCATE|[342]|Bytes:408
21:15:30.0 (9026092)|HEAP_ALLOCATE|[355]|Bytes:408
21:15:30.0 (9038873)|HEAP_ALLOCATE|[467]|Bytes:48
21:15:30.0 (9065253)|HEAP_ALLOCATE|[139]|Bytes:6
21:15:30.0 (11021998)|VF_DESERIALIZE_VIEWSTATE_END
21:15:30.0 (12001788)|SYSTEM_MODE_ENTER|true
21:15:30.0 (12035246)|HEAP_ALLOCATE|[EXTERNAL]|Bytes:152
21:15:30.0 (12044377)|HEAP_ALLOCATE|[EXTERNAL]|Bytes:16
21:15:30.0 (12056241)|METHOD_ENTRY|[1]|01p0Y000009c27r|custable.custable()
21:15:30.0 (12061127)|STATEMENT_EXECUTE|[1]
21:15:30.0 (12066830)|STATEMENT_EXECUTE|[1]
21:15:30.0 (12107028)|HEAP_ALLOCATE|[50]|Bytes:5
21:15:30.0 (12128611)|HEAP_ALLOCATE|[56]|Bytes:5
21:15:30.0 (12135378)|HEAP_ALLOCATE|[64]|Bytes:7
21:15:30.0 (12151263)|SYSTEM_MODE_ENTER|false
21:15:30.0 (12162341)|HEAP_ALLOCATE|[EXTERNAL]|Bytes:5
21:15:30.0 (12168819)|SYSTEM_MODE_EXIT|false
21:15:30.0 (12176736)|METHOD_EXIT|[1]|custable
21:15:30.0 (12985495)|SYSTEM_MODE_ENTER|true
21:15:30.0 (14201179)|SYSTEM_MODE_ENTER|true
21:15:30.0 (14224162)|HEAP_ALLOCATE|[EXTERNAL]|Bytes:18
21:15:30.0 (14232697)|HEAP_ALLOCATE|[EXTERNAL]|Bytes:24
21:15:30.0 (14275345)|VARIABLE_ASSIGNMENT|[EXTERNAL]|this.recid|"0010Y000005IkY5QAK"|0x78d418b0
21:15:30.0 (14609345)|HEAP_ALLOCATE|[EXTERNAL]|Bytes:24
21:15:30.0 (14621597)|VARIABLE_SCOPE_BEGIN|[29]|this|custable|true|false
21:15:30.0 (14675092)|VARIABLE_ASSIGNMENT|[29]|this|{"Acclst":"0x594dced6","contacts":"0x5a5a4f1a","recid":"0010Y000005IkY5QAK"}|0x78d418b0
21:15:30.0 (14687424)|SYSTEM_MODE_ENTER|false
21:15:30.0 (14694214)|HEAP_ALLOCATE|[31]|Bytes:5
21:15:30.0 (14699213)|STATEMENT_EXECUTE|[30]
21:15:30.0 (14700877)|STATEMENT_EXECUTE|[31]
21:15:30.0 (14704106)|HEAP_ALLOCATE|[31]|Bytes:70
21:15:30.0 (14711010)|HEAP_ALLOCATE|[31]|Bytes:4
21:15:30.0 (14719455)|HEAP_ALLOCATE|[31]|Bytes:7
21:15:30.0 (14761349)|VARIABLE_ASSIGNMENT|[EXTERNAL]|this|{"Acclst":"0x594dced6","contacts":"0x5a5a4f1a","recid":"0010Y000005IkY5QAK"}|0x78d418b0
21:15:30.0 (16059228)|SOQL_EXECUTE_BEGIN|[31]|Aggregations:0|SELECT id, FirstName, LastName FROM Contact WHERE AccountId = :tmpVar1
21:15:30.0 (18885005)|SOQL_EXECUTE_END|[31]|Rows:1
21:15:30.0 (18898443)|HEAP_ALLOCATE|[31]|Bytes:8
21:15:30.0 (18910138)|HEAP_ALLOCATE|[31]|Bytes:64
21:15:30.0 (18938428)|HEAP_ALLOCATE|[31]|Bytes:8
21:15:30.0 (18996570)|VARIABLE_ASSIGNMENT|[EXTERNAL]|this|{"Acclst":"0x594dced6","contacts":"0x5a5a4f1a","recid":"0010Y000005IkY5QAK"}|0x78d418b0
21:15:30.0 (19015628)|VARIABLE_ASSIGNMENT|[EXTERNAL]|value|[{"Id":"0030Y000002vPBIQA2","FirstName":"Jack","LastName":"Rogers"}]|0x44b3ffc2
21:15:30.0 (19029221)|VARIABLE_ASSIGNMENT|[9]|this.contacts|[{"Id":"0030Y000002vPBIQA2","FirstName":"Jack","LastName":"Rogers"}]|0x78d418b0
21:15:30.0 (19038561)|SYSTEM_MODE_EXIT|false
21:15:30.0 (21603193)|SYSTEM_MODE_ENTER|true
21:15:30.0 (23510160)|SYSTEM_MODE_ENTER|true
21:15:30.0 (26246881)|VF_SERIALIZE_VIEWSTATE_BEGIN|0660Y000002bH2M
21:15:30.0 (36914379)|VF_SERIALIZE_VIEWSTATE_END
21:15:30.0 (50710646)|CODE_UNIT_STARTED|[EXTERNAL]|Generate Metadata
21:15:30.0 (52608227)|CODE_UNIT_FINISHED|Generate Metadata
21:15:30.55 (55012682)|CUMULATIVE_LIMIT_USAGE
21:15:30.55 (55012682)|LIMIT_USAGE_FOR_NS|(default)|
  Number of SOQL queries: 1 out of 100
  Number of query rows: 1 out of 50000
  Number of SOSL queries: 0 out of 20
  Number of DML statements: 0 out of 150
  Number of DML rows: 0 out of 10000
  Maximum CPU time: 0 out of 10000
  Maximum heap size: 0 out of 6000000
  Number of callouts: 0 out of 100
  Number of Email Invocations: 0 out of 10
  Number of future calls: 0 out of 50
  Number of queueable jobs added to the queue: 0 out of 50
  Number of Mobile Apex push calls: 0 out of 10

21:15:30.55 (55012682)|CUMULATIVE_LIMIT_USAGE_END

21:15:30.0 (55055547)|CODE_UNIT_FINISHED|VF: /apex/FYPTest
21:15:30.0 (55859574)|EXECUTION_FINISHED
