38.0 APEX_CODE,FINEST;APEX_PROFILING,INFO;CALLOUT,INFO;DB,INFO;SYSTEM,DEBUG;VALIDATION,INFO;VISUALFORCE,INFO;WAVE,INFO;WORKFLOW,INFO
21:37:37.0 (325685)|USER_INFO|[EXTERNAL]|0050Y000000d4Kn|shizhaolee@gmail.com|Greenwich Mean Time|GMTZ
21:37:37.0 (350955)|EXECUTION_STARTED
21:37:37.0 (354937)|CODE_UNIT_STARTED|[EXTERNAL]|0660Y000001V39Z|VF: /apex/DragForce
21:37:37.0 (3061752)|SYSTEM_MODE_ENTER|true
21:37:37.0 (3402855)|HEAP_ALLOCATE|[72]|Bytes:3
21:37:37.0 (3442163)|HEAP_ALLOCATE|[77]|Bytes:152
21:37:37.0 (3456830)|HEAP_ALLOCATE|[342]|Bytes:408
21:37:37.0 (3471718)|HEAP_ALLOCATE|[355]|Bytes:408
21:37:37.0 (3484908)|HEAP_ALLOCATE|[467]|Bytes:48
21:37:37.0 (3511974)|HEAP_ALLOCATE|[139]|Bytes:6
21:37:37.0 (3528794)|HEAP_ALLOCATE|[EXTERNAL]|Bytes:148
21:37:37.0 (3532903)|HEAP_ALLOCATE|[EXTERNAL]|Bytes:28
21:37:37.0 (3535231)|HEAP_ALLOCATE|[EXTERNAL]|Bytes:11
21:37:37.0 (3543272)|METHOD_ENTRY|[1]|01p0Y000009eh3l|dfDefault.dfDefault()
21:37:37.0 (3546769)|STATEMENT_EXECUTE|[1]
21:37:37.0 (3552566)|STATEMENT_EXECUTE|[1]
21:37:37.0 (3581365)|HEAP_ALLOCATE|[50]|Bytes:5
21:37:37.0 (3605121)|HEAP_ALLOCATE|[56]|Bytes:5
21:37:37.0 (3611197)|HEAP_ALLOCATE|[64]|Bytes:7
21:37:37.0 (3624530)|SYSTEM_MODE_ENTER|false
21:37:37.0 (3634735)|HEAP_ALLOCATE|[EXTERNAL]|Bytes:5
21:37:37.0 (3640836)|SYSTEM_MODE_EXIT|false
21:37:37.0 (3646652)|METHOD_EXIT|[1]|dfDefault
21:37:37.0 (3674387)|HEAP_ALLOCATE|[EXTERNAL]|Bytes:24
21:37:37.0 (3681054)|VARIABLE_SCOPE_BEGIN|[11]|this|dfDefault|true|false
21:37:37.0 (3739626)|VARIABLE_ASSIGNMENT|[11]|this|{}|0x79d249f8
21:37:37.0 (3749089)|SYSTEM_MODE_ENTER|false
21:37:37.0 (3753320)|HEAP_ALLOCATE|[13]|Bytes:5
21:37:37.0 (3755961)|STATEMENT_EXECUTE|[1]
21:37:37.0 (3758341)|HEAP_ALLOCATE|[13]|Bytes:5
21:37:37.0 (3759980)|STATEMENT_EXECUTE|[3]
21:37:37.0 (3761789)|STATEMENT_EXECUTE|[5]
21:37:37.0 (3763202)|STATEMENT_EXECUTE|[6]
21:37:37.0 (3764435)|STATEMENT_EXECUTE|[7]
21:37:37.0 (3765680)|STATEMENT_EXECUTE|[9]
21:37:37.0 (3774689)|HEAP_ALLOCATE|[13]|Bytes:6
21:37:37.0 (3792659)|STATEMENT_EXECUTE|[11]
21:37:37.0 (3794298)|STATEMENT_EXECUTE|[13]
21:37:37.0 (3796363)|HEAP_ALLOCATE|[13]|Bytes:28
21:37:37.0 (3806453)|HEAP_ALLOCATE|[13]|Bytes:4
21:37:37.0 (4013165)|SOQL_EXECUTE_BEGIN|[13]|Aggregations:0|SELECT Id, Name FROM Account
21:37:37.0 (5867711)|SOQL_EXECUTE_END|[13]|Rows:15
21:37:37.0 (5885473)|HEAP_ALLOCATE|[13]|Bytes:64
21:37:37.0 (5918882)|HEAP_ALLOCATE|[13]|Bytes:823
21:37:37.0 (5951138)|HEAP_ALLOCATE|[13]|Bytes:64
21:37:37.0 (5997038)|VARIABLE_ASSIGNMENT|[EXTERNAL]|this|{}|0x79d249f8
21:37:37.0 (6011949)|VARIABLE_ASSIGNMENT|[EXTERNAL]|value|"List of size 15 too large to display"|0xef39abe
21:37:37.0 (6022461)|VARIABLE_ASSIGNMENT|[6]|this.Acclst|"List of size 15 too large to display"|0x79d249f8
21:37:37.0 (6029606)|STATEMENT_EXECUTE|[14]
21:37:37.0 (6078384)|VARIABLE_ASSIGNMENT|[EXTERNAL]|this|{"Acclst":"0xef39abe"}|0x79d249f8
21:37:37.0 (6084920)|VARIABLE_ASSIGNMENT|[EXTERNAL]|value|null|
21:37:37.0 (6090806)|VARIABLE_ASSIGNMENT|[9]|this.contacts|null|0x79d249f8
21:37:37.0 (6098711)|SYSTEM_MODE_EXIT|false
21:37:37.0 (6145740)|SYSTEM_MODE_ENTER|true
21:37:37.0 (6915820)|SYSTEM_MODE_ENTER|true
21:37:37.0 (26502933)|VF_SERIALIZE_VIEWSTATE_BEGIN|0660Y000001V39Z
21:37:37.0 (29754313)|VF_SERIALIZE_VIEWSTATE_END
21:37:37.33 (33154700)|CUMULATIVE_LIMIT_USAGE
21:37:37.33 (33154700)|LIMIT_USAGE_FOR_NS|(default)|
  Number of SOQL queries: 1 out of 100
  Number of query rows: 15 out of 50000
  Number of SOSL queries: 0 out of 20
  Number of DML statements: 0 out of 150
  Number of DML rows: 0 out of 10000
  Maximum CPU time: 0 out of 10000
  Maximum heap size: 0 out of 6000000
  Number of callouts: 0 out of 100
  Number of Email Invocations: 0 out of 10
  Number of future calls: 0 out of 50
  Number of queueable jobs added to the queue: 0 out of 50
  Number of Mobile Apex push calls: 0 out of 10

21:37:37.33 (33154700)|CUMULATIVE_LIMIT_USAGE_END

21:37:37.0 (33188368)|CODE_UNIT_FINISHED|VF: /apex/DragForce
21:37:37.0 (33990004)|EXECUTION_FINISHED
