39.0 APEX_CODE,FINEST;APEX_PROFILING,INFO;CALLOUT,INFO;DB,INFO;SYSTEM,DEBUG;VALIDATION,INFO;VISUALFORCE,INFO;WAVE,INFO;WORKFLOW,INFO
21:17:09.0 (57352)|USER_INFO|[EXTERNAL]|0050Y000000d4Kn|shizhaolee@gmail.com|Greenwich Mean Time|GMTZ
21:17:09.0 (77797)|EXECUTION_STARTED
21:17:09.0 (82634)|CODE_UNIT_STARTED|[EXTERNAL]|0660Y000002bH2M|VF: /apex/FYPTest
21:17:09.0 (191987)|VF_DESERIALIZE_VIEWSTATE_BEGIN|0660Y000002bH2M
21:17:09.0 (5826994)|HEAP_ALLOCATE|[72]|Bytes:3
21:17:09.0 (5872251)|HEAP_ALLOCATE|[77]|Bytes:152
21:17:09.0 (5889128)|HEAP_ALLOCATE|[342]|Bytes:408
21:17:09.0 (5903079)|HEAP_ALLOCATE|[355]|Bytes:408
21:17:09.0 (5916216)|HEAP_ALLOCATE|[467]|Bytes:48
21:17:09.0 (5943906)|HEAP_ALLOCATE|[139]|Bytes:6
21:17:09.0 (7794751)|VF_DESERIALIZE_VIEWSTATE_END
21:17:09.0 (8681106)|SYSTEM_MODE_ENTER|true
21:17:09.0 (8715507)|HEAP_ALLOCATE|[EXTERNAL]|Bytes:152
21:17:09.0 (8726406)|HEAP_ALLOCATE|[EXTERNAL]|Bytes:16
21:17:09.0 (8737116)|METHOD_ENTRY|[1]|01p0Y000009c27r|custable.custable()
21:17:09.0 (8740683)|STATEMENT_EXECUTE|[1]
21:17:09.0 (8746475)|STATEMENT_EXECUTE|[1]
21:17:09.0 (8791698)|HEAP_ALLOCATE|[50]|Bytes:5
21:17:09.0 (8823017)|HEAP_ALLOCATE|[56]|Bytes:5
21:17:09.0 (8830064)|HEAP_ALLOCATE|[64]|Bytes:7
21:17:09.0 (8849114)|SYSTEM_MODE_ENTER|false
21:17:09.0 (8863156)|HEAP_ALLOCATE|[EXTERNAL]|Bytes:5
21:17:09.0 (8870039)|SYSTEM_MODE_EXIT|false
21:17:09.0 (8876176)|METHOD_EXIT|[1]|custable
21:17:09.0 (9617616)|SYSTEM_MODE_ENTER|true
21:17:09.0 (10570900)|SYSTEM_MODE_ENTER|true
21:17:09.0 (10600192)|HEAP_ALLOCATE|[EXTERNAL]|Bytes:18
21:17:09.0 (10604218)|HEAP_ALLOCATE|[EXTERNAL]|Bytes:24
21:17:09.0 (10632216)|VARIABLE_ASSIGNMENT|[EXTERNAL]|this.recid|"0010Y000005IkY4QAK"|0x2154a998
21:17:09.0 (10922824)|HEAP_ALLOCATE|[EXTERNAL]|Bytes:24
21:17:09.0 (10930737)|VARIABLE_SCOPE_BEGIN|[29]|this|custable|true|false
21:17:09.0 (10968019)|VARIABLE_ASSIGNMENT|[29]|this|{"Acclst":"0x1c13cf99","contacts":"0x4f21274c","recid":"0010Y000005IkY4QAK"}|0x2154a998
21:17:09.0 (10981201)|SYSTEM_MODE_ENTER|false
21:17:09.0 (10986809)|HEAP_ALLOCATE|[31]|Bytes:5
21:17:09.0 (10990368)|STATEMENT_EXECUTE|[30]
21:17:09.0 (10992298)|STATEMENT_EXECUTE|[31]
21:17:09.0 (10995246)|HEAP_ALLOCATE|[31]|Bytes:70
21:17:09.0 (11005228)|HEAP_ALLOCATE|[31]|Bytes:4
21:17:09.0 (11018048)|HEAP_ALLOCATE|[31]|Bytes:7
21:17:09.0 (11061524)|VARIABLE_ASSIGNMENT|[EXTERNAL]|this|{"Acclst":"0x1c13cf99","contacts":"0x4f21274c","recid":"0010Y000005IkY4QAK"}|0x2154a998
21:17:09.0 (11520320)|SOQL_EXECUTE_BEGIN|[31]|Aggregations:0|SELECT id, FirstName, LastName FROM Contact WHERE AccountId = :tmpVar1
21:17:09.0 (14112736)|SOQL_EXECUTE_END|[31]|Rows:2
21:17:09.0 (14139288)|HEAP_ALLOCATE|[31]|Bytes:12
21:17:09.0 (14156767)|HEAP_ALLOCATE|[31]|Bytes:130
21:17:09.0 (14200621)|HEAP_ALLOCATE|[31]|Bytes:12
21:17:09.0 (14250090)|VARIABLE_ASSIGNMENT|[EXTERNAL]|this|{"Acclst":"0x1c13cf99","contacts":"0x4f21274c","recid":"0010Y000005IkY4QAK"}|0x2154a998
21:17:09.0 (14272925)|VARIABLE_ASSIGNMENT|[EXTERNAL]|value|[{"Id":"0030Y000002vPBGQA2","FirstName":"Rose","LastName":"Gonzalez"},{"Id":"0030Y000002vPBHQA2","FirstName":"Sean","LastName":"Forbes"}]|0x7f21e098
21:17:09.0 (14290767)|VARIABLE_ASSIGNMENT|[9]|this.contacts|[{"Id":"0030Y000002vPBGQA2","FirstName":"Rose","LastName":"Gonzalez"},{"Id":"0030Y000002vPBHQA2","FirstName":"Sean","LastName":"Forbes"}]|0x2154a998
21:17:09.0 (14302555)|SYSTEM_MODE_EXIT|false
21:17:09.0 (16761851)|SYSTEM_MODE_ENTER|true
21:17:09.0 (17820475)|SYSTEM_MODE_ENTER|true
21:17:09.0 (21163122)|VF_SERIALIZE_VIEWSTATE_BEGIN|0660Y000002bH2M
21:17:09.0 (30775896)|VF_SERIALIZE_VIEWSTATE_END
21:17:09.0 (43954561)|CODE_UNIT_STARTED|[EXTERNAL]|Generate Metadata
21:17:09.0 (45761848)|CODE_UNIT_FINISHED|Generate Metadata
21:17:09.48 (48112246)|CUMULATIVE_LIMIT_USAGE
21:17:09.48 (48112246)|LIMIT_USAGE_FOR_NS|(default)|
  Number of SOQL queries: 1 out of 100
  Number of query rows: 2 out of 50000
  Number of SOSL queries: 0 out of 20
  Number of DML statements: 0 out of 150
  Number of DML rows: 0 out of 10000
  Maximum CPU time: 0 out of 10000
  Maximum heap size: 0 out of 6000000
  Number of callouts: 0 out of 100
  Number of Email Invocations: 0 out of 10
  Number of future calls: 0 out of 50
  Number of queueable jobs added to the queue: 0 out of 50
  Number of Mobile Apex push calls: 0 out of 10

21:17:09.48 (48112246)|CUMULATIVE_LIMIT_USAGE_END

21:17:09.0 (48146676)|CODE_UNIT_FINISHED|VF: /apex/FYPTest
21:17:09.0 (48919726)|EXECUTION_FINISHED
