39.0 APEX_CODE,FINEST;APEX_PROFILING,INFO;CALLOUT,INFO;DB,INFO;SYSTEM,DEBUG;VALIDATION,INFO;VISUALFORCE,INFO;WAVE,INFO;WORKFLOW,INFO
21:15:28.0 (64440)|USER_INFO|[EXTERNAL]|0050Y000000d4Kn|shizhaolee@gmail.com|Greenwich Mean Time|GMTZ
21:15:28.0 (91117)|EXECUTION_STARTED
21:15:28.0 (94950)|CODE_UNIT_STARTED|[EXTERNAL]|0660Y000002bH2M|VF: /apex/FYPTest
21:15:28.0 (221153)|VF_DESERIALIZE_VIEWSTATE_BEGIN|0660Y000002bH2M
21:15:28.0 (5673084)|HEAP_ALLOCATE|[72]|Bytes:3
21:15:28.0 (5716495)|HEAP_ALLOCATE|[77]|Bytes:152
21:15:28.0 (5733400)|HEAP_ALLOCATE|[342]|Bytes:408
21:15:28.0 (5748472)|HEAP_ALLOCATE|[355]|Bytes:408
21:15:28.0 (5761633)|HEAP_ALLOCATE|[467]|Bytes:48
21:15:28.0 (5789545)|HEAP_ALLOCATE|[139]|Bytes:6
21:15:28.0 (7542719)|VF_DESERIALIZE_VIEWSTATE_END
21:15:28.0 (8356066)|SYSTEM_MODE_ENTER|true
21:15:28.0 (8391445)|HEAP_ALLOCATE|[EXTERNAL]|Bytes:152
21:15:28.0 (8398373)|HEAP_ALLOCATE|[EXTERNAL]|Bytes:16
21:15:28.0 (8409200)|METHOD_ENTRY|[1]|01p0Y000009c27r|custable.custable()
21:15:28.0 (8413479)|STATEMENT_EXECUTE|[1]
21:15:28.0 (8419829)|STATEMENT_EXECUTE|[1]
21:15:28.0 (8456463)|HEAP_ALLOCATE|[50]|Bytes:5
21:15:28.0 (8483896)|HEAP_ALLOCATE|[56]|Bytes:5
21:15:28.0 (8489951)|HEAP_ALLOCATE|[64]|Bytes:7
21:15:28.0 (8509165)|SYSTEM_MODE_ENTER|false
21:15:28.0 (8520826)|HEAP_ALLOCATE|[EXTERNAL]|Bytes:5
21:15:28.0 (8528937)|SYSTEM_MODE_EXIT|false
21:15:28.0 (8534823)|METHOD_EXIT|[1]|custable
21:15:28.0 (9248244)|SYSTEM_MODE_ENTER|true
21:15:28.0 (10231041)|SYSTEM_MODE_ENTER|true
21:15:28.0 (10259714)|HEAP_ALLOCATE|[EXTERNAL]|Bytes:18
21:15:28.0 (10263513)|HEAP_ALLOCATE|[EXTERNAL]|Bytes:24
21:15:28.0 (10288558)|VARIABLE_ASSIGNMENT|[EXTERNAL]|this.recid|"0010Y000005IkY4QAK"|0x514d8437
21:15:28.0 (10591245)|HEAP_ALLOCATE|[EXTERNAL]|Bytes:24
21:15:28.0 (10600939)|VARIABLE_SCOPE_BEGIN|[29]|this|custable|true|false
21:15:28.0 (10648454)|VARIABLE_ASSIGNMENT|[29]|this|{"Acclst":"0x163a8225","contacts":"0x7c053408","recid":"0010Y000005IkY4QAK"}|0x514d8437
21:15:28.0 (10667537)|SYSTEM_MODE_ENTER|false
21:15:28.0 (10675470)|HEAP_ALLOCATE|[31]|Bytes:5
21:15:28.0 (10679488)|STATEMENT_EXECUTE|[30]
21:15:28.0 (10681078)|STATEMENT_EXECUTE|[31]
21:15:28.0 (10683991)|HEAP_ALLOCATE|[31]|Bytes:70
21:15:28.0 (10695195)|HEAP_ALLOCATE|[31]|Bytes:4
21:15:28.0 (10707544)|HEAP_ALLOCATE|[31]|Bytes:7
21:15:28.0 (10755835)|VARIABLE_ASSIGNMENT|[EXTERNAL]|this|{"Acclst":"0x163a8225","contacts":"0x7c053408","recid":"0010Y000005IkY4QAK"}|0x514d8437
21:15:28.0 (11233484)|SOQL_EXECUTE_BEGIN|[31]|Aggregations:0|SELECT id, FirstName, LastName FROM Contact WHERE AccountId = :tmpVar1
21:15:28.0 (13812993)|SOQL_EXECUTE_END|[31]|Rows:2
21:15:28.0 (13828440)|HEAP_ALLOCATE|[31]|Bytes:12
21:15:28.0 (13842828)|HEAP_ALLOCATE|[31]|Bytes:130
21:15:28.0 (13877177)|HEAP_ALLOCATE|[31]|Bytes:12
21:15:28.0 (13922372)|VARIABLE_ASSIGNMENT|[EXTERNAL]|this|{"Acclst":"0x163a8225","contacts":"0x7c053408","recid":"0010Y000005IkY4QAK"}|0x514d8437
21:15:28.0 (13940920)|VARIABLE_ASSIGNMENT|[EXTERNAL]|value|[{"Id":"0030Y000002vPBGQA2","FirstName":"Rose","LastName":"Gonzalez"},{"Id":"0030Y000002vPBHQA2","FirstName":"Sean","LastName":"Forbes"}]|0x632d800e
21:15:28.0 (13954065)|VARIABLE_ASSIGNMENT|[9]|this.contacts|[{"Id":"0030Y000002vPBGQA2","FirstName":"Rose","LastName":"Gonzalez"},{"Id":"0030Y000002vPBHQA2","FirstName":"Sean","LastName":"Forbes"}]|0x514d8437
21:15:28.0 (13965136)|SYSTEM_MODE_EXIT|false
21:15:28.0 (16383906)|SYSTEM_MODE_ENTER|true
21:15:28.0 (17508079)|SYSTEM_MODE_ENTER|true
21:15:28.0 (21126679)|VF_SERIALIZE_VIEWSTATE_BEGIN|0660Y000002bH2M
21:15:28.0 (30013520)|VF_SERIALIZE_VIEWSTATE_END
21:15:28.0 (42432163)|CODE_UNIT_STARTED|[EXTERNAL]|Generate Metadata
21:15:28.0 (44138657)|CODE_UNIT_FINISHED|Generate Metadata
21:15:28.46 (46443392)|CUMULATIVE_LIMIT_USAGE
21:15:28.46 (46443392)|LIMIT_USAGE_FOR_NS|(default)|
  Number of SOQL queries: 1 out of 100
  Number of query rows: 2 out of 50000
  Number of SOSL queries: 0 out of 20
  Number of DML statements: 0 out of 150
  Number of DML rows: 0 out of 10000
  Maximum CPU time: 0 out of 10000
  Maximum heap size: 0 out of 6000000
  Number of callouts: 0 out of 100
  Number of Email Invocations: 0 out of 10
  Number of future calls: 0 out of 50
  Number of queueable jobs added to the queue: 0 out of 50
  Number of Mobile Apex push calls: 0 out of 10

21:15:28.46 (46443392)|CUMULATIVE_LIMIT_USAGE_END

21:15:28.0 (46486485)|CODE_UNIT_FINISHED|VF: /apex/FYPTest
21:15:28.0 (47267130)|EXECUTION_FINISHED
