39.0 APEX_CODE,FINEST;APEX_PROFILING,INFO;CALLOUT,INFO;DB,INFO;SYSTEM,DEBUG;VALIDATION,INFO;VISUALFORCE,INFO;WAVE,INFO;WORKFLOW,INFO
21:15:15.0 (323673)|USER_INFO|[EXTERNAL]|0050Y000000d4Kn|shizhaolee@gmail.com|Greenwich Mean Time|GMTZ
21:15:15.0 (345837)|EXECUTION_STARTED
21:15:15.0 (362702)|CODE_UNIT_STARTED|[EXTERNAL]|0660Y000002bH2M|VF: /apex/FYPTest
21:15:15.0 (2268448)|SYSTEM_MODE_ENTER|true
21:15:15.0 (2776381)|HEAP_ALLOCATE|[72]|Bytes:3
21:15:15.0 (2835737)|HEAP_ALLOCATE|[77]|Bytes:152
21:15:15.0 (2851375)|HEAP_ALLOCATE|[342]|Bytes:408
21:15:15.0 (2868515)|HEAP_ALLOCATE|[355]|Bytes:408
21:15:15.0 (2882560)|HEAP_ALLOCATE|[467]|Bytes:48
21:15:15.0 (2941495)|HEAP_ALLOCATE|[139]|Bytes:6
21:15:15.0 (2956260)|HEAP_ALLOCATE|[EXTERNAL]|Bytes:152
21:15:15.0 (2982125)|HEAP_ALLOCATE|[EXTERNAL]|Bytes:16
21:15:15.0 (3004028)|METHOD_ENTRY|[1]|01p0Y000009c27r|custable.custable()
21:15:15.0 (3008474)|STATEMENT_EXECUTE|[1]
21:15:15.0 (3013150)|STATEMENT_EXECUTE|[1]
21:15:15.0 (3050434)|HEAP_ALLOCATE|[50]|Bytes:5
21:15:15.0 (3073491)|HEAP_ALLOCATE|[56]|Bytes:5
21:15:15.0 (3079617)|HEAP_ALLOCATE|[64]|Bytes:7
21:15:15.0 (3094813)|SYSTEM_MODE_ENTER|false
21:15:15.0 (3109582)|HEAP_ALLOCATE|[EXTERNAL]|Bytes:5
21:15:15.0 (3116147)|SYSTEM_MODE_EXIT|false
21:15:15.0 (3139740)|METHOD_EXIT|[1]|custable
21:15:15.0 (3166216)|HEAP_ALLOCATE|[EXTERNAL]|Bytes:24
21:15:15.0 (3172781)|VARIABLE_SCOPE_BEGIN|[11]|this|custable|true|false
21:15:15.0 (3325887)|VARIABLE_ASSIGNMENT|[11]|this|{}|0x2e9c298b
21:15:15.0 (3336425)|SYSTEM_MODE_ENTER|false
21:15:15.0 (3341574)|HEAP_ALLOCATE|[13]|Bytes:5
21:15:15.0 (3344543)|STATEMENT_EXECUTE|[1]
21:15:15.0 (3346881)|HEAP_ALLOCATE|[13]|Bytes:5
21:15:15.0 (3348374)|STATEMENT_EXECUTE|[3]
21:15:15.0 (3350140)|STATEMENT_EXECUTE|[5]
21:15:15.0 (3351176)|STATEMENT_EXECUTE|[6]
21:15:15.0 (3352121)|STATEMENT_EXECUTE|[7]
21:15:15.0 (3353147)|STATEMENT_EXECUTE|[9]
21:15:15.0 (3361314)|HEAP_ALLOCATE|[13]|Bytes:6
21:15:15.0 (3383118)|STATEMENT_EXECUTE|[11]
21:15:15.0 (3384486)|STATEMENT_EXECUTE|[13]
21:15:15.0 (3386918)|HEAP_ALLOCATE|[13]|Bytes:28
21:15:15.0 (3396722)|HEAP_ALLOCATE|[13]|Bytes:4
21:15:15.0 (3576903)|SOQL_EXECUTE_BEGIN|[13]|Aggregations:0|SELECT Id, Name FROM Account
21:15:15.0 (5459510)|SOQL_EXECUTE_END|[13]|Rows:16
21:15:15.0 (5474421)|HEAP_ALLOCATE|[13]|Bytes:68
21:15:15.0 (5512574)|HEAP_ALLOCATE|[13]|Bytes:865
21:15:15.0 (5561774)|HEAP_ALLOCATE|[13]|Bytes:68
21:15:15.0 (5636947)|VARIABLE_ASSIGNMENT|[EXTERNAL]|this|{}|0x2e9c298b
21:15:15.0 (5656578)|VARIABLE_ASSIGNMENT|[EXTERNAL]|value|"List of size 16 too large to display"|0x46f8c5ef
21:15:15.0 (5676567)|VARIABLE_ASSIGNMENT|[6]|this.Acclst|"List of size 16 too large to display"|0x2e9c298b
21:15:15.0 (5705417)|STATEMENT_EXECUTE|[14]
21:15:15.0 (5756077)|VARIABLE_ASSIGNMENT|[EXTERNAL]|this|{"Acclst":"0x46f8c5ef"}|0x2e9c298b
21:15:15.0 (5762090)|VARIABLE_ASSIGNMENT|[EXTERNAL]|value|null|
21:15:15.0 (5768098)|VARIABLE_ASSIGNMENT|[9]|this.contacts|null|0x2e9c298b
21:15:15.0 (5777715)|SYSTEM_MODE_EXIT|false
21:15:15.0 (5833782)|SYSTEM_MODE_ENTER|true
21:15:15.0 (6676774)|SYSTEM_MODE_ENTER|true
21:15:15.0 (23512660)|VF_SERIALIZE_VIEWSTATE_BEGIN|0660Y000002bH2M
21:15:15.0 (69606910)|VF_SERIALIZE_VIEWSTATE_END
21:15:15.0 (80637513)|CODE_UNIT_STARTED|[EXTERNAL]|Generate Metadata
21:15:15.0 (83188259)|CODE_UNIT_FINISHED|Generate Metadata
21:15:15.85 (85878220)|CUMULATIVE_LIMIT_USAGE
21:15:15.85 (85878220)|LIMIT_USAGE_FOR_NS|(default)|
  Number of SOQL queries: 1 out of 100
  Number of query rows: 16 out of 50000
  Number of SOSL queries: 0 out of 20
  Number of DML statements: 0 out of 150
  Number of DML rows: 0 out of 10000
  Maximum CPU time: 0 out of 10000
  Maximum heap size: 0 out of 6000000
  Number of callouts: 0 out of 100
  Number of Email Invocations: 0 out of 10
  Number of future calls: 0 out of 50
  Number of queueable jobs added to the queue: 0 out of 50
  Number of Mobile Apex push calls: 0 out of 10

21:15:15.85 (85878220)|CUMULATIVE_LIMIT_USAGE_END

21:15:15.0 (85918961)|CODE_UNIT_FINISHED|VF: /apex/FYPTest
21:15:15.0 (86691931)|EXECUTION_FINISHED
