39.0 APEX_CODE,FINEST;APEX_PROFILING,INFO;CALLOUT,INFO;DB,INFO;SYSTEM,DEBUG;VALIDATION,INFO;VISUALFORCE,INFO;WAVE,INFO;WORKFLOW,INFO
21:13:26.0 (293539)|USER_INFO|[EXTERNAL]|0050Y000000d4Kn|shizhaolee@gmail.com|Greenwich Mean Time|GMTZ
21:13:26.0 (317703)|EXECUTION_STARTED
21:13:26.0 (321226)|CODE_UNIT_STARTED|[EXTERNAL]|0660Y000002bH2M|VF: /apex/FYPTest
21:13:26.0 (801138)|VF_DESERIALIZE_VIEWSTATE_BEGIN|0660Y000002bH2M
21:13:26.0 (7839478)|HEAP_ALLOCATE|[72]|Bytes:3
21:13:26.0 (7875315)|HEAP_ALLOCATE|[77]|Bytes:152
21:13:26.0 (7887892)|HEAP_ALLOCATE|[342]|Bytes:408
21:13:26.0 (7901518)|HEAP_ALLOCATE|[355]|Bytes:408
21:13:26.0 (7914487)|HEAP_ALLOCATE|[467]|Bytes:48
21:13:26.0 (7938918)|HEAP_ALLOCATE|[139]|Bytes:6
21:13:26.0 (9862642)|VF_DESERIALIZE_VIEWSTATE_END
21:13:26.0 (11481542)|SYSTEM_MODE_ENTER|true
21:13:26.0 (11512348)|HEAP_ALLOCATE|[EXTERNAL]|Bytes:152
21:13:26.0 (11518405)|HEAP_ALLOCATE|[EXTERNAL]|Bytes:16
21:13:26.0 (11525774)|METHOD_ENTRY|[1]|01p0Y000009c27r|custable.custable()
21:13:26.0 (11529000)|STATEMENT_EXECUTE|[1]
21:13:26.0 (11533861)|STATEMENT_EXECUTE|[1]
21:13:26.0 (11567906)|HEAP_ALLOCATE|[50]|Bytes:5
21:13:26.0 (11589514)|HEAP_ALLOCATE|[56]|Bytes:5
21:13:26.0 (11596093)|HEAP_ALLOCATE|[64]|Bytes:7
21:13:26.0 (11611527)|SYSTEM_MODE_ENTER|false
21:13:26.0 (11622701)|HEAP_ALLOCATE|[EXTERNAL]|Bytes:5
21:13:26.0 (11627994)|SYSTEM_MODE_EXIT|false
21:13:26.0 (11633563)|METHOD_EXIT|[1]|custable
21:13:26.0 (12390964)|SYSTEM_MODE_ENTER|true
21:13:26.0 (13519384)|SYSTEM_MODE_ENTER|true
21:13:26.0 (13552077)|HEAP_ALLOCATE|[EXTERNAL]|Bytes:18
21:13:26.0 (13561101)|HEAP_ALLOCATE|[EXTERNAL]|Bytes:24
21:13:26.0 (13597095)|VARIABLE_ASSIGNMENT|[EXTERNAL]|this.recid|"0010Y000005IkYCQA0"|0x2ea582b3
21:13:26.0 (13894162)|HEAP_ALLOCATE|[EXTERNAL]|Bytes:24
21:13:26.0 (13903031)|VARIABLE_SCOPE_BEGIN|[29]|this|custable|true|false
21:13:26.0 (13961336)|VARIABLE_ASSIGNMENT|[29]|this|{"Acclst":"0x7d973b9d","contacts":"0x5e08039e","recid":"0010Y000005IkYCQA0"}|0x2ea582b3
21:13:26.0 (13978009)|SYSTEM_MODE_ENTER|false
21:13:26.0 (13985570)|HEAP_ALLOCATE|[31]|Bytes:5
21:13:26.0 (13990667)|STATEMENT_EXECUTE|[30]
21:13:26.0 (13992649)|STATEMENT_EXECUTE|[31]
21:13:26.0 (13997067)|HEAP_ALLOCATE|[31]|Bytes:70
21:13:26.0 (14009527)|HEAP_ALLOCATE|[31]|Bytes:4
21:13:26.0 (14025595)|HEAP_ALLOCATE|[31]|Bytes:7
21:13:26.0 (14078857)|VARIABLE_ASSIGNMENT|[EXTERNAL]|this|{"Acclst":"0x7d973b9d","contacts":"0x5e08039e","recid":"0010Y000005IkYCQA0"}|0x2ea582b3
21:13:26.0 (15101799)|SOQL_EXECUTE_BEGIN|[31]|Aggregations:0|SELECT id, FirstName, LastName FROM Contact WHERE AccountId = :tmpVar1
21:13:26.0 (17709072)|SOQL_EXECUTE_END|[31]|Rows:1
21:13:26.0 (17724788)|HEAP_ALLOCATE|[31]|Bytes:8
21:13:26.0 (17739747)|HEAP_ALLOCATE|[31]|Bytes:65
21:13:26.0 (17771837)|HEAP_ALLOCATE|[31]|Bytes:8
21:13:26.0 (17830202)|VARIABLE_ASSIGNMENT|[EXTERNAL]|this|{"Acclst":"0x7d973b9d","contacts":"0x5e08039e","recid":"0010Y000005IkYCQA0"}|0x2ea582b3
21:13:26.0 (17847681)|VARIABLE_ASSIGNMENT|[EXTERNAL]|value|[{"Id":"0030Y000002vPBTQA2","FirstName":"Ashley","LastName":"James"}]|0x78679d33
21:13:26.0 (17859968)|VARIABLE_ASSIGNMENT|[9]|this.contacts|[{"Id":"0030Y000002vPBTQA2","FirstName":"Ashley","LastName":"James"}]|0x2ea582b3
21:13:26.0 (17869762)|SYSTEM_MODE_EXIT|false
21:13:26.0 (20076060)|SYSTEM_MODE_ENTER|true
21:13:26.0 (21552240)|SYSTEM_MODE_ENTER|true
21:13:26.0 (23948637)|VF_SERIALIZE_VIEWSTATE_BEGIN|0660Y000002bH2M
21:13:26.0 (33507615)|VF_SERIALIZE_VIEWSTATE_END
21:13:26.0 (50587358)|CODE_UNIT_STARTED|[EXTERNAL]|Generate Metadata
21:13:26.0 (53107881)|CODE_UNIT_FINISHED|Generate Metadata
21:13:26.56 (56085524)|CUMULATIVE_LIMIT_USAGE
21:13:26.56 (56085524)|LIMIT_USAGE_FOR_NS|(default)|
  Number of SOQL queries: 1 out of 100
  Number of query rows: 1 out of 50000
  Number of SOSL queries: 0 out of 20
  Number of DML statements: 0 out of 150
  Number of DML rows: 0 out of 10000
  Maximum CPU time: 0 out of 10000
  Maximum heap size: 0 out of 6000000
  Number of callouts: 0 out of 100
  Number of Email Invocations: 0 out of 10
  Number of future calls: 0 out of 50
  Number of queueable jobs added to the queue: 0 out of 50
  Number of Mobile Apex push calls: 0 out of 10

21:13:26.56 (56085524)|CUMULATIVE_LIMIT_USAGE_END

21:13:26.0 (56127724)|CODE_UNIT_FINISHED|VF: /apex/FYPTest
21:13:26.0 (56908245)|EXECUTION_FINISHED
