39.0 APEX_CODE,FINEST;APEX_PROFILING,INFO;CALLOUT,INFO;DB,INFO;SYSTEM,DEBUG;VALIDATION,INFO;VISUALFORCE,INFO;WAVE,INFO;WORKFLOW,INFO
21:13:29.0 (344795)|USER_INFO|[EXTERNAL]|0050Y000000d4Kn|shizhaolee@gmail.com|Greenwich Mean Time|GMTZ
21:13:29.0 (389025)|EXECUTION_STARTED
21:13:29.0 (396420)|CODE_UNIT_STARTED|[EXTERNAL]|0660Y000002bH2M|VF: /apex/FYPTest
21:13:29.0 (989291)|VF_DESERIALIZE_VIEWSTATE_BEGIN|0660Y000002bH2M
21:13:29.0 (8024204)|HEAP_ALLOCATE|[72]|Bytes:3
21:13:29.0 (8065054)|HEAP_ALLOCATE|[77]|Bytes:152
21:13:29.0 (8078847)|HEAP_ALLOCATE|[342]|Bytes:408
21:13:29.0 (8093278)|HEAP_ALLOCATE|[355]|Bytes:408
21:13:29.0 (8106242)|HEAP_ALLOCATE|[467]|Bytes:48
21:13:29.0 (8132595)|HEAP_ALLOCATE|[139]|Bytes:6
21:13:29.0 (9827789)|VF_DESERIALIZE_VIEWSTATE_END
21:13:29.0 (10696350)|SYSTEM_MODE_ENTER|true
21:13:29.0 (10730169)|HEAP_ALLOCATE|[EXTERNAL]|Bytes:152
21:13:29.0 (10736634)|HEAP_ALLOCATE|[EXTERNAL]|Bytes:16
21:13:29.0 (10746124)|METHOD_ENTRY|[1]|01p0Y000009c27r|custable.custable()
21:13:29.0 (10750104)|STATEMENT_EXECUTE|[1]
21:13:29.0 (10754796)|STATEMENT_EXECUTE|[1]
21:13:29.0 (10788328)|HEAP_ALLOCATE|[50]|Bytes:5
21:13:29.0 (10812345)|HEAP_ALLOCATE|[56]|Bytes:5
21:13:29.0 (10818707)|HEAP_ALLOCATE|[64]|Bytes:7
21:13:29.0 (10834982)|SYSTEM_MODE_ENTER|false
21:13:29.0 (10846639)|HEAP_ALLOCATE|[EXTERNAL]|Bytes:5
21:13:29.0 (10852854)|SYSTEM_MODE_EXIT|false
21:13:29.0 (10858273)|METHOD_EXIT|[1]|custable
21:13:29.0 (11624117)|SYSTEM_MODE_ENTER|true
21:13:29.0 (12545348)|SYSTEM_MODE_ENTER|true
21:13:29.0 (12572033)|HEAP_ALLOCATE|[EXTERNAL]|Bytes:18
21:13:29.0 (12580752)|HEAP_ALLOCATE|[EXTERNAL]|Bytes:24
21:13:29.0 (12607142)|VARIABLE_ASSIGNMENT|[EXTERNAL]|this.recid|"0010Y000005IkY4QAK"|0x65839172
21:13:29.0 (12919499)|HEAP_ALLOCATE|[EXTERNAL]|Bytes:24
21:13:29.0 (12927733)|VARIABLE_SCOPE_BEGIN|[29]|this|custable|true|false
21:13:29.0 (12974065)|VARIABLE_ASSIGNMENT|[29]|this|{"Acclst":"0xef5c025","contacts":"0x6c357e93","recid":"0010Y000005IkY4QAK"}|0x65839172
21:13:29.0 (12987540)|SYSTEM_MODE_ENTER|false
21:13:29.0 (12993027)|HEAP_ALLOCATE|[31]|Bytes:5
21:13:29.0 (12996562)|STATEMENT_EXECUTE|[30]
21:13:29.0 (12997954)|STATEMENT_EXECUTE|[31]
21:13:29.0 (13000640)|HEAP_ALLOCATE|[31]|Bytes:70
21:13:29.0 (13011120)|HEAP_ALLOCATE|[31]|Bytes:4
21:13:29.0 (13022258)|HEAP_ALLOCATE|[31]|Bytes:7
21:13:29.0 (13072220)|VARIABLE_ASSIGNMENT|[EXTERNAL]|this|{"Acclst":"0xef5c025","contacts":"0x6c357e93","recid":"0010Y000005IkY4QAK"}|0x65839172
21:13:29.0 (14211895)|SOQL_EXECUTE_BEGIN|[31]|Aggregations:0|SELECT id, FirstName, LastName FROM Contact WHERE AccountId = :tmpVar1
21:13:29.0 (18167671)|SOQL_EXECUTE_END|[31]|Rows:2
21:13:29.0 (18182529)|HEAP_ALLOCATE|[31]|Bytes:12
21:13:29.0 (18197964)|HEAP_ALLOCATE|[31]|Bytes:130
21:13:29.0 (18227622)|HEAP_ALLOCATE|[31]|Bytes:12
21:13:29.0 (18278961)|VARIABLE_ASSIGNMENT|[EXTERNAL]|this|{"Acclst":"0xef5c025","contacts":"0x6c357e93","recid":"0010Y000005IkY4QAK"}|0x65839172
21:13:29.0 (18298746)|VARIABLE_ASSIGNMENT|[EXTERNAL]|value|[{"Id":"0030Y000002vPBGQA2","FirstName":"Rose","LastName":"Gonzalez"},{"Id":"0030Y000002vPBHQA2","FirstName":"Sean","LastName":"Forbes"}]|0x5058cf9b
21:13:29.0 (18312175)|VARIABLE_ASSIGNMENT|[9]|this.contacts|[{"Id":"0030Y000002vPBGQA2","FirstName":"Rose","LastName":"Gonzalez"},{"Id":"0030Y000002vPBHQA2","FirstName":"Sean","LastName":"Forbes"}]|0x65839172
21:13:29.0 (18323452)|SYSTEM_MODE_EXIT|false
21:13:29.0 (20575588)|SYSTEM_MODE_ENTER|true
21:13:29.0 (22194918)|SYSTEM_MODE_ENTER|true
21:13:29.0 (25675412)|VF_SERIALIZE_VIEWSTATE_BEGIN|0660Y000002bH2M
21:13:29.0 (34481528)|VF_SERIALIZE_VIEWSTATE_END
21:13:29.0 (47339301)|CODE_UNIT_STARTED|[EXTERNAL]|Generate Metadata
21:13:29.0 (49207242)|CODE_UNIT_FINISHED|Generate Metadata
21:13:29.51 (51915393)|CUMULATIVE_LIMIT_USAGE
21:13:29.51 (51915393)|LIMIT_USAGE_FOR_NS|(default)|
  Number of SOQL queries: 1 out of 100
  Number of query rows: 2 out of 50000
  Number of SOSL queries: 0 out of 20
  Number of DML statements: 0 out of 150
  Number of DML rows: 0 out of 10000
  Maximum CPU time: 0 out of 10000
  Maximum heap size: 0 out of 6000000
  Number of callouts: 0 out of 100
  Number of Email Invocations: 0 out of 10
  Number of future calls: 0 out of 50
  Number of queueable jobs added to the queue: 0 out of 50
  Number of Mobile Apex push calls: 0 out of 10

21:13:29.51 (51915393)|CUMULATIVE_LIMIT_USAGE_END

21:13:29.0 (51953839)|CODE_UNIT_FINISHED|VF: /apex/FYPTest
21:13:29.0 (52959067)|EXECUTION_FINISHED
