35.0 APEX_CODE,FINEST;APEX_PROFILING,INFO;CALLOUT,INFO;DB,INFO;SYSTEM,DEBUG;VALIDATION,INFO;VISUALFORCE,INFO;WAVE,INFO;WORKFLOW,INFO
22:09:42.0 (291746)|USER_INFO|[EXTERNAL]|0050Y000000d4Kn|shizhaolee@gmail.com|Greenwich Mean Time|GMTZ
22:09:42.0 (322703)|EXECUTION_STARTED
22:09:42.0 (327456)|CODE_UNIT_STARTED|[EXTERNAL]|0660Y000002bKaV|VF: /apex/ya
22:09:42.0 (25767952)|SYSTEM_MODE_ENTER|true
22:09:42.0 (26105852)|HEAP_ALLOCATE|[72]|Bytes:3
22:09:42.0 (26147909)|HEAP_ALLOCATE|[77]|Bytes:152
22:09:42.0 (26161933)|HEAP_ALLOCATE|[342]|Bytes:408
22:09:42.0 (26176520)|HEAP_ALLOCATE|[355]|Bytes:408
22:09:42.0 (26189559)|HEAP_ALLOCATE|[467]|Bytes:48
22:09:42.0 (26217328)|HEAP_ALLOCATE|[139]|Bytes:6
22:09:42.0 (26231166)|HEAP_ALLOCATE|[EXTERNAL]|Bytes:10
22:09:42.0 (26233839)|HEAP_ALLOCATE|[EXTERNAL]|Bytes:10
22:09:42.0 (26241149)|METHOD_ENTRY|[1]|01p0Y000009eh3l|dfDefault.dfDefault()
22:09:42.0 (26245841)|STATEMENT_EXECUTE|[1]
22:09:42.0 (26251124)|STATEMENT_EXECUTE|[1]
22:09:42.0 (26283117)|HEAP_ALLOCATE|[50]|Bytes:5
22:09:42.0 (26302586)|HEAP_ALLOCATE|[56]|Bytes:5
22:09:42.0 (26307841)|HEAP_ALLOCATE|[64]|Bytes:7
22:09:42.0 (26323860)|SYSTEM_MODE_ENTER|false
22:09:42.0 (26335387)|HEAP_ALLOCATE|[EXTERNAL]|Bytes:5
22:09:42.0 (26340731)|SYSTEM_MODE_EXIT|false
22:09:42.0 (26346892)|METHOD_EXIT|[1]|dfDefault
22:09:42.0 (26359486)|HEAP_ALLOCATE|[EXTERNAL]|Bytes:4
22:09:42.0 (26367514)|VARIABLE_SCOPE_BEGIN|[1]|this|dfDefault|true|false
22:09:42.0 (26403255)|VARIABLE_ASSIGNMENT|[1]|this|{}|0x56a451f7
22:09:42.0 (26409740)|SYSTEM_MODE_ENTER|false
22:09:42.0 (26413222)|HEAP_ALLOCATE|[EXTERNAL]|Bytes:5
22:09:42.0 (26418996)|HEAP_ALLOCATE|[EXTERNAL]|Bytes:6
22:09:42.0 (26436073)|SYSTEM_MODE_EXIT|false
22:09:42.0 (26438645)|STATEMENT_EXECUTE|[1]
22:09:42.0 (26441034)|SYSTEM_MODE_ENTER|false
22:09:42.0 (26443131)|HEAP_ALLOCATE|[EXTERNAL]|Bytes:5
22:09:42.0 (26445385)|SYSTEM_MODE_EXIT|false
22:09:42.27 (27780550)|CUMULATIVE_LIMIT_USAGE
22:09:42.27 (27780550)|LIMIT_USAGE_FOR_NS|(default)|
  Number of SOQL queries: 0 out of 100
  Number of query rows: 0 out of 50000
  Number of SOSL queries: 0 out of 20
  Number of DML statements: 0 out of 150
  Number of DML rows: 0 out of 10000
  Maximum CPU time: 0 out of 10000
  Maximum heap size: 0 out of 6000000
  Number of callouts: 0 out of 100
  Number of Email Invocations: 0 out of 10
  Number of future calls: 0 out of 50
  Number of queueable jobs added to the queue: 0 out of 50
  Number of Mobile Apex push calls: 0 out of 10

22:09:42.27 (27780550)|CUMULATIVE_LIMIT_USAGE_END

22:09:42.0 (27814817)|CODE_UNIT_FINISHED|VF: /apex/ya
22:09:42.0 (28595905)|EXECUTION_FINISHED
