38.0 APEX_CODE,FINEST;APEX_PROFILING,INFO;CALLOUT,INFO;DB,INFO;SYSTEM,DEBUG;VALIDATION,INFO;VISUALFORCE,INFO;WAVE,INFO;WORKFLOW,INFO
17:53:49.0 (359335)|USER_INFO|[EXTERNAL]|0050Y000000d4Kn|shizhaolee@gmail.com|Greenwich Mean Time|GMTZ
17:53:49.0 (384206)|EXECUTION_STARTED
17:53:49.0 (388191)|CODE_UNIT_STARTED|[EXTERNAL]|0660Y000001V39Z|VF: /apex/DragForce
17:53:49.0 (3435080)|SYSTEM_MODE_ENTER|true
17:53:49.0 (3808414)|HEAP_ALLOCATE|[72]|Bytes:3
17:53:49.0 (3852908)|HEAP_ALLOCATE|[77]|Bytes:152
17:53:49.0 (3868866)|HEAP_ALLOCATE|[342]|Bytes:408
17:53:49.0 (3882768)|HEAP_ALLOCATE|[355]|Bytes:408
17:53:49.0 (3895363)|HEAP_ALLOCATE|[467]|Bytes:48
17:53:49.0 (3922421)|HEAP_ALLOCATE|[139]|Bytes:6
17:53:49.0 (3935509)|HEAP_ALLOCATE|[EXTERNAL]|Bytes:216
17:53:49.0 (3939738)|HEAP_ALLOCATE|[EXTERNAL]|Bytes:28
17:53:49.0 (3947295)|METHOD_ENTRY|[1]|01p0Y000009c27r|custable.custable()
17:53:49.0 (3950951)|STATEMENT_EXECUTE|[1]
17:53:49.0 (3955791)|STATEMENT_EXECUTE|[1]
17:53:49.0 (3990546)|HEAP_ALLOCATE|[50]|Bytes:5
17:53:49.0 (4012409)|HEAP_ALLOCATE|[56]|Bytes:5
17:53:49.0 (4018418)|HEAP_ALLOCATE|[64]|Bytes:7
17:53:49.0 (4031778)|SYSTEM_MODE_ENTER|false
17:53:49.0 (4046047)|HEAP_ALLOCATE|[EXTERNAL]|Bytes:5
17:53:49.0 (4052774)|SYSTEM_MODE_EXIT|false
17:53:49.0 (4058590)|METHOD_EXIT|[1]|custable
17:53:49.0 (4153050)|HEAP_ALLOCATE|[EXTERNAL]|Bytes:48
17:53:49.0 (4161483)|VARIABLE_SCOPE_BEGIN|[20]|this|custable|true|false
17:53:49.0 (4240269)|VARIABLE_ASSIGNMENT|[20]|this|{}|0x436427d8
17:53:49.0 (4250002)|SYSTEM_MODE_ENTER|false
17:53:49.0 (4255051)|HEAP_ALLOCATE|[22]|Bytes:5
17:53:49.0 (4257719)|STATEMENT_EXECUTE|[1]
17:53:49.0 (4259855)|HEAP_ALLOCATE|[22]|Bytes:5
17:53:49.0 (4261395)|STATEMENT_EXECUTE|[3]
17:53:49.0 (4263175)|STATEMENT_EXECUTE|[4]
17:53:49.0 (4264272)|STATEMENT_EXECUTE|[6]
17:53:49.0 (4265316)|STATEMENT_EXECUTE|[8]
17:53:49.0 (4266237)|STATEMENT_EXECUTE|[9]
17:53:49.0 (4267408)|STATEMENT_EXECUTE|[11]
17:53:49.0 (4268586)|STATEMENT_EXECUTE|[12]
17:53:49.0 (4269660)|STATEMENT_EXECUTE|[14]
17:53:49.0 (4270784)|STATEMENT_EXECUTE|[15]
17:53:49.0 (4271831)|STATEMENT_EXECUTE|[17]
17:53:49.0 (4272754)|STATEMENT_EXECUTE|[18]
17:53:49.0 (4280559)|HEAP_ALLOCATE|[22]|Bytes:6
17:53:49.0 (4298390)|STATEMENT_EXECUTE|[20]
17:53:49.0 (4299860)|STATEMENT_EXECUTE|[22]
17:53:49.0 (4302120)|HEAP_ALLOCATE|[22]|Bytes:28
17:53:49.0 (4312868)|HEAP_ALLOCATE|[22]|Bytes:4
17:53:49.0 (4513380)|SOQL_EXECUTE_BEGIN|[22]|Aggregations:0|SELECT Id, Name FROM Account
17:53:49.0 (7161484)|SOQL_EXECUTE_END|[22]|Rows:12
17:53:49.0 (7182677)|HEAP_ALLOCATE|[22]|Bytes:52
17:53:49.0 (7210959)|HEAP_ALLOCATE|[22]|Bytes:698
17:53:49.0 (7242688)|HEAP_ALLOCATE|[22]|Bytes:52
17:53:49.0 (7293041)|VARIABLE_ASSIGNMENT|[EXTERNAL]|this|{}|0x436427d8
17:53:49.0 (7309464)|VARIABLE_ASSIGNMENT|[EXTERNAL]|value|"List of size 12 too large to display"|0x19f34d6d
17:53:49.0 (7319021)|VARIABLE_ASSIGNMENT|[8]|this.Acclst|"List of size 12 too large to display"|0x436427d8
17:53:49.0 (7326417)|STATEMENT_EXECUTE|[23]
17:53:49.0 (7329865)|HEAP_ALLOCATE|[23]|Bytes:63
17:53:49.0 (7334811)|HEAP_ALLOCATE|[23]|Bytes:4
17:53:49.0 (7340192)|HEAP_ALLOCATE|[23]|Bytes:7
17:53:49.0 (7380953)|VARIABLE_ASSIGNMENT|[EXTERNAL]|this|{"Acclst":"0x19f34d6d"}|0x436427d8
17:53:49.0 (7577623)|SOQL_EXECUTE_BEGIN|[23]|Aggregations:0|SELECT Id, Company, Status FROM lead WHERE Status LIKE :tmpVar1
17:53:49.0 (8764855)|SOQL_EXECUTE_END|[23]|Rows:0
17:53:49.0 (8785415)|HEAP_ALLOCATE|[23]|Bytes:4
17:53:49.0 (8794237)|HEAP_ALLOCATE|[23]|Bytes:0
17:53:49.0 (8820540)|HEAP_ALLOCATE|[23]|Bytes:4
17:53:49.0 (8879273)|VARIABLE_ASSIGNMENT|[EXTERNAL]|this|{"Acclst":"0x19f34d6d"}|0x436427d8
17:53:49.0 (8888389)|VARIABLE_ASSIGNMENT|[EXTERNAL]|value|[]|0x769bad47
17:53:49.0 (8897068)|VARIABLE_ASSIGNMENT|[14]|this.leads|[]|0x436427d8
17:53:49.0 (8924065)|VARIABLE_ASSIGNMENT|[EXTERNAL]|this|{"Acclst":"0x19f34d6d","leads":"0x769bad47"}|0x436427d8
17:53:49.0 (8928185)|VARIABLE_ASSIGNMENT|[EXTERNAL]|value|[]|0x769bad47
17:53:49.0 (8932465)|VARIABLE_ASSIGNMENT|[14]|this.leads|[]|0x436427d8
17:53:49.0 (8936570)|STATEMENT_EXECUTE|[24]
17:53:49.0 (8991945)|VARIABLE_ASSIGNMENT|[EXTERNAL]|this|{"Acclst":"0x19f34d6d","leads":"0x769bad47"}|0x436427d8
17:53:49.0 (8998171)|VARIABLE_ASSIGNMENT|[EXTERNAL]|value|null|
17:53:49.0 (9004301)|VARIABLE_ASSIGNMENT|[11]|this.contacts|null|0x436427d8
17:53:49.0 (9013140)|SYSTEM_MODE_EXIT|false
17:53:49.0 (9068882)|SYSTEM_MODE_ENTER|true
17:53:49.0 (9820912)|SYSTEM_MODE_ENTER|true
17:53:49.0 (28713077)|VF_SERIALIZE_VIEWSTATE_BEGIN|0660Y000001V39Z
17:53:49.0 (35425520)|VF_SERIALIZE_VIEWSTATE_END
17:53:49.38 (38371511)|CUMULATIVE_LIMIT_USAGE
17:53:49.38 (38371511)|LIMIT_USAGE_FOR_NS|(default)|
  Number of SOQL queries: 2 out of 100
  Number of query rows: 12 out of 50000
  Number of SOSL queries: 0 out of 20
  Number of DML statements: 0 out of 150
  Number of DML rows: 0 out of 10000
  Maximum CPU time: 0 out of 10000
  Maximum heap size: 0 out of 6000000
  Number of callouts: 0 out of 100
  Number of Email Invocations: 0 out of 10
  Number of future calls: 0 out of 50
  Number of queueable jobs added to the queue: 0 out of 50
  Number of Mobile Apex push calls: 0 out of 10

17:53:49.38 (38371511)|CUMULATIVE_LIMIT_USAGE_END

17:53:49.0 (38408455)|CODE_UNIT_FINISHED|VF: /apex/DragForce
17:53:49.0 (39205360)|EXECUTION_FINISHED
