39.0 APEX_CODE,FINEST;APEX_PROFILING,INFO;CALLOUT,INFO;DB,INFO;SYSTEM,DEBUG;VALIDATION,INFO;VISUALFORCE,INFO;WAVE,INFO;WORKFLOW,INFO
21:15:26.0 (296663)|USER_INFO|[EXTERNAL]|0050Y000000d4Kn|shizhaolee@gmail.com|Greenwich Mean Time|GMTZ
21:15:26.0 (321732)|EXECUTION_STARTED
21:15:26.0 (326525)|CODE_UNIT_STARTED|[EXTERNAL]|0660Y000002bH2M|VF: /apex/FYPTest
21:15:26.0 (892077)|VF_DESERIALIZE_VIEWSTATE_BEGIN|0660Y000002bH2M
21:15:26.0 (14553039)|HEAP_ALLOCATE|[72]|Bytes:3
21:15:26.0 (14599606)|HEAP_ALLOCATE|[77]|Bytes:152
21:15:26.0 (14616313)|HEAP_ALLOCATE|[342]|Bytes:408
21:15:26.0 (14634220)|HEAP_ALLOCATE|[355]|Bytes:408
21:15:26.0 (14647145)|HEAP_ALLOCATE|[467]|Bytes:48
21:15:26.0 (14674503)|HEAP_ALLOCATE|[139]|Bytes:6
21:15:26.0 (16403245)|VF_DESERIALIZE_VIEWSTATE_END
21:15:26.0 (17244733)|SYSTEM_MODE_ENTER|true
21:15:26.0 (17278791)|HEAP_ALLOCATE|[EXTERNAL]|Bytes:152
21:15:26.0 (17285071)|HEAP_ALLOCATE|[EXTERNAL]|Bytes:16
21:15:26.0 (17293169)|METHOD_ENTRY|[1]|01p0Y000009c27r|custable.custable()
21:15:26.0 (17296854)|STATEMENT_EXECUTE|[1]
21:15:26.0 (17301621)|STATEMENT_EXECUTE|[1]
21:15:26.0 (17336680)|HEAP_ALLOCATE|[50]|Bytes:5
21:15:26.0 (17361808)|HEAP_ALLOCATE|[56]|Bytes:5
21:15:26.0 (17368067)|HEAP_ALLOCATE|[64]|Bytes:7
21:15:26.0 (17383675)|SYSTEM_MODE_ENTER|false
21:15:26.0 (17396889)|HEAP_ALLOCATE|[EXTERNAL]|Bytes:5
21:15:26.0 (17402451)|SYSTEM_MODE_EXIT|false
21:15:26.0 (17409020)|METHOD_EXIT|[1]|custable
21:15:26.0 (18175674)|SYSTEM_MODE_ENTER|true
21:15:26.0 (19115475)|SYSTEM_MODE_ENTER|true
21:15:26.0 (19144303)|HEAP_ALLOCATE|[EXTERNAL]|Bytes:18
21:15:26.0 (19153216)|HEAP_ALLOCATE|[EXTERNAL]|Bytes:24
21:15:26.0 (19191550)|VARIABLE_ASSIGNMENT|[EXTERNAL]|this.recid|"0010Y000005IkYCQA0"|0x127303ee
21:15:26.0 (19493337)|HEAP_ALLOCATE|[EXTERNAL]|Bytes:24
21:15:26.0 (19504226)|VARIABLE_SCOPE_BEGIN|[29]|this|custable|true|false
21:15:26.0 (19552331)|VARIABLE_ASSIGNMENT|[29]|this|{"Acclst":"0x2251cee8","contacts":"0x8231dc2","recid":"0010Y000005IkYCQA0"}|0x127303ee
21:15:26.0 (19564899)|SYSTEM_MODE_ENTER|false
21:15:26.0 (19570946)|HEAP_ALLOCATE|[31]|Bytes:5
21:15:26.0 (19574285)|STATEMENT_EXECUTE|[30]
21:15:26.0 (19575701)|STATEMENT_EXECUTE|[31]
21:15:26.0 (19578968)|HEAP_ALLOCATE|[31]|Bytes:70
21:15:26.0 (19589728)|HEAP_ALLOCATE|[31]|Bytes:4
21:15:26.0 (19601028)|HEAP_ALLOCATE|[31]|Bytes:7
21:15:26.0 (19650511)|VARIABLE_ASSIGNMENT|[EXTERNAL]|this|{"Acclst":"0x2251cee8","contacts":"0x8231dc2","recid":"0010Y000005IkYCQA0"}|0x127303ee
21:15:26.0 (20665513)|SOQL_EXECUTE_BEGIN|[31]|Aggregations:0|SELECT id, FirstName, LastName FROM Contact WHERE AccountId = :tmpVar1
21:15:26.0 (23149925)|SOQL_EXECUTE_END|[31]|Rows:1
21:15:26.0 (23164496)|HEAP_ALLOCATE|[31]|Bytes:8
21:15:26.0 (23178752)|HEAP_ALLOCATE|[31]|Bytes:65
21:15:26.0 (23208712)|HEAP_ALLOCATE|[31]|Bytes:8
21:15:26.0 (23262008)|VARIABLE_ASSIGNMENT|[EXTERNAL]|this|{"Acclst":"0x2251cee8","contacts":"0x8231dc2","recid":"0010Y000005IkYCQA0"}|0x127303ee
21:15:26.0 (23279878)|VARIABLE_ASSIGNMENT|[EXTERNAL]|value|[{"Id":"0030Y000002vPBTQA2","FirstName":"Ashley","LastName":"James"}]|0x2ce0b026
21:15:26.0 (23290462)|VARIABLE_ASSIGNMENT|[9]|this.contacts|[{"Id":"0030Y000002vPBTQA2","FirstName":"Ashley","LastName":"James"}]|0x127303ee
21:15:26.0 (23298999)|SYSTEM_MODE_EXIT|false
21:15:26.0 (25494078)|SYSTEM_MODE_ENTER|true
21:15:26.0 (26900723)|SYSTEM_MODE_ENTER|true
21:15:26.0 (29402840)|VF_SERIALIZE_VIEWSTATE_BEGIN|0660Y000002bH2M
21:15:26.0 (37946581)|VF_SERIALIZE_VIEWSTATE_END
21:15:26.0 (50137589)|CODE_UNIT_STARTED|[EXTERNAL]|Generate Metadata
21:15:26.0 (51958658)|CODE_UNIT_FINISHED|Generate Metadata
21:15:26.53 (53968050)|CUMULATIVE_LIMIT_USAGE
21:15:26.53 (53968050)|LIMIT_USAGE_FOR_NS|(default)|
  Number of SOQL queries: 1 out of 100
  Number of query rows: 1 out of 50000
  Number of SOSL queries: 0 out of 20
  Number of DML statements: 0 out of 150
  Number of DML rows: 0 out of 10000
  Maximum CPU time: 0 out of 10000
  Maximum heap size: 0 out of 6000000
  Number of callouts: 0 out of 100
  Number of Email Invocations: 0 out of 10
  Number of future calls: 0 out of 50
  Number of queueable jobs added to the queue: 0 out of 50
  Number of Mobile Apex push calls: 0 out of 10

21:15:26.53 (53968050)|CUMULATIVE_LIMIT_USAGE_END

21:15:26.0 (53998193)|CODE_UNIT_FINISHED|VF: /apex/FYPTest
21:15:26.0 (54783756)|EXECUTION_FINISHED
