38.0 APEX_CODE,FINEST;APEX_PROFILING,INFO;CALLOUT,INFO;DB,INFO;SYSTEM,DEBUG;VALIDATION,INFO;VISUALFORCE,INFO;WAVE,INFO;WORKFLOW,INFO
20:25:29.0 (320956)|USER_INFO|[EXTERNAL]|0050Y000000d4Kn|shizhaolee@gmail.com|Greenwich Mean Time|GMTZ
20:25:29.0 (348435)|EXECUTION_STARTED
20:25:29.0 (352560)|CODE_UNIT_STARTED|[EXTERNAL]|0660Y000001V39Z|VF: /apex/DragForce
20:25:29.0 (22608148)|SYSTEM_MODE_ENTER|true
20:25:29.0 (22894377)|HEAP_ALLOCATE|[72]|Bytes:3
20:25:29.0 (22932828)|HEAP_ALLOCATE|[77]|Bytes:152
20:25:29.0 (22946106)|HEAP_ALLOCATE|[342]|Bytes:408
20:25:29.0 (22960679)|HEAP_ALLOCATE|[355]|Bytes:408
20:25:29.0 (22973284)|HEAP_ALLOCATE|[467]|Bytes:48
20:25:29.0 (22997682)|HEAP_ALLOCATE|[139]|Bytes:6
20:25:29.0 (23009434)|HEAP_ALLOCATE|[EXTERNAL]|Bytes:220
20:25:29.0 (23014951)|HEAP_ALLOCATE|[EXTERNAL]|Bytes:28
20:25:29.0 (23017161)|HEAP_ALLOCATE|[EXTERNAL]|Bytes:2
20:25:29.0 (23024803)|METHOD_ENTRY|[1]|01p0Y000009c27r|custable.custable()
20:25:29.0 (23028347)|STATEMENT_EXECUTE|[1]
20:25:29.0 (23032510)|STATEMENT_EXECUTE|[1]
20:25:29.0 (23063501)|HEAP_ALLOCATE|[50]|Bytes:5
20:25:29.0 (23082250)|HEAP_ALLOCATE|[56]|Bytes:5
20:25:29.0 (23087296)|HEAP_ALLOCATE|[64]|Bytes:7
20:25:29.0 (23100766)|SYSTEM_MODE_ENTER|false
20:25:29.0 (23112019)|HEAP_ALLOCATE|[EXTERNAL]|Bytes:5
20:25:29.0 (23117161)|SYSTEM_MODE_EXIT|false
20:25:29.0 (23122471)|METHOD_EXIT|[1]|custable
20:25:29.0 (23202989)|HEAP_ALLOCATE|[EXTERNAL]|Bytes:48
20:25:29.0 (23212021)|VARIABLE_SCOPE_BEGIN|[20]|this|custable|true|false
20:25:29.0 (23290146)|VARIABLE_ASSIGNMENT|[20]|this|{}|0x6c888bc
20:25:29.0 (23299633)|SYSTEM_MODE_ENTER|false
20:25:29.0 (23304157)|HEAP_ALLOCATE|[22]|Bytes:5
20:25:29.0 (23307240)|STATEMENT_EXECUTE|[1]
20:25:29.0 (23309349)|HEAP_ALLOCATE|[22]|Bytes:5
20:25:29.0 (23310690)|STATEMENT_EXECUTE|[3]
20:25:29.0 (23312470)|STATEMENT_EXECUTE|[4]
20:25:29.0 (23313396)|STATEMENT_EXECUTE|[6]
20:25:29.0 (23314358)|STATEMENT_EXECUTE|[8]
20:25:29.0 (23315349)|STATEMENT_EXECUTE|[9]
20:25:29.0 (23316271)|STATEMENT_EXECUTE|[11]
20:25:29.0 (23317349)|STATEMENT_EXECUTE|[12]
20:25:29.0 (23318338)|STATEMENT_EXECUTE|[14]
20:25:29.0 (23319284)|STATEMENT_EXECUTE|[15]
20:25:29.0 (23320253)|STATEMENT_EXECUTE|[17]
20:25:29.0 (23321202)|STATEMENT_EXECUTE|[18]
20:25:29.0 (23328706)|HEAP_ALLOCATE|[22]|Bytes:6
20:25:29.0 (23348255)|STATEMENT_EXECUTE|[20]
20:25:29.0 (23349672)|STATEMENT_EXECUTE|[22]
20:25:29.0 (23351835)|HEAP_ALLOCATE|[22]|Bytes:28
20:25:29.0 (23361042)|HEAP_ALLOCATE|[22]|Bytes:4
20:25:29.0 (23832193)|SOQL_EXECUTE_BEGIN|[22]|Aggregations:0|SELECT Id, Name FROM Account
20:25:29.0 (25851981)|SOQL_EXECUTE_END|[22]|Rows:12
20:25:29.0 (25867848)|HEAP_ALLOCATE|[22]|Bytes:52
20:25:29.0 (25897119)|HEAP_ALLOCATE|[22]|Bytes:698
20:25:29.0 (25928777)|HEAP_ALLOCATE|[22]|Bytes:52
20:25:29.0 (25976608)|VARIABLE_ASSIGNMENT|[EXTERNAL]|this|{}|0x6c888bc
20:25:29.0 (25992946)|VARIABLE_ASSIGNMENT|[EXTERNAL]|value|"List of size 12 too large to display"|0x7d341132
20:25:29.0 (26003255)|VARIABLE_ASSIGNMENT|[8]|this.Acclst|"List of size 12 too large to display"|0x6c888bc
20:25:29.0 (26009994)|STATEMENT_EXECUTE|[23]
20:25:29.0 (26013240)|HEAP_ALLOCATE|[23]|Bytes:63
20:25:29.0 (26018393)|HEAP_ALLOCATE|[23]|Bytes:4
20:25:29.0 (26022710)|HEAP_ALLOCATE|[23]|Bytes:7
20:25:29.0 (26063537)|VARIABLE_ASSIGNMENT|[EXTERNAL]|this|{"Acclst":"0x7d341132"}|0x6c888bc
20:25:29.0 (26393513)|SOQL_EXECUTE_BEGIN|[23]|Aggregations:0|SELECT Id, Company, Status FROM lead WHERE Status LIKE :tmpVar1
20:25:29.0 (28371267)|SOQL_EXECUTE_END|[23]|Rows:0
20:25:29.0 (28386817)|HEAP_ALLOCATE|[23]|Bytes:4
20:25:29.0 (28394182)|HEAP_ALLOCATE|[23]|Bytes:0
20:25:29.0 (28413056)|HEAP_ALLOCATE|[23]|Bytes:4
20:25:29.0 (28459982)|VARIABLE_ASSIGNMENT|[EXTERNAL]|this|{"Acclst":"0x7d341132"}|0x6c888bc
20:25:29.0 (28469220)|VARIABLE_ASSIGNMENT|[EXTERNAL]|value|[]|0x547daf38
20:25:29.0 (28476598)|VARIABLE_ASSIGNMENT|[14]|this.leads|[]|0x6c888bc
20:25:29.0 (28482797)|STATEMENT_EXECUTE|[24]
20:25:29.0 (28486318)|HEAP_ALLOCATE|[24]|Bytes:90
20:25:29.0 (28491352)|HEAP_ALLOCATE|[24]|Bytes:4
20:25:29.0 (28772461)|SOQL_EXECUTE_BEGIN|[24]|Aggregations:0|SELECT Id, name, Description, StageName, CloseDate FROM Opportunity WHERE IsClosed = FALSE
20:25:29.0 (31670603)|SOQL_EXECUTE_END|[24]|Rows:13
20:25:29.0 (31684653)|HEAP_ALLOCATE|[24]|Bytes:56
20:25:29.0 (31705137)|HEAP_ALLOCATE|[24]|Bytes:1486
20:25:29.0 (31725080)|HEAP_ALLOCATE|[24]|Bytes:56
20:25:29.0 (31773165)|VARIABLE_ASSIGNMENT|[EXTERNAL]|this|{"Acclst":"0x7d341132","leads":"0x547daf38"}|0x6c888bc
20:25:29.0 (31783222)|VARIABLE_ASSIGNMENT|[EXTERNAL]|value|"List of size 13 too large to display"|0x3a6af782
20:25:29.0 (31792157)|VARIABLE_ASSIGNMENT|[17]|this.opportunities|"List of size 13 too large to display"|0x6c888bc
20:25:29.0 (31798462)|STATEMENT_EXECUTE|[26]
20:25:29.0 (31835667)|VARIABLE_ASSIGNMENT|[EXTERNAL]|this|{"Acclst":"0x7d341132","leads":"0x547daf38","opportunities":"0x3a6af782"}|0x6c888bc
20:25:29.0 (31870635)|USER_DEBUG|[26]|DEBUG|()
20:25:29.0 (31875435)|STATEMENT_EXECUTE|[27]
20:25:29.0 (31919617)|VARIABLE_ASSIGNMENT|[EXTERNAL]|this|{"Acclst":"0x7d341132","leads":"0x547daf38","opportunities":"0x3a6af782"}|0x6c888bc
20:25:29.0 (31926753)|VARIABLE_ASSIGNMENT|[EXTERNAL]|value|null|
20:25:29.0 (31932827)|VARIABLE_ASSIGNMENT|[11]|this.contacts|null|0x6c888bc
20:25:29.0 (31940154)|SYSTEM_MODE_EXIT|false
20:25:29.0 (31988877)|SYSTEM_MODE_ENTER|true
20:25:29.0 (32704487)|SYSTEM_MODE_ENTER|true
20:25:29.0 (32865678)|SYSTEM_MODE_ENTER|true
20:25:29.0 (76480192)|VF_SERIALIZE_VIEWSTATE_BEGIN|0660Y000001V39Z
20:25:29.0 (80189739)|VF_SERIALIZE_VIEWSTATE_END
20:25:29.83 (83533503)|CUMULATIVE_LIMIT_USAGE
20:25:29.83 (83533503)|LIMIT_USAGE_FOR_NS|(default)|
  Number of SOQL queries: 3 out of 100
  Number of query rows: 25 out of 50000
  Number of SOSL queries: 0 out of 20
  Number of DML statements: 0 out of 150
  Number of DML rows: 0 out of 10000
  Maximum CPU time: 0 out of 10000
  Maximum heap size: 0 out of 6000000
  Number of callouts: 0 out of 100
  Number of Email Invocations: 0 out of 10
  Number of future calls: 0 out of 50
  Number of queueable jobs added to the queue: 0 out of 50
  Number of Mobile Apex push calls: 0 out of 10

20:25:29.83 (83533503)|CUMULATIVE_LIMIT_USAGE_END

20:25:29.0 (83565624)|CODE_UNIT_FINISHED|VF: /apex/DragForce
20:25:29.0 (84339712)|EXECUTION_FINISHED
