39.0 APEX_CODE,FINEST;APEX_PROFILING,INFO;CALLOUT,INFO;DB,INFO;SYSTEM,DEBUG;VALIDATION,INFO;VISUALFORCE,INFO;WAVE,INFO;WORKFLOW,INFO
21:17:11.0 (65558)|USER_INFO|[EXTERNAL]|0050Y000000d4Kn|shizhaolee@gmail.com|Greenwich Mean Time|GMTZ
21:17:11.0 (95322)|EXECUTION_STARTED
21:17:11.0 (100238)|CODE_UNIT_STARTED|[EXTERNAL]|0660Y000002bH2M|VF: /apex/FYPTest
21:17:11.0 (218143)|VF_DESERIALIZE_VIEWSTATE_BEGIN|0660Y000002bH2M
21:17:11.0 (5468655)|HEAP_ALLOCATE|[72]|Bytes:3
21:17:11.0 (5515675)|HEAP_ALLOCATE|[77]|Bytes:152
21:17:11.0 (5533455)|HEAP_ALLOCATE|[342]|Bytes:408
21:17:11.0 (5552616)|HEAP_ALLOCATE|[355]|Bytes:408
21:17:11.0 (5568961)|HEAP_ALLOCATE|[467]|Bytes:48
21:17:11.0 (5599360)|HEAP_ALLOCATE|[139]|Bytes:6
21:17:11.0 (7375653)|VF_DESERIALIZE_VIEWSTATE_END
21:17:11.0 (8193054)|SYSTEM_MODE_ENTER|true
21:17:11.0 (8226135)|HEAP_ALLOCATE|[EXTERNAL]|Bytes:152
21:17:11.0 (8232750)|HEAP_ALLOCATE|[EXTERNAL]|Bytes:16
21:17:11.0 (8240385)|METHOD_ENTRY|[1]|01p0Y000009c27r|custable.custable()
21:17:11.0 (8243963)|STATEMENT_EXECUTE|[1]
21:17:11.0 (8249950)|STATEMENT_EXECUTE|[1]
21:17:11.0 (8285425)|HEAP_ALLOCATE|[50]|Bytes:5
21:17:11.0 (8312130)|HEAP_ALLOCATE|[56]|Bytes:5
21:17:11.0 (8318457)|HEAP_ALLOCATE|[64]|Bytes:7
21:17:11.0 (8334212)|SYSTEM_MODE_ENTER|false
21:17:11.0 (8348200)|HEAP_ALLOCATE|[EXTERNAL]|Bytes:5
21:17:11.0 (8355548)|SYSTEM_MODE_EXIT|false
21:17:11.0 (8363244)|METHOD_EXIT|[1]|custable
21:17:11.0 (9108081)|SYSTEM_MODE_ENTER|true
21:17:11.0 (10091145)|SYSTEM_MODE_ENTER|true
21:17:11.0 (10121435)|HEAP_ALLOCATE|[EXTERNAL]|Bytes:18
21:17:11.0 (10125184)|HEAP_ALLOCATE|[EXTERNAL]|Bytes:24
21:17:11.0 (10148488)|VARIABLE_ASSIGNMENT|[EXTERNAL]|this.recid|"0010Y000005IkY6QAK"|0x7714bb2b
21:17:11.0 (10429099)|HEAP_ALLOCATE|[EXTERNAL]|Bytes:24
21:17:11.0 (10438919)|VARIABLE_SCOPE_BEGIN|[29]|this|custable|true|false
21:17:11.0 (10478547)|VARIABLE_ASSIGNMENT|[29]|this|{"Acclst":"0x47164a88","contacts":"0x405f1010","recid":"0010Y000005IkY6QAK"}|0x7714bb2b
21:17:11.0 (10492271)|SYSTEM_MODE_ENTER|false
21:17:11.0 (10498454)|HEAP_ALLOCATE|[31]|Bytes:5
21:17:11.0 (10502957)|STATEMENT_EXECUTE|[30]
21:17:11.0 (10504405)|STATEMENT_EXECUTE|[31]
21:17:11.0 (10507539)|HEAP_ALLOCATE|[31]|Bytes:70
21:17:11.0 (10519053)|HEAP_ALLOCATE|[31]|Bytes:4
21:17:11.0 (10531657)|HEAP_ALLOCATE|[31]|Bytes:7
21:17:11.0 (10597965)|VARIABLE_ASSIGNMENT|[EXTERNAL]|this|{"Acclst":"0x47164a88","contacts":"0x405f1010","recid":"0010Y000005IkY6QAK"}|0x7714bb2b
21:17:11.0 (11069179)|SOQL_EXECUTE_BEGIN|[31]|Aggregations:0|SELECT id, FirstName, LastName FROM Contact WHERE AccountId = :tmpVar1
21:17:11.0 (13857141)|SOQL_EXECUTE_END|[31]|Rows:1
21:17:11.0 (13873851)|HEAP_ALLOCATE|[31]|Bytes:8
21:17:11.0 (13890067)|HEAP_ALLOCATE|[31]|Bytes:66
21:17:11.0 (13921597)|HEAP_ALLOCATE|[31]|Bytes:8
21:17:11.0 (13974405)|VARIABLE_ASSIGNMENT|[EXTERNAL]|this|{"Acclst":"0x47164a88","contacts":"0x405f1010","recid":"0010Y000005IkY6QAK"}|0x7714bb2b
21:17:11.0 (13989417)|VARIABLE_ASSIGNMENT|[EXTERNAL]|value|[{"Id":"0030Y000002vPBJQA2","FirstName":"Pat","LastName":"Stumuller"}]|0x72cfb14c
21:17:11.0 (14000698)|VARIABLE_ASSIGNMENT|[9]|this.contacts|[{"Id":"0030Y000002vPBJQA2","FirstName":"Pat","LastName":"Stumuller"}]|0x7714bb2b
21:17:11.0 (14010988)|SYSTEM_MODE_EXIT|false
21:17:11.0 (16318395)|SYSTEM_MODE_ENTER|true
21:17:11.0 (17390251)|SYSTEM_MODE_ENTER|true
21:17:11.0 (20083468)|VF_SERIALIZE_VIEWSTATE_BEGIN|0660Y000002bH2M
21:17:11.0 (29170226)|VF_SERIALIZE_VIEWSTATE_END
21:17:11.0 (44030647)|CODE_UNIT_STARTED|[EXTERNAL]|Generate Metadata
21:17:11.0 (45680003)|CODE_UNIT_FINISHED|Generate Metadata
21:17:11.48 (48168404)|CUMULATIVE_LIMIT_USAGE
21:17:11.48 (48168404)|LIMIT_USAGE_FOR_NS|(default)|
  Number of SOQL queries: 1 out of 100
  Number of query rows: 1 out of 50000
  Number of SOSL queries: 0 out of 20
  Number of DML statements: 0 out of 150
  Number of DML rows: 0 out of 10000
  Maximum CPU time: 0 out of 10000
  Maximum heap size: 0 out of 6000000
  Number of callouts: 0 out of 100
  Number of Email Invocations: 0 out of 10
  Number of future calls: 0 out of 50
  Number of queueable jobs added to the queue: 0 out of 50
  Number of Mobile Apex push calls: 0 out of 10

21:17:11.48 (48168404)|CUMULATIVE_LIMIT_USAGE_END

21:17:11.0 (48208005)|CODE_UNIT_FINISHED|VF: /apex/FYPTest
21:17:11.0 (48988671)|EXECUTION_FINISHED
