39.0 APEX_CODE,FINEST;APEX_PROFILING,INFO;CALLOUT,INFO;DB,INFO;SYSTEM,DEBUG;VALIDATION,INFO;VISUALFORCE,INFO;WAVE,INFO;WORKFLOW,INFO
21:21:30.0 (325809)|USER_INFO|[EXTERNAL]|0050Y000000d4Kn|shizhaolee@gmail.com|Greenwich Mean Time|GMTZ
21:21:30.0 (350999)|EXECUTION_STARTED
21:21:30.0 (354009)|CODE_UNIT_STARTED|[EXTERNAL]|0660Y000002bH2M|VF: /apex/FYPTest
21:21:30.0 (871469)|VF_DESERIALIZE_VIEWSTATE_BEGIN|0660Y000002bH2M
21:21:30.0 (6729999)|HEAP_ALLOCATE|[72]|Bytes:3
21:21:30.0 (6757475)|HEAP_ALLOCATE|[77]|Bytes:152
21:21:30.0 (6769853)|HEAP_ALLOCATE|[342]|Bytes:408
21:21:30.0 (6783243)|HEAP_ALLOCATE|[355]|Bytes:408
21:21:30.0 (6796189)|HEAP_ALLOCATE|[467]|Bytes:48
21:21:30.0 (6820715)|HEAP_ALLOCATE|[139]|Bytes:6
21:21:30.0 (8347261)|VF_DESERIALIZE_VIEWSTATE_END
21:21:30.0 (8825168)|SYSTEM_MODE_ENTER|true
21:21:30.0 (8852293)|HEAP_ALLOCATE|[EXTERNAL]|Bytes:152
21:21:30.0 (8858536)|HEAP_ALLOCATE|[EXTERNAL]|Bytes:16
21:21:30.0 (8865520)|METHOD_ENTRY|[1]|01p0Y000009c27r|custable.custable()
21:21:30.0 (8867893)|STATEMENT_EXECUTE|[1]
21:21:30.0 (8871079)|STATEMENT_EXECUTE|[1]
21:21:30.0 (8901696)|HEAP_ALLOCATE|[50]|Bytes:5
21:21:30.0 (8918483)|HEAP_ALLOCATE|[56]|Bytes:5
21:21:30.0 (8924375)|HEAP_ALLOCATE|[64]|Bytes:7
21:21:30.0 (8937714)|SYSTEM_MODE_ENTER|false
21:21:30.0 (8945702)|HEAP_ALLOCATE|[EXTERNAL]|Bytes:5
21:21:30.0 (8949949)|SYSTEM_MODE_EXIT|false
21:21:30.0 (8954748)|METHOD_EXIT|[1]|custable
21:21:30.0 (9612581)|SYSTEM_MODE_ENTER|true
21:21:30.0 (10429870)|SYSTEM_MODE_ENTER|true
21:21:30.0 (10455452)|HEAP_ALLOCATE|[EXTERNAL]|Bytes:18
21:21:30.0 (10462610)|HEAP_ALLOCATE|[EXTERNAL]|Bytes:24
21:21:30.0 (10510560)|VARIABLE_ASSIGNMENT|[EXTERNAL]|this.recid|"0010Y00000HImIMQA1"|0x6d5b6c35
21:21:30.0 (10818919)|HEAP_ALLOCATE|[EXTERNAL]|Bytes:24
21:21:30.0 (10827475)|VARIABLE_SCOPE_BEGIN|[17]|this|custable|true|false
21:21:30.0 (10871371)|VARIABLE_ASSIGNMENT|[17]|this|{"Acclst":"0x6fa5f301","recid":"0010Y00000HImIMQA1"}|0x6d5b6c35
21:21:30.0 (10882124)|SYSTEM_MODE_ENTER|false
21:21:30.0 (10887643)|HEAP_ALLOCATE|[19]|Bytes:5
21:21:30.0 (10890677)|STATEMENT_EXECUTE|[18]
21:21:30.0 (10892175)|STATEMENT_EXECUTE|[19]
21:21:30.0 (10894921)|HEAP_ALLOCATE|[19]|Bytes:48
21:21:30.0 (10903251)|HEAP_ALLOCATE|[19]|Bytes:4
21:21:30.0 (10912490)|HEAP_ALLOCATE|[19]|Bytes:7
21:21:30.0 (10953407)|VARIABLE_ASSIGNMENT|[EXTERNAL]|this|{"Acclst":"0x6fa5f301","recid":"0010Y00000HImIMQA1"}|0x6d5b6c35
21:21:30.0 (11950647)|SOQL_EXECUTE_BEGIN|[19]|Aggregations:0|SELECT id, name FROM account WHERE id = :tmpVar1
21:21:30.0 (16620174)|SOQL_EXECUTE_END|[19]|Rows:1
21:21:30.0 (16633066)|HEAP_ALLOCATE|[19]|Bytes:8
21:21:30.0 (16645249)|HEAP_ALLOCATE|[19]|Bytes:42
21:21:30.0 (16668745)|HEAP_ALLOCATE|[19]|Bytes:8
21:21:30.0 (16677185)|HEAP_ALLOCATE|[19]|Bytes:33
21:21:30.0 (16720574)|HEAP_ALLOCATE|[19]|Bytes:12
21:21:30.0 (16725955)|VARIABLE_SCOPE_BEGIN|[19]|ac|Account|true|false
21:21:30.0 (16739644)|VARIABLE_ASSIGNMENT|[19]|ac|{"Id":"0010Y00000HImIMQA1","Name":"yifan"}|0x19b095d
21:21:30.0 (16742484)|STATEMENT_EXECUTE|[20]
21:21:30.0 (16758281)|HEAP_ALLOCATE|[20]|Bytes:8
21:21:30.0 (16764407)|HEAP_ALLOCATE|[20]|Bytes:8
21:21:30.0 (16768641)|DML_BEGIN|[20]|Op:Delete|Type:Account|Rows:1
21:21:30.0 (16784021)|HEAP_ALLOCATE|[EXTERNAL]|Bytes:8
21:21:30.0 (261729408)|DML_END|[20]
21:21:30.0 (261746147)|STATEMENT_EXECUTE|[23]
21:21:30.0 (261757722)|HEAP_ALLOCATE|[23]|Bytes:14
21:21:30.0 (261802067)|VARIABLE_SCOPE_BEGIN|[23]|ref|System.PageReference|true|false
21:21:30.0 (261997462)|VARIABLE_ASSIGNMENT|[23]|ref|"/apex/custable"|0x77784a13
21:21:30.0 (262002412)|STATEMENT_EXECUTE|[24]
21:21:30.0 (262052329)|STATEMENT_EXECUTE|[25]
21:21:30.0 (262057735)|SYSTEM_MODE_EXIT|false
21:21:30.269 (269201593)|CUMULATIVE_LIMIT_USAGE
21:21:30.269 (269201593)|LIMIT_USAGE_FOR_NS|(default)|
  Number of SOQL queries: 1 out of 100
  Number of query rows: 1 out of 50000
  Number of SOSL queries: 0 out of 20
  Number of DML statements: 1 out of 150
  Number of DML rows: 1 out of 10000
  Maximum CPU time: 0 out of 10000
  Maximum heap size: 0 out of 6000000
  Number of callouts: 0 out of 100
  Number of Email Invocations: 0 out of 10
  Number of future calls: 0 out of 50
  Number of queueable jobs added to the queue: 0 out of 50
  Number of Mobile Apex push calls: 0 out of 10

21:21:30.269 (269201593)|CUMULATIVE_LIMIT_USAGE_END

21:21:30.0 (269232266)|CODE_UNIT_FINISHED|VF: /apex/FYPTest
21:21:30.0 (270052567)|EXECUTION_FINISHED
