39.0 APEX_CODE,FINEST;APEX_PROFILING,INFO;CALLOUT,INFO;DB,INFO;SYSTEM,DEBUG;VALIDATION,INFO;VISUALFORCE,INFO;WAVE,INFO;WORKFLOW,INFO
19:22:13.0 (328759)|USER_INFO|[EXTERNAL]|0050Y000000d4Kn|shizhaolee@gmail.com|Greenwich Mean Time|GMTZ
19:22:13.0 (352102)|EXECUTION_STARTED
19:22:13.0 (356526)|CODE_UNIT_STARTED|[EXTERNAL]|VisualForce View State
19:22:13.0 (14317371)|CODE_UNIT_FINISHED|VisualForce View State
19:22:13.0 (15175186)|EXECUTION_FINISHED
19:22:13.16 (16955191)|USER_INFO|[EXTERNAL]|0050Y000000d4Kn|shizhaolee@gmail.com|Greenwich Mean Time|GMTZ
19:22:13.16 (16965680)|EXECUTION_STARTED
19:22:13.16 (16968579)|CODE_UNIT_STARTED|[EXTERNAL]|VF: /apex/editStaticResource.apexp
19:22:13.16 (19871853)|HEAP_ALLOCATE|[EXTERNAL]|Bytes:-4
19:22:13.21 (21118102)|HEAP_ALLOCATE|[EXTERNAL]|Bytes:-4
19:22:13.21 (21371129)|SYSTEM_MODE_ENTER|false
19:22:13.21 (138657513)|HEAP_ALLOCATE|[EXTERNAL]|Bytes:-4
19:22:13.140 (140858953)|CUMULATIVE_LIMIT_USAGE
19:22:13.140 (140858953)|LIMIT_USAGE_FOR_NS|(default)|
  Number of SOQL queries: 0 out of 100
  Number of query rows: 0 out of 50000
  Number of SOSL queries: 0 out of 20
  Number of DML statements: 0 out of 150
  Number of DML rows: 0 out of 10000
  Maximum CPU time: 0 out of 10000
  Maximum heap size: 0 out of 6000000
  Number of callouts: 0 out of 100
  Number of Email Invocations: 0 out of 10
  Number of future calls: 0 out of 50
  Number of queueable jobs added to the queue: 0 out of 50
  Number of Mobile Apex push calls: 0 out of 10

19:22:13.140 (140858953)|CUMULATIVE_LIMIT_USAGE_END

19:22:13.16 (140897392)|CODE_UNIT_FINISHED|VF: /apex/editStaticResource.apexp
19:22:13.16 (141658259)|EXECUTION_FINISHED
