39.0 APEX_CODE,FINEST;APEX_PROFILING,INFO;CALLOUT,INFO;DB,INFO;SYSTEM,DEBUG;VALIDATION,INFO;VISUALFORCE,INFO;WAVE,INFO;WORKFLOW,INFO
21:16:16.0 (54595)|USER_INFO|[EXTERNAL]|0050Y000000d4Kn|shizhaolee@gmail.com|Greenwich Mean Time|GMTZ
21:16:16.0 (81935)|EXECUTION_STARTED
21:16:16.0 (85670)|CODE_UNIT_STARTED|[EXTERNAL]|0660Y000002bH2M|VF: /apex/FYPTest
21:16:16.0 (193713)|VF_DESERIALIZE_VIEWSTATE_BEGIN|0660Y000002bH2M
21:16:16.0 (6217482)|HEAP_ALLOCATE|[72]|Bytes:3
21:16:16.0 (6249033)|HEAP_ALLOCATE|[77]|Bytes:152
21:16:16.0 (6263452)|HEAP_ALLOCATE|[342]|Bytes:408
21:16:16.0 (6280905)|HEAP_ALLOCATE|[355]|Bytes:408
21:16:16.0 (6293813)|HEAP_ALLOCATE|[467]|Bytes:48
21:16:16.0 (6319202)|HEAP_ALLOCATE|[139]|Bytes:6
21:16:16.0 (9144256)|VF_DESERIALIZE_VIEWSTATE_END
21:16:16.0 (10073783)|SYSTEM_MODE_ENTER|true
21:16:16.0 (10115203)|HEAP_ALLOCATE|[EXTERNAL]|Bytes:152
21:16:16.0 (10124662)|HEAP_ALLOCATE|[EXTERNAL]|Bytes:16
21:16:16.0 (10136113)|METHOD_ENTRY|[1]|01p0Y000009c27r|custable.custable()
21:16:16.0 (10140823)|STATEMENT_EXECUTE|[1]
21:16:16.0 (10148754)|STATEMENT_EXECUTE|[1]
21:16:16.0 (10191354)|HEAP_ALLOCATE|[50]|Bytes:5
21:16:16.0 (10223209)|HEAP_ALLOCATE|[56]|Bytes:5
21:16:16.0 (10237827)|HEAP_ALLOCATE|[64]|Bytes:7
21:16:16.0 (10257898)|SYSTEM_MODE_ENTER|false
21:16:16.0 (10271951)|HEAP_ALLOCATE|[EXTERNAL]|Bytes:5
21:16:16.0 (10280733)|SYSTEM_MODE_EXIT|false
21:16:16.0 (10290579)|METHOD_EXIT|[1]|custable
21:16:16.0 (11334320)|SYSTEM_MODE_ENTER|true
21:16:16.0 (12499377)|SYSTEM_MODE_ENTER|true
21:16:16.0 (12530774)|HEAP_ALLOCATE|[EXTERNAL]|Bytes:18
21:16:16.0 (12535870)|HEAP_ALLOCATE|[EXTERNAL]|Bytes:24
21:16:16.0 (12567255)|VARIABLE_ASSIGNMENT|[EXTERNAL]|this.recid|"0010Y00000HIRMbQAP"|0x77221556
21:16:16.0 (12891229)|HEAP_ALLOCATE|[EXTERNAL]|Bytes:24
21:16:16.0 (12903132)|VARIABLE_SCOPE_BEGIN|[29]|this|custable|true|false
21:16:16.0 (12955089)|VARIABLE_ASSIGNMENT|[29]|this|{"Acclst":"0x12498ae8","contacts":"0x5de52e0a","recid":"0010Y00000HIRMbQAP"}|0x77221556
21:16:16.0 (12968342)|SYSTEM_MODE_ENTER|false
21:16:16.0 (12975210)|HEAP_ALLOCATE|[31]|Bytes:5
21:16:16.0 (12979804)|STATEMENT_EXECUTE|[30]
21:16:16.0 (12981676)|STATEMENT_EXECUTE|[31]
21:16:16.0 (12985481)|HEAP_ALLOCATE|[31]|Bytes:70
21:16:16.0 (12993803)|HEAP_ALLOCATE|[31]|Bytes:4
21:16:16.0 (13003583)|HEAP_ALLOCATE|[31]|Bytes:7
21:16:16.0 (13063917)|VARIABLE_ASSIGNMENT|[EXTERNAL]|this|{"Acclst":"0x12498ae8","contacts":"0x5de52e0a","recid":"0010Y00000HIRMbQAP"}|0x77221556
21:16:16.0 (13531869)|SOQL_EXECUTE_BEGIN|[31]|Aggregations:0|SELECT id, FirstName, LastName FROM Contact WHERE AccountId = :tmpVar1
21:16:16.0 (16034058)|SOQL_EXECUTE_END|[31]|Rows:0
21:16:16.0 (16050020)|HEAP_ALLOCATE|[31]|Bytes:4
21:16:16.0 (16057807)|HEAP_ALLOCATE|[31]|Bytes:0
21:16:16.0 (16079390)|HEAP_ALLOCATE|[31]|Bytes:4
21:16:16.0 (16124413)|VARIABLE_ASSIGNMENT|[EXTERNAL]|this|{"Acclst":"0x12498ae8","contacts":"0x5de52e0a","recid":"0010Y00000HIRMbQAP"}|0x77221556
21:16:16.0 (16133855)|VARIABLE_ASSIGNMENT|[EXTERNAL]|value|[]|0x2f56b188
21:16:16.0 (16141746)|VARIABLE_ASSIGNMENT|[9]|this.contacts|[]|0x77221556
21:16:16.0 (16149758)|SYSTEM_MODE_EXIT|false
21:16:16.0 (18448570)|SYSTEM_MODE_ENTER|true
21:16:16.0 (19425100)|SYSTEM_MODE_ENTER|true
21:16:16.0 (20636494)|VF_SERIALIZE_VIEWSTATE_BEGIN|0660Y000002bH2M
21:16:16.0 (30784546)|VF_SERIALIZE_VIEWSTATE_END
21:16:16.0 (46188698)|CODE_UNIT_STARTED|[EXTERNAL]|Generate Metadata
21:16:16.0 (47770050)|CODE_UNIT_FINISHED|Generate Metadata
21:16:16.50 (50006199)|CUMULATIVE_LIMIT_USAGE
21:16:16.50 (50006199)|LIMIT_USAGE_FOR_NS|(default)|
  Number of SOQL queries: 1 out of 100
  Number of query rows: 0 out of 50000
  Number of SOSL queries: 0 out of 20
  Number of DML statements: 0 out of 150
  Number of DML rows: 0 out of 10000
  Maximum CPU time: 0 out of 10000
  Maximum heap size: 0 out of 6000000
  Number of callouts: 0 out of 100
  Number of Email Invocations: 0 out of 10
  Number of future calls: 0 out of 50
  Number of queueable jobs added to the queue: 0 out of 50
  Number of Mobile Apex push calls: 0 out of 10

21:16:16.50 (50006199)|CUMULATIVE_LIMIT_USAGE_END

21:16:16.0 (50039657)|CODE_UNIT_FINISHED|VF: /apex/FYPTest
21:16:16.0 (50830263)|EXECUTION_FINISHED
