39.0 APEX_CODE,FINEST;APEX_PROFILING,INFO;CALLOUT,INFO;DB,INFO;SYSTEM,DEBUG;VALIDATION,INFO;VISUALFORCE,INFO;WAVE,INFO;WORKFLOW,INFO
21:21:50.0 (52354)|USER_INFO|[EXTERNAL]|0050Y000000d4Kn|shizhaolee@gmail.com|Greenwich Mean Time|GMTZ
21:21:50.0 (81113)|EXECUTION_STARTED
21:21:50.0 (85021)|CODE_UNIT_STARTED|[EXTERNAL]|0660Y000002bH2M|VF: /apex/FYPTest
21:21:50.0 (4140806)|SYSTEM_MODE_ENTER|true
21:21:50.0 (4421113)|HEAP_ALLOCATE|[72]|Bytes:3
21:21:50.0 (4449441)|HEAP_ALLOCATE|[77]|Bytes:152
21:21:50.0 (4460437)|HEAP_ALLOCATE|[342]|Bytes:408
21:21:50.0 (4470639)|HEAP_ALLOCATE|[355]|Bytes:408
21:21:50.0 (4479730)|HEAP_ALLOCATE|[467]|Bytes:48
21:21:50.0 (4503714)|HEAP_ALLOCATE|[139]|Bytes:6
21:21:50.0 (4515659)|HEAP_ALLOCATE|[EXTERNAL]|Bytes:152
21:21:50.0 (4519143)|HEAP_ALLOCATE|[EXTERNAL]|Bytes:16
21:21:50.0 (4528325)|METHOD_ENTRY|[1]|01p0Y000009c27r|custable.custable()
21:21:50.0 (4532050)|STATEMENT_EXECUTE|[1]
21:21:50.0 (4536474)|STATEMENT_EXECUTE|[1]
21:21:50.0 (4562097)|HEAP_ALLOCATE|[50]|Bytes:5
21:21:50.0 (4580597)|HEAP_ALLOCATE|[56]|Bytes:5
21:21:50.0 (4586441)|HEAP_ALLOCATE|[64]|Bytes:7
21:21:50.0 (4598571)|SYSTEM_MODE_ENTER|false
21:21:50.0 (4606595)|HEAP_ALLOCATE|[EXTERNAL]|Bytes:5
21:21:50.0 (4610952)|SYSTEM_MODE_EXIT|false
21:21:50.0 (4616948)|METHOD_EXIT|[1]|custable
21:21:50.0 (4621483)|HEAP_ALLOCATE|[EXTERNAL]|Bytes:24
21:21:50.0 (4630293)|VARIABLE_SCOPE_BEGIN|[11]|this|custable|true|false
21:21:50.0 (4678676)|VARIABLE_ASSIGNMENT|[11]|this|{}|0x60f96487
21:21:50.0 (4687410)|SYSTEM_MODE_ENTER|false
21:21:50.0 (4691576)|HEAP_ALLOCATE|[13]|Bytes:5
21:21:50.0 (4694463)|STATEMENT_EXECUTE|[1]
21:21:50.0 (4696941)|HEAP_ALLOCATE|[13]|Bytes:5
21:21:50.0 (4698449)|STATEMENT_EXECUTE|[3]
21:21:50.0 (4700076)|STATEMENT_EXECUTE|[5]
21:21:50.0 (4701262)|STATEMENT_EXECUTE|[6]
21:21:50.0 (4702311)|STATEMENT_EXECUTE|[7]
21:21:50.0 (4703314)|STATEMENT_EXECUTE|[9]
21:21:50.0 (4709491)|HEAP_ALLOCATE|[13]|Bytes:6
21:21:50.0 (4731486)|STATEMENT_EXECUTE|[11]
21:21:50.0 (4733061)|STATEMENT_EXECUTE|[13]
21:21:50.0 (4735995)|HEAP_ALLOCATE|[13]|Bytes:28
21:21:50.0 (4744111)|HEAP_ALLOCATE|[13]|Bytes:4
21:21:50.0 (5061066)|SOQL_EXECUTE_BEGIN|[13]|Aggregations:0|SELECT Id, Name FROM Account
21:21:50.0 (6820315)|SOQL_EXECUTE_END|[13]|Rows:15
21:21:50.0 (6836157)|HEAP_ALLOCATE|[13]|Bytes:64
21:21:50.0 (6865716)|HEAP_ALLOCATE|[13]|Bytes:823
21:21:50.0 (6930503)|HEAP_ALLOCATE|[13]|Bytes:64
21:21:50.0 (6987476)|VARIABLE_ASSIGNMENT|[EXTERNAL]|this|{}|0x60f96487
21:21:50.0 (7004234)|VARIABLE_ASSIGNMENT|[EXTERNAL]|value|"List of size 15 too large to display"|0x755ab428
21:21:50.0 (7015323)|VARIABLE_ASSIGNMENT|[6]|this.Acclst|"List of size 15 too large to display"|0x60f96487
21:21:50.0 (7021612)|STATEMENT_EXECUTE|[14]
21:21:50.0 (7104512)|VARIABLE_ASSIGNMENT|[EXTERNAL]|this|{"Acclst":"0x755ab428"}|0x60f96487
21:21:50.0 (7111191)|VARIABLE_ASSIGNMENT|[EXTERNAL]|value|null|
21:21:50.0 (7117348)|VARIABLE_ASSIGNMENT|[9]|this.contacts|null|0x60f96487
21:21:50.0 (7125111)|SYSTEM_MODE_EXIT|false
21:21:50.0 (7168893)|SYSTEM_MODE_ENTER|true
21:21:50.0 (7908572)|SYSTEM_MODE_ENTER|true
21:21:50.0 (21535460)|VF_SERIALIZE_VIEWSTATE_BEGIN|0660Y000002bH2M
21:21:50.0 (30826156)|VF_SERIALIZE_VIEWSTATE_END
21:21:50.0 (40195028)|CODE_UNIT_STARTED|[EXTERNAL]|Generate Metadata
21:21:50.0 (41624664)|CODE_UNIT_FINISHED|Generate Metadata
21:21:50.43 (43554417)|CUMULATIVE_LIMIT_USAGE
21:21:50.43 (43554417)|LIMIT_USAGE_FOR_NS|(default)|
  Number of SOQL queries: 1 out of 100
  Number of query rows: 15 out of 50000
  Number of SOSL queries: 0 out of 20
  Number of DML statements: 0 out of 150
  Number of DML rows: 0 out of 10000
  Maximum CPU time: 0 out of 10000
  Maximum heap size: 0 out of 6000000
  Number of callouts: 0 out of 100
  Number of Email Invocations: 0 out of 10
  Number of future calls: 0 out of 50
  Number of queueable jobs added to the queue: 0 out of 50
  Number of Mobile Apex push calls: 0 out of 10

21:21:50.43 (43554417)|CUMULATIVE_LIMIT_USAGE_END

21:21:50.0 (43587738)|CODE_UNIT_FINISHED|VF: /apex/FYPTest
21:21:50.0 (44401385)|EXECUTION_FINISHED
