39.0 APEX_CODE,FINEST;APEX_PROFILING,INFO;CALLOUT,INFO;DB,INFO;SYSTEM,DEBUG;VALIDATION,INFO;VISUALFORCE,INFO;WAVE,INFO;WORKFLOW,INFO
21:21:14.0 (57991)|USER_INFO|[EXTERNAL]|0050Y000000d4Kn|shizhaolee@gmail.com|Greenwich Mean Time|GMTZ
21:21:14.0 (85634)|EXECUTION_STARTED
21:21:14.0 (90377)|CODE_UNIT_STARTED|[EXTERNAL]|0660Y000002bH2M|VF: /apex/FYPTest
21:21:14.0 (8256842)|SYSTEM_MODE_ENTER|true
21:21:14.0 (8611489)|HEAP_ALLOCATE|[72]|Bytes:3
21:21:14.0 (8656937)|HEAP_ALLOCATE|[77]|Bytes:152
21:21:14.0 (8672522)|HEAP_ALLOCATE|[342]|Bytes:408
21:21:14.0 (8687451)|HEAP_ALLOCATE|[355]|Bytes:408
21:21:14.0 (8700723)|HEAP_ALLOCATE|[467]|Bytes:48
21:21:14.0 (8732011)|HEAP_ALLOCATE|[139]|Bytes:6
21:21:14.0 (8745582)|HEAP_ALLOCATE|[EXTERNAL]|Bytes:152
21:21:14.0 (8749409)|HEAP_ALLOCATE|[EXTERNAL]|Bytes:16
21:21:14.0 (8756551)|METHOD_ENTRY|[1]|01p0Y000009c27r|custable.custable()
21:21:14.0 (8760758)|STATEMENT_EXECUTE|[1]
21:21:14.0 (8767207)|STATEMENT_EXECUTE|[1]
21:21:14.0 (8801920)|HEAP_ALLOCATE|[50]|Bytes:5
21:21:14.0 (8826432)|HEAP_ALLOCATE|[56]|Bytes:5
21:21:14.0 (8832399)|HEAP_ALLOCATE|[64]|Bytes:7
21:21:14.0 (8846777)|SYSTEM_MODE_ENTER|false
21:21:14.0 (8859533)|HEAP_ALLOCATE|[EXTERNAL]|Bytes:5
21:21:14.0 (8866900)|SYSTEM_MODE_EXIT|false
21:21:14.0 (8872805)|METHOD_EXIT|[1]|custable
21:21:14.0 (8877101)|HEAP_ALLOCATE|[EXTERNAL]|Bytes:24
21:21:14.0 (8883883)|VARIABLE_SCOPE_BEGIN|[11]|this|custable|true|false
21:21:14.0 (8931075)|VARIABLE_ASSIGNMENT|[11]|this|{}|0x206b3a04
21:21:14.0 (8940472)|SYSTEM_MODE_ENTER|false
21:21:14.0 (8944474)|HEAP_ALLOCATE|[13]|Bytes:5
21:21:14.0 (8947146)|STATEMENT_EXECUTE|[1]
21:21:14.0 (8949600)|HEAP_ALLOCATE|[13]|Bytes:5
21:21:14.0 (8951237)|STATEMENT_EXECUTE|[3]
21:21:14.0 (8953355)|STATEMENT_EXECUTE|[5]
21:21:14.0 (8954747)|STATEMENT_EXECUTE|[6]
21:21:14.0 (8956076)|STATEMENT_EXECUTE|[7]
21:21:14.0 (8957317)|STATEMENT_EXECUTE|[9]
21:21:14.0 (8964806)|HEAP_ALLOCATE|[13]|Bytes:6
21:21:14.0 (8982421)|STATEMENT_EXECUTE|[11]
21:21:14.0 (8984312)|STATEMENT_EXECUTE|[13]
21:21:14.0 (8987073)|HEAP_ALLOCATE|[13]|Bytes:28
21:21:14.0 (8997897)|HEAP_ALLOCATE|[13]|Bytes:4
21:21:14.0 (9455018)|SOQL_EXECUTE_BEGIN|[13]|Aggregations:0|SELECT Id, Name FROM Account
21:21:14.0 (12505685)|SOQL_EXECUTE_END|[13]|Rows:16
21:21:14.0 (12523388)|HEAP_ALLOCATE|[13]|Bytes:68
21:21:14.0 (12558118)|HEAP_ALLOCATE|[13]|Bytes:865
21:21:14.0 (12638012)|HEAP_ALLOCATE|[13]|Bytes:68
21:21:14.0 (12691979)|VARIABLE_ASSIGNMENT|[EXTERNAL]|this|{}|0x206b3a04
21:21:14.0 (12709293)|VARIABLE_ASSIGNMENT|[EXTERNAL]|value|"List of size 16 too large to display"|0x28271983
21:21:14.0 (12726088)|VARIABLE_ASSIGNMENT|[6]|this.Acclst|"List of size 16 too large to display"|0x206b3a04
21:21:14.0 (12734770)|STATEMENT_EXECUTE|[14]
21:21:14.0 (12815765)|VARIABLE_ASSIGNMENT|[EXTERNAL]|this|{"Acclst":"0x28271983"}|0x206b3a04
21:21:14.0 (12823131)|VARIABLE_ASSIGNMENT|[EXTERNAL]|value|null|
21:21:14.0 (12829620)|VARIABLE_ASSIGNMENT|[9]|this.contacts|null|0x206b3a04
21:21:14.0 (12838327)|SYSTEM_MODE_EXIT|false
21:21:14.0 (12885686)|SYSTEM_MODE_ENTER|true
21:21:14.0 (13738781)|SYSTEM_MODE_ENTER|true
21:21:14.0 (28634510)|VF_SERIALIZE_VIEWSTATE_BEGIN|0660Y000002bH2M
21:21:14.0 (38581503)|VF_SERIALIZE_VIEWSTATE_END
21:21:14.0 (48965637)|CODE_UNIT_STARTED|[EXTERNAL]|Generate Metadata
21:21:14.0 (50425822)|CODE_UNIT_FINISHED|Generate Metadata
21:21:14.52 (52535318)|CUMULATIVE_LIMIT_USAGE
21:21:14.52 (52535318)|LIMIT_USAGE_FOR_NS|(default)|
  Number of SOQL queries: 1 out of 100
  Number of query rows: 16 out of 50000
  Number of SOSL queries: 0 out of 20
  Number of DML statements: 0 out of 150
  Number of DML rows: 0 out of 10000
  Maximum CPU time: 0 out of 10000
  Maximum heap size: 0 out of 6000000
  Number of callouts: 0 out of 100
  Number of Email Invocations: 0 out of 10
  Number of future calls: 0 out of 50
  Number of queueable jobs added to the queue: 0 out of 50
  Number of Mobile Apex push calls: 0 out of 10

21:21:14.52 (52535318)|CUMULATIVE_LIMIT_USAGE_END

21:21:14.0 (52573662)|CODE_UNIT_FINISHED|VF: /apex/FYPTest
21:21:14.0 (53347208)|EXECUTION_FINISHED
