39.0 APEX_CODE,FINEST;APEX_PROFILING,INFO;CALLOUT,INFO;DB,INFO;SYSTEM,DEBUG;VALIDATION,INFO;VISUALFORCE,INFO;WAVE,INFO;WORKFLOW,INFO
21:16:21.0 (62629)|USER_INFO|[EXTERNAL]|0050Y000000d4Kn|shizhaolee@gmail.com|Greenwich Mean Time|GMTZ
21:16:21.0 (89285)|EXECUTION_STARTED
21:16:21.0 (93943)|CODE_UNIT_STARTED|[EXTERNAL]|0660Y000002bH2M|VF: /apex/FYPTest
21:16:21.0 (227874)|VF_DESERIALIZE_VIEWSTATE_BEGIN|0660Y000002bH2M
21:16:21.0 (5638609)|HEAP_ALLOCATE|[72]|Bytes:3
21:16:21.0 (5685053)|HEAP_ALLOCATE|[77]|Bytes:152
21:16:21.0 (5702572)|HEAP_ALLOCATE|[342]|Bytes:408
21:16:21.0 (5717712)|HEAP_ALLOCATE|[355]|Bytes:408
21:16:21.0 (5731406)|HEAP_ALLOCATE|[467]|Bytes:48
21:16:21.0 (5758927)|HEAP_ALLOCATE|[139]|Bytes:6
21:16:21.0 (7981964)|VF_DESERIALIZE_VIEWSTATE_END
21:16:21.0 (8727664)|SYSTEM_MODE_ENTER|true
21:16:21.0 (8767893)|HEAP_ALLOCATE|[EXTERNAL]|Bytes:152
21:16:21.0 (8778206)|HEAP_ALLOCATE|[EXTERNAL]|Bytes:16
21:16:21.0 (8791063)|METHOD_ENTRY|[1]|01p0Y000009c27r|custable.custable()
21:16:21.0 (8796503)|STATEMENT_EXECUTE|[1]
21:16:21.0 (8805444)|STATEMENT_EXECUTE|[1]
21:16:21.0 (8857601)|HEAP_ALLOCATE|[50]|Bytes:5
21:16:21.0 (8898198)|HEAP_ALLOCATE|[56]|Bytes:5
21:16:21.0 (8910451)|HEAP_ALLOCATE|[64]|Bytes:7
21:16:21.0 (8935867)|SYSTEM_MODE_ENTER|false
21:16:21.0 (8956752)|HEAP_ALLOCATE|[EXTERNAL]|Bytes:5
21:16:21.0 (8966323)|SYSTEM_MODE_EXIT|false
21:16:21.0 (8976196)|METHOD_EXIT|[1]|custable
21:16:21.0 (9892830)|SYSTEM_MODE_ENTER|true
21:16:21.0 (10923149)|SYSTEM_MODE_ENTER|true
21:16:21.0 (10956068)|HEAP_ALLOCATE|[EXTERNAL]|Bytes:18
21:16:21.0 (10960425)|HEAP_ALLOCATE|[EXTERNAL]|Bytes:24
21:16:21.0 (10984964)|VARIABLE_ASSIGNMENT|[EXTERNAL]|this.recid|"0010Y000005IkYDQA0"|0x3a191413
21:16:21.0 (11315841)|HEAP_ALLOCATE|[EXTERNAL]|Bytes:24
21:16:21.0 (11326639)|VARIABLE_SCOPE_BEGIN|[29]|this|custable|true|false
21:16:21.0 (11368335)|VARIABLE_ASSIGNMENT|[29]|this|{"Acclst":"0x7b5e3a91","contacts":"0x4436321f","recid":"0010Y000005IkYDQA0"}|0x3a191413
21:16:21.0 (11383384)|SYSTEM_MODE_ENTER|false
21:16:21.0 (11391088)|HEAP_ALLOCATE|[31]|Bytes:5
21:16:21.0 (11395832)|STATEMENT_EXECUTE|[30]
21:16:21.0 (11397868)|STATEMENT_EXECUTE|[31]
21:16:21.0 (11401140)|HEAP_ALLOCATE|[31]|Bytes:70
21:16:21.0 (11412941)|HEAP_ALLOCATE|[31]|Bytes:4
21:16:21.0 (11427109)|HEAP_ALLOCATE|[31]|Bytes:7
21:16:21.0 (11473028)|VARIABLE_ASSIGNMENT|[EXTERNAL]|this|{"Acclst":"0x7b5e3a91","contacts":"0x4436321f","recid":"0010Y000005IkYDQA0"}|0x3a191413
21:16:21.0 (12002303)|SOQL_EXECUTE_BEGIN|[31]|Aggregations:0|SELECT id, FirstName, LastName FROM Contact WHERE AccountId = :tmpVar1
21:16:21.0 (15103027)|SOQL_EXECUTE_END|[31]|Rows:2
21:16:21.0 (15122313)|HEAP_ALLOCATE|[31]|Bytes:12
21:16:21.0 (15141140)|HEAP_ALLOCATE|[31]|Bytes:126
21:16:21.0 (15184367)|HEAP_ALLOCATE|[31]|Bytes:12
21:16:21.0 (15250884)|VARIABLE_ASSIGNMENT|[EXTERNAL]|this|{"Acclst":"0x7b5e3a91","contacts":"0x4436321f","recid":"0010Y000005IkYDQA0"}|0x3a191413
21:16:21.0 (15274953)|VARIABLE_ASSIGNMENT|[EXTERNAL]|value|[{"Id":"0030Y000002vPBUQA2","FirstName":"Tom","LastName":"Ripley"},{"Id":"0030Y000002vPBVQA2","FirstName":"Liz","LastName":"D'Cruz"}]|0x87b60c6
21:16:21.0 (15291277)|VARIABLE_ASSIGNMENT|[9]|this.contacts|[{"Id":"0030Y000002vPBUQA2","FirstName":"Tom","LastName":"Ripley"},{"Id":"0030Y000002vPBVQA2","FirstName":"Liz","LastName":"D'Cruz"}]|0x3a191413
21:16:21.0 (15305328)|SYSTEM_MODE_EXIT|false
21:16:21.0 (17981119)|SYSTEM_MODE_ENTER|true
21:16:21.0 (19296246)|SYSTEM_MODE_ENTER|true
21:16:21.0 (23609865)|VF_SERIALIZE_VIEWSTATE_BEGIN|0660Y000002bH2M
21:16:21.0 (32774151)|VF_SERIALIZE_VIEWSTATE_END
21:16:21.0 (45060876)|CODE_UNIT_STARTED|[EXTERNAL]|Generate Metadata
21:16:21.0 (46745457)|CODE_UNIT_FINISHED|Generate Metadata
21:16:21.49 (49096948)|CUMULATIVE_LIMIT_USAGE
21:16:21.49 (49096948)|LIMIT_USAGE_FOR_NS|(default)|
  Number of SOQL queries: 1 out of 100
  Number of query rows: 2 out of 50000
  Number of SOSL queries: 0 out of 20
  Number of DML statements: 0 out of 150
  Number of DML rows: 0 out of 10000
  Maximum CPU time: 0 out of 10000
  Maximum heap size: 0 out of 6000000
  Number of callouts: 0 out of 100
  Number of Email Invocations: 0 out of 10
  Number of future calls: 0 out of 50
  Number of queueable jobs added to the queue: 0 out of 50
  Number of Mobile Apex push calls: 0 out of 10

21:16:21.49 (49096948)|CUMULATIVE_LIMIT_USAGE_END

21:16:21.0 (49137034)|CODE_UNIT_FINISHED|VF: /apex/FYPTest
21:16:21.0 (49913736)|EXECUTION_FINISHED
