39.0 APEX_CODE,FINEST;APEX_PROFILING,INFO;CALLOUT,INFO;DB,INFO;SYSTEM,DEBUG;VALIDATION,INFO;VISUALFORCE,INFO;WAVE,INFO;WORKFLOW,INFO
21:13:16.0 (56367)|USER_INFO|[EXTERNAL]|0050Y000000d4Kn|shizhaolee@gmail.com|Greenwich Mean Time|GMTZ
21:13:16.0 (84006)|EXECUTION_STARTED
21:13:16.0 (87928)|CODE_UNIT_STARTED|[EXTERNAL]|0660Y000002bH2M|VF: /apex/FYPTest
21:13:16.0 (206396)|VF_DESERIALIZE_VIEWSTATE_BEGIN|0660Y000002bH2M
21:13:16.0 (4792452)|HEAP_ALLOCATE|[72]|Bytes:3
21:13:16.0 (4836048)|HEAP_ALLOCATE|[77]|Bytes:152
21:13:16.0 (4853918)|HEAP_ALLOCATE|[342]|Bytes:408
21:13:16.0 (4868890)|HEAP_ALLOCATE|[355]|Bytes:408
21:13:16.0 (4882702)|HEAP_ALLOCATE|[467]|Bytes:48
21:13:16.0 (4910196)|HEAP_ALLOCATE|[139]|Bytes:6
21:13:16.0 (6420335)|VF_DESERIALIZE_VIEWSTATE_END
21:13:16.0 (6891746)|SYSTEM_MODE_ENTER|true
21:13:16.0 (6920501)|HEAP_ALLOCATE|[EXTERNAL]|Bytes:152
21:13:16.0 (6926525)|HEAP_ALLOCATE|[EXTERNAL]|Bytes:16
21:13:16.0 (6934154)|METHOD_ENTRY|[1]|01p0Y000009c27r|custable.custable()
21:13:16.0 (6937628)|STATEMENT_EXECUTE|[1]
21:13:16.0 (6942392)|STATEMENT_EXECUTE|[1]
21:13:16.0 (6979503)|HEAP_ALLOCATE|[50]|Bytes:5
21:13:16.0 (7004716)|HEAP_ALLOCATE|[56]|Bytes:5
21:13:16.0 (7012566)|HEAP_ALLOCATE|[64]|Bytes:7
21:13:16.0 (7027980)|SYSTEM_MODE_ENTER|false
21:13:16.0 (7040274)|HEAP_ALLOCATE|[EXTERNAL]|Bytes:5
21:13:16.0 (7047483)|SYSTEM_MODE_EXIT|false
21:13:16.0 (7053282)|METHOD_EXIT|[1]|custable
21:13:16.0 (7846329)|SYSTEM_MODE_ENTER|true
21:13:16.0 (8704950)|SYSTEM_MODE_ENTER|true
21:13:16.0 (8733554)|HEAP_ALLOCATE|[EXTERNAL]|Bytes:18
21:13:16.0 (8737390)|HEAP_ALLOCATE|[EXTERNAL]|Bytes:24
21:13:16.0 (8761562)|VARIABLE_ASSIGNMENT|[EXTERNAL]|this.recid|"0010Y000005IkYEQA0"|0x71670548
21:13:16.0 (9067489)|HEAP_ALLOCATE|[EXTERNAL]|Bytes:24
21:13:16.0 (9077437)|VARIABLE_SCOPE_BEGIN|[29]|this|custable|true|false
21:13:16.0 (9112824)|VARIABLE_ASSIGNMENT|[29]|this|{"Acclst":"0x6d7835a1","recid":"0010Y000005IkYEQA0"}|0x71670548
21:13:16.0 (9125116)|SYSTEM_MODE_ENTER|false
21:13:16.0 (9130359)|HEAP_ALLOCATE|[31]|Bytes:5
21:13:16.0 (9133996)|STATEMENT_EXECUTE|[30]
21:13:16.0 (9135592)|STATEMENT_EXECUTE|[31]
21:13:16.0 (9138665)|HEAP_ALLOCATE|[31]|Bytes:70
21:13:16.0 (9159777)|HEAP_ALLOCATE|[31]|Bytes:4
21:13:16.0 (9171966)|HEAP_ALLOCATE|[31]|Bytes:7
21:13:16.0 (9217622)|VARIABLE_ASSIGNMENT|[EXTERNAL]|this|{"Acclst":"0x6d7835a1","recid":"0010Y000005IkYEQA0"}|0x71670548
21:13:16.0 (9681109)|SOQL_EXECUTE_BEGIN|[31]|Aggregations:0|SELECT id, FirstName, LastName FROM Contact WHERE AccountId = :tmpVar1
21:13:16.0 (16719921)|SOQL_EXECUTE_END|[31]|Rows:1
21:13:16.0 (16736284)|HEAP_ALLOCATE|[31]|Bytes:8
21:13:16.0 (16753558)|HEAP_ALLOCATE|[31]|Bytes:63
21:13:16.0 (16806506)|HEAP_ALLOCATE|[31]|Bytes:8
21:13:16.0 (16852183)|VARIABLE_ASSIGNMENT|[EXTERNAL]|this|{"Acclst":"0x6d7835a1","recid":"0010Y000005IkYEQA0"}|0x71670548
21:13:16.0 (16867433)|VARIABLE_ASSIGNMENT|[EXTERNAL]|value|[{"Id":"0030Y000002vPBWQA2","FirstName":"Edna","LastName":"Frank"}]|0x131a1cac
21:13:16.0 (16878973)|VARIABLE_ASSIGNMENT|[9]|this.contacts|[{"Id":"0030Y000002vPBWQA2","FirstName":"Edna","LastName":"Frank"}]|0x71670548
21:13:16.0 (16888062)|SYSTEM_MODE_EXIT|false
21:13:16.0 (19121573)|SYSTEM_MODE_ENTER|true
21:13:16.0 (20083477)|SYSTEM_MODE_ENTER|true
21:13:16.0 (22564763)|VF_SERIALIZE_VIEWSTATE_BEGIN|0660Y000002bH2M
21:13:16.0 (31430265)|VF_SERIALIZE_VIEWSTATE_END
21:13:16.0 (43038628)|CODE_UNIT_STARTED|[EXTERNAL]|Generate Metadata
21:13:16.0 (44840400)|CODE_UNIT_FINISHED|Generate Metadata
21:13:16.48 (48180168)|CUMULATIVE_LIMIT_USAGE
21:13:16.48 (48180168)|LIMIT_USAGE_FOR_NS|(default)|
  Number of SOQL queries: 1 out of 100
  Number of query rows: 1 out of 50000
  Number of SOSL queries: 0 out of 20
  Number of DML statements: 0 out of 150
  Number of DML rows: 0 out of 10000
  Maximum CPU time: 0 out of 10000
  Maximum heap size: 0 out of 6000000
  Number of callouts: 0 out of 100
  Number of Email Invocations: 0 out of 10
  Number of future calls: 0 out of 50
  Number of queueable jobs added to the queue: 0 out of 50
  Number of Mobile Apex push calls: 0 out of 10

21:13:16.48 (48180168)|CUMULATIVE_LIMIT_USAGE_END

21:13:16.0 (48223611)|CODE_UNIT_FINISHED|VF: /apex/FYPTest
21:13:16.0 (49078051)|EXECUTION_FINISHED
