38.0 APEX_CODE,FINEST;APEX_PROFILING,INFO;CALLOUT,INFO;DB,INFO;SYSTEM,DEBUG;VALIDATION,INFO;VISUALFORCE,INFO;WAVE,INFO;WORKFLOW,INFO
19:22:22.0 (304438)|USER_INFO|[EXTERNAL]|0050Y000000d4Kn|shizhaolee@gmail.com|Greenwich Mean Time|GMTZ
19:22:22.0 (329809)|EXECUTION_STARTED
19:22:22.0 (333194)|CODE_UNIT_STARTED|[EXTERNAL]|0660Y000001V39Z|VF: /apex/DragForce
19:22:22.0 (2992391)|SYSTEM_MODE_ENTER|true
19:22:22.0 (3335413)|HEAP_ALLOCATE|[72]|Bytes:3
19:22:22.0 (3375139)|HEAP_ALLOCATE|[77]|Bytes:152
19:22:22.0 (3391153)|HEAP_ALLOCATE|[342]|Bytes:408
19:22:22.0 (3407984)|HEAP_ALLOCATE|[355]|Bytes:408
19:22:22.0 (3423905)|HEAP_ALLOCATE|[467]|Bytes:48
19:22:22.0 (3450435)|HEAP_ALLOCATE|[139]|Bytes:6
19:22:22.0 (3463363)|HEAP_ALLOCATE|[EXTERNAL]|Bytes:232
19:22:22.0 (3467887)|HEAP_ALLOCATE|[EXTERNAL]|Bytes:33
19:22:22.0 (3470024)|HEAP_ALLOCATE|[EXTERNAL]|Bytes:5
19:22:22.0 (3478105)|METHOD_ENTRY|[1]|01p0Y000009c27r|custable.custable()
19:22:22.0 (3482458)|STATEMENT_EXECUTE|[1]
19:22:22.0 (3487042)|STATEMENT_EXECUTE|[1]
19:22:22.0 (3518557)|HEAP_ALLOCATE|[50]|Bytes:5
19:22:22.0 (3541035)|HEAP_ALLOCATE|[56]|Bytes:5
19:22:22.0 (3546841)|HEAP_ALLOCATE|[64]|Bytes:7
19:22:22.0 (3561368)|SYSTEM_MODE_ENTER|false
19:22:22.0 (3572727)|HEAP_ALLOCATE|[EXTERNAL]|Bytes:5
19:22:22.0 (3579800)|SYSTEM_MODE_EXIT|false
19:22:22.0 (3587887)|METHOD_EXIT|[1]|custable
19:22:22.0 (3671796)|HEAP_ALLOCATE|[EXTERNAL]|Bytes:52
19:22:22.0 (3680084)|VARIABLE_SCOPE_BEGIN|[21]|this|custable|true|false
19:22:22.0 (3763579)|VARIABLE_ASSIGNMENT|[21]|this|{}|0x114f7e1e
19:22:22.0 (3774848)|SYSTEM_MODE_ENTER|false
19:22:22.0 (3779755)|HEAP_ALLOCATE|[23]|Bytes:5
19:22:22.0 (3783211)|STATEMENT_EXECUTE|[1]
19:22:22.0 (3785907)|HEAP_ALLOCATE|[23]|Bytes:5
19:22:22.0 (3787505)|STATEMENT_EXECUTE|[3]
19:22:22.0 (3789151)|STATEMENT_EXECUTE|[4]
19:22:22.0 (3790585)|STATEMENT_EXECUTE|[5]
19:22:22.0 (3791621)|STATEMENT_EXECUTE|[7]
19:22:22.0 (3792571)|STATEMENT_EXECUTE|[9]
19:22:22.0 (3793776)|STATEMENT_EXECUTE|[10]
19:22:22.0 (3795137)|STATEMENT_EXECUTE|[12]
19:22:22.0 (3796117)|STATEMENT_EXECUTE|[13]
19:22:22.0 (3797167)|STATEMENT_EXECUTE|[15]
19:22:22.0 (3798151)|STATEMENT_EXECUTE|[16]
19:22:22.0 (3799234)|STATEMENT_EXECUTE|[18]
19:22:22.0 (3800361)|STATEMENT_EXECUTE|[19]
19:22:22.0 (3808953)|HEAP_ALLOCATE|[23]|Bytes:6
19:22:22.0 (3827314)|STATEMENT_EXECUTE|[21]
19:22:22.0 (3828670)|STATEMENT_EXECUTE|[23]
19:22:22.0 (3831152)|HEAP_ALLOCATE|[23]|Bytes:50
19:22:22.0 (3839871)|HEAP_ALLOCATE|[23]|Bytes:4
19:22:22.0 (3849470)|HEAP_ALLOCATE|[23]|Bytes:7
19:22:22.0 (3902410)|VARIABLE_ASSIGNMENT|[EXTERNAL]|this|{}|0x114f7e1e
19:22:22.0 (4150243)|SOQL_EXECUTE_BEGIN|[23]|Aggregations:0|SELECT Id, Name FROM Account WHERE Type = :tmpVar1
19:22:22.0 (6251572)|SOQL_EXECUTE_END|[23]|Rows:1
19:22:22.0 (6268048)|HEAP_ALLOCATE|[23]|Bytes:8
19:22:22.0 (6281665)|HEAP_ALLOCATE|[23]|Bytes:43
19:22:22.0 (6311325)|HEAP_ALLOCATE|[23]|Bytes:8
19:22:22.0 (6363446)|VARIABLE_ASSIGNMENT|[EXTERNAL]|this|{}|0x114f7e1e
19:22:22.0 (6387430)|VARIABLE_ASSIGNMENT|[EXTERNAL]|value|[{"Id":"0010Y000005IkYFQA0","Name":"sForce"}]|0x6eb34077
19:22:22.0 (6399628)|VARIABLE_ASSIGNMENT|[9]|this.Acclst|[{"Id":"0010Y000005IkYFQA0","Name":"sForce"}]|0x114f7e1e
19:22:22.0 (6406205)|STATEMENT_EXECUTE|[24]
19:22:22.0 (6410191)|HEAP_ALLOCATE|[24]|Bytes:62
19:22:22.0 (6415138)|HEAP_ALLOCATE|[24]|Bytes:4
19:22:22.0 (6568718)|SOQL_EXECUTE_BEGIN|[24]|Aggregations:0|SELECT Id, Company, Status FROM lead WHERE Status LIKE 'Open%'
19:22:22.0 (9562712)|SOQL_EXECUTE_END|[24]|Rows:4
19:22:22.0 (9577020)|HEAP_ALLOCATE|[24]|Bytes:20
19:22:22.0 (9593864)|HEAP_ALLOCATE|[24]|Bytes:348
19:22:22.0 (9615516)|HEAP_ALLOCATE|[24]|Bytes:20
19:22:22.0 (9670953)|VARIABLE_ASSIGNMENT|[EXTERNAL]|this|{"Acclst":"0x6eb34077"}|0x114f7e1e
19:22:22.0 (9693218)|VARIABLE_ASSIGNMENT|[EXTERNAL]|value|[{"Id":"00Q0Y000001a6NfUAI","Company":"company1","Status":"Open - Not Contacted"},{"Id":"00Q0Y0000025YrTUAU","Company":"Abbott Insurance","Status":"Open - Not Contacted"},{"Id":"00Q0Y0000025YrUUAU","Company":"Jackson Controls","Status":"Open - Not Contacted"},{"Id":"00Q0Y0000025YrVUAU","Company":"Metropolitan Health  (8 more) ...","Status":"Open - Not Contacted"}]|0x776d12fb
19:22:22.0 (9713964)|VARIABLE_ASSIGNMENT|[15]|this.leads|[{"Id":"00Q0Y000001a6NfUAI","Company":"company1","Status":"Open - Not Contacted"},{"Id":"00Q0Y0000025YrTUAU","Company":"Abbott Insurance","Status":"Open - Not Contacted"},{"Id":"00Q0Y0000025YrUUAU","Company":"Jackson Controls","Status":"Open - Not Contacted"},{"Id":"00Q0Y0000025YrVUAU","Company":"Metropolitan Health  (8 more) ...","Status":"Open - Not Contacted"}]|0x114f7e1e
19:22:22.0 (9722045)|STATEMENT_EXECUTE|[25]
19:22:22.0 (9726083)|HEAP_ALLOCATE|[25]|Bytes:90
19:22:22.0 (9731134)|HEAP_ALLOCATE|[25]|Bytes:4
19:22:22.0 (9899039)|SOQL_EXECUTE_BEGIN|[25]|Aggregations:0|SELECT Id, name, Description, StageName, CloseDate FROM Opportunity WHERE IsClosed = FALSE
19:22:22.0 (12991251)|SOQL_EXECUTE_END|[25]|Rows:13
19:22:22.0 (13006160)|HEAP_ALLOCATE|[25]|Bytes:56
19:22:22.0 (13027742)|HEAP_ALLOCATE|[25]|Bytes:1486
19:22:22.0 (13050982)|HEAP_ALLOCATE|[25]|Bytes:56
19:22:22.0 (13108210)|VARIABLE_ASSIGNMENT|[EXTERNAL]|this|{"Acclst":"0x6eb34077","leads":"0x776d12fb"}|0x114f7e1e
19:22:22.0 (13118363)|VARIABLE_ASSIGNMENT|[EXTERNAL]|value|"List of size 13 too large to display"|0x2f4505e
19:22:22.0 (13128421)|VARIABLE_ASSIGNMENT|[18]|this.opportunities|"List of size 13 too large to display"|0x114f7e1e
19:22:22.0 (13135103)|STATEMENT_EXECUTE|[27]
19:22:22.0 (13178792)|VARIABLE_ASSIGNMENT|[EXTERNAL]|this|{"Acclst":"0x6eb34077","leads":"0x776d12fb","opportunities":"0x2f4505e"}|0x114f7e1e
19:22:22.0 (13265284)|USER_DEBUG|[27]|DEBUG|(Lead:{Id=00Q0Y000001a6NfUAI, Company=company1, Status=Open - Not Contacted}, Lead:{Id=00Q0Y0000025YrTUAU, Company=Abbott Insurance, Status=Open - Not Contacted}, Lead:{Id=00Q0Y0000025YrUUAU, Company=Jackson Controls, Status=Open - Not Contacted}, Lead:{Id=00Q0Y0000025YrVUAU, Company=Metropolitan Health Services, Status=Open - Not Contacted})
19:22:22.0 (13274296)|STATEMENT_EXECUTE|[28]
19:22:22.0 (13334424)|VARIABLE_ASSIGNMENT|[EXTERNAL]|this|{"Acclst":"0x6eb34077","leads":"0x776d12fb","opportunities":"0x2f4505e"}|0x114f7e1e
19:22:22.0 (13341548)|VARIABLE_ASSIGNMENT|[EXTERNAL]|value|null|
19:22:22.0 (13348837)|VARIABLE_ASSIGNMENT|[12]|this.contacts|null|0x114f7e1e
19:22:22.0 (13357375)|SYSTEM_MODE_EXIT|false
19:22:22.0 (13412666)|SYSTEM_MODE_ENTER|true
19:22:22.0 (13834049)|SYSTEM_MODE_ENTER|true
19:22:22.0 (14181689)|SYSTEM_MODE_ENTER|true
19:22:22.0 (40525578)|VF_SERIALIZE_VIEWSTATE_BEGIN|0660Y000001V39Z
19:22:22.0 (44356307)|VF_SERIALIZE_VIEWSTATE_END
19:22:22.48 (48206615)|CUMULATIVE_LIMIT_USAGE
19:22:22.48 (48206615)|LIMIT_USAGE_FOR_NS|(default)|
  Number of SOQL queries: 3 out of 100
  Number of query rows: 18 out of 50000
  Number of SOSL queries: 0 out of 20
  Number of DML statements: 0 out of 150
  Number of DML rows: 0 out of 10000
  Maximum CPU time: 0 out of 10000
  Maximum heap size: 0 out of 6000000
  Number of callouts: 0 out of 100
  Number of Email Invocations: 0 out of 10
  Number of future calls: 0 out of 50
  Number of queueable jobs added to the queue: 0 out of 50
  Number of Mobile Apex push calls: 0 out of 10

19:22:22.48 (48206615)|CUMULATIVE_LIMIT_USAGE_END

19:22:22.0 (48242104)|CODE_UNIT_FINISHED|VF: /apex/DragForce
19:22:22.0 (49400635)|EXECUTION_FINISHED
