38.0 APEX_CODE,FINEST;APEX_PROFILING,INFO;CALLOUT,INFO;DB,INFO;SYSTEM,DEBUG;VALIDATION,INFO;VISUALFORCE,INFO;WAVE,INFO;WORKFLOW,INFO
21:38:10.0 (81831)|USER_INFO|[EXTERNAL]|0050Y000000d4Kn|shizhaolee@gmail.com|Greenwich Mean Time|GMTZ
21:38:10.0 (116874)|EXECUTION_STARTED
21:38:10.0 (121700)|CODE_UNIT_STARTED|[EXTERNAL]|0660Y000001V39Z|VF: /apex/DragForce
21:38:10.0 (296529)|VF_DESERIALIZE_VIEWSTATE_BEGIN|0660Y000001V39Z
21:38:10.0 (6242626)|HEAP_ALLOCATE|[72]|Bytes:3
21:38:10.0 (6299484)|HEAP_ALLOCATE|[77]|Bytes:152
21:38:10.0 (6319676)|HEAP_ALLOCATE|[342]|Bytes:408
21:38:10.0 (6341255)|HEAP_ALLOCATE|[355]|Bytes:408
21:38:10.0 (6360951)|HEAP_ALLOCATE|[467]|Bytes:48
21:38:10.0 (6393330)|HEAP_ALLOCATE|[139]|Bytes:6
21:38:10.0 (9219071)|VF_DESERIALIZE_VIEWSTATE_END
21:38:10.0 (10274598)|SYSTEM_MODE_ENTER|true
21:38:10.0 (10320827)|HEAP_ALLOCATE|[EXTERNAL]|Bytes:148
21:38:10.0 (10333152)|HEAP_ALLOCATE|[EXTERNAL]|Bytes:28
21:38:10.0 (10336547)|HEAP_ALLOCATE|[EXTERNAL]|Bytes:11
21:38:10.0 (10348680)|METHOD_ENTRY|[1]|01p0Y000009eh3l|dfDefault.dfDefault()
21:38:10.0 (10353672)|STATEMENT_EXECUTE|[1]
21:38:10.0 (10360450)|STATEMENT_EXECUTE|[1]
21:38:10.0 (10403560)|HEAP_ALLOCATE|[50]|Bytes:5
21:38:10.0 (10434704)|HEAP_ALLOCATE|[56]|Bytes:5
21:38:10.0 (10444381)|HEAP_ALLOCATE|[64]|Bytes:7
21:38:10.0 (10471679)|SYSTEM_MODE_ENTER|false
21:38:10.0 (10485387)|HEAP_ALLOCATE|[EXTERNAL]|Bytes:5
21:38:10.0 (10494511)|SYSTEM_MODE_EXIT|false
21:38:10.0 (10501111)|METHOD_EXIT|[1]|dfDefault
21:38:10.0 (11359673)|SYSTEM_MODE_ENTER|true
21:38:10.0 (12448669)|SYSTEM_MODE_ENTER|true
21:38:10.0 (12481873)|HEAP_ALLOCATE|[EXTERNAL]|Bytes:18
21:38:10.0 (12487728)|HEAP_ALLOCATE|[EXTERNAL]|Bytes:24
21:38:10.0 (12519702)|VARIABLE_ASSIGNMENT|[EXTERNAL]|this.recid|"0010Y000005IkYCQA0"|0x76027e86
21:38:10.0 (12950777)|HEAP_ALLOCATE|[EXTERNAL]|Bytes:24
21:38:10.0 (12961511)|VARIABLE_SCOPE_BEGIN|[29]|this|dfDefault|true|false
21:38:10.0 (13006369)|VARIABLE_ASSIGNMENT|[29]|this|{"Acclst":"0x6f2e13db","contacts":"0x26e2b654","recid":"0010Y000005IkYCQA0"}|0x76027e86
21:38:10.0 (13023652)|SYSTEM_MODE_ENTER|false
21:38:10.0 (13032002)|HEAP_ALLOCATE|[31]|Bytes:5
21:38:10.0 (13036590)|STATEMENT_EXECUTE|[30]
21:38:10.0 (13038070)|STATEMENT_EXECUTE|[31]
21:38:10.0 (13042923)|HEAP_ALLOCATE|[31]|Bytes:70
21:38:10.0 (13058495)|HEAP_ALLOCATE|[31]|Bytes:4
21:38:10.0 (13075454)|HEAP_ALLOCATE|[31]|Bytes:7
21:38:10.0 (13135917)|VARIABLE_ASSIGNMENT|[EXTERNAL]|this|{"Acclst":"0x6f2e13db","contacts":"0x26e2b654","recid":"0010Y000005IkYCQA0"}|0x76027e86
21:38:10.0 (13781275)|SOQL_EXECUTE_BEGIN|[31]|Aggregations:0|SELECT id, FirstName, LastName FROM Contact WHERE AccountId = :tmpVar1
21:38:10.0 (17538989)|SOQL_EXECUTE_END|[31]|Rows:1
21:38:10.0 (17572681)|HEAP_ALLOCATE|[31]|Bytes:8
21:38:10.0 (17600938)|HEAP_ALLOCATE|[31]|Bytes:65
21:38:10.0 (17661215)|HEAP_ALLOCATE|[31]|Bytes:8
21:38:10.0 (17749660)|VARIABLE_ASSIGNMENT|[EXTERNAL]|this|{"Acclst":"0x6f2e13db","contacts":"0x26e2b654","recid":"0010Y000005IkYCQA0"}|0x76027e86
21:38:10.0 (17768526)|VARIABLE_ASSIGNMENT|[EXTERNAL]|value|[{"Id":"0030Y000002vPBTQA2","FirstName":"Ashley","LastName":"James"}]|0x7325da2b
21:38:10.0 (17785238)|VARIABLE_ASSIGNMENT|[9]|this.contacts|[{"Id":"0030Y000002vPBTQA2","FirstName":"Ashley","LastName":"James"}]|0x76027e86
21:38:10.0 (17800939)|SYSTEM_MODE_EXIT|false
21:38:10.0 (36827145)|SYSTEM_MODE_ENTER|true
21:38:10.0 (38206389)|SYSTEM_MODE_ENTER|true
21:38:10.0 (41776175)|VF_SERIALIZE_VIEWSTATE_BEGIN|0660Y000001V39Z
21:38:10.0 (44243676)|VF_SERIALIZE_VIEWSTATE_END
21:38:10.47 (47393364)|CUMULATIVE_LIMIT_USAGE
21:38:10.47 (47393364)|LIMIT_USAGE_FOR_NS|(default)|
  Number of SOQL queries: 1 out of 100
  Number of query rows: 1 out of 50000
  Number of SOSL queries: 0 out of 20
  Number of DML statements: 0 out of 150
  Number of DML rows: 0 out of 10000
  Maximum CPU time: 0 out of 10000
  Maximum heap size: 0 out of 6000000
  Number of callouts: 0 out of 100
  Number of Email Invocations: 0 out of 10
  Number of future calls: 0 out of 50
  Number of queueable jobs added to the queue: 0 out of 50
  Number of Mobile Apex push calls: 0 out of 10

21:38:10.47 (47393364)|CUMULATIVE_LIMIT_USAGE_END

21:38:10.0 (47449930)|CODE_UNIT_FINISHED|VF: /apex/DragForce
21:38:10.0 (48289323)|EXECUTION_FINISHED
