38.0 APEX_CODE,FINEST;APEX_PROFILING,INFO;CALLOUT,INFO;DB,INFO;SYSTEM,DEBUG;VALIDATION,INFO;VISUALFORCE,INFO;WAVE,INFO;WORKFLOW,INFO
20:55:57.0 (401661)|USER_INFO|[EXTERNAL]|0050Y000000d4Kn|shizhaolee@gmail.com|Greenwich Mean Time|GMTZ
20:55:57.0 (444333)|EXECUTION_STARTED
20:55:57.0 (453222)|CODE_UNIT_STARTED|[EXTERNAL]|0660Y000001V39Z|VF: /apex/DragForce
20:55:57.0 (3304287)|SYSTEM_MODE_ENTER|true
20:55:57.0 (3599746)|HEAP_ALLOCATE|[72]|Bytes:3
20:55:57.0 (3641216)|HEAP_ALLOCATE|[77]|Bytes:152
20:55:57.0 (3657055)|HEAP_ALLOCATE|[342]|Bytes:408
20:55:57.0 (3670494)|HEAP_ALLOCATE|[355]|Bytes:408
20:55:57.0 (3680087)|HEAP_ALLOCATE|[467]|Bytes:48
20:55:57.0 (3706390)|HEAP_ALLOCATE|[139]|Bytes:6
20:55:57.0 (3785341)|HEAP_ALLOCATE|[EXTERNAL]|Bytes:232
20:55:57.0 (3789209)|HEAP_ALLOCATE|[EXTERNAL]|Bytes:33
20:55:57.0 (3791620)|HEAP_ALLOCATE|[EXTERNAL]|Bytes:5
20:55:57.0 (3798959)|METHOD_ENTRY|[1]|01p0Y000009c27r|custable.custable()
20:55:57.0 (3803259)|STATEMENT_EXECUTE|[1]
20:55:57.0 (3807911)|STATEMENT_EXECUTE|[1]
20:55:57.0 (3841789)|HEAP_ALLOCATE|[50]|Bytes:5
20:55:57.0 (3865910)|HEAP_ALLOCATE|[56]|Bytes:5
20:55:57.0 (3871322)|HEAP_ALLOCATE|[64]|Bytes:7
20:55:57.0 (3884940)|SYSTEM_MODE_ENTER|false
20:55:57.0 (3897952)|HEAP_ALLOCATE|[EXTERNAL]|Bytes:5
20:55:57.0 (3903706)|SYSTEM_MODE_EXIT|false
20:55:57.0 (3911229)|METHOD_EXIT|[1]|custable
20:55:57.0 (3915924)|HEAP_ALLOCATE|[EXTERNAL]|Bytes:52
20:55:57.0 (3927128)|VARIABLE_SCOPE_BEGIN|[21]|this|custable|true|false
20:55:57.0 (3992364)|VARIABLE_ASSIGNMENT|[21]|this|{}|0x1f89aa5
20:55:57.0 (4002188)|SYSTEM_MODE_ENTER|false
20:55:57.0 (4006680)|HEAP_ALLOCATE|[23]|Bytes:5
20:55:57.0 (4009168)|STATEMENT_EXECUTE|[1]
20:55:57.0 (4011303)|HEAP_ALLOCATE|[23]|Bytes:5
20:55:57.0 (4013111)|STATEMENT_EXECUTE|[3]
20:55:57.0 (4015250)|STATEMENT_EXECUTE|[4]
20:55:57.0 (4016710)|STATEMENT_EXECUTE|[5]
20:55:57.0 (4018140)|STATEMENT_EXECUTE|[7]
20:55:57.0 (4019217)|STATEMENT_EXECUTE|[9]
20:55:57.0 (4020252)|STATEMENT_EXECUTE|[10]
20:55:57.0 (4021357)|STATEMENT_EXECUTE|[12]
20:55:57.0 (4022392)|STATEMENT_EXECUTE|[13]
20:55:57.0 (4023741)|STATEMENT_EXECUTE|[15]
20:55:57.0 (4024704)|STATEMENT_EXECUTE|[16]
20:55:57.0 (4025796)|STATEMENT_EXECUTE|[18]
20:55:57.0 (4026821)|STATEMENT_EXECUTE|[19]
20:55:57.0 (4033830)|HEAP_ALLOCATE|[23]|Bytes:6
20:55:57.0 (4050033)|STATEMENT_EXECUTE|[21]
20:55:57.0 (4051288)|STATEMENT_EXECUTE|[23]
20:55:57.0 (4053090)|HEAP_ALLOCATE|[23]|Bytes:50
20:55:57.0 (4062806)|HEAP_ALLOCATE|[23]|Bytes:4
20:55:57.0 (4075495)|HEAP_ALLOCATE|[23]|Bytes:7
20:55:57.0 (4123732)|VARIABLE_ASSIGNMENT|[EXTERNAL]|this|{}|0x1f89aa5
20:55:57.0 (4414570)|SOQL_EXECUTE_BEGIN|[23]|Aggregations:0|SELECT Id, Name FROM Account WHERE Type = :tmpVar1
20:55:57.0 (9138821)|SOQL_EXECUTE_END|[23]|Rows:1
20:55:57.0 (9155873)|HEAP_ALLOCATE|[23]|Bytes:8
20:55:57.0 (9171723)|HEAP_ALLOCATE|[23]|Bytes:43
20:55:57.0 (9267915)|HEAP_ALLOCATE|[23]|Bytes:8
20:55:57.0 (9314140)|VARIABLE_ASSIGNMENT|[EXTERNAL]|this|{}|0x1f89aa5
20:55:57.0 (9335655)|VARIABLE_ASSIGNMENT|[EXTERNAL]|value|[{"Id":"0010Y000005IkYFQA0","Name":"sForce"}]|0x28f1de96
20:55:57.0 (9347638)|VARIABLE_ASSIGNMENT|[9]|this.Acclst|[{"Id":"0010Y000005IkYFQA0","Name":"sForce"}]|0x1f89aa5
20:55:57.0 (9353682)|STATEMENT_EXECUTE|[24]
20:55:57.0 (9357481)|HEAP_ALLOCATE|[24]|Bytes:62
20:55:57.0 (9362571)|HEAP_ALLOCATE|[24]|Bytes:4
20:55:57.0 (9526174)|SOQL_EXECUTE_BEGIN|[24]|Aggregations:0|SELECT Id, Company, Status FROM lead WHERE Status LIKE 'Open%'
20:55:57.0 (14319950)|SOQL_EXECUTE_END|[24]|Rows:4
20:55:57.0 (14338103)|HEAP_ALLOCATE|[24]|Bytes:20
20:55:57.0 (14357866)|HEAP_ALLOCATE|[24]|Bytes:348
20:55:57.0 (14404887)|HEAP_ALLOCATE|[24]|Bytes:20
20:55:57.0 (14457170)|VARIABLE_ASSIGNMENT|[EXTERNAL]|this|{"Acclst":"0x28f1de96"}|0x1f89aa5
20:55:57.0 (14481437)|VARIABLE_ASSIGNMENT|[EXTERNAL]|value|[{"Id":"00Q0Y000001a6NfUAI","Company":"company1","Status":"Open - Not Contacted"},{"Id":"00Q0Y0000025YrTUAU","Company":"Abbott Insurance","Status":"Open - Not Contacted"},{"Id":"00Q0Y0000025YrUUAU","Company":"Jackson Controls","Status":"Open - Not Contacted"},{"Id":"00Q0Y0000025YrVUAU","Company":"Metropolitan Health  (8 more) ...","Status":"Open - Not Contacted"}]|0x7c20132c
20:55:57.0 (14503607)|VARIABLE_ASSIGNMENT|[15]|this.leads|[{"Id":"00Q0Y000001a6NfUAI","Company":"company1","Status":"Open - Not Contacted"},{"Id":"00Q0Y0000025YrTUAU","Company":"Abbott Insurance","Status":"Open - Not Contacted"},{"Id":"00Q0Y0000025YrUUAU","Company":"Jackson Controls","Status":"Open - Not Contacted"},{"Id":"00Q0Y0000025YrVUAU","Company":"Metropolitan Health  (8 more) ...","Status":"Open - Not Contacted"}]|0x1f89aa5
20:55:57.0 (14512671)|STATEMENT_EXECUTE|[25]
20:55:57.0 (14516595)|HEAP_ALLOCATE|[25]|Bytes:90
20:55:57.0 (14522120)|HEAP_ALLOCATE|[25]|Bytes:4
20:55:57.0 (14710743)|SOQL_EXECUTE_BEGIN|[25]|Aggregations:0|SELECT Id, name, Description, StageName, CloseDate FROM Opportunity WHERE IsClosed = FALSE
20:55:57.0 (18698409)|SOQL_EXECUTE_END|[25]|Rows:13
20:55:57.0 (18713743)|HEAP_ALLOCATE|[25]|Bytes:56
20:55:57.0 (18735704)|HEAP_ALLOCATE|[25]|Bytes:1486
20:55:57.0 (18776731)|HEAP_ALLOCATE|[25]|Bytes:56
20:55:57.0 (18830183)|VARIABLE_ASSIGNMENT|[EXTERNAL]|this|{"Acclst":"0x28f1de96","leads":"0x7c20132c"}|0x1f89aa5
20:55:57.0 (18839556)|VARIABLE_ASSIGNMENT|[EXTERNAL]|value|"List of size 13 too large to display"|0x3834af31
20:55:57.0 (18849055)|VARIABLE_ASSIGNMENT|[18]|this.opportunities|"List of size 13 too large to display"|0x1f89aa5
20:55:57.0 (18856064)|STATEMENT_EXECUTE|[27]
20:55:57.0 (18896883)|VARIABLE_ASSIGNMENT|[EXTERNAL]|this|{"Acclst":"0x28f1de96","leads":"0x7c20132c","opportunities":"0x3834af31"}|0x1f89aa5
20:55:57.0 (18972323)|USER_DEBUG|[27]|DEBUG|(Lead:{Id=00Q0Y000001a6NfUAI, Company=company1, Status=Open - Not Contacted}, Lead:{Id=00Q0Y0000025YrTUAU, Company=Abbott Insurance, Status=Open - Not Contacted}, Lead:{Id=00Q0Y0000025YrUUAU, Company=Jackson Controls, Status=Open - Not Contacted}, Lead:{Id=00Q0Y0000025YrVUAU, Company=Metropolitan Health Services, Status=Open - Not Contacted})
20:55:57.0 (18980330)|STATEMENT_EXECUTE|[28]
20:55:57.0 (19023832)|VARIABLE_ASSIGNMENT|[EXTERNAL]|this|{"Acclst":"0x28f1de96","leads":"0x7c20132c","opportunities":"0x3834af31"}|0x1f89aa5
20:55:57.0 (19030385)|VARIABLE_ASSIGNMENT|[EXTERNAL]|value|null|
20:55:57.0 (19036255)|VARIABLE_ASSIGNMENT|[12]|this.contacts|null|0x1f89aa5
20:55:57.0 (19044345)|SYSTEM_MODE_EXIT|false
20:55:57.0 (19103876)|SYSTEM_MODE_ENTER|true
20:55:57.0 (19593933)|SYSTEM_MODE_ENTER|true
20:55:57.0 (19938206)|SYSTEM_MODE_ENTER|true
20:55:57.0 (47863605)|VF_SERIALIZE_VIEWSTATE_BEGIN|0660Y000001V39Z
20:55:57.0 (51760269)|VF_SERIALIZE_VIEWSTATE_END
20:55:57.55 (55462302)|CUMULATIVE_LIMIT_USAGE
20:55:57.55 (55462302)|LIMIT_USAGE_FOR_NS|(default)|
  Number of SOQL queries: 3 out of 100
  Number of query rows: 18 out of 50000
  Number of SOSL queries: 0 out of 20
  Number of DML statements: 0 out of 150
  Number of DML rows: 0 out of 10000
  Maximum CPU time: 0 out of 10000
  Maximum heap size: 0 out of 6000000
  Number of callouts: 0 out of 100
  Number of Email Invocations: 0 out of 10
  Number of future calls: 0 out of 50
  Number of queueable jobs added to the queue: 0 out of 50
  Number of Mobile Apex push calls: 0 out of 10

20:55:57.55 (55462302)|CUMULATIVE_LIMIT_USAGE_END

20:55:57.0 (55497011)|CODE_UNIT_FINISHED|VF: /apex/DragForce
20:55:57.0 (56527193)|EXECUTION_FINISHED
