39.0 APEX_CODE,FINEST;APEX_PROFILING,INFO;CALLOUT,INFO;DB,INFO;SYSTEM,DEBUG;VALIDATION,INFO;VISUALFORCE,INFO;WAVE,INFO;WORKFLOW,INFO
21:13:27.0 (264425)|USER_INFO|[EXTERNAL]|0050Y000000d4Kn|shizhaolee@gmail.com|Greenwich Mean Time|GMTZ
21:13:27.0 (283616)|EXECUTION_STARTED
21:13:27.0 (286649)|CODE_UNIT_STARTED|[EXTERNAL]|0660Y000002bH2M|VF: /apex/FYPTest
21:13:27.0 (837211)|VF_DESERIALIZE_VIEWSTATE_BEGIN|0660Y000002bH2M
21:13:27.0 (14226685)|HEAP_ALLOCATE|[72]|Bytes:3
21:13:27.0 (14255843)|HEAP_ALLOCATE|[77]|Bytes:152
21:13:27.0 (14268869)|HEAP_ALLOCATE|[342]|Bytes:408
21:13:27.0 (14282855)|HEAP_ALLOCATE|[355]|Bytes:408
21:13:27.0 (14295912)|HEAP_ALLOCATE|[467]|Bytes:48
21:13:27.0 (14322052)|HEAP_ALLOCATE|[139]|Bytes:6
21:13:27.0 (15977034)|VF_DESERIALIZE_VIEWSTATE_END
21:13:27.0 (16832660)|SYSTEM_MODE_ENTER|true
21:13:27.0 (16861894)|HEAP_ALLOCATE|[EXTERNAL]|Bytes:152
21:13:27.0 (16868315)|HEAP_ALLOCATE|[EXTERNAL]|Bytes:16
21:13:27.0 (16875982)|METHOD_ENTRY|[1]|01p0Y000009c27r|custable.custable()
21:13:27.0 (16879624)|STATEMENT_EXECUTE|[1]
21:13:27.0 (16883742)|STATEMENT_EXECUTE|[1]
21:13:27.0 (16915306)|HEAP_ALLOCATE|[50]|Bytes:5
21:13:27.0 (16934185)|HEAP_ALLOCATE|[56]|Bytes:5
21:13:27.0 (16940530)|HEAP_ALLOCATE|[64]|Bytes:7
21:13:27.0 (16954771)|SYSTEM_MODE_ENTER|false
21:13:27.0 (16961758)|HEAP_ALLOCATE|[EXTERNAL]|Bytes:5
21:13:27.0 (16966247)|SYSTEM_MODE_EXIT|false
21:13:27.0 (16971504)|METHOD_EXIT|[1]|custable
21:13:27.0 (17748442)|SYSTEM_MODE_ENTER|true
21:13:27.0 (18697112)|SYSTEM_MODE_ENTER|true
21:13:27.0 (18723342)|HEAP_ALLOCATE|[EXTERNAL]|Bytes:18
21:13:27.0 (18731725)|HEAP_ALLOCATE|[EXTERNAL]|Bytes:24
21:13:27.0 (18756732)|VARIABLE_ASSIGNMENT|[EXTERNAL]|this.recid|"0010Y000005IkYCQA0"|0x2377d2b9
21:13:27.0 (19060851)|HEAP_ALLOCATE|[EXTERNAL]|Bytes:24
21:13:27.0 (19070145)|VARIABLE_SCOPE_BEGIN|[29]|this|custable|true|false
21:13:27.0 (19116055)|VARIABLE_ASSIGNMENT|[29]|this|{"Acclst":"0x5295d4a4","contacts":"0x1c5cd217","recid":"0010Y000005IkYCQA0"}|0x2377d2b9
21:13:27.0 (19127037)|SYSTEM_MODE_ENTER|false
21:13:27.0 (19132642)|HEAP_ALLOCATE|[31]|Bytes:5
21:13:27.0 (19135867)|STATEMENT_EXECUTE|[30]
21:13:27.0 (19137399)|STATEMENT_EXECUTE|[31]
21:13:27.0 (19140197)|HEAP_ALLOCATE|[31]|Bytes:70
21:13:27.0 (19148672)|HEAP_ALLOCATE|[31]|Bytes:4
21:13:27.0 (19158581)|HEAP_ALLOCATE|[31]|Bytes:7
21:13:27.0 (19201318)|VARIABLE_ASSIGNMENT|[EXTERNAL]|this|{"Acclst":"0x5295d4a4","contacts":"0x1c5cd217","recid":"0010Y000005IkYCQA0"}|0x2377d2b9
21:13:27.0 (20187926)|SOQL_EXECUTE_BEGIN|[31]|Aggregations:0|SELECT id, FirstName, LastName FROM Contact WHERE AccountId = :tmpVar1
21:13:27.0 (22418036)|SOQL_EXECUTE_END|[31]|Rows:1
21:13:27.0 (22432462)|HEAP_ALLOCATE|[31]|Bytes:8
21:13:27.0 (22444396)|HEAP_ALLOCATE|[31]|Bytes:65
21:13:27.0 (22468106)|HEAP_ALLOCATE|[31]|Bytes:8
21:13:27.0 (22515784)|VARIABLE_ASSIGNMENT|[EXTERNAL]|this|{"Acclst":"0x5295d4a4","contacts":"0x1c5cd217","recid":"0010Y000005IkYCQA0"}|0x2377d2b9
21:13:27.0 (22533093)|VARIABLE_ASSIGNMENT|[EXTERNAL]|value|[{"Id":"0030Y000002vPBTQA2","FirstName":"Ashley","LastName":"James"}]|0x62842308
21:13:27.0 (22543205)|VARIABLE_ASSIGNMENT|[9]|this.contacts|[{"Id":"0030Y000002vPBTQA2","FirstName":"Ashley","LastName":"James"}]|0x2377d2b9
21:13:27.0 (22552076)|SYSTEM_MODE_EXIT|false
21:13:27.0 (24795518)|SYSTEM_MODE_ENTER|true
21:13:27.0 (26205051)|SYSTEM_MODE_ENTER|true
21:13:27.0 (28748025)|VF_SERIALIZE_VIEWSTATE_BEGIN|0660Y000002bH2M
21:13:27.0 (37589815)|VF_SERIALIZE_VIEWSTATE_END
21:13:27.0 (49386662)|CODE_UNIT_STARTED|[EXTERNAL]|Generate Metadata
21:13:27.0 (51243065)|CODE_UNIT_FINISHED|Generate Metadata
21:13:27.53 (53701221)|CUMULATIVE_LIMIT_USAGE
21:13:27.53 (53701221)|LIMIT_USAGE_FOR_NS|(default)|
  Number of SOQL queries: 1 out of 100
  Number of query rows: 1 out of 50000
  Number of SOSL queries: 0 out of 20
  Number of DML statements: 0 out of 150
  Number of DML rows: 0 out of 10000
  Maximum CPU time: 0 out of 10000
  Maximum heap size: 0 out of 6000000
  Number of callouts: 0 out of 100
  Number of Email Invocations: 0 out of 10
  Number of future calls: 0 out of 50
  Number of queueable jobs added to the queue: 0 out of 50
  Number of Mobile Apex push calls: 0 out of 10

21:13:27.53 (53701221)|CUMULATIVE_LIMIT_USAGE_END

21:13:27.0 (53732747)|CODE_UNIT_FINISHED|VF: /apex/FYPTest
21:13:27.0 (54634690)|EXECUTION_FINISHED
