35.0 APEX_CODE,FINEST;APEX_PROFILING,INFO;CALLOUT,INFO;DB,INFO;SYSTEM,DEBUG;VALIDATION,INFO;VISUALFORCE,INFO;WAVE,INFO;WORKFLOW,INFO
22:09:08.0 (302929)|USER_INFO|[EXTERNAL]|0050Y000000d4Kn|shizhaolee@gmail.com|Greenwich Mean Time|GMTZ
22:09:08.0 (329574)|EXECUTION_STARTED
22:09:08.0 (333901)|CODE_UNIT_STARTED|[EXTERNAL]|0660Y000002bKaV|VF: /apex/ya
22:09:08.0 (3577251)|SYSTEM_MODE_ENTER|true
22:09:08.0 (3970372)|HEAP_ALLOCATE|[72]|Bytes:3
22:09:08.0 (4009023)|HEAP_ALLOCATE|[77]|Bytes:152
22:09:08.0 (4026654)|HEAP_ALLOCATE|[342]|Bytes:408
22:09:08.0 (4043013)|HEAP_ALLOCATE|[355]|Bytes:408
22:09:08.0 (4056143)|HEAP_ALLOCATE|[467]|Bytes:48
22:09:08.0 (4087316)|HEAP_ALLOCATE|[139]|Bytes:6
22:09:08.0 (4109513)|HEAP_ALLOCATE|[EXTERNAL]|Bytes:10
22:09:08.0 (4114590)|HEAP_ALLOCATE|[EXTERNAL]|Bytes:10
22:09:08.0 (4123400)|METHOD_ENTRY|[1]|01p0Y000009eh3l|dfDefault.dfDefault()
22:09:08.0 (4127864)|STATEMENT_EXECUTE|[1]
22:09:08.0 (4132696)|STATEMENT_EXECUTE|[1]
22:09:08.0 (4170204)|HEAP_ALLOCATE|[50]|Bytes:5
22:09:08.0 (4198344)|HEAP_ALLOCATE|[56]|Bytes:5
22:09:08.0 (4204186)|HEAP_ALLOCATE|[64]|Bytes:7
22:09:08.0 (4219764)|SYSTEM_MODE_ENTER|false
22:09:08.0 (4234482)|HEAP_ALLOCATE|[EXTERNAL]|Bytes:5
22:09:08.0 (4241830)|SYSTEM_MODE_EXIT|false
22:09:08.0 (4248278)|METHOD_EXIT|[1]|dfDefault
22:09:08.0 (4260047)|HEAP_ALLOCATE|[EXTERNAL]|Bytes:4
22:09:08.0 (4265998)|VARIABLE_SCOPE_BEGIN|[1]|this|dfDefault|true|false
22:09:08.0 (4300557)|VARIABLE_ASSIGNMENT|[1]|this|{}|0x5ae2d24
22:09:08.0 (4306279)|SYSTEM_MODE_ENTER|false
22:09:08.0 (4310205)|HEAP_ALLOCATE|[EXTERNAL]|Bytes:5
22:09:08.0 (4316789)|HEAP_ALLOCATE|[EXTERNAL]|Bytes:6
22:09:08.0 (4333971)|SYSTEM_MODE_EXIT|false
22:09:08.0 (4336679)|STATEMENT_EXECUTE|[1]
22:09:08.0 (4339264)|SYSTEM_MODE_ENTER|false
22:09:08.0 (4341641)|HEAP_ALLOCATE|[EXTERNAL]|Bytes:5
22:09:08.0 (4343831)|SYSTEM_MODE_EXIT|false
22:09:08.5 (5682966)|CUMULATIVE_LIMIT_USAGE
22:09:08.5 (5682966)|LIMIT_USAGE_FOR_NS|(default)|
  Number of SOQL queries: 0 out of 100
  Number of query rows: 0 out of 50000
  Number of SOSL queries: 0 out of 20
  Number of DML statements: 0 out of 150
  Number of DML rows: 0 out of 10000
  Maximum CPU time: 0 out of 10000
  Maximum heap size: 0 out of 6000000
  Number of callouts: 0 out of 100
  Number of Email Invocations: 0 out of 10
  Number of future calls: 0 out of 50
  Number of queueable jobs added to the queue: 0 out of 50
  Number of Mobile Apex push calls: 0 out of 10

22:09:08.5 (5682966)|CUMULATIVE_LIMIT_USAGE_END

22:09:08.0 (5717821)|CODE_UNIT_FINISHED|VF: /apex/ya
22:09:08.0 (6590710)|EXECUTION_FINISHED
