39.0 APEX_CODE,FINEST;APEX_PROFILING,INFO;CALLOUT,INFO;DB,INFO;SYSTEM,DEBUG;VALIDATION,INFO;VISUALFORCE,INFO;WAVE,INFO;WORKFLOW,INFO
21:16:20.0 (63338)|USER_INFO|[EXTERNAL]|0050Y000000d4Kn|shizhaolee@gmail.com|Greenwich Mean Time|GMTZ
21:16:20.0 (89069)|EXECUTION_STARTED
21:16:20.0 (93610)|CODE_UNIT_STARTED|[EXTERNAL]|0660Y000002bH2M|VF: /apex/FYPTest
21:16:20.0 (202433)|VF_DESERIALIZE_VIEWSTATE_BEGIN|0660Y000002bH2M
21:16:20.0 (6077074)|HEAP_ALLOCATE|[72]|Bytes:3
21:16:20.0 (6124007)|HEAP_ALLOCATE|[77]|Bytes:152
21:16:20.0 (6140522)|HEAP_ALLOCATE|[342]|Bytes:408
21:16:20.0 (6154673)|HEAP_ALLOCATE|[355]|Bytes:408
21:16:20.0 (6168264)|HEAP_ALLOCATE|[467]|Bytes:48
21:16:20.0 (6195730)|HEAP_ALLOCATE|[139]|Bytes:6
21:16:20.0 (8046356)|VF_DESERIALIZE_VIEWSTATE_END
21:16:20.0 (9400654)|SYSTEM_MODE_ENTER|true
21:16:20.0 (9450916)|HEAP_ALLOCATE|[EXTERNAL]|Bytes:152
21:16:20.0 (9462447)|HEAP_ALLOCATE|[EXTERNAL]|Bytes:16
21:16:20.0 (9477683)|METHOD_ENTRY|[1]|01p0Y000009c27r|custable.custable()
21:16:20.0 (9482813)|STATEMENT_EXECUTE|[1]
21:16:20.0 (9490691)|STATEMENT_EXECUTE|[1]
21:16:20.0 (9542245)|HEAP_ALLOCATE|[50]|Bytes:5
21:16:20.0 (9576431)|HEAP_ALLOCATE|[56]|Bytes:5
21:16:20.0 (9585117)|HEAP_ALLOCATE|[64]|Bytes:7
21:16:20.0 (9611246)|SYSTEM_MODE_ENTER|false
21:16:20.0 (9627458)|HEAP_ALLOCATE|[EXTERNAL]|Bytes:5
21:16:20.0 (9637290)|SYSTEM_MODE_EXIT|false
21:16:20.0 (9645882)|METHOD_EXIT|[1]|custable
21:16:20.0 (10559125)|SYSTEM_MODE_ENTER|true
21:16:20.0 (11887822)|SYSTEM_MODE_ENTER|true
21:16:20.0 (11925456)|HEAP_ALLOCATE|[EXTERNAL]|Bytes:18
21:16:20.0 (11930082)|HEAP_ALLOCATE|[EXTERNAL]|Bytes:24
21:16:20.0 (11979252)|VARIABLE_ASSIGNMENT|[EXTERNAL]|this.recid|"0010Y000005IkY4QAK"|0x6c49d423
21:16:20.0 (12329195)|HEAP_ALLOCATE|[EXTERNAL]|Bytes:24
21:16:20.0 (12337436)|VARIABLE_SCOPE_BEGIN|[29]|this|custable|true|false
21:16:20.0 (12375036)|VARIABLE_ASSIGNMENT|[29]|this|{"Acclst":"0x58d259fa","contacts":"0x4507f1c","recid":"0010Y000005IkY4QAK"}|0x6c49d423
21:16:20.0 (12388925)|SYSTEM_MODE_ENTER|false
21:16:20.0 (12394134)|HEAP_ALLOCATE|[31]|Bytes:5
21:16:20.0 (12397555)|STATEMENT_EXECUTE|[30]
21:16:20.0 (12399026)|STATEMENT_EXECUTE|[31]
21:16:20.0 (12401488)|HEAP_ALLOCATE|[31]|Bytes:70
21:16:20.0 (12412338)|HEAP_ALLOCATE|[31]|Bytes:4
21:16:20.0 (12424234)|HEAP_ALLOCATE|[31]|Bytes:7
21:16:20.0 (12469003)|VARIABLE_ASSIGNMENT|[EXTERNAL]|this|{"Acclst":"0x58d259fa","contacts":"0x4507f1c","recid":"0010Y000005IkY4QAK"}|0x6c49d423
21:16:20.0 (13003211)|SOQL_EXECUTE_BEGIN|[31]|Aggregations:0|SELECT id, FirstName, LastName FROM Contact WHERE AccountId = :tmpVar1
21:16:20.0 (16051958)|SOQL_EXECUTE_END|[31]|Rows:2
21:16:20.0 (16066192)|HEAP_ALLOCATE|[31]|Bytes:12
21:16:20.0 (16079969)|HEAP_ALLOCATE|[31]|Bytes:130
21:16:20.0 (16111045)|HEAP_ALLOCATE|[31]|Bytes:12
21:16:20.0 (16162227)|VARIABLE_ASSIGNMENT|[EXTERNAL]|this|{"Acclst":"0x58d259fa","contacts":"0x4507f1c","recid":"0010Y000005IkY4QAK"}|0x6c49d423
21:16:20.0 (16182279)|VARIABLE_ASSIGNMENT|[EXTERNAL]|value|[{"Id":"0030Y000002vPBGQA2","FirstName":"Rose","LastName":"Gonzalez"},{"Id":"0030Y000002vPBHQA2","FirstName":"Sean","LastName":"Forbes"}]|0x47f448a4
21:16:20.0 (16202496)|VARIABLE_ASSIGNMENT|[9]|this.contacts|[{"Id":"0030Y000002vPBGQA2","FirstName":"Rose","LastName":"Gonzalez"},{"Id":"0030Y000002vPBHQA2","FirstName":"Sean","LastName":"Forbes"}]|0x6c49d423
21:16:20.0 (16216219)|SYSTEM_MODE_EXIT|false
21:16:20.0 (18597610)|SYSTEM_MODE_ENTER|true
21:16:20.0 (19604694)|SYSTEM_MODE_ENTER|true
21:16:20.0 (22835353)|VF_SERIALIZE_VIEWSTATE_BEGIN|0660Y000002bH2M
21:16:20.0 (31775754)|VF_SERIALIZE_VIEWSTATE_END
21:16:20.0 (45829593)|CODE_UNIT_STARTED|[EXTERNAL]|Generate Metadata
21:16:20.0 (47577971)|CODE_UNIT_FINISHED|Generate Metadata
21:16:20.49 (49761165)|CUMULATIVE_LIMIT_USAGE
21:16:20.49 (49761165)|LIMIT_USAGE_FOR_NS|(default)|
  Number of SOQL queries: 1 out of 100
  Number of query rows: 2 out of 50000
  Number of SOSL queries: 0 out of 20
  Number of DML statements: 0 out of 150
  Number of DML rows: 0 out of 10000
  Maximum CPU time: 0 out of 10000
  Maximum heap size: 0 out of 6000000
  Number of callouts: 0 out of 100
  Number of Email Invocations: 0 out of 10
  Number of future calls: 0 out of 50
  Number of queueable jobs added to the queue: 0 out of 50
  Number of Mobile Apex push calls: 0 out of 10

21:16:20.49 (49761165)|CUMULATIVE_LIMIT_USAGE_END

21:16:20.0 (49800695)|CODE_UNIT_FINISHED|VF: /apex/FYPTest
21:16:20.0 (50571617)|EXECUTION_FINISHED
