38.0 APEX_CODE,FINEST;APEX_PROFILING,INFO;CALLOUT,INFO;DB,INFO;SYSTEM,DEBUG;VALIDATION,INFO;VISUALFORCE,INFO;WAVE,INFO;WORKFLOW,INFO
19:17:57.0 (282910)|USER_INFO|[EXTERNAL]|0050Y000000d4Kn|shizhaolee@gmail.com|Greenwich Mean Time|GMTZ
19:17:57.0 (305400)|EXECUTION_STARTED
19:17:57.0 (309022)|CODE_UNIT_STARTED|[EXTERNAL]|0660Y000001V39Z|VF: /apex/DragForce
19:17:57.0 (2792036)|SYSTEM_MODE_ENTER|true
19:17:57.0 (3174657)|HEAP_ALLOCATE|[72]|Bytes:3
19:17:57.0 (3215440)|HEAP_ALLOCATE|[77]|Bytes:152
19:17:57.0 (3230991)|HEAP_ALLOCATE|[342]|Bytes:408
19:17:57.0 (3245531)|HEAP_ALLOCATE|[355]|Bytes:408
19:17:57.0 (3259507)|HEAP_ALLOCATE|[467]|Bytes:48
19:17:57.0 (3288374)|HEAP_ALLOCATE|[139]|Bytes:6
19:17:57.0 (3302178)|HEAP_ALLOCATE|[EXTERNAL]|Bytes:232
19:17:57.0 (3307132)|HEAP_ALLOCATE|[EXTERNAL]|Bytes:33
19:17:57.0 (3309692)|HEAP_ALLOCATE|[EXTERNAL]|Bytes:5
19:17:57.0 (3318312)|METHOD_ENTRY|[1]|01p0Y000009c27r|custable.custable()
19:17:57.0 (3321465)|STATEMENT_EXECUTE|[1]
19:17:57.0 (3326570)|STATEMENT_EXECUTE|[1]
19:17:57.0 (3356674)|HEAP_ALLOCATE|[50]|Bytes:5
19:17:57.0 (3377664)|HEAP_ALLOCATE|[56]|Bytes:5
19:17:57.0 (3383633)|HEAP_ALLOCATE|[64]|Bytes:7
19:17:57.0 (3396809)|SYSTEM_MODE_ENTER|false
19:17:57.0 (3411241)|HEAP_ALLOCATE|[EXTERNAL]|Bytes:5
19:17:57.0 (3418181)|SYSTEM_MODE_EXIT|false
19:17:57.0 (3424850)|METHOD_EXIT|[1]|custable
19:17:57.0 (3501038)|HEAP_ALLOCATE|[EXTERNAL]|Bytes:52
19:17:57.0 (3509786)|VARIABLE_SCOPE_BEGIN|[21]|this|custable|true|false
19:17:57.0 (3587812)|VARIABLE_ASSIGNMENT|[21]|this|{}|0x4b2f129e
19:17:57.0 (3597422)|SYSTEM_MODE_ENTER|false
19:17:57.0 (3602186)|HEAP_ALLOCATE|[23]|Bytes:5
19:17:57.0 (3604954)|STATEMENT_EXECUTE|[1]
19:17:57.0 (3607204)|HEAP_ALLOCATE|[23]|Bytes:5
19:17:57.0 (3608873)|STATEMENT_EXECUTE|[3]
19:17:57.0 (3611094)|STATEMENT_EXECUTE|[4]
19:17:57.0 (3612287)|STATEMENT_EXECUTE|[5]
19:17:57.0 (3613397)|STATEMENT_EXECUTE|[7]
19:17:57.0 (3614558)|STATEMENT_EXECUTE|[9]
19:17:57.0 (3615602)|STATEMENT_EXECUTE|[10]
19:17:57.0 (3616944)|STATEMENT_EXECUTE|[12]
19:17:57.0 (3618085)|STATEMENT_EXECUTE|[13]
19:17:57.0 (3619133)|STATEMENT_EXECUTE|[15]
19:17:57.0 (3620417)|STATEMENT_EXECUTE|[16]
19:17:57.0 (3621345)|STATEMENT_EXECUTE|[18]
19:17:57.0 (3622274)|STATEMENT_EXECUTE|[19]
19:17:57.0 (3630197)|HEAP_ALLOCATE|[23]|Bytes:6
19:17:57.0 (3648120)|STATEMENT_EXECUTE|[21]
19:17:57.0 (3649545)|STATEMENT_EXECUTE|[23]
19:17:57.0 (3651977)|HEAP_ALLOCATE|[23]|Bytes:50
19:17:57.0 (3661226)|HEAP_ALLOCATE|[23]|Bytes:4
19:17:57.0 (3672533)|HEAP_ALLOCATE|[23]|Bytes:7
19:17:57.0 (3718825)|VARIABLE_ASSIGNMENT|[EXTERNAL]|this|{}|0x4b2f129e
19:17:57.0 (3958074)|SOQL_EXECUTE_BEGIN|[23]|Aggregations:0|SELECT Id, Name FROM Account WHERE Type = :tmpVar1
19:17:57.0 (7584051)|SOQL_EXECUTE_END|[23]|Rows:1
19:17:57.0 (7600288)|HEAP_ALLOCATE|[23]|Bytes:8
19:17:57.0 (7615006)|HEAP_ALLOCATE|[23]|Bytes:43
19:17:57.0 (7646470)|HEAP_ALLOCATE|[23]|Bytes:8
19:17:57.0 (7693605)|VARIABLE_ASSIGNMENT|[EXTERNAL]|this|{}|0x4b2f129e
19:17:57.0 (7714152)|VARIABLE_ASSIGNMENT|[EXTERNAL]|value|[{"Id":"0010Y000005IkYFQA0","Name":"sForce"}]|0x776c0da0
19:17:57.0 (7726226)|VARIABLE_ASSIGNMENT|[9]|this.Acclst|[{"Id":"0010Y000005IkYFQA0","Name":"sForce"}]|0x4b2f129e
19:17:57.0 (7732844)|STATEMENT_EXECUTE|[24]
19:17:57.0 (7736745)|HEAP_ALLOCATE|[24]|Bytes:62
19:17:57.0 (7742306)|HEAP_ALLOCATE|[24]|Bytes:4
19:17:57.0 (7890028)|SOQL_EXECUTE_BEGIN|[24]|Aggregations:0|SELECT Id, Company, Status FROM lead WHERE Status LIKE 'Open%'
19:17:57.0 (10857501)|SOQL_EXECUTE_END|[24]|Rows:4
19:17:57.0 (10870824)|HEAP_ALLOCATE|[24]|Bytes:20
19:17:57.0 (10887787)|HEAP_ALLOCATE|[24]|Bytes:348
19:17:57.0 (10909650)|HEAP_ALLOCATE|[24]|Bytes:20
19:17:57.0 (10957545)|VARIABLE_ASSIGNMENT|[EXTERNAL]|this|{"Acclst":"0x776c0da0"}|0x4b2f129e
19:17:57.0 (10978329)|VARIABLE_ASSIGNMENT|[EXTERNAL]|value|[{"Id":"00Q0Y000001a6NfUAI","Company":"company1","Status":"Open - Not Contacted"},{"Id":"00Q0Y0000025YrTUAU","Company":"Abbott Insurance","Status":"Open - Not Contacted"},{"Id":"00Q0Y0000025YrUUAU","Company":"Jackson Controls","Status":"Open - Not Contacted"},{"Id":"00Q0Y0000025YrVUAU","Company":"Metropolitan Health  (8 more) ...","Status":"Open - Not Contacted"}]|0x1702475f
19:17:57.0 (10996243)|VARIABLE_ASSIGNMENT|[15]|this.leads|[{"Id":"00Q0Y000001a6NfUAI","Company":"company1","Status":"Open - Not Contacted"},{"Id":"00Q0Y0000025YrTUAU","Company":"Abbott Insurance","Status":"Open - Not Contacted"},{"Id":"00Q0Y0000025YrUUAU","Company":"Jackson Controls","Status":"Open - Not Contacted"},{"Id":"00Q0Y0000025YrVUAU","Company":"Metropolitan Health  (8 more) ...","Status":"Open - Not Contacted"}]|0x4b2f129e
19:17:57.0 (11004194)|STATEMENT_EXECUTE|[25]
19:17:57.0 (11008470)|HEAP_ALLOCATE|[25]|Bytes:90
19:17:57.0 (11013939)|HEAP_ALLOCATE|[25]|Bytes:4
19:17:57.0 (11189711)|SOQL_EXECUTE_BEGIN|[25]|Aggregations:0|SELECT Id, name, Description, StageName, CloseDate FROM Opportunity WHERE IsClosed = FALSE
19:17:57.0 (13957092)|SOQL_EXECUTE_END|[25]|Rows:13
19:17:57.0 (13971286)|HEAP_ALLOCATE|[25]|Bytes:56
19:17:57.0 (13992740)|HEAP_ALLOCATE|[25]|Bytes:1486
19:17:57.0 (14014596)|HEAP_ALLOCATE|[25]|Bytes:56
19:17:57.0 (14064420)|VARIABLE_ASSIGNMENT|[EXTERNAL]|this|{"Acclst":"0x776c0da0","leads":"0x1702475f"}|0x4b2f129e
19:17:57.0 (14075311)|VARIABLE_ASSIGNMENT|[EXTERNAL]|value|"List of size 13 too large to display"|0x5ce46309
19:17:57.0 (14084494)|VARIABLE_ASSIGNMENT|[18]|this.opportunities|"List of size 13 too large to display"|0x4b2f129e
19:17:57.0 (14090666)|STATEMENT_EXECUTE|[27]
19:17:57.0 (14129181)|VARIABLE_ASSIGNMENT|[EXTERNAL]|this|{"Acclst":"0x776c0da0","leads":"0x1702475f","opportunities":"0x5ce46309"}|0x4b2f129e
19:17:57.0 (14212909)|USER_DEBUG|[27]|DEBUG|(Lead:{Id=00Q0Y000001a6NfUAI, Company=company1, Status=Open - Not Contacted}, Lead:{Id=00Q0Y0000025YrTUAU, Company=Abbott Insurance, Status=Open - Not Contacted}, Lead:{Id=00Q0Y0000025YrUUAU, Company=Jackson Controls, Status=Open - Not Contacted}, Lead:{Id=00Q0Y0000025YrVUAU, Company=Metropolitan Health Services, Status=Open - Not Contacted})
19:17:57.0 (14220608)|STATEMENT_EXECUTE|[28]
19:17:57.0 (14272765)|VARIABLE_ASSIGNMENT|[EXTERNAL]|this|{"Acclst":"0x776c0da0","leads":"0x1702475f","opportunities":"0x5ce46309"}|0x4b2f129e
19:17:57.0 (14279470)|VARIABLE_ASSIGNMENT|[EXTERNAL]|value|null|
19:17:57.0 (14285659)|VARIABLE_ASSIGNMENT|[12]|this.contacts|null|0x4b2f129e
19:17:57.0 (14293165)|SYSTEM_MODE_EXIT|false
19:17:57.0 (14338378)|SYSTEM_MODE_ENTER|true
19:17:57.0 (14684123)|SYSTEM_MODE_ENTER|true
19:17:57.0 (14982890)|SYSTEM_MODE_ENTER|true
19:17:57.0 (36995385)|VF_SERIALIZE_VIEWSTATE_BEGIN|0660Y000001V39Z
19:17:57.0 (47830185)|VF_SERIALIZE_VIEWSTATE_END
19:17:57.51 (51083889)|CUMULATIVE_LIMIT_USAGE
19:17:57.51 (51083889)|LIMIT_USAGE_FOR_NS|(default)|
  Number of SOQL queries: 3 out of 100
  Number of query rows: 18 out of 50000
  Number of SOSL queries: 0 out of 20
  Number of DML statements: 0 out of 150
  Number of DML rows: 0 out of 10000
  Maximum CPU time: 0 out of 10000
  Maximum heap size: 0 out of 6000000
  Number of callouts: 0 out of 100
  Number of Email Invocations: 0 out of 10
  Number of future calls: 0 out of 50
  Number of queueable jobs added to the queue: 0 out of 50
  Number of Mobile Apex push calls: 0 out of 10

19:17:57.51 (51083889)|CUMULATIVE_LIMIT_USAGE_END

19:17:57.0 (51116676)|CODE_UNIT_FINISHED|VF: /apex/DragForce
19:17:57.0 (51889219)|EXECUTION_FINISHED
