38.0 APEX_CODE,FINEST;APEX_PROFILING,INFO;CALLOUT,INFO;DB,INFO;SYSTEM,DEBUG;VALIDATION,INFO;VISUALFORCE,INFO;WAVE,INFO;WORKFLOW,INFO
23:06:55.0 (61893)|USER_INFO|[EXTERNAL]|0050Y000000d4Kn|shizhaolee@gmail.com|Greenwich Mean Time|GMTZ
23:06:55.0 (86855)|EXECUTION_STARTED
23:06:55.0 (91121)|CODE_UNIT_STARTED|[EXTERNAL]|0660Y000001V39Z|VF: /apex/DragForce
23:06:55.0 (219032)|VF_DESERIALIZE_VIEWSTATE_BEGIN|0660Y000001V39Z
23:06:55.0 (6022479)|HEAP_ALLOCATE|[72]|Bytes:3
23:06:55.0 (6056504)|HEAP_ALLOCATE|[77]|Bytes:152
23:06:55.0 (6070221)|HEAP_ALLOCATE|[342]|Bytes:408
23:06:55.0 (6085329)|HEAP_ALLOCATE|[355]|Bytes:408
23:06:55.0 (6098228)|HEAP_ALLOCATE|[467]|Bytes:48
23:06:55.0 (6127043)|HEAP_ALLOCATE|[139]|Bytes:6
23:06:55.0 (7750986)|VF_DESERIALIZE_VIEWSTATE_END
23:06:55.0 (8576901)|SYSTEM_MODE_ENTER|true
23:06:55.0 (8606315)|HEAP_ALLOCATE|[EXTERNAL]|Bytes:148
23:06:55.0 (8612147)|HEAP_ALLOCATE|[EXTERNAL]|Bytes:16
23:06:55.0 (8619841)|METHOD_ENTRY|[1]|01p0Y000009c27r|custable.custable()
23:06:55.0 (8623033)|STATEMENT_EXECUTE|[1]
23:06:55.0 (8627372)|STATEMENT_EXECUTE|[1]
23:06:55.0 (8660709)|HEAP_ALLOCATE|[50]|Bytes:5
23:06:55.0 (8684131)|HEAP_ALLOCATE|[56]|Bytes:5
23:06:55.0 (8690481)|HEAP_ALLOCATE|[64]|Bytes:7
23:06:55.0 (8704997)|SYSTEM_MODE_ENTER|false
23:06:55.0 (8713597)|HEAP_ALLOCATE|[EXTERNAL]|Bytes:5
23:06:55.0 (8718452)|SYSTEM_MODE_EXIT|false
23:06:55.0 (8724470)|METHOD_EXIT|[1]|custable
23:06:55.0 (9579596)|SYSTEM_MODE_ENTER|true
23:06:55.0 (10454580)|SYSTEM_MODE_ENTER|true
23:06:55.0 (10481684)|HEAP_ALLOCATE|[EXTERNAL]|Bytes:18
23:06:55.0 (10485241)|HEAP_ALLOCATE|[EXTERNAL]|Bytes:24
23:06:55.0 (10522907)|VARIABLE_ASSIGNMENT|[EXTERNAL]|this.recid|"0010Y000005IkYEQA0"|0x19c7d185
23:06:55.0 (10843796)|HEAP_ALLOCATE|[EXTERNAL]|Bytes:24
23:06:55.0 (10853517)|VARIABLE_SCOPE_BEGIN|[29]|this|custable|true|false
23:06:55.0 (10888471)|VARIABLE_ASSIGNMENT|[29]|this|{"Acclst":"0x75f9b4c9","recid":"0010Y000005IkYEQA0"}|0x19c7d185
23:06:55.0 (10898881)|SYSTEM_MODE_ENTER|false
23:06:55.0 (10904148)|HEAP_ALLOCATE|[31]|Bytes:5
23:06:55.0 (10907708)|STATEMENT_EXECUTE|[30]
23:06:55.0 (10909219)|STATEMENT_EXECUTE|[31]
23:06:55.0 (10917395)|HEAP_ALLOCATE|[31]|Bytes:70
23:06:55.0 (10927374)|HEAP_ALLOCATE|[31]|Bytes:4
23:06:55.0 (10937888)|HEAP_ALLOCATE|[31]|Bytes:7
23:06:55.0 (10980956)|VARIABLE_ASSIGNMENT|[EXTERNAL]|this|{"Acclst":"0x75f9b4c9","recid":"0010Y000005IkYEQA0"}|0x19c7d185
23:06:55.0 (11259924)|SOQL_EXECUTE_BEGIN|[31]|Aggregations:0|SELECT id, FirstName, LastName FROM Contact WHERE AccountId = :tmpVar1
23:06:55.0 (13831365)|SOQL_EXECUTE_END|[31]|Rows:1
23:06:55.0 (13846713)|HEAP_ALLOCATE|[31]|Bytes:8
23:06:55.0 (13860823)|HEAP_ALLOCATE|[31]|Bytes:63
23:06:55.0 (13905673)|HEAP_ALLOCATE|[31]|Bytes:8
23:06:55.0 (13952708)|VARIABLE_ASSIGNMENT|[EXTERNAL]|this|{"Acclst":"0x75f9b4c9","recid":"0010Y000005IkYEQA0"}|0x19c7d185
23:06:55.0 (13968764)|VARIABLE_ASSIGNMENT|[EXTERNAL]|value|[{"Id":"0030Y000002vPBWQA2","FirstName":"Edna","LastName":"Frank"}]|0x636813ca
23:06:55.0 (13979432)|VARIABLE_ASSIGNMENT|[9]|this.contacts|[{"Id":"0030Y000002vPBWQA2","FirstName":"Edna","LastName":"Frank"}]|0x19c7d185
23:06:55.0 (13988233)|SYSTEM_MODE_EXIT|false
23:06:55.0 (15349257)|SYSTEM_MODE_ENTER|true
23:06:55.0 (16138867)|SYSTEM_MODE_ENTER|true
23:06:55.0 (18817263)|VF_SERIALIZE_VIEWSTATE_BEGIN|0660Y000001V39Z
23:06:55.0 (20970377)|VF_SERIALIZE_VIEWSTATE_END
23:06:55.23 (23619793)|CUMULATIVE_LIMIT_USAGE
23:06:55.23 (23619793)|LIMIT_USAGE_FOR_NS|(default)|
  Number of SOQL queries: 1 out of 100
  Number of query rows: 1 out of 50000
  Number of SOSL queries: 0 out of 20
  Number of DML statements: 0 out of 150
  Number of DML rows: 0 out of 10000
  Maximum CPU time: 0 out of 10000
  Maximum heap size: 0 out of 6000000
  Number of callouts: 0 out of 100
  Number of Email Invocations: 0 out of 10
  Number of future calls: 0 out of 50
  Number of queueable jobs added to the queue: 0 out of 50
  Number of Mobile Apex push calls: 0 out of 10

23:06:55.23 (23619793)|CUMULATIVE_LIMIT_USAGE_END

23:06:55.0 (23654449)|CODE_UNIT_FINISHED|VF: /apex/DragForce
23:06:55.0 (24471040)|EXECUTION_FINISHED
