39.0 APEX_CODE,FINEST;APEX_PROFILING,INFO;CALLOUT,INFO;DB,INFO;SYSTEM,DEBUG;VALIDATION,INFO;VISUALFORCE,INFO;WAVE,INFO;WORKFLOW,INFO
21:35:33.0 (69348)|USER_INFO|[EXTERNAL]|0050Y000000d4Kn|shizhaolee@gmail.com|Greenwich Mean Time|GMTZ
21:35:33.0 (100609)|EXECUTION_STARTED
21:35:33.0 (106297)|CODE_UNIT_STARTED|[EXTERNAL]|0660Y000002bH2M|VF: /apex/FYPTest
21:35:33.0 (247332)|VF_DESERIALIZE_VIEWSTATE_BEGIN|0660Y000002bH2M
21:35:33.0 (5316000)|HEAP_ALLOCATE|[72]|Bytes:3
21:35:33.0 (5373216)|HEAP_ALLOCATE|[77]|Bytes:152
21:35:33.0 (5400196)|HEAP_ALLOCATE|[342]|Bytes:408
21:35:33.0 (5431679)|HEAP_ALLOCATE|[355]|Bytes:408
21:35:33.0 (5460803)|HEAP_ALLOCATE|[467]|Bytes:48
21:35:33.0 (5500118)|HEAP_ALLOCATE|[139]|Bytes:6
21:35:33.0 (8192007)|VF_DESERIALIZE_VIEWSTATE_END
21:35:33.0 (9061230)|SYSTEM_MODE_ENTER|true
21:35:33.0 (9094909)|HEAP_ALLOCATE|[EXTERNAL]|Bytes:148
21:35:33.0 (9102413)|HEAP_ALLOCATE|[EXTERNAL]|Bytes:28
21:35:33.0 (9105453)|HEAP_ALLOCATE|[EXTERNAL]|Bytes:11
21:35:33.0 (9115508)|METHOD_ENTRY|[1]|01p0Y000009eh3l|dfDefault.dfDefault()
21:35:33.0 (9119785)|STATEMENT_EXECUTE|[1]
21:35:33.0 (9126903)|STATEMENT_EXECUTE|[1]
21:35:33.0 (9162131)|HEAP_ALLOCATE|[50]|Bytes:5
21:35:33.0 (9189462)|HEAP_ALLOCATE|[56]|Bytes:5
21:35:33.0 (9197903)|HEAP_ALLOCATE|[64]|Bytes:7
21:35:33.0 (9217956)|SYSTEM_MODE_ENTER|false
21:35:33.0 (9235718)|HEAP_ALLOCATE|[EXTERNAL]|Bytes:5
21:35:33.0 (9243958)|SYSTEM_MODE_EXIT|false
21:35:33.0 (9250672)|METHOD_EXIT|[1]|dfDefault
21:35:33.0 (10181892)|SYSTEM_MODE_ENTER|true
21:35:33.0 (11379232)|SYSTEM_MODE_ENTER|true
21:35:33.0 (11410915)|HEAP_ALLOCATE|[EXTERNAL]|Bytes:18
21:35:33.0 (11415096)|HEAP_ALLOCATE|[EXTERNAL]|Bytes:24
21:35:33.0 (11450133)|VARIABLE_ASSIGNMENT|[EXTERNAL]|this.recid|"0010Y000005IkY5QAK"|0x9243659
21:35:33.0 (11743718)|HEAP_ALLOCATE|[EXTERNAL]|Bytes:24
21:35:33.0 (11755950)|VARIABLE_SCOPE_BEGIN|[29]|this|dfDefault|true|false
21:35:33.0 (11796176)|VARIABLE_ASSIGNMENT|[29]|this|{"Acclst":"0x153db5bd","contacts":"0x4068d585","recid":"0010Y000005IkY5QAK"}|0x9243659
21:35:33.0 (11810369)|SYSTEM_MODE_ENTER|false
21:35:33.0 (11816148)|HEAP_ALLOCATE|[31]|Bytes:5
21:35:33.0 (11820251)|STATEMENT_EXECUTE|[30]
21:35:33.0 (11821745)|STATEMENT_EXECUTE|[31]
21:35:33.0 (11825387)|HEAP_ALLOCATE|[31]|Bytes:70
21:35:33.0 (11837654)|HEAP_ALLOCATE|[31]|Bytes:4
21:35:33.0 (11852677)|HEAP_ALLOCATE|[31]|Bytes:7
21:35:33.0 (11913387)|VARIABLE_ASSIGNMENT|[EXTERNAL]|this|{"Acclst":"0x153db5bd","contacts":"0x4068d585","recid":"0010Y000005IkY5QAK"}|0x9243659
21:35:33.0 (12403499)|SOQL_EXECUTE_BEGIN|[31]|Aggregations:0|SELECT id, FirstName, LastName FROM Contact WHERE AccountId = :tmpVar1
21:35:33.0 (15123907)|SOQL_EXECUTE_END|[31]|Rows:1
21:35:33.0 (15141444)|HEAP_ALLOCATE|[31]|Bytes:8
21:35:33.0 (15157357)|HEAP_ALLOCATE|[31]|Bytes:64
21:35:33.0 (15189886)|HEAP_ALLOCATE|[31]|Bytes:8
21:35:33.0 (15233235)|VARIABLE_ASSIGNMENT|[EXTERNAL]|this|{"Acclst":"0x153db5bd","contacts":"0x4068d585","recid":"0010Y000005IkY5QAK"}|0x9243659
21:35:33.0 (15248945)|VARIABLE_ASSIGNMENT|[EXTERNAL]|value|[{"Id":"0030Y000002vPBIQA2","FirstName":"Jack","LastName":"Rogers"}]|0x16d3e25a
21:35:33.0 (15261817)|VARIABLE_ASSIGNMENT|[9]|this.contacts|[{"Id":"0030Y000002vPBIQA2","FirstName":"Jack","LastName":"Rogers"}]|0x9243659
21:35:33.0 (15271634)|SYSTEM_MODE_EXIT|false
21:35:33.0 (17527788)|SYSTEM_MODE_ENTER|true
21:35:33.0 (18640998)|SYSTEM_MODE_ENTER|true
21:35:33.0 (21616165)|VF_SERIALIZE_VIEWSTATE_BEGIN|0660Y000002bH2M
21:35:33.0 (30815241)|VF_SERIALIZE_VIEWSTATE_END
21:35:33.0 (42093816)|CODE_UNIT_STARTED|[EXTERNAL]|Generate Metadata
21:35:33.0 (44044623)|CODE_UNIT_FINISHED|Generate Metadata
21:35:33.47 (47204369)|CUMULATIVE_LIMIT_USAGE
21:35:33.47 (47204369)|LIMIT_USAGE_FOR_NS|(default)|
  Number of SOQL queries: 1 out of 100
  Number of query rows: 1 out of 50000
  Number of SOSL queries: 0 out of 20
  Number of DML statements: 0 out of 150
  Number of DML rows: 0 out of 10000
  Maximum CPU time: 0 out of 10000
  Maximum heap size: 0 out of 6000000
  Number of callouts: 0 out of 100
  Number of Email Invocations: 0 out of 10
  Number of future calls: 0 out of 50
  Number of queueable jobs added to the queue: 0 out of 50
  Number of Mobile Apex push calls: 0 out of 10

21:35:33.47 (47204369)|CUMULATIVE_LIMIT_USAGE_END

21:35:33.0 (47241078)|CODE_UNIT_FINISHED|VF: /apex/FYPTest
21:35:33.0 (48047446)|EXECUTION_FINISHED
