39.0 APEX_CODE,FINEST;APEX_PROFILING,INFO;CALLOUT,INFO;DB,INFO;SYSTEM,DEBUG;VALIDATION,INFO;VISUALFORCE,INFO;WAVE,INFO;WORKFLOW,INFO
18:03:59.0 (318929)|USER_INFO|[EXTERNAL]|0050Y000000d4Kn|shizhaolee@gmail.com|Greenwich Mean Time|GMTZ
18:03:59.0 (343269)|EXECUTION_STARTED
18:03:59.0 (347885)|CODE_UNIT_STARTED|[EXTERNAL]|0660Y000002bH2M|VF: /apex/FYPTest
18:03:59.0 (2347010)|SYSTEM_MODE_ENTER|true
18:03:59.0 (2632597)|HEAP_ALLOCATE|[72]|Bytes:3
18:03:59.0 (2674096)|HEAP_ALLOCATE|[77]|Bytes:152
18:03:59.0 (2687170)|HEAP_ALLOCATE|[342]|Bytes:408
18:03:59.0 (2702786)|HEAP_ALLOCATE|[355]|Bytes:408
18:03:59.0 (2715501)|HEAP_ALLOCATE|[467]|Bytes:48
18:03:59.0 (2741386)|HEAP_ALLOCATE|[139]|Bytes:6
18:03:59.0 (2753741)|HEAP_ALLOCATE|[EXTERNAL]|Bytes:216
18:03:59.0 (2757485)|HEAP_ALLOCATE|[EXTERNAL]|Bytes:28
18:03:59.0 (2759733)|HEAP_ALLOCATE|[EXTERNAL]|Bytes:2
18:03:59.0 (2767618)|METHOD_ENTRY|[1]|01p0Y000009c27r|custable.custable()
18:03:59.0 (2771339)|STATEMENT_EXECUTE|[1]
18:03:59.0 (2775720)|STATEMENT_EXECUTE|[1]
18:03:59.0 (2807812)|HEAP_ALLOCATE|[50]|Bytes:5
18:03:59.0 (2828953)|HEAP_ALLOCATE|[56]|Bytes:5
18:03:59.0 (2834212)|HEAP_ALLOCATE|[64]|Bytes:7
18:03:59.0 (2846704)|SYSTEM_MODE_ENTER|false
18:03:59.0 (2859425)|HEAP_ALLOCATE|[EXTERNAL]|Bytes:5
18:03:59.0 (2865308)|SYSTEM_MODE_EXIT|false
18:03:59.0 (2870580)|METHOD_EXIT|[1]|custable
18:03:59.0 (2930413)|HEAP_ALLOCATE|[EXTERNAL]|Bytes:48
18:03:59.0 (2938449)|VARIABLE_SCOPE_BEGIN|[20]|this|custable|true|false
18:03:59.0 (3007152)|VARIABLE_ASSIGNMENT|[20]|this|{}|0xe268ff8
18:03:59.0 (3017844)|SYSTEM_MODE_ENTER|false
18:03:59.0 (3022591)|HEAP_ALLOCATE|[22]|Bytes:5
18:03:59.0 (3025580)|STATEMENT_EXECUTE|[1]
18:03:59.0 (3027795)|HEAP_ALLOCATE|[22]|Bytes:5
18:03:59.0 (3029320)|STATEMENT_EXECUTE|[3]
18:03:59.0 (3030861)|STATEMENT_EXECUTE|[4]
18:03:59.0 (3031786)|STATEMENT_EXECUTE|[6]
18:03:59.0 (3032711)|STATEMENT_EXECUTE|[8]
18:03:59.0 (3033637)|STATEMENT_EXECUTE|[9]
18:03:59.0 (3034744)|STATEMENT_EXECUTE|[11]
18:03:59.0 (3035910)|STATEMENT_EXECUTE|[12]
18:03:59.0 (3036952)|STATEMENT_EXECUTE|[14]
18:03:59.0 (3037990)|STATEMENT_EXECUTE|[15]
18:03:59.0 (3038973)|STATEMENT_EXECUTE|[17]
18:03:59.0 (3039908)|STATEMENT_EXECUTE|[18]
18:03:59.0 (3047521)|HEAP_ALLOCATE|[22]|Bytes:6
18:03:59.0 (3064231)|STATEMENT_EXECUTE|[20]
18:03:59.0 (3065595)|STATEMENT_EXECUTE|[22]
18:03:59.0 (3067700)|HEAP_ALLOCATE|[22]|Bytes:28
18:03:59.0 (3076828)|HEAP_ALLOCATE|[22]|Bytes:4
18:03:59.0 (3236879)|SOQL_EXECUTE_BEGIN|[22]|Aggregations:0|SELECT Id, Name FROM Account
18:03:59.0 (5130898)|SOQL_EXECUTE_END|[22]|Rows:12
18:03:59.0 (5145650)|HEAP_ALLOCATE|[22]|Bytes:52
18:03:59.0 (5174601)|HEAP_ALLOCATE|[22]|Bytes:698
18:03:59.0 (5205806)|HEAP_ALLOCATE|[22]|Bytes:52
18:03:59.0 (5255310)|VARIABLE_ASSIGNMENT|[EXTERNAL]|this|{}|0xe268ff8
18:03:59.0 (5271272)|VARIABLE_ASSIGNMENT|[EXTERNAL]|value|"List of size 12 too large to display"|0x438d8c1e
18:03:59.0 (5281341)|VARIABLE_ASSIGNMENT|[8]|this.Acclst|"List of size 12 too large to display"|0xe268ff8
18:03:59.0 (5289270)|STATEMENT_EXECUTE|[23]
18:03:59.0 (5292524)|HEAP_ALLOCATE|[23]|Bytes:63
18:03:59.0 (5297638)|HEAP_ALLOCATE|[23]|Bytes:4
18:03:59.0 (5302325)|HEAP_ALLOCATE|[23]|Bytes:7
18:03:59.0 (5340944)|VARIABLE_ASSIGNMENT|[EXTERNAL]|this|{"Acclst":"0x438d8c1e"}|0xe268ff8
18:03:59.0 (5496950)|SOQL_EXECUTE_BEGIN|[23]|Aggregations:0|SELECT Id, Company, Status FROM lead WHERE Status LIKE :tmpVar1
18:03:59.0 (6186661)|SOQL_EXECUTE_END|[23]|Rows:0
18:03:59.0 (6200758)|HEAP_ALLOCATE|[23]|Bytes:4
18:03:59.0 (6207653)|HEAP_ALLOCATE|[23]|Bytes:0
18:03:59.0 (6227867)|HEAP_ALLOCATE|[23]|Bytes:4
18:03:59.0 (6275513)|VARIABLE_ASSIGNMENT|[EXTERNAL]|this|{"Acclst":"0x438d8c1e"}|0xe268ff8
18:03:59.0 (6283812)|VARIABLE_ASSIGNMENT|[EXTERNAL]|value|[]|0x12085306
18:03:59.0 (6291329)|VARIABLE_ASSIGNMENT|[14]|this.leads|[]|0xe268ff8
18:03:59.0 (6297407)|STATEMENT_EXECUTE|[24]
18:03:59.0 (6333390)|VARIABLE_ASSIGNMENT|[EXTERNAL]|this|{"Acclst":"0x438d8c1e","leads":"0x12085306"}|0xe268ff8
18:03:59.0 (6366162)|USER_DEBUG|[24]|DEBUG|()
18:03:59.0 (6371599)|STATEMENT_EXECUTE|[25]
18:03:59.0 (6419741)|VARIABLE_ASSIGNMENT|[EXTERNAL]|this|{"Acclst":"0x438d8c1e","leads":"0x12085306"}|0xe268ff8
18:03:59.0 (6426080)|VARIABLE_ASSIGNMENT|[EXTERNAL]|value|null|
18:03:59.0 (6432630)|VARIABLE_ASSIGNMENT|[11]|this.contacts|null|0xe268ff8
18:03:59.0 (6440027)|SYSTEM_MODE_EXIT|false
18:03:59.0 (6488241)|SYSTEM_MODE_ENTER|true
18:03:59.0 (7155169)|SYSTEM_MODE_ENTER|true
18:03:59.0 (7310883)|SYSTEM_MODE_ENTER|true
18:03:59.0 (19530106)|VF_SERIALIZE_VIEWSTATE_BEGIN|0660Y000002bH2M
18:03:59.0 (28770970)|VF_SERIALIZE_VIEWSTATE_END
18:03:59.0 (37092864)|CODE_UNIT_STARTED|[EXTERNAL]|Generate Metadata
18:03:59.0 (38307478)|CODE_UNIT_FINISHED|Generate Metadata
18:03:59.40 (40687642)|CUMULATIVE_LIMIT_USAGE
18:03:59.40 (40687642)|LIMIT_USAGE_FOR_NS|(default)|
  Number of SOQL queries: 2 out of 100
  Number of query rows: 12 out of 50000
  Number of SOSL queries: 0 out of 20
  Number of DML statements: 0 out of 150
  Number of DML rows: 0 out of 10000
  Maximum CPU time: 0 out of 10000
  Maximum heap size: 0 out of 6000000
  Number of callouts: 0 out of 100
  Number of Email Invocations: 0 out of 10
  Number of future calls: 0 out of 50
  Number of queueable jobs added to the queue: 0 out of 50
  Number of Mobile Apex push calls: 0 out of 10

18:03:59.40 (40687642)|CUMULATIVE_LIMIT_USAGE_END

18:03:59.0 (40720785)|CODE_UNIT_FINISHED|VF: /apex/FYPTest
18:03:59.0 (41542510)|EXECUTION_FINISHED
