39.0 APEX_CODE,FINEST;APEX_PROFILING,INFO;CALLOUT,INFO;DB,INFO;SYSTEM,DEBUG;VALIDATION,INFO;VISUALFORCE,INFO;WAVE,INFO;WORKFLOW,INFO
21:35:35.0 (60079)|USER_INFO|[EXTERNAL]|0050Y000000d4Kn|shizhaolee@gmail.com|Greenwich Mean Time|GMTZ
21:35:35.0 (92568)|EXECUTION_STARTED
21:35:35.0 (98376)|CODE_UNIT_STARTED|[EXTERNAL]|0660Y000002bH2M|VF: /apex/FYPTest
21:35:35.0 (237890)|VF_DESERIALIZE_VIEWSTATE_BEGIN|0660Y000002bH2M
21:35:35.0 (4199655)|HEAP_ALLOCATE|[72]|Bytes:3
21:35:35.0 (4244590)|HEAP_ALLOCATE|[77]|Bytes:152
21:35:35.0 (4261752)|HEAP_ALLOCATE|[342]|Bytes:408
21:35:35.0 (4287860)|HEAP_ALLOCATE|[355]|Bytes:408
21:35:35.0 (4312516)|HEAP_ALLOCATE|[467]|Bytes:48
21:35:35.0 (4348633)|HEAP_ALLOCATE|[139]|Bytes:6
21:35:35.0 (7365898)|VF_DESERIALIZE_VIEWSTATE_END
21:35:35.0 (7935399)|SYSTEM_MODE_ENTER|true
21:35:35.0 (7983727)|HEAP_ALLOCATE|[EXTERNAL]|Bytes:148
21:35:35.0 (7992907)|HEAP_ALLOCATE|[EXTERNAL]|Bytes:28
21:35:35.0 (7999290)|HEAP_ALLOCATE|[EXTERNAL]|Bytes:11
21:35:35.0 (8007628)|METHOD_ENTRY|[1]|01p0Y000009eh3l|dfDefault.dfDefault()
21:35:35.0 (8011727)|STATEMENT_EXECUTE|[1]
21:35:35.0 (8017418)|STATEMENT_EXECUTE|[1]
21:35:35.0 (8052550)|HEAP_ALLOCATE|[50]|Bytes:5
21:35:35.0 (8089811)|HEAP_ALLOCATE|[56]|Bytes:5
21:35:35.0 (8100191)|HEAP_ALLOCATE|[64]|Bytes:7
21:35:35.0 (8121709)|SYSTEM_MODE_ENTER|false
21:35:35.0 (8132880)|HEAP_ALLOCATE|[EXTERNAL]|Bytes:5
21:35:35.0 (8139731)|SYSTEM_MODE_EXIT|false
21:35:35.0 (8145291)|METHOD_EXIT|[1]|dfDefault
21:35:35.0 (9027876)|SYSTEM_MODE_ENTER|true
21:35:35.0 (10189283)|SYSTEM_MODE_ENTER|true
21:35:35.0 (10226697)|HEAP_ALLOCATE|[EXTERNAL]|Bytes:18
21:35:35.0 (10230924)|HEAP_ALLOCATE|[EXTERNAL]|Bytes:24
21:35:35.0 (10256567)|VARIABLE_ASSIGNMENT|[EXTERNAL]|this.recid|"0010Y000005IkY5QAK"|0x7fcd1883
21:35:35.0 (10570299)|HEAP_ALLOCATE|[EXTERNAL]|Bytes:24
21:35:35.0 (10578105)|VARIABLE_SCOPE_BEGIN|[29]|this|dfDefault|true|false
21:35:35.0 (10634502)|VARIABLE_ASSIGNMENT|[29]|this|{"Acclst":"0x5670bdcb","contacts":"0x260ba2cf","recid":"0010Y000005IkY5QAK"}|0x7fcd1883
21:35:35.0 (10653562)|SYSTEM_MODE_ENTER|false
21:35:35.0 (10659527)|HEAP_ALLOCATE|[31]|Bytes:5
21:35:35.0 (10663162)|STATEMENT_EXECUTE|[30]
21:35:35.0 (10664526)|STATEMENT_EXECUTE|[31]
21:35:35.0 (10667474)|HEAP_ALLOCATE|[31]|Bytes:70
21:35:35.0 (10677100)|HEAP_ALLOCATE|[31]|Bytes:4
21:35:35.0 (10688984)|HEAP_ALLOCATE|[31]|Bytes:7
21:35:35.0 (10741211)|VARIABLE_ASSIGNMENT|[EXTERNAL]|this|{"Acclst":"0x5670bdcb","contacts":"0x260ba2cf","recid":"0010Y000005IkY5QAK"}|0x7fcd1883
21:35:35.0 (11231305)|SOQL_EXECUTE_BEGIN|[31]|Aggregations:0|SELECT id, FirstName, LastName FROM Contact WHERE AccountId = :tmpVar1
21:35:35.0 (13818610)|SOQL_EXECUTE_END|[31]|Rows:1
21:35:35.0 (13837372)|HEAP_ALLOCATE|[31]|Bytes:8
21:35:35.0 (13857144)|HEAP_ALLOCATE|[31]|Bytes:64
21:35:35.0 (13887491)|HEAP_ALLOCATE|[31]|Bytes:8
21:35:35.0 (13944040)|VARIABLE_ASSIGNMENT|[EXTERNAL]|this|{"Acclst":"0x5670bdcb","contacts":"0x260ba2cf","recid":"0010Y000005IkY5QAK"}|0x7fcd1883
21:35:35.0 (13969869)|VARIABLE_ASSIGNMENT|[EXTERNAL]|value|[{"Id":"0030Y000002vPBIQA2","FirstName":"Jack","LastName":"Rogers"}]|0x2df3685e
21:35:35.0 (13983105)|VARIABLE_ASSIGNMENT|[9]|this.contacts|[{"Id":"0030Y000002vPBIQA2","FirstName":"Jack","LastName":"Rogers"}]|0x7fcd1883
21:35:35.0 (13992353)|SYSTEM_MODE_EXIT|false
21:35:35.0 (16758768)|SYSTEM_MODE_ENTER|true
21:35:35.0 (17851400)|SYSTEM_MODE_ENTER|true
21:35:35.0 (20551261)|VF_SERIALIZE_VIEWSTATE_BEGIN|0660Y000002bH2M
21:35:35.0 (29986802)|VF_SERIALIZE_VIEWSTATE_END
21:35:35.0 (41846488)|CODE_UNIT_STARTED|[EXTERNAL]|Generate Metadata
21:35:35.0 (44295093)|CODE_UNIT_FINISHED|Generate Metadata
21:35:35.47 (47494191)|CUMULATIVE_LIMIT_USAGE
21:35:35.47 (47494191)|LIMIT_USAGE_FOR_NS|(default)|
  Number of SOQL queries: 1 out of 100
  Number of query rows: 1 out of 50000
  Number of SOSL queries: 0 out of 20
  Number of DML statements: 0 out of 150
  Number of DML rows: 0 out of 10000
  Maximum CPU time: 0 out of 10000
  Maximum heap size: 0 out of 6000000
  Number of callouts: 0 out of 100
  Number of Email Invocations: 0 out of 10
  Number of future calls: 0 out of 50
  Number of queueable jobs added to the queue: 0 out of 50
  Number of Mobile Apex push calls: 0 out of 10

21:35:35.47 (47494191)|CUMULATIVE_LIMIT_USAGE_END

21:35:35.0 (47541096)|CODE_UNIT_FINISHED|VF: /apex/FYPTest
21:35:35.0 (48363525)|EXECUTION_FINISHED
