38.0 APEX_CODE,FINEST;APEX_PROFILING,INFO;CALLOUT,INFO;DB,INFO;SYSTEM,DEBUG;VALIDATION,INFO;VISUALFORCE,INFO;WAVE,INFO;WORKFLOW,INFO
17:44:11.0 (291403)|USER_INFO|[EXTERNAL]|0050Y000000d4Kn|shizhaolee@gmail.com|Greenwich Mean Time|GMTZ
17:44:11.0 (311186)|EXECUTION_STARTED
17:44:11.0 (314931)|CODE_UNIT_STARTED|[EXTERNAL]|0660Y000001V39Z|VF: /apex/DragForce
17:44:11.0 (2806203)|SYSTEM_MODE_ENTER|true
17:44:11.0 (3105880)|HEAP_ALLOCATE|[72]|Bytes:3
17:44:11.0 (3143758)|HEAP_ALLOCATE|[77]|Bytes:152
17:44:11.0 (3158139)|HEAP_ALLOCATE|[342]|Bytes:408
17:44:11.0 (3172730)|HEAP_ALLOCATE|[355]|Bytes:408
17:44:11.0 (3185339)|HEAP_ALLOCATE|[467]|Bytes:48
17:44:11.0 (3211701)|HEAP_ALLOCATE|[139]|Bytes:6
17:44:11.0 (3225077)|HEAP_ALLOCATE|[EXTERNAL]|Bytes:216
17:44:11.0 (3229464)|HEAP_ALLOCATE|[EXTERNAL]|Bytes:28
17:44:11.0 (3236245)|METHOD_ENTRY|[1]|01p0Y000009c27r|custable.custable()
17:44:11.0 (3239077)|STATEMENT_EXECUTE|[1]
17:44:11.0 (3243548)|STATEMENT_EXECUTE|[1]
17:44:11.0 (3273022)|HEAP_ALLOCATE|[50]|Bytes:5
17:44:11.0 (3292156)|HEAP_ALLOCATE|[56]|Bytes:5
17:44:11.0 (3297326)|HEAP_ALLOCATE|[64]|Bytes:7
17:44:11.0 (3309893)|SYSTEM_MODE_ENTER|false
17:44:11.0 (3322470)|HEAP_ALLOCATE|[EXTERNAL]|Bytes:5
17:44:11.0 (3329011)|SYSTEM_MODE_EXIT|false
17:44:11.0 (3334058)|METHOD_EXIT|[1]|custable
17:44:11.0 (3402187)|HEAP_ALLOCATE|[EXTERNAL]|Bytes:48
17:44:11.0 (3409166)|VARIABLE_SCOPE_BEGIN|[20]|this|custable|true|false
17:44:11.0 (3481695)|VARIABLE_ASSIGNMENT|[20]|this|{}|0x45f9f08c
17:44:11.0 (3490525)|SYSTEM_MODE_ENTER|false
17:44:11.0 (3494889)|HEAP_ALLOCATE|[22]|Bytes:5
17:44:11.0 (3497529)|STATEMENT_EXECUTE|[1]
17:44:11.0 (3499765)|HEAP_ALLOCATE|[22]|Bytes:5
17:44:11.0 (3501624)|STATEMENT_EXECUTE|[3]
17:44:11.0 (3503739)|STATEMENT_EXECUTE|[4]
17:44:11.0 (3504785)|STATEMENT_EXECUTE|[6]
17:44:11.0 (3505690)|STATEMENT_EXECUTE|[8]
17:44:11.0 (3506717)|STATEMENT_EXECUTE|[9]
17:44:11.0 (3507769)|STATEMENT_EXECUTE|[11]
17:44:11.0 (3508953)|STATEMENT_EXECUTE|[12]
17:44:11.0 (3509887)|STATEMENT_EXECUTE|[14]
17:44:11.0 (3510906)|STATEMENT_EXECUTE|[15]
17:44:11.0 (3511904)|STATEMENT_EXECUTE|[17]
17:44:11.0 (3512957)|STATEMENT_EXECUTE|[18]
17:44:11.0 (3521375)|HEAP_ALLOCATE|[22]|Bytes:6
17:44:11.0 (3538468)|STATEMENT_EXECUTE|[20]
17:44:11.0 (3539767)|STATEMENT_EXECUTE|[22]
17:44:11.0 (3542064)|HEAP_ALLOCATE|[22]|Bytes:28
17:44:11.0 (3551264)|HEAP_ALLOCATE|[22]|Bytes:4
17:44:11.0 (3707776)|SOQL_EXECUTE_BEGIN|[22]|Aggregations:0|SELECT Id, Name FROM Account
17:44:11.0 (8249869)|SOQL_EXECUTE_END|[22]|Rows:12
17:44:11.0 (8263079)|HEAP_ALLOCATE|[22]|Bytes:52
17:44:11.0 (8291453)|HEAP_ALLOCATE|[22]|Bytes:698
17:44:11.0 (8321766)|HEAP_ALLOCATE|[22]|Bytes:52
17:44:11.0 (8372132)|VARIABLE_ASSIGNMENT|[EXTERNAL]|this|{}|0x45f9f08c
17:44:11.0 (8388666)|VARIABLE_ASSIGNMENT|[EXTERNAL]|value|"List of size 12 too large to display"|0x6913fdd7
17:44:11.0 (8399547)|VARIABLE_ASSIGNMENT|[8]|this.Acclst|"List of size 12 too large to display"|0x45f9f08c
17:44:11.0 (8405909)|STATEMENT_EXECUTE|[23]
17:44:11.0 (8409773)|HEAP_ALLOCATE|[23]|Bytes:63
17:44:11.0 (8414457)|HEAP_ALLOCATE|[23]|Bytes:4
17:44:11.0 (8419438)|HEAP_ALLOCATE|[23]|Bytes:7
17:44:11.0 (8460705)|VARIABLE_ASSIGNMENT|[EXTERNAL]|this|{"Acclst":"0x6913fdd7"}|0x45f9f08c
17:44:11.0 (8616814)|SOQL_EXECUTE_BEGIN|[23]|Aggregations:0|SELECT Id, Company, Status FROM lead WHERE Status LIKE :tmpVar1
17:44:11.0 (10388463)|SOQL_EXECUTE_END|[23]|Rows:0
17:44:11.0 (10402626)|HEAP_ALLOCATE|[23]|Bytes:4
17:44:11.0 (10408992)|HEAP_ALLOCATE|[23]|Bytes:0
17:44:11.0 (10428168)|HEAP_ALLOCATE|[23]|Bytes:4
17:44:11.0 (10477545)|VARIABLE_ASSIGNMENT|[EXTERNAL]|this|{"Acclst":"0x6913fdd7"}|0x45f9f08c
17:44:11.0 (10486574)|VARIABLE_ASSIGNMENT|[EXTERNAL]|value|[]|0x70a4c98c
17:44:11.0 (10494119)|VARIABLE_ASSIGNMENT|[14]|this.leads|[]|0x45f9f08c
17:44:11.0 (10519767)|VARIABLE_ASSIGNMENT|[EXTERNAL]|this|{"Acclst":"0x6913fdd7","leads":"0x70a4c98c"}|0x45f9f08c
17:44:11.0 (10524379)|VARIABLE_ASSIGNMENT|[EXTERNAL]|value|[]|0x70a4c98c
17:44:11.0 (10528583)|VARIABLE_ASSIGNMENT|[14]|this.leads|[]|0x45f9f08c
17:44:11.0 (10532199)|STATEMENT_EXECUTE|[24]
17:44:11.0 (10580683)|VARIABLE_ASSIGNMENT|[EXTERNAL]|this|{"Acclst":"0x6913fdd7","leads":"0x70a4c98c"}|0x45f9f08c
17:44:11.0 (10586010)|VARIABLE_ASSIGNMENT|[EXTERNAL]|value|null|
17:44:11.0 (10591275)|VARIABLE_ASSIGNMENT|[11]|this.contacts|null|0x45f9f08c
17:44:11.0 (10598220)|SYSTEM_MODE_EXIT|false
17:44:11.0 (10640992)|SYSTEM_MODE_ENTER|true
17:44:11.0 (11299002)|SYSTEM_MODE_ENTER|true
17:44:11.0 (27077903)|VF_SERIALIZE_VIEWSTATE_BEGIN|0660Y000001V39Z
17:44:11.0 (30234262)|VF_SERIALIZE_VIEWSTATE_END
17:44:11.33 (33029054)|CUMULATIVE_LIMIT_USAGE
17:44:11.33 (33029054)|LIMIT_USAGE_FOR_NS|(default)|
  Number of SOQL queries: 2 out of 100
  Number of query rows: 12 out of 50000
  Number of SOSL queries: 0 out of 20
  Number of DML statements: 0 out of 150
  Number of DML rows: 0 out of 10000
  Maximum CPU time: 0 out of 10000
  Maximum heap size: 0 out of 6000000
  Number of callouts: 0 out of 100
  Number of Email Invocations: 0 out of 10
  Number of future calls: 0 out of 50
  Number of queueable jobs added to the queue: 0 out of 50
  Number of Mobile Apex push calls: 0 out of 10

17:44:11.33 (33029054)|CUMULATIVE_LIMIT_USAGE_END

17:44:11.0 (33057589)|CODE_UNIT_FINISHED|VF: /apex/DragForce
17:44:11.0 (33839178)|EXECUTION_FINISHED
