38.0 APEX_CODE,FINEST;APEX_PROFILING,INFO;CALLOUT,INFO;DB,INFO;SYSTEM,DEBUG;VALIDATION,INFO;VISUALFORCE,INFO;WAVE,INFO;WORKFLOW,INFO
22:37:26.0 (258758)|USER_INFO|[EXTERNAL]|0050Y000000d4Kn|shizhaolee@gmail.com|Greenwich Mean Time|GMTZ
22:37:26.0 (282133)|EXECUTION_STARTED
22:37:26.0 (285203)|CODE_UNIT_STARTED|[EXTERNAL]|0660Y000001V39Z|VF: /apex/DragForce
22:37:26.0 (855192)|VF_DESERIALIZE_VIEWSTATE_BEGIN|0660Y000001V39Z
22:37:26.0 (7539417)|HEAP_ALLOCATE|[72]|Bytes:3
22:37:26.0 (7569910)|HEAP_ALLOCATE|[77]|Bytes:152
22:37:26.0 (7582938)|HEAP_ALLOCATE|[342]|Bytes:408
22:37:26.0 (7596935)|HEAP_ALLOCATE|[355]|Bytes:408
22:37:26.0 (7610181)|HEAP_ALLOCATE|[467]|Bytes:48
22:37:26.0 (7634356)|HEAP_ALLOCATE|[139]|Bytes:6
22:37:26.0 (9154386)|VF_DESERIALIZE_VIEWSTATE_END
22:37:26.0 (9964749)|SYSTEM_MODE_ENTER|true
22:37:26.0 (9996458)|HEAP_ALLOCATE|[EXTERNAL]|Bytes:148
22:37:26.0 (10002765)|HEAP_ALLOCATE|[EXTERNAL]|Bytes:16
22:37:26.0 (10012523)|METHOD_ENTRY|[1]|01p0Y000009c27r|custable.custable()
22:37:26.0 (10015933)|STATEMENT_EXECUTE|[1]
22:37:26.0 (10020128)|STATEMENT_EXECUTE|[1]
22:37:26.0 (10055394)|HEAP_ALLOCATE|[50]|Bytes:5
22:37:26.0 (10076573)|HEAP_ALLOCATE|[56]|Bytes:5
22:37:26.0 (10082814)|HEAP_ALLOCATE|[64]|Bytes:7
22:37:26.0 (10098151)|SYSTEM_MODE_ENTER|false
22:37:26.0 (10105386)|HEAP_ALLOCATE|[EXTERNAL]|Bytes:5
22:37:26.0 (10110332)|SYSTEM_MODE_EXIT|false
22:37:26.0 (10115493)|METHOD_EXIT|[1]|custable
22:37:26.0 (10801607)|SYSTEM_MODE_ENTER|true
22:37:26.0 (11572320)|SYSTEM_MODE_ENTER|true
22:37:26.0 (11598361)|HEAP_ALLOCATE|[EXTERNAL]|Bytes:18
22:37:26.0 (11606043)|HEAP_ALLOCATE|[EXTERNAL]|Bytes:24
22:37:26.0 (11630809)|VARIABLE_ASSIGNMENT|[EXTERNAL]|this.recid|"0010Y000005IkY6QAK"|0x6352b835
22:37:26.0 (11939456)|HEAP_ALLOCATE|[EXTERNAL]|Bytes:24
22:37:26.0 (11948322)|VARIABLE_SCOPE_BEGIN|[29]|this|custable|true|false
22:37:26.0 (11993480)|VARIABLE_ASSIGNMENT|[29]|this|{"Acclst":"0x23f076d0","recid":"0010Y000005IkY6QAK"}|0x6352b835
22:37:26.0 (12005388)|SYSTEM_MODE_ENTER|false
22:37:26.0 (12011777)|HEAP_ALLOCATE|[31]|Bytes:5
22:37:26.0 (12015052)|STATEMENT_EXECUTE|[30]
22:37:26.0 (12016370)|STATEMENT_EXECUTE|[31]
22:37:26.0 (12018877)|HEAP_ALLOCATE|[31]|Bytes:70
22:37:26.0 (12026193)|HEAP_ALLOCATE|[31]|Bytes:4
22:37:26.0 (12034878)|HEAP_ALLOCATE|[31]|Bytes:7
22:37:26.0 (12082732)|VARIABLE_ASSIGNMENT|[EXTERNAL]|this|{"Acclst":"0x23f076d0","recid":"0010Y000005IkY6QAK"}|0x6352b835
22:37:26.0 (12488912)|SOQL_EXECUTE_BEGIN|[31]|Aggregations:0|SELECT id, FirstName, LastName FROM Contact WHERE AccountId = :tmpVar1
22:37:26.0 (15127982)|SOQL_EXECUTE_END|[31]|Rows:1
22:37:26.0 (15145457)|HEAP_ALLOCATE|[31]|Bytes:8
22:37:26.0 (15159318)|HEAP_ALLOCATE|[31]|Bytes:66
22:37:26.0 (15187864)|HEAP_ALLOCATE|[31]|Bytes:8
22:37:26.0 (15238582)|VARIABLE_ASSIGNMENT|[EXTERNAL]|this|{"Acclst":"0x23f076d0","recid":"0010Y000005IkY6QAK"}|0x6352b835
22:37:26.0 (15256185)|VARIABLE_ASSIGNMENT|[EXTERNAL]|value|[{"Id":"0030Y000002vPBJQA2","FirstName":"Pat","LastName":"Stumuller"}]|0x59390ad1
22:37:26.0 (15268175)|VARIABLE_ASSIGNMENT|[9]|this.contacts|[{"Id":"0030Y000002vPBJQA2","FirstName":"Pat","LastName":"Stumuller"}]|0x6352b835
22:37:26.0 (15277652)|SYSTEM_MODE_EXIT|false
22:37:26.0 (33034918)|SYSTEM_MODE_ENTER|true
22:37:26.0 (34066150)|SYSTEM_MODE_ENTER|true
22:37:26.0 (36776738)|VF_SERIALIZE_VIEWSTATE_BEGIN|0660Y000001V39Z
22:37:26.0 (38958589)|VF_SERIALIZE_VIEWSTATE_END
22:37:26.41 (41540305)|CUMULATIVE_LIMIT_USAGE
22:37:26.41 (41540305)|LIMIT_USAGE_FOR_NS|(default)|
  Number of SOQL queries: 1 out of 100
  Number of query rows: 1 out of 50000
  Number of SOSL queries: 0 out of 20
  Number of DML statements: 0 out of 150
  Number of DML rows: 0 out of 10000
  Maximum CPU time: 0 out of 10000
  Maximum heap size: 0 out of 6000000
  Number of callouts: 0 out of 100
  Number of Email Invocations: 0 out of 10
  Number of future calls: 0 out of 50
  Number of queueable jobs added to the queue: 0 out of 50
  Number of Mobile Apex push calls: 0 out of 10

22:37:26.41 (41540305)|CUMULATIVE_LIMIT_USAGE_END

22:37:26.0 (41574023)|CODE_UNIT_FINISHED|VF: /apex/DragForce
22:37:26.0 (42373694)|EXECUTION_FINISHED
