39.0 APEX_CODE,FINEST;APEX_PROFILING,INFO;CALLOUT,INFO;DB,INFO;SYSTEM,DEBUG;VALIDATION,INFO;VISUALFORCE,INFO;WAVE,INFO;WORKFLOW,INFO
21:35:27.0 (279566)|USER_INFO|[EXTERNAL]|0050Y000000d4Kn|shizhaolee@gmail.com|Greenwich Mean Time|GMTZ
21:35:27.0 (301920)|EXECUTION_STARTED
21:35:27.0 (306446)|CODE_UNIT_STARTED|[EXTERNAL]|0660Y000002bH2M|VF: /apex/FYPTest
21:35:27.0 (403721)|VF_DESERIALIZE_VIEWSTATE_BEGIN|0660Y000002bH2M
21:35:27.0 (7781056)|HEAP_ALLOCATE|[72]|Bytes:3
21:35:27.0 (7835923)|HEAP_ALLOCATE|[77]|Bytes:152
21:35:27.0 (7858230)|HEAP_ALLOCATE|[342]|Bytes:408
21:35:27.0 (7883850)|HEAP_ALLOCATE|[355]|Bytes:408
21:35:27.0 (7910494)|HEAP_ALLOCATE|[467]|Bytes:48
21:35:27.0 (7956014)|HEAP_ALLOCATE|[139]|Bytes:6
21:35:27.0 (9509447)|VF_DESERIALIZE_VIEWSTATE_END
21:35:27.0 (10336139)|SYSTEM_MODE_ENTER|true
21:35:27.0 (10364362)|HEAP_ALLOCATE|[EXTERNAL]|Bytes:148
21:35:27.0 (10370946)|HEAP_ALLOCATE|[EXTERNAL]|Bytes:28
21:35:27.0 (10373542)|HEAP_ALLOCATE|[EXTERNAL]|Bytes:11
21:35:27.0 (10381349)|METHOD_ENTRY|[1]|01p0Y000009eh3l|dfDefault.dfDefault()
21:35:27.0 (10385575)|STATEMENT_EXECUTE|[1]
21:35:27.0 (10389842)|STATEMENT_EXECUTE|[1]
21:35:27.0 (10429325)|HEAP_ALLOCATE|[50]|Bytes:5
21:35:27.0 (10452600)|HEAP_ALLOCATE|[56]|Bytes:5
21:35:27.0 (10459149)|HEAP_ALLOCATE|[64]|Bytes:7
21:35:27.0 (10475797)|SYSTEM_MODE_ENTER|false
21:35:27.0 (10487210)|HEAP_ALLOCATE|[EXTERNAL]|Bytes:5
21:35:27.0 (10493901)|SYSTEM_MODE_EXIT|false
21:35:27.0 (10499793)|METHOD_EXIT|[1]|dfDefault
21:35:27.0 (11527044)|SYSTEM_MODE_ENTER|true
21:35:27.0 (12453843)|SYSTEM_MODE_ENTER|true
21:35:27.0 (12480473)|HEAP_ALLOCATE|[EXTERNAL]|Bytes:18
21:35:27.0 (12488693)|HEAP_ALLOCATE|[EXTERNAL]|Bytes:24
21:35:27.0 (12526986)|VARIABLE_ASSIGNMENT|[EXTERNAL]|this.recid|"0010Y000005IkYEQA0"|0x46558cda
21:35:27.0 (12798445)|HEAP_ALLOCATE|[EXTERNAL]|Bytes:24
21:35:27.0 (12806839)|VARIABLE_SCOPE_BEGIN|[29]|this|dfDefault|true|false
21:35:27.0 (12977035)|VARIABLE_ASSIGNMENT|[29]|this|{"Acclst":"0x6fd8dea3","recid":"0010Y000005IkYEQA0"}|0x46558cda
21:35:27.0 (12990616)|SYSTEM_MODE_ENTER|false
21:35:27.0 (12996552)|HEAP_ALLOCATE|[31]|Bytes:5
21:35:27.0 (13000279)|STATEMENT_EXECUTE|[30]
21:35:27.0 (13002513)|STATEMENT_EXECUTE|[31]
21:35:27.0 (13005748)|HEAP_ALLOCATE|[31]|Bytes:70
21:35:27.0 (13015189)|HEAP_ALLOCATE|[31]|Bytes:4
21:35:27.0 (13025947)|HEAP_ALLOCATE|[31]|Bytes:7
21:35:27.0 (13068626)|VARIABLE_ASSIGNMENT|[EXTERNAL]|this|{"Acclst":"0x6fd8dea3","recid":"0010Y000005IkYEQA0"}|0x46558cda
21:35:27.0 (13474807)|SOQL_EXECUTE_BEGIN|[31]|Aggregations:0|SELECT id, FirstName, LastName FROM Contact WHERE AccountId = :tmpVar1
21:35:27.0 (18665497)|SOQL_EXECUTE_END|[31]|Rows:1
21:35:27.0 (18685508)|HEAP_ALLOCATE|[31]|Bytes:8
21:35:27.0 (18701245)|HEAP_ALLOCATE|[31]|Bytes:63
21:35:27.0 (18732770)|HEAP_ALLOCATE|[31]|Bytes:8
21:35:27.0 (18782912)|VARIABLE_ASSIGNMENT|[EXTERNAL]|this|{"Acclst":"0x6fd8dea3","recid":"0010Y000005IkYEQA0"}|0x46558cda
21:35:27.0 (18798807)|VARIABLE_ASSIGNMENT|[EXTERNAL]|value|[{"Id":"0030Y000002vPBWQA2","FirstName":"Edna","LastName":"Frank"}]|0xfb43494
21:35:27.0 (18809720)|VARIABLE_ASSIGNMENT|[9]|this.contacts|[{"Id":"0030Y000002vPBWQA2","FirstName":"Edna","LastName":"Frank"}]|0x46558cda
21:35:27.0 (18818609)|SYSTEM_MODE_EXIT|false
21:35:27.0 (20981689)|SYSTEM_MODE_ENTER|true
21:35:27.0 (21995636)|SYSTEM_MODE_ENTER|true
21:35:27.0 (24721893)|VF_SERIALIZE_VIEWSTATE_BEGIN|0660Y000002bH2M
21:35:27.0 (33432411)|VF_SERIALIZE_VIEWSTATE_END
21:35:27.0 (46921105)|CODE_UNIT_STARTED|[EXTERNAL]|Generate Metadata
21:35:27.0 (49028768)|CODE_UNIT_FINISHED|Generate Metadata
21:35:27.51 (51634985)|CUMULATIVE_LIMIT_USAGE
21:35:27.51 (51634985)|LIMIT_USAGE_FOR_NS|(default)|
  Number of SOQL queries: 1 out of 100
  Number of query rows: 1 out of 50000
  Number of SOSL queries: 0 out of 20
  Number of DML statements: 0 out of 150
  Number of DML rows: 0 out of 10000
  Maximum CPU time: 0 out of 10000
  Maximum heap size: 0 out of 6000000
  Number of callouts: 0 out of 100
  Number of Email Invocations: 0 out of 10
  Number of future calls: 0 out of 50
  Number of queueable jobs added to the queue: 0 out of 50
  Number of Mobile Apex push calls: 0 out of 10

21:35:27.51 (51634985)|CUMULATIVE_LIMIT_USAGE_END

21:35:27.0 (51671313)|CODE_UNIT_FINISHED|VF: /apex/FYPTest
21:35:27.0 (52432198)|EXECUTION_FINISHED
