39.0 APEX_CODE,FINEST;APEX_PROFILING,INFO;CALLOUT,INFO;DB,INFO;SYSTEM,DEBUG;VALIDATION,INFO;VISUALFORCE,INFO;WAVE,INFO;WORKFLOW,INFO
21:35:00.0 (466154)|USER_INFO|[EXTERNAL]|0050Y000000d4Kn|shizhaolee@gmail.com|Greenwich Mean Time|GMTZ
21:35:00.0 (500754)|EXECUTION_STARTED
21:35:00.0 (505466)|CODE_UNIT_STARTED|[EXTERNAL]|0660Y000002bH2M|VF: /apex/FYPTest
21:35:00.0 (3717897)|SYSTEM_MODE_ENTER|true
21:35:00.0 (4370362)|HEAP_ALLOCATE|[72]|Bytes:3
21:35:00.0 (4420137)|HEAP_ALLOCATE|[77]|Bytes:152
21:35:00.0 (4446299)|HEAP_ALLOCATE|[342]|Bytes:408
21:35:00.0 (4483466)|HEAP_ALLOCATE|[355]|Bytes:408
21:35:00.0 (4513381)|HEAP_ALLOCATE|[467]|Bytes:48
21:35:00.0 (4559748)|HEAP_ALLOCATE|[139]|Bytes:6
21:35:00.0 (4598520)|HEAP_ALLOCATE|[EXTERNAL]|Bytes:148
21:35:00.0 (4607824)|HEAP_ALLOCATE|[EXTERNAL]|Bytes:28
21:35:00.0 (4612145)|HEAP_ALLOCATE|[EXTERNAL]|Bytes:11
21:35:00.0 (4673146)|METHOD_ENTRY|[1]|01p0Y000009eh3l|dfDefault.dfDefault()
21:35:00.0 (4679457)|STATEMENT_EXECUTE|[1]
21:35:00.0 (4686358)|STATEMENT_EXECUTE|[1]
21:35:00.0 (4730615)|HEAP_ALLOCATE|[50]|Bytes:5
21:35:00.0 (4758044)|HEAP_ALLOCATE|[56]|Bytes:5
21:35:00.0 (4767274)|HEAP_ALLOCATE|[64]|Bytes:7
21:35:00.0 (4787168)|SYSTEM_MODE_ENTER|false
21:35:00.0 (4800648)|HEAP_ALLOCATE|[EXTERNAL]|Bytes:5
21:35:00.0 (4807743)|SYSTEM_MODE_EXIT|false
21:35:00.0 (4833891)|METHOD_EXIT|[1]|dfDefault
21:35:00.0 (4868959)|HEAP_ALLOCATE|[EXTERNAL]|Bytes:24
21:35:00.0 (4882085)|VARIABLE_SCOPE_BEGIN|[11]|this|dfDefault|true|false
21:35:00.0 (4977230)|VARIABLE_ASSIGNMENT|[11]|this|{}|0x32b05fd6
21:35:00.0 (4990545)|SYSTEM_MODE_ENTER|false
21:35:00.0 (4996240)|HEAP_ALLOCATE|[13]|Bytes:5
21:35:00.0 (4999766)|STATEMENT_EXECUTE|[1]
21:35:00.0 (5002560)|HEAP_ALLOCATE|[13]|Bytes:5
21:35:00.0 (5005396)|STATEMENT_EXECUTE|[3]
21:35:00.0 (5007368)|STATEMENT_EXECUTE|[5]
21:35:00.0 (5008305)|STATEMENT_EXECUTE|[6]
21:35:00.0 (5009419)|STATEMENT_EXECUTE|[7]
21:35:00.0 (5010366)|STATEMENT_EXECUTE|[9]
21:35:00.0 (5022654)|HEAP_ALLOCATE|[13]|Bytes:6
21:35:00.0 (5066121)|STATEMENT_EXECUTE|[11]
21:35:00.0 (5068666)|STATEMENT_EXECUTE|[13]
21:35:00.0 (5071944)|HEAP_ALLOCATE|[13]|Bytes:28
21:35:00.0 (5080922)|HEAP_ALLOCATE|[13]|Bytes:4
21:35:00.0 (5342417)|SOQL_EXECUTE_BEGIN|[13]|Aggregations:0|SELECT Id, Name FROM Account
21:35:00.0 (12652541)|SOQL_EXECUTE_END|[13]|Rows:15
21:35:00.0 (12707684)|HEAP_ALLOCATE|[13]|Bytes:64
21:35:00.0 (12759358)|HEAP_ALLOCATE|[13]|Bytes:823
21:35:00.0 (12811903)|HEAP_ALLOCATE|[13]|Bytes:64
21:35:00.0 (12943179)|VARIABLE_ASSIGNMENT|[EXTERNAL]|this|{}|0x32b05fd6
21:35:00.0 (12977315)|VARIABLE_ASSIGNMENT|[EXTERNAL]|value|"List of size 15 too large to display"|0x64863f28
21:35:00.0 (13005432)|VARIABLE_ASSIGNMENT|[6]|this.Acclst|"List of size 15 too large to display"|0x32b05fd6
21:35:00.0 (13024498)|STATEMENT_EXECUTE|[14]
21:35:00.0 (13141427)|VARIABLE_ASSIGNMENT|[EXTERNAL]|this|{"Acclst":"0x64863f28"}|0x32b05fd6
21:35:00.0 (13152832)|VARIABLE_ASSIGNMENT|[EXTERNAL]|value|null|
21:35:00.0 (13166273)|VARIABLE_ASSIGNMENT|[9]|this.contacts|null|0x32b05fd6
21:35:00.0 (13216787)|SYSTEM_MODE_EXIT|false
21:35:00.0 (13378135)|SYSTEM_MODE_ENTER|true
21:35:00.0 (14840067)|SYSTEM_MODE_ENTER|true
21:35:00.0 (40340465)|VF_SERIALIZE_VIEWSTATE_BEGIN|0660Y000002bH2M
21:35:00.0 (51743734)|VF_SERIALIZE_VIEWSTATE_END
21:35:00.0 (66641765)|CODE_UNIT_STARTED|[EXTERNAL]|Generate Metadata
21:35:00.0 (69717793)|CODE_UNIT_FINISHED|Generate Metadata
21:35:00.73 (73850166)|CUMULATIVE_LIMIT_USAGE
21:35:00.73 (73850166)|LIMIT_USAGE_FOR_NS|(default)|
  Number of SOQL queries: 1 out of 100
  Number of query rows: 15 out of 50000
  Number of SOSL queries: 0 out of 20
  Number of DML statements: 0 out of 150
  Number of DML rows: 0 out of 10000
  Maximum CPU time: 0 out of 10000
  Maximum heap size: 0 out of 6000000
  Number of callouts: 0 out of 100
  Number of Email Invocations: 0 out of 10
  Number of future calls: 0 out of 50
  Number of queueable jobs added to the queue: 0 out of 50
  Number of Mobile Apex push calls: 0 out of 10

21:35:00.73 (73850166)|CUMULATIVE_LIMIT_USAGE_END

21:35:00.0 (73927289)|CODE_UNIT_FINISHED|VF: /apex/FYPTest
21:35:00.0 (74910794)|EXECUTION_FINISHED
