39.0 APEX_CODE,FINEST;APEX_PROFILING,INFO;CALLOUT,INFO;DB,INFO;SYSTEM,DEBUG;VALIDATION,INFO;VISUALFORCE,INFO;WAVE,INFO;WORKFLOW,INFO
21:35:30.0 (341122)|USER_INFO|[EXTERNAL]|0050Y000000d4Kn|shizhaolee@gmail.com|Greenwich Mean Time|GMTZ
21:35:30.0 (368435)|EXECUTION_STARTED
21:35:30.0 (372911)|CODE_UNIT_STARTED|[EXTERNAL]|0660Y000002bH2M|VF: /apex/FYPTest
21:35:30.0 (993495)|VF_DESERIALIZE_VIEWSTATE_BEGIN|0660Y000002bH2M
21:35:30.0 (7407425)|HEAP_ALLOCATE|[72]|Bytes:3
21:35:30.0 (7451144)|HEAP_ALLOCATE|[77]|Bytes:152
21:35:30.0 (7464250)|HEAP_ALLOCATE|[342]|Bytes:408
21:35:30.0 (7477920)|HEAP_ALLOCATE|[355]|Bytes:408
21:35:30.0 (7492038)|HEAP_ALLOCATE|[467]|Bytes:48
21:35:30.0 (7520890)|HEAP_ALLOCATE|[139]|Bytes:6
21:35:30.0 (10155710)|VF_DESERIALIZE_VIEWSTATE_END
21:35:30.0 (10743691)|SYSTEM_MODE_ENTER|true
21:35:30.0 (10775277)|HEAP_ALLOCATE|[EXTERNAL]|Bytes:148
21:35:30.0 (10781343)|HEAP_ALLOCATE|[EXTERNAL]|Bytes:28
21:35:30.0 (10784037)|HEAP_ALLOCATE|[EXTERNAL]|Bytes:11
21:35:30.0 (10792522)|METHOD_ENTRY|[1]|01p0Y000009eh3l|dfDefault.dfDefault()
21:35:30.0 (10796541)|STATEMENT_EXECUTE|[1]
21:35:30.0 (10801706)|STATEMENT_EXECUTE|[1]
21:35:30.0 (10835138)|HEAP_ALLOCATE|[50]|Bytes:5
21:35:30.0 (10858878)|HEAP_ALLOCATE|[56]|Bytes:5
21:35:30.0 (10865103)|HEAP_ALLOCATE|[64]|Bytes:7
21:35:30.0 (10881623)|SYSTEM_MODE_ENTER|false
21:35:30.0 (10894264)|HEAP_ALLOCATE|[EXTERNAL]|Bytes:5
21:35:30.0 (10900511)|SYSTEM_MODE_EXIT|false
21:35:30.0 (10905708)|METHOD_EXIT|[1]|dfDefault
21:35:30.0 (11619798)|SYSTEM_MODE_ENTER|true
21:35:30.0 (12491941)|SYSTEM_MODE_ENTER|true
21:35:30.0 (12518486)|HEAP_ALLOCATE|[EXTERNAL]|Bytes:18
21:35:30.0 (12527359)|HEAP_ALLOCATE|[EXTERNAL]|Bytes:24
21:35:30.0 (12566526)|VARIABLE_ASSIGNMENT|[EXTERNAL]|this.recid|"0010Y000005IkY4QAK"|0x6f6d1670
21:35:30.0 (12879158)|HEAP_ALLOCATE|[EXTERNAL]|Bytes:24
21:35:30.0 (12888816)|VARIABLE_SCOPE_BEGIN|[29]|this|dfDefault|true|false
21:35:30.0 (12933712)|VARIABLE_ASSIGNMENT|[29]|this|{"Acclst":"0x72053d46","contacts":"0x56adb302","recid":"0010Y000005IkY4QAK"}|0x6f6d1670
21:35:30.0 (12945235)|SYSTEM_MODE_ENTER|false
21:35:30.0 (12950753)|HEAP_ALLOCATE|[31]|Bytes:5
21:35:30.0 (12954029)|STATEMENT_EXECUTE|[30]
21:35:30.0 (12955385)|STATEMENT_EXECUTE|[31]
21:35:30.0 (12957957)|HEAP_ALLOCATE|[31]|Bytes:70
21:35:30.0 (12968285)|HEAP_ALLOCATE|[31]|Bytes:4
21:35:30.0 (12980047)|HEAP_ALLOCATE|[31]|Bytes:7
21:35:30.0 (13027869)|VARIABLE_ASSIGNMENT|[EXTERNAL]|this|{"Acclst":"0x72053d46","contacts":"0x56adb302","recid":"0010Y000005IkY4QAK"}|0x6f6d1670
21:35:30.0 (14083681)|SOQL_EXECUTE_BEGIN|[31]|Aggregations:0|SELECT id, FirstName, LastName FROM Contact WHERE AccountId = :tmpVar1
21:35:30.0 (18227922)|SOQL_EXECUTE_END|[31]|Rows:2
21:35:30.0 (18243228)|HEAP_ALLOCATE|[31]|Bytes:12
21:35:30.0 (18270203)|HEAP_ALLOCATE|[31]|Bytes:130
21:35:30.0 (18311219)|HEAP_ALLOCATE|[31]|Bytes:12
21:35:30.0 (18370255)|VARIABLE_ASSIGNMENT|[EXTERNAL]|this|{"Acclst":"0x72053d46","contacts":"0x56adb302","recid":"0010Y000005IkY4QAK"}|0x6f6d1670
21:35:30.0 (18390021)|VARIABLE_ASSIGNMENT|[EXTERNAL]|value|[{"Id":"0030Y000002vPBGQA2","FirstName":"Rose","LastName":"Gonzalez"},{"Id":"0030Y000002vPBHQA2","FirstName":"Sean","LastName":"Forbes"}]|0x6fb077f5
21:35:30.0 (18402860)|VARIABLE_ASSIGNMENT|[9]|this.contacts|[{"Id":"0030Y000002vPBGQA2","FirstName":"Rose","LastName":"Gonzalez"},{"Id":"0030Y000002vPBHQA2","FirstName":"Sean","LastName":"Forbes"}]|0x6f6d1670
21:35:30.0 (18423456)|SYSTEM_MODE_EXIT|false
21:35:30.0 (21381687)|SYSTEM_MODE_ENTER|true
21:35:30.0 (22344963)|SYSTEM_MODE_ENTER|true
21:35:30.0 (25573426)|VF_SERIALIZE_VIEWSTATE_BEGIN|0660Y000002bH2M
21:35:30.0 (34531283)|VF_SERIALIZE_VIEWSTATE_END
21:35:30.0 (46425695)|CODE_UNIT_STARTED|[EXTERNAL]|Generate Metadata
21:35:30.0 (48275342)|CODE_UNIT_FINISHED|Generate Metadata
21:35:30.51 (51014313)|CUMULATIVE_LIMIT_USAGE
21:35:30.51 (51014313)|LIMIT_USAGE_FOR_NS|(default)|
  Number of SOQL queries: 1 out of 100
  Number of query rows: 2 out of 50000
  Number of SOSL queries: 0 out of 20
  Number of DML statements: 0 out of 150
  Number of DML rows: 0 out of 10000
  Maximum CPU time: 0 out of 10000
  Maximum heap size: 0 out of 6000000
  Number of callouts: 0 out of 100
  Number of Email Invocations: 0 out of 10
  Number of future calls: 0 out of 50
  Number of queueable jobs added to the queue: 0 out of 50
  Number of Mobile Apex push calls: 0 out of 10

21:35:30.51 (51014313)|CUMULATIVE_LIMIT_USAGE_END

21:35:30.0 (51050028)|CODE_UNIT_FINISHED|VF: /apex/FYPTest
21:35:30.0 (51833439)|EXECUTION_FINISHED
