38.0 APEX_CODE,FINEST;APEX_PROFILING,INFO;CALLOUT,INFO;DB,INFO;SYSTEM,DEBUG;VALIDATION,INFO;VISUALFORCE,INFO;WAVE,INFO;WORKFLOW,INFO
20:26:28.0 (322075)|USER_INFO|[EXTERNAL]|0050Y000000d4Kn|shizhaolee@gmail.com|Greenwich Mean Time|GMTZ
20:26:28.0 (348376)|EXECUTION_STARTED
20:26:28.0 (352009)|CODE_UNIT_STARTED|[EXTERNAL]|0660Y000001V39Z|VF: /apex/DragForce
20:26:28.0 (24827378)|SYSTEM_MODE_ENTER|true
20:26:28.0 (25163059)|HEAP_ALLOCATE|[72]|Bytes:3
20:26:28.0 (25208213)|HEAP_ALLOCATE|[77]|Bytes:152
20:26:28.0 (25222920)|HEAP_ALLOCATE|[342]|Bytes:408
20:26:28.0 (25237432)|HEAP_ALLOCATE|[355]|Bytes:408
20:26:28.0 (25250180)|HEAP_ALLOCATE|[467]|Bytes:48
20:26:28.0 (25278914)|HEAP_ALLOCATE|[139]|Bytes:6
20:26:28.0 (25292049)|HEAP_ALLOCATE|[EXTERNAL]|Bytes:220
20:26:28.0 (25296357)|HEAP_ALLOCATE|[EXTERNAL]|Bytes:28
20:26:28.0 (25298637)|HEAP_ALLOCATE|[EXTERNAL]|Bytes:2
20:26:28.0 (25306689)|METHOD_ENTRY|[1]|01p0Y000009c27r|custable.custable()
20:26:28.0 (25310411)|STATEMENT_EXECUTE|[1]
20:26:28.0 (25314643)|STATEMENT_EXECUTE|[1]
20:26:28.0 (25346758)|HEAP_ALLOCATE|[50]|Bytes:5
20:26:28.0 (25369402)|HEAP_ALLOCATE|[56]|Bytes:5
20:26:28.0 (25374853)|HEAP_ALLOCATE|[64]|Bytes:7
20:26:28.0 (25388870)|SYSTEM_MODE_ENTER|false
20:26:28.0 (25400905)|HEAP_ALLOCATE|[EXTERNAL]|Bytes:5
20:26:28.0 (25407078)|SYSTEM_MODE_EXIT|false
20:26:28.0 (25413936)|METHOD_EXIT|[1]|custable
20:26:28.0 (25499180)|HEAP_ALLOCATE|[EXTERNAL]|Bytes:48
20:26:28.0 (25506384)|VARIABLE_SCOPE_BEGIN|[20]|this|custable|true|false
20:26:28.0 (25583461)|VARIABLE_ASSIGNMENT|[20]|this|{}|0x78a9c304
20:26:28.0 (25592660)|SYSTEM_MODE_ENTER|false
20:26:28.0 (25596917)|HEAP_ALLOCATE|[22]|Bytes:5
20:26:28.0 (25599360)|STATEMENT_EXECUTE|[1]
20:26:28.0 (25601409)|HEAP_ALLOCATE|[22]|Bytes:5
20:26:28.0 (25602705)|STATEMENT_EXECUTE|[3]
20:26:28.0 (25604036)|STATEMENT_EXECUTE|[4]
20:26:28.0 (25604946)|STATEMENT_EXECUTE|[6]
20:26:28.0 (25605859)|STATEMENT_EXECUTE|[8]
20:26:28.0 (25606732)|STATEMENT_EXECUTE|[9]
20:26:28.0 (25607636)|STATEMENT_EXECUTE|[11]
20:26:28.0 (25608706)|STATEMENT_EXECUTE|[12]
20:26:28.0 (25609602)|STATEMENT_EXECUTE|[14]
20:26:28.0 (25610515)|STATEMENT_EXECUTE|[15]
20:26:28.0 (25611387)|STATEMENT_EXECUTE|[17]
20:26:28.0 (25612335)|STATEMENT_EXECUTE|[18]
20:26:28.0 (25619623)|HEAP_ALLOCATE|[22]|Bytes:6
20:26:28.0 (25639096)|STATEMENT_EXECUTE|[20]
20:26:28.0 (25640375)|STATEMENT_EXECUTE|[22]
20:26:28.0 (25642293)|HEAP_ALLOCATE|[22]|Bytes:28
20:26:28.0 (25651626)|HEAP_ALLOCATE|[22]|Bytes:4
20:26:28.0 (26874659)|SOQL_EXECUTE_BEGIN|[22]|Aggregations:0|SELECT Id, Name FROM Account
20:26:28.0 (29251626)|SOQL_EXECUTE_END|[22]|Rows:12
20:26:28.0 (29271504)|HEAP_ALLOCATE|[22]|Bytes:52
20:26:28.0 (29308946)|HEAP_ALLOCATE|[22]|Bytes:698
20:26:28.0 (29350352)|HEAP_ALLOCATE|[22]|Bytes:52
20:26:28.0 (29419093)|VARIABLE_ASSIGNMENT|[EXTERNAL]|this|{}|0x78a9c304
20:26:28.0 (29442445)|VARIABLE_ASSIGNMENT|[EXTERNAL]|value|"List of size 12 too large to display"|0x5c687c
20:26:28.0 (29458113)|VARIABLE_ASSIGNMENT|[8]|this.Acclst|"List of size 12 too large to display"|0x78a9c304
20:26:28.0 (29468928)|STATEMENT_EXECUTE|[23]
20:26:28.0 (29473529)|HEAP_ALLOCATE|[23]|Bytes:63
20:26:28.0 (29480437)|HEAP_ALLOCATE|[23]|Bytes:4
20:26:28.0 (29486830)|HEAP_ALLOCATE|[23]|Bytes:7
20:26:28.0 (29543384)|VARIABLE_ASSIGNMENT|[EXTERNAL]|this|{"Acclst":"0x5c687c"}|0x78a9c304
20:26:28.0 (30493011)|SOQL_EXECUTE_BEGIN|[23]|Aggregations:0|SELECT Id, Company, Status FROM lead WHERE Status LIKE :tmpVar1
20:26:28.0 (31406080)|SOQL_EXECUTE_END|[23]|Rows:0
20:26:28.0 (31421598)|HEAP_ALLOCATE|[23]|Bytes:4
20:26:28.0 (31428575)|HEAP_ALLOCATE|[23]|Bytes:0
20:26:28.0 (31448937)|HEAP_ALLOCATE|[23]|Bytes:4
20:26:28.0 (31499095)|VARIABLE_ASSIGNMENT|[EXTERNAL]|this|{"Acclst":"0x5c687c"}|0x78a9c304
20:26:28.0 (31520705)|VARIABLE_ASSIGNMENT|[EXTERNAL]|value|[]|0x7239c0bd
20:26:28.0 (31533428)|VARIABLE_ASSIGNMENT|[14]|this.leads|[]|0x78a9c304
20:26:28.0 (31543727)|STATEMENT_EXECUTE|[24]
20:26:28.0 (31548723)|HEAP_ALLOCATE|[24]|Bytes:90
20:26:28.0 (31554598)|HEAP_ALLOCATE|[24]|Bytes:4
20:26:28.0 (32317710)|SOQL_EXECUTE_BEGIN|[24]|Aggregations:0|SELECT Id, name, Description, StageName, CloseDate FROM Opportunity WHERE IsClosed = FALSE
20:26:28.0 (35047652)|SOQL_EXECUTE_END|[24]|Rows:13
20:26:28.0 (35061663)|HEAP_ALLOCATE|[24]|Bytes:56
20:26:28.0 (35085968)|HEAP_ALLOCATE|[24]|Bytes:1486
20:26:28.0 (35106600)|HEAP_ALLOCATE|[24]|Bytes:56
20:26:28.0 (35176450)|VARIABLE_ASSIGNMENT|[EXTERNAL]|this|{"Acclst":"0x5c687c","leads":"0x7239c0bd"}|0x78a9c304
20:26:28.0 (35187630)|VARIABLE_ASSIGNMENT|[EXTERNAL]|value|"List of size 13 too large to display"|0xd7db804
20:26:28.0 (35200628)|VARIABLE_ASSIGNMENT|[17]|this.opportunities|"List of size 13 too large to display"|0x78a9c304
20:26:28.0 (35207893)|STATEMENT_EXECUTE|[26]
20:26:28.0 (35247783)|VARIABLE_ASSIGNMENT|[EXTERNAL]|this|{"Acclst":"0x5c687c","leads":"0x7239c0bd","opportunities":"0xd7db804"}|0x78a9c304
20:26:28.0 (35301120)|USER_DEBUG|[26]|DEBUG|()
20:26:28.0 (35309871)|STATEMENT_EXECUTE|[27]
20:26:28.0 (35365990)|VARIABLE_ASSIGNMENT|[EXTERNAL]|this|{"Acclst":"0x5c687c","leads":"0x7239c0bd","opportunities":"0xd7db804"}|0x78a9c304
20:26:28.0 (35372887)|VARIABLE_ASSIGNMENT|[EXTERNAL]|value|null|
20:26:28.0 (35379382)|VARIABLE_ASSIGNMENT|[11]|this.contacts|null|0x78a9c304
20:26:28.0 (35387524)|SYSTEM_MODE_EXIT|false
20:26:28.0 (35438113)|SYSTEM_MODE_ENTER|true
20:26:28.0 (36194827)|SYSTEM_MODE_ENTER|true
20:26:28.0 (36359611)|SYSTEM_MODE_ENTER|true
20:26:28.0 (71692830)|VF_SERIALIZE_VIEWSTATE_BEGIN|0660Y000001V39Z
20:26:28.0 (76124491)|VF_SERIALIZE_VIEWSTATE_END
20:26:28.79 (79799382)|CUMULATIVE_LIMIT_USAGE
20:26:28.79 (79799382)|LIMIT_USAGE_FOR_NS|(default)|
  Number of SOQL queries: 3 out of 100
  Number of query rows: 25 out of 50000
  Number of SOSL queries: 0 out of 20
  Number of DML statements: 0 out of 150
  Number of DML rows: 0 out of 10000
  Maximum CPU time: 0 out of 10000
  Maximum heap size: 0 out of 6000000
  Number of callouts: 0 out of 100
  Number of Email Invocations: 0 out of 10
  Number of future calls: 0 out of 50
  Number of queueable jobs added to the queue: 0 out of 50
  Number of Mobile Apex push calls: 0 out of 10

20:26:28.79 (79799382)|CUMULATIVE_LIMIT_USAGE_END

20:26:28.0 (79833805)|CODE_UNIT_FINISHED|VF: /apex/DragForce
20:26:28.0 (80618840)|EXECUTION_FINISHED
